2024-04-27T00:12:07.111Z [info]: Connected To MongoDB Locally.
2024-04-27T00:12:07.191Z [info]: Server is running on port: 8181
2024-04-27T00:15:41.378Z [error]: Login Failed: POST /api/auth/login: Authentication Error - Invalid username or password.
2024-04-27T00:15:42.463Z [error]: Login Failed: POST /api/auth/login: Authentication Error - Invalid username or password.
2024-04-27T00:15:43.323Z [error]: Login Failed: POST /api/auth/login: Authentication Error - Invalid username or password.
2024-04-27T00:15:44.057Z [error]: Login Failed: POST /api/auth/login: Authentication Error - Invalid username or password.
2024-04-27T00:15:44.795Z [error]: Login Failed: POST /api/auth/login: Authentication Error - Invalid username or password.
2024-04-27T00:15:45.712Z [error]: Custom Error - Too many requests, please try again later.
2024-04-27T00:16:53.629Z [info]: Connected To MongoDB Locally.
2024-04-27T00:16:53.663Z [info]: Server is running on port: 8181
2024-04-27T00:16:54.862Z [error]: Login Failed: POST /api/auth/login: Authentication Error - Invalid username or password.
2024-04-27T00:16:56.864Z [error]: Login Failed: POST /api/auth/login: Authentication Error - Invalid username or password.
2024-04-27T00:16:58.460Z [error]: Login Failed: POST /api/auth/login: Authentication Error - Invalid username or password.
2024-04-27T00:17:00.392Z [error]: Login Failed: POST /api/auth/login: Authentication Error - Invalid username or password.
2024-04-27T00:17:01.246Z [error]: Login Failed: POST /api/auth/login: Authentication Error - Invalid username or password.
2024-04-27T00:17:02.006Z [error]: Too Many Requests - Too many requests, please try again later.
2024-04-27T00:17:10.990Z [info]: Connected To MongoDB Locally.
2024-04-27T00:17:11.020Z [info]: Server is running on port: 8181
2024-04-27T00:17:12.074Z [error]: Too Many Requests - Too many requests, please try again later.
2024-04-27T00:17:13.076Z [error]: Too Many Requests - Too many requests, please try again later.
2024-04-27T00:18:02.269Z [info]: Connected To MongoDB Locally.
2024-04-27T00:18:02.306Z [info]: Server is running on port: 8181
2024-04-27T00:18:21.748Z [info]: Connected To MongoDB Locally.
2024-04-27T00:18:21.780Z [info]: Server is running on port: 8181
2024-04-27T00:18:48.863Z [info]: Connected To MongoDB Locally.
2024-04-27T00:18:48.894Z [info]: Server is running on port: 8181
2024-04-27T00:19:04.291Z [info]: Connected To MongoDB Locally.
2024-04-27T00:19:04.326Z [info]: Server is running on port: 8181
2024-04-27T00:19:08.359Z [error]: Too Many Requests - Account is locked. Too many requests, please try again later.
2024-04-27T00:19:11.158Z [error]: Too Many Requests - Account is locked. Too many requests, please try again later.
2024-04-27T00:19:50.283Z [error]: Too Many Requests - Account is locked. Too many requests, please try again later.
2024-04-27T00:20:04.819Z [error]: Too Many Requests - Account is locked. Too many requests, please try again later.
2024-04-27T00:21:21.132Z [info]: Connected To MongoDB Locally.
2024-04-27T00:21:21.166Z [info]: Server is running on port: 8181
2024-04-27T00:21:39.371Z [info]: Connected To MongoDB Locally.
2024-04-27T00:21:39.400Z [info]: Server is running on port: 8181
2024-04-27T00:23:06.661Z [info]: Connected To MongoDB Locally.
2024-04-27T00:23:06.691Z [info]: Server is running on port: 8181
2024-04-27T00:26:34.269Z [info]: Connected To MongoDB Locally.
2024-04-27T00:26:34.309Z [info]: Server is running on port: 8181
2024-04-27T00:26:45.404Z [info]: Connected To MongoDB Locally.
2024-04-27T00:26:45.437Z [info]: Server is running on port: 8181
2024-04-27T00:27:45.098Z [info]: Connected To MongoDB Locally.
2024-04-27T00:27:45.128Z [info]: Server is running on port: 8181
2024-04-27T00:27:59.068Z [info]: Connected To MongoDB Locally.
2024-04-27T00:27:59.102Z [info]: Server is running on port: 8181
2024-04-27T00:28:10.577Z [info]: Connected To MongoDB Locally.
2024-04-27T00:28:10.614Z [info]: Server is running on port: 8181
2024-04-27T00:29:44.086Z [info]: Connected To MongoDB Locally.
2024-04-27T00:29:44.119Z [info]: Server is running on port: 8181
2024-04-27T00:31:41.714Z [info]: Connected To MongoDB Locally.
2024-04-27T00:31:41.752Z [info]: Server is running on port: 8181
2024-04-27T00:32:41.073Z [info]: Connected To MongoDB Locally.
2024-04-27T00:32:41.108Z [info]: Server is running on port: 8181
2024-04-27T00:32:59.809Z [info]: Connected To MongoDB Locally.
2024-04-27T00:32:59.851Z [info]: Server is running on port: 8181
2024-04-27T00:33:14.500Z [info]: Connected To MongoDB Locally.
2024-04-27T00:33:14.534Z [info]: Server is running on port: 8181
2024-04-27T00:33:58.594Z [info]: Connected To MongoDB Locally.
2024-04-27T00:33:58.659Z [info]: Server is running on port: 8181
2024-04-27T00:34:15.046Z [info]: Connected To MongoDB Locally.
2024-04-27T00:34:15.104Z [info]: Server is running on port: 8181
2024-04-27T00:34:26.925Z [info]: Connected To MongoDB Locally.
2024-04-27T00:34:26.990Z [info]: Server is running on port: 8181
2024-04-27T00:34:35.036Z [info]: Connected To MongoDB Locally.
2024-04-27T00:34:35.069Z [info]: Server is running on port: 8181
2024-04-27T00:37:17.514Z [info]: Connected To MongoDB Locally.
2024-04-27T00:37:17.623Z [info]: Server is running on port: 8181
2024-04-27T01:11:57.131Z [info]: Received SIGINT. Closing server and shutting down...
2024-04-27T09:01:14.919Z [info]: Connected To MongoDB Locally.
2024-04-27T09:01:15.001Z [info]: Server is running on port: 8181
2024-04-27T09:05:01.012Z [info]: Connected To MongoDB Locally.
2024-04-27T09:05:01.042Z [info]: Server is running on port: 8181
2024-04-27T09:05:15.375Z [info]: Connected To MongoDB Locally.
2024-04-27T09:05:15.417Z [info]: Server is running on port: 8181
2024-04-27T09:05:29.442Z [info]: Connected To MongoDB Locally.
2024-04-27T09:05:29.496Z [info]: Server is running on port: 8181
2024-04-27T09:06:48.679Z [info]: Connected To MongoDB Locally.
2024-04-27T09:06:48.713Z [info]: Server is running on port: 8181
2024-04-27T09:31:43.633Z [info]: Connected To MongoDB Locally.
2024-04-27T09:31:43.715Z [info]: Server is running on port: 8181
2024-04-27T09:31:59.667Z [info]: Connected To MongoDB Locally.
2024-04-27T09:31:59.695Z [info]: Server is running on port: 8181
2024-04-27T09:43:56.452Z [info]: Connected To MongoDB Locally.
2024-04-27T09:43:56.483Z [info]: Server is running on port: 8181
2024-04-27T09:44:17.513Z [info]: Connected To MongoDB Locally.
2024-04-27T09:44:17.540Z [info]: Server is running on port: 8181
2024-04-27T09:45:05.850Z [info]: Connected To MongoDB Locally.
2024-04-27T09:45:05.879Z [info]: Server is running on port: 8181
2024-04-27T09:45:11.686Z [info]: Connected To MongoDB Locally.
2024-04-27T09:45:11.716Z [info]: Server is running on port: 8181
2024-04-27T09:45:53.857Z [info]: Connected To MongoDB Locally.
2024-04-27T09:45:53.887Z [info]: Server is running on port: 8181
2024-04-27T09:46:00.249Z [info]: Connected To MongoDB Locally.
2024-04-27T09:46:00.284Z [info]: Server is running on port: 8181
2024-04-27T09:47:24.591Z [info]: Connected To MongoDB Locally.
2024-04-27T09:47:24.618Z [info]: Server is running on port: 8181
2024-04-27T09:51:57.841Z [info]: Connected To MongoDB Locally.
2024-04-27T09:51:57.870Z [info]: Server is running on port: 8181
2024-04-27T09:52:17.945Z [info]: Connected To MongoDB Locally.
2024-04-27T09:52:17.975Z [info]: Server is running on port: 8181
2024-04-27T10:04:28.133Z [info]: Connected To MongoDB Locally.
2024-04-27T10:04:28.233Z [info]: Server is running on port: 8181
2024-04-27T10:07:47.418Z [info]: Connected To MongoDB Locally.
2024-04-27T10:07:47.446Z [info]: Server is running on port: 8181
2024-04-27T15:39:13.076Z [info]: Connected To MongoDB Locally.
2024-04-27T15:39:13.172Z [info]: Server is running on port: 8181
2024-04-27T15:39:19.883Z [info]: Connected To MongoDB Locally.
2024-04-27T15:39:19.918Z [info]: Server is running on port: 8181
2024-04-27T15:42:08.220Z [info]: Connected To MongoDB Locally.
2024-04-27T15:42:08.339Z [info]: Server is running on port: 8181
2024-04-27T15:46:45.144Z [info]: Connected To MongoDB Locally.
2024-04-27T15:46:45.266Z [info]: Server is running on port: 8181
2024-04-27T15:51:24.239Z [info]: Connected To MongoDB Locally.
2024-04-27T15:51:24.366Z [info]: Server is running on port: 8181
2024-04-27T15:55:08.330Z [info]: Connected To MongoDB Locally.
2024-04-27T15:55:08.399Z [info]: Server is running on port: 8181
2024-04-27T15:55:56.607Z [info]: Connected To MongoDB Locally.
2024-04-27T15:55:56.674Z [info]: Server is running on port: 8181
2024-04-27T15:56:11.616Z [info]: Connected To MongoDB Locally.
2024-04-27T15:56:11.657Z [info]: Server is running on port: 8181
2024-04-27T15:56:37.278Z [info]: Connected To MongoDB Locally.
2024-04-27T15:56:37.331Z [info]: Server is running on port: 8181
2024-04-27T15:56:51.984Z [info]: Connected To MongoDB Locally.
2024-04-27T15:56:52.034Z [info]: Server is running on port: 8181
2024-04-27T15:57:15.315Z [info]: Connected To MongoDB Locally.
2024-04-27T15:57:15.387Z [info]: Server is running on port: 8181
2024-04-27T15:57:24.832Z [info]: Connected To MongoDB Locally.
2024-04-27T15:57:24.880Z [info]: Server is running on port: 8181
2024-04-27T15:57:43.030Z [info]: Connected To MongoDB Locally.
2024-04-27T15:57:43.065Z [info]: Server is running on port: 8181
2024-04-27T15:58:26.674Z [info]: Connected To MongoDB Locally.
2024-04-27T15:58:26.752Z [info]: Server is running on port: 8181
2024-04-27T15:58:52.270Z [info]: Connected To MongoDB Locally.
2024-04-27T15:58:52.312Z [info]: Server is running on port: 8181
2024-04-27T15:59:12.095Z [info]: Connected To MongoDB Locally.
2024-04-27T15:59:12.131Z [info]: Server is running on port: 8181
2024-04-27T16:00:03.336Z [info]: Connected To MongoDB Locally.
2024-04-27T16:00:03.402Z [info]: Server is running on port: 8181
2024-04-27T16:00:27.409Z [info]: Connected To MongoDB Locally.
2024-04-27T16:00:27.467Z [info]: Server is running on port: 8181
2024-04-27T16:01:01.349Z [info]: Connected To MongoDB Locally.
2024-04-27T16:01:01.397Z [info]: Server is running on port: 8181
2024-04-27T16:01:13.396Z [info]: Connected To MongoDB Locally.
2024-04-27T16:01:13.456Z [info]: Server is running on port: 8181
2024-04-27T16:01:42.515Z [info]: Connected To MongoDB Locally.
2024-04-27T16:01:42.554Z [info]: Server is running on port: 8181
2024-04-27T16:02:09.791Z [info]: Connected To MongoDB Locally.
2024-04-27T16:02:09.834Z [info]: Server is running on port: 8181
2024-04-27T16:03:28.013Z [info]: Connected To MongoDB Locally.
2024-04-27T16:03:28.131Z [info]: Server is running on port: 8181
2024-04-27T16:03:50.715Z [info]: Connected To MongoDB Locally.
2024-04-27T16:03:50.751Z [info]: Server is running on port: 8181
2024-04-27T16:04:18.398Z [error]: Authentication failed: POST /api/auth/login: Authentication required or failed - Invalid username or password.
2024-04-27T16:04:56.659Z [info]: Connected To MongoDB Locally.
2024-04-27T16:04:56.711Z [info]: Server is running on port: 8181
2024-04-27T16:04:58.263Z [error]: Authentication failed: POST /api/auth/login: Authentication required or failed - Invalid username or password.
2024-04-27T16:04:58.270Z [error]: Internal Server Error: Unexpected Error:POST /api/auth/login: Authentication required or failed - Invalid username or password.
2024-04-27T16:04:58.303Z [error]: Error in errorHandler: Cannot set headers after they are sent to the client
Error [ERR_HTTP_HEADERS_SENT]: Cannot set headers after they are sent to the client
    at new NodeError (node:internal/errors:406:5)
    at ServerResponse.setHeader (node:_http_outgoing:652:11)
    at ServerResponse.header (C:\projects\on-progress\freight\freight-server\node_modules\express\lib\response.js:794:10)
    at ServerResponse.send (C:\projects\on-progress\freight\freight-server\node_modules\express\lib\response.js:174:12)
    at ServerResponse.json (C:\projects\on-progress\freight\freight-server\node_modules\express\lib\response.js:278:15)
    at errorHandler (C:\projects\on-progress\freight\freight-server\src\errors\handlers\errorHandler.ts:42:51)
    at Layer.handle_error (C:\projects\on-progress\freight\freight-server\node_modules\express\lib\router\layer.js:71:5)
    at trim_prefix (C:\projects\on-progress\freight\freight-server\node_modules\express\lib\router\index.js:326:13)
    at C:\projects\on-progress\freight\freight-server\node_modules\express\lib\router\index.js:286:9
    at Function.process_params (C:\projects\on-progress\freight\freight-server\node_modules\express\lib\router\index.js:346:12)
2024-04-27T16:05:36.303Z [info]: Connected To MongoDB Locally.
2024-04-27T16:05:36.342Z [info]: Server is running on port: 8181
2024-04-27T16:05:40.878Z [error]: Authentication failed: POST /api/auth/login: Authentication required or failed - Invalid username or password.
2024-04-27T16:05:43.882Z [error]: Authentication failed: POST /api/auth/login: Authentication required or failed - Invalid username or password.
2024-04-27T16:09:27.832Z [info]: Connected To MongoDB Locally.
2024-04-27T16:09:27.985Z [info]: Server is running on port: 8181
2024-04-27T16:14:49.126Z [info]: Connected To MongoDB Locally.
2024-04-27T16:14:49.251Z [info]: Server is running on port: 8181
2024-04-27T16:15:52.675Z [info]: Connected To MongoDB Locally.
2024-04-27T16:15:52.781Z [info]: Server is running on port: 8181
2024-04-27T16:18:52.924Z [info]: Connected To MongoDB Locally.
2024-04-27T16:18:53.068Z [info]: Server is running on port: 8181
2024-04-27T16:19:12.559Z [info]: Connected To MongoDB Locally.
2024-04-27T16:19:12.628Z [info]: Server is running on port: 8181
2024-04-27T16:19:27.403Z [info]: Connected To MongoDB Locally.
2024-04-27T16:19:27.477Z [info]: Server is running on port: 8181
2024-04-27T16:20:14.045Z [info]: Connected To MongoDB Locally.
2024-04-27T16:20:14.096Z [info]: Server is running on port: 8181
2024-04-27T16:20:59.845Z [info]: Connected To MongoDB Locally.
2024-04-27T16:20:59.912Z [info]: Server is running on port: 8181
2024-04-27T16:21:32.469Z [info]: Connected To MongoDB Locally.
2024-04-27T16:21:32.514Z [info]: Server is running on port: 8181
2024-04-27T16:21:47.908Z [info]: Connected To MongoDB Locally.
2024-04-27T16:21:48.098Z [info]: Server is running on port: 8181
2024-04-27T16:23:33.343Z [info]: Connected To MongoDB Locally.
2024-04-27T16:23:33.394Z [info]: Server is running on port: 8181
2024-04-27T16:36:36.564Z [info]: Connected To MongoDB Locally.
2024-04-27T16:36:36.690Z [info]: Server is running on port: 8181
2024-04-27T16:37:42.892Z [info]: Connected To MongoDB Locally.
2024-04-27T16:37:42.933Z [info]: Server is running on port: 8181
2024-04-27T16:38:09.795Z [info]: Connected To MongoDB Locally.
2024-04-27T16:38:09.840Z [info]: Server is running on port: 8181
2024-04-27T16:38:33.337Z [info]: Connected To MongoDB Locally.
2024-04-27T16:38:33.393Z [info]: Server is running on port: 8181
2024-04-27T16:38:44.651Z [info]: Connected To MongoDB Locally.
2024-04-27T16:38:44.748Z [info]: Server is running on port: 8181
2024-04-27T16:39:38.217Z [info]: Connected To MongoDB Locally.
2024-04-27T16:39:38.284Z [info]: Server is running on port: 8181
2024-04-27T16:40:01.706Z [info]: Connected To MongoDB Locally.
2024-04-27T16:40:01.760Z [info]: Server is running on port: 8181
2024-04-27T16:40:22.869Z [info]: Connected To MongoDB Locally.
2024-04-27T16:40:22.925Z [info]: Server is running on port: 8181
2024-04-27T16:41:26.893Z [info]: Connected To MongoDB Locally.
2024-04-27T16:41:26.992Z [info]: Server is running on port: 8181
2024-04-27T16:42:24.622Z [info]: Connected To MongoDB Locally.
2024-04-27T16:42:24.675Z [info]: Server is running on port: 8181
2024-04-27T16:43:01.135Z [info]: Connected To MongoDB Locally.
2024-04-27T16:43:01.185Z [info]: Server is running on port: 8181
2024-04-27T16:43:25.851Z [info]: Connected To MongoDB Locally.
2024-04-27T16:43:25.897Z [info]: Server is running on port: 8181
2024-04-27T16:44:20.911Z [info]: Connected To MongoDB Locally.
2024-04-27T16:44:20.948Z [info]: Server is running on port: 8181
2024-04-27T18:04:09.632Z [info]: Connected To MongoDB Locally.
2024-04-27T18:04:09.891Z [info]: Server is running on port: 8181
2024-04-27T18:04:58.896Z [info]: Connected To MongoDB Locally.
2024-04-27T18:04:58.937Z [info]: Server is running on port: 8181
2024-04-27T18:06:06.262Z [info]: Connected To MongoDB Locally.
2024-04-27T18:06:06.364Z [info]: Server is running on port: 8181
2024-04-27T18:06:33.674Z [info]: Connected To MongoDB Locally.
2024-04-27T18:06:33.713Z [info]: Server is running on port: 8181
2024-04-27T18:06:46.643Z [info]: Connected To MongoDB Locally.
2024-04-27T18:06:46.706Z [info]: Server is running on port: 8181
2024-04-27T18:07:07.952Z [info]: Connected To MongoDB Locally.
2024-04-27T18:07:07.986Z [info]: Server is running on port: 8181
2024-04-27T18:07:24.187Z [info]: Connected To MongoDB Locally.
2024-04-27T18:07:24.233Z [info]: Server is running on port: 8181
2024-04-27T18:07:35.864Z [info]: Connected To MongoDB Locally.
2024-04-27T18:07:35.912Z [info]: Server is running on port: 8181
2024-04-27T18:08:36.853Z [info]: Connected To MongoDB Locally.
2024-04-27T18:08:36.942Z [info]: Server is running on port: 8181
2024-04-27T18:14:27.812Z [info]: Connected To MongoDB Locally.
2024-04-27T18:14:28.028Z [info]: Server is running on port: 8181
2024-04-27T18:15:47.069Z [info]: Connected To MongoDB Locally.
2024-04-27T18:15:47.188Z [info]: Server is running on port: 8181
2024-04-27T18:16:14.628Z [info]: Connected To MongoDB Locally.
2024-04-27T18:16:14.801Z [info]: Server is running on port: 8181
2024-04-27T18:25:32.680Z [info]: Connected To MongoDB Locally.
2024-04-27T18:25:32.765Z [info]: Server is running on port: 8181
2024-04-27T18:25:45.008Z [info]: Connected To MongoDB Locally.
2024-04-27T18:25:45.043Z [info]: Server is running on port: 8181
2024-04-27T18:26:29.809Z [info]: Connected To MongoDB Locally.
2024-04-27T18:26:29.841Z [info]: Server is running on port: 8181
2024-04-27T18:27:03.798Z [info]: Connected To MongoDB Locally.
2024-04-27T18:27:03.834Z [info]: Server is running on port: 8181
2024-04-27T18:43:04.081Z [info]: Connected To MongoDB Locally.
2024-04-27T18:43:04.184Z [info]: Server is running on port: 8181
2024-04-27T18:43:11.905Z [info]: Connected To MongoDB Locally.
2024-04-27T18:43:11.941Z [info]: Server is running on port: 8181
2024-04-27T18:43:24.865Z [info]: Connected To MongoDB Locally.
2024-04-27T18:43:24.902Z [info]: Server is running on port: 8181
2024-04-27T18:43:33.555Z [info]: Connected To MongoDB Locally.
2024-04-27T18:43:33.610Z [info]: Server is running on port: 8181
2024-04-27T18:43:44.564Z [info]: Connected To MongoDB Locally.
2024-04-27T18:43:44.613Z [info]: Server is running on port: 8181
2024-04-27T18:43:52.388Z [info]: Connected To MongoDB Locally.
2024-04-27T18:43:52.440Z [info]: Server is running on port: 8181
2024-04-27T18:44:05.089Z [info]: Connected To MongoDB Locally.
2024-04-27T18:44:05.201Z [info]: Server is running on port: 8181
2024-04-27T18:58:54.386Z [info]: Connected To MongoDB Locally.
2024-04-27T18:58:54.481Z [info]: Server is running on port: 8181
2024-04-27T18:59:23.462Z [info]: Connected To MongoDB Locally.
2024-04-27T18:59:23.493Z [info]: Server is running on port: 8181
2024-04-27T18:59:36.526Z [info]: Connected To MongoDB Locally.
2024-04-27T18:59:36.556Z [info]: Server is running on port: 8181
2024-04-27T19:33:42.102Z [info]: Connected To MongoDB Locally.
2024-04-27T19:33:42.190Z [info]: Server is running on port: 8181
2024-04-27T19:33:56.409Z [info]: Connected To MongoDB Locally.
2024-04-27T19:33:56.454Z [info]: Server is running on port: 8181
2024-04-27T19:34:55.796Z [info]: Connected To MongoDB Locally.
2024-04-27T19:34:55.832Z [info]: Server is running on port: 8181
2024-04-27T19:35:43.777Z [info]: Connected To MongoDB Locally.
2024-04-27T19:35:43.815Z [info]: Server is running on port: 8181
2024-04-27T19:35:54.483Z [info]: Connected To MongoDB Locally.
2024-04-27T19:35:54.524Z [info]: Server is running on port: 8181
2024-04-27T19:36:29.394Z [info]: Connected To MongoDB Locally.
2024-04-27T19:36:29.424Z [info]: Server is running on port: 8181
2024-04-27T19:37:15.552Z [info]: Connected To MongoDB Locally.
2024-04-27T19:37:15.593Z [info]: Server is running on port: 8181
2024-04-27T19:37:27.688Z [info]: Connected To MongoDB Locally.
2024-04-27T19:37:27.727Z [info]: Server is running on port: 8181
2024-04-27T19:37:45.583Z [info]: Connected To MongoDB Locally.
2024-04-27T19:37:45.618Z [info]: Server is running on port: 8181
2024-04-27T19:39:22.554Z [info]: Connected To MongoDB Locally.
2024-04-27T19:39:22.583Z [info]: Server is running on port: 8181
2024-04-27T19:39:36.038Z [info]: Connected To MongoDB Locally.
2024-04-27T19:39:36.069Z [info]: Server is running on port: 8181
2024-04-27T19:39:46.286Z [info]: Connected To MongoDB Locally.
2024-04-27T19:39:46.324Z [info]: Server is running on port: 8181
2024-04-27T19:40:03.421Z [info]: Connected To MongoDB Locally.
2024-04-27T19:40:03.452Z [info]: Server is running on port: 8181
2024-04-27T19:40:23.766Z [info]: Connected To MongoDB Locally.
2024-04-27T19:40:23.797Z [info]: Server is running on port: 8181
2024-04-27T19:41:18.279Z [info]: Connected To MongoDB Locally.
2024-04-27T19:41:18.328Z [info]: Server is running on port: 8181
2024-04-27T19:41:32.433Z [info]: Connected To MongoDB Locally.
2024-04-27T19:41:32.472Z [info]: Server is running on port: 8181
2024-04-27T19:42:05.843Z [info]: Connected To MongoDB Locally.
2024-04-27T19:42:05.891Z [info]: Server is running on port: 8181
2024-04-27T19:42:48.989Z [info]: Connected To MongoDB Locally.
2024-04-27T19:42:49.023Z [info]: Server is running on port: 8181
2024-04-27T19:43:05.881Z [info]: Connected To MongoDB Locally.
2024-04-27T19:43:05.921Z [info]: Server is running on port: 8181
2024-04-27T19:43:34.628Z [info]: Connected To MongoDB Locally.
2024-04-27T19:43:34.658Z [info]: Server is running on port: 8181
2024-04-27T19:43:47.598Z [info]: Connected To MongoDB Locally.
2024-04-27T19:43:47.635Z [info]: Server is running on port: 8181
2024-04-27T19:44:02.410Z [info]: Connected To MongoDB Locally.
2024-04-27T19:44:02.443Z [info]: Server is running on port: 8181
2024-04-27T19:44:23.635Z [info]: Connected To MongoDB Locally.
2024-04-27T19:44:23.676Z [info]: Server is running on port: 8181
2024-04-27T19:44:45.153Z [info]: Connected To MongoDB Locally.
2024-04-27T19:44:45.196Z [info]: Server is running on port: 8181
2024-04-27T19:45:13.911Z [info]: Connected To MongoDB Locally.
2024-04-27T19:45:13.942Z [info]: Server is running on port: 8181
2024-04-27T20:44:35.827Z [info]: Received SIGINT. Closing server and shutting down...
2024-04-27T20:44:35.843Z [info]: Shutting down gracefully...
2024-04-27T20:44:35.914Z [info]: MongoDB connection closed.
