2024-04-20T12:41:46.416Z [info]: Connected To MongoDB Locally.
2024-04-20T12:41:46.504Z [info]: Server is running on port: 8181
2024-04-20T12:47:33.013Z [info]: Connected To MongoDB Locally.
2024-04-20T12:47:33.052Z [info]: Server is running on port: 8181
2024-04-20T12:47:54.645Z [info]: Connected To MongoDB Locally.
2024-04-20T12:47:54.681Z [info]: Server is running on port: 8181
2024-04-20T12:48:05.534Z [info]: Connected To MongoDB Locally.
2024-04-20T12:48:05.575Z [info]: Server is running on port: 8181
2024-04-20T12:48:17.363Z [info]: Connected To MongoDB Locally.
2024-04-20T12:48:17.403Z [info]: Server is running on port: 8181
2024-04-20T12:48:25.494Z [info]: Connected To MongoDB Locally.
2024-04-20T12:48:25.532Z [info]: Server is running on port: 8181
2024-04-20T12:48:33.571Z [info]: Connected To MongoDB Locally.
2024-04-20T12:48:33.608Z [info]: Server is running on port: 8181
2024-04-20T12:48:42.953Z [info]: Connected To MongoDB Locally.
2024-04-20T12:48:42.989Z [info]: Server is running on port: 8181
2024-04-20T12:48:52.024Z [info]: Connected To MongoDB Locally.
2024-04-20T12:48:52.058Z [info]: Server is running on port: 8181
2024-04-20T12:48:58.707Z [info]: Connected To MongoDB Locally.
2024-04-20T12:48:58.739Z [info]: Server is running on port: 8181
2024-04-20T12:49:08.787Z [info]: Connected To MongoDB Locally.
2024-04-20T12:49:08.824Z [info]: Server is running on port: 8181
2024-04-20T12:49:14.987Z [info]: Connected To MongoDB Locally.
2024-04-20T12:49:15.022Z [info]: Server is running on port: 8181
2024-04-20T18:05:22.342Z [info]: Connected To MongoDB Locally.
2024-04-20T18:05:22.450Z [info]: Server is running on port: 8181
2024-04-20T18:09:34.224Z [info]: Connected To MongoDB Locally.
2024-04-20T18:09:34.259Z [info]: Server is running on port: 8181
2024-04-20T18:10:49.143Z [info]: Connected To MongoDB Locally.
2024-04-20T18:10:49.173Z [info]: Server is running on port: 8181
2024-04-20T18:24:26.457Z [info]: Connected To MongoDB Locally.
2024-04-20T18:24:26.538Z [info]: Server is running on port: 8181
2024-04-20T18:24:50.455Z [info]: Connected To MongoDB Locally.
2024-04-20T18:24:50.494Z [info]: Server is running on port: 8181
2024-04-20T18:25:05.950Z [info]: Connected To MongoDB Locally.
2024-04-20T18:25:12.395Z [info]: Connected To MongoDB Locally.
2024-04-20T18:25:12.446Z [info]: Server is running on port: 8181
2024-04-20T18:26:27.891Z [info]: Connected To MongoDB Locally.
2024-04-20T18:26:27.922Z [info]: Server is running on port: 8181
2024-04-20T18:41:05.665Z [info]: Received SIGINT. Closing server and shutting down...
2024-04-20T18:41:05.726Z [info]: Shutting down gracefully...
2024-04-20T19:33:23.220Z [info]: Connected To MongoDB Locally.
2024-04-20T19:33:23.299Z [info]: Server is running on port: 8181
2024-04-20T19:33:24.882Z [error]: Resource not found: POST /api/auth/loginsdfds: Not Found Error - Not found
2024-04-20T19:33:52.083Z [info]: Connected To MongoDB Locally.
2024-04-20T19:33:52.117Z [info]: Server is running on port: 8181
2024-04-20T19:34:10.812Z [info]: Connected To MongoDB Locally.
2024-04-20T19:34:10.879Z [info]: Server is running on port: 8181
2024-04-20T19:34:20.468Z [info]: Connected To MongoDB Locally.
2024-04-20T19:34:20.507Z [info]: Server is running on port: 8181
2024-04-20T19:34:21.707Z [error]: Resource not found: POST /api/auth/loginsdfds: Not Found Error - Not found
2024-04-20T19:34:32.329Z [info]: Connected To MongoDB Locally.
2024-04-20T19:34:32.358Z [info]: Server is running on port: 8181
2024-04-20T19:34:45.270Z [info]: Connected To MongoDB Locally.
2024-04-20T19:34:45.311Z [info]: Server is running on port: 8181
2024-04-20T19:35:53.692Z [info]: Connected To MongoDB Locally.
2024-04-20T19:35:53.724Z [info]: Server is running on port: 8181
2024-04-20T19:36:09.678Z [info]: Connected To MongoDB Locally.
2024-04-20T19:36:09.709Z [info]: Server is running on port: 8181
2024-04-20T19:36:10.744Z [error]: Resource not found: POST /api/auth/loginsdfds: Not Found Error - Not found
2024-04-20T19:37:06.514Z [error]: Resource not found: POST /api/auth/loginsdfds: Not Found Error - Not found
2024-04-20T19:38:44.145Z [info]: Connected To MongoDB Locally.
2024-04-20T19:38:44.178Z [info]: Server is running on port: 8181
2024-04-20T19:38:45.945Z [error]: Resource not found: POST /api/auth/loginsdfds: Not Found Error - Not found
2024-04-20T19:39:56.854Z [info]: Connected To MongoDB Locally.
2024-04-20T19:39:56.888Z [info]: Server is running on port: 8181
2024-04-20T19:39:58.168Z [error]: Resource not found: POST /api/auth/loginsdfds: Not Found Error - Data Not found
2024-04-20T19:40:01.578Z [error]: Resource not found: POST /api/auth/loginsdfds: Not Found Error - Data Not found
2024-04-20T19:41:07.516Z [info]: Connected To MongoDB Locally.
2024-04-20T19:41:07.548Z [info]: Server is running on port: 8181
2024-04-20T19:41:12.573Z [error]: Resource not found: POST /api/auth/loginsdfds: Not Found Error - Data Not found
2024-04-20T19:44:01.785Z [error]: Login Failed: POST /api/auth/login: Authentication Error - Invalid username or password.
2024-04-20T19:45:19.257Z [error]: Login Failed: POST /api/auth/login: Authentication Error - Invalid username or password.
2024-04-20T19:45:35.312Z [error]: Login Failed: POST /api/auth/login: Authentication Error - Invalid username or password.
2024-04-20T19:45:40.444Z [error]: Login Failed: POST /api/auth/login: Authentication Error - Invalid username or password.
2024-04-20T19:46:22.932Z [error]: Login Failed: POST /api/auth/login: Authentication Error - Account is locked. Try again after 24 hours --->
2024-04-20T19:46:32.697Z [error]: Login Failed: POST /api/auth/login: Authentication Error - Account is locked. Try again after 0.01 hours
2024-04-20T19:50:53.291Z [error]: Login Failed: POST /api/auth/login: Authentication Error - Invalid username or password.
2024-04-20T19:50:54.275Z [error]: Login Failed: POST /api/auth/login: Authentication Error - Invalid username or password.
2024-04-20T19:50:55.407Z [error]: Login Failed: POST /api/auth/login: Authentication Error - Invalid username or password.
2024-04-20T19:50:56.041Z [error]: Login Failed: POST /api/auth/login: Authentication Error - Invalid username or password.
2024-04-20T19:50:57.023Z [error]: Login Failed: POST /api/auth/login: Authentication Error - Account is locked. Try again after 24 hours --->
2024-04-20T19:51:35.302Z [info]: Connected To MongoDB Locally.
2024-04-20T19:51:35.383Z [info]: Server is running on port: 8181
2024-04-20T20:20:59.941Z [error]: Login Failed: POST /api/auth/login: Authentication Error - Invalid username or password.
2024-04-20T21:00:32.137Z [info]: Received SIGINT. Closing server and shutting down...
2024-04-20T21:00:32.150Z [info]: Shutting down gracefully...
