2024-04-05T11:16:20.811Z [info]: Connected To MongoDB Locally.
2024-04-05T11:16:21.086Z [info]: Server is running on port: 8181
2024-04-05T11:29:50.059Z [info]: Connected To MongoDB Locally.
2024-04-05T11:29:50.160Z [info]: Server is running on port: 8181
2024-04-05T11:35:52.353Z [info]: Connected To MongoDB Locally.
2024-04-05T11:35:52.407Z [info]: Server is running on port: 8181
2024-04-05T11:37:00.808Z [info]: Connected To MongoDB Locally.
2024-04-05T11:37:00.855Z [info]: Server is running on port: 8181
2024-04-05T11:37:17.160Z [info]: Connected To MongoDB Locally.
2024-04-05T11:37:17.215Z [info]: Server is running on port: 8181
2024-04-05T11:37:44.087Z [info]: Connected To MongoDB Locally.
2024-04-05T11:37:44.133Z [info]: Server is running on port: 8181
2024-04-05T11:40:42.764Z [info]: Connected To MongoDB Locally.
2024-04-05T11:40:42.861Z [info]: Server is running on port: 8181
2024-04-05T11:41:20.399Z [info]: Connected To MongoDB Locally.
2024-04-05T11:41:20.463Z [info]: Server is running on port: 8181
2024-04-05T11:43:48.069Z [info]: Connected To MongoDB Locally.
2024-04-05T11:43:48.116Z [info]: Server is running on port: 8181
2024-04-05T11:43:59.720Z [info]: Received SIGINT. Closing server and shutting down...
2024-04-05T11:43:59.721Z [info]: Shutting down gracefully...
2024-04-05T11:43:59.742Z [info]: MongoDB connection closed.
2024-04-05T11:48:23.704Z [info]: Connected To MongoDB Locally.
2024-04-05T15:05:44.137Z [info]: Connected To MongoDB Locally.
2024-04-05T15:05:44.234Z [info]: Server is running on port: 8181
2024-04-05T15:06:17.270Z [error]: Validation Failed: POST /api/auth/login: Bad Request Error - ValidationError: username: Path `username` is invalid (Swfresdfsdight2023).
2024-04-05T15:06:39.303Z [error]: Validation Failed: POST /api/auth/login: Bad Request Error - ValidationError: username: Path `username` is invalid (Swfdeight2023).
2024-04-05T15:06:54.300Z [error]: Login Failed: POST /api/auth/login: Authentication Error - Invalid username or password.
2024-04-05T15:06:59.403Z [error]: Login Failed: POST /api/auth/login: Authentication Error - Invalid username or password.
2024-04-05T15:07:00.664Z [error]: Login Failed: POST /api/auth/login: Authentication Error - Invalid username or password.
2024-04-05T15:07:01.675Z [error]: Login Failed: POST /api/auth/login: Authentication Error - Invalid username or password.
2024-04-05T15:07:02.672Z [error]: Login Failed: POST /api/auth/login: Authentication Error - Invalid username or password.
2024-04-05T15:07:03.696Z [error]: Login Failed: POST /api/auth/login: Authentication Error - Invalid username or password.
2024-04-05T15:07:04.672Z [error]: Login Failed: POST /api/auth/login: Authentication Error - Invalid username or password.
2024-04-05T15:07:05.398Z [error]: Login Failed: POST /api/auth/login: Authentication Error - Invalid username or password.
2024-04-05T15:07:06.483Z [error]: Login Failed: POST /api/auth/login: Authentication Error - Invalid username or password.
2024-04-05T15:07:07.413Z [error]: Login Failed: POST /api/auth/login: Authentication Error - Invalid username or password.
2024-04-05T15:07:08.306Z [error]: Login Failed: POST /api/auth/login: Authentication Error - Invalid username or password.
2024-04-05T15:07:09.095Z [error]: Login Failed: POST /api/auth/login: Authentication Error - Invalid username or password.
2024-04-05T15:07:09.936Z [error]: Login Failed: POST /api/auth/login: Authentication Error - Invalid username or password.
2024-04-05T15:07:52.906Z [error]: Login Failed: POST /api/auth/login: Authentication Error - Invalid username or password.
2024-04-05T15:08:26.254Z [error]: Login Failed: POST /api/auth/login: Authentication Error - Invalid username or password.
2024-04-05T15:08:30.782Z [error]: Login Failed: POST /api/auth/login: Authentication Error - Invalid username or password.
2024-04-05T15:08:35.326Z [error]: Login Failed: POST /api/auth/login: Authentication Error - Invalid username or password.
2024-04-05T15:08:39.888Z [error]: Login Failed: POST /api/auth/login: Authentication Error - Invalid username or password.
2024-04-05T15:08:42.927Z [error]: Login Failed: POST /api/auth/login: Authentication Error - Account is locked. Try again after 24 hours
2024-04-05T15:08:53.057Z [error]: Login Failed: POST /api/auth/login: Authentication Error - Account is locked. Try again after 1439.8310666666666 minutes
2024-04-05T15:09:08.767Z [error]: Login Failed: POST /api/auth/login: Authentication Error - Account is locked. Try again after 1439.5692333333334 minutes
2024-04-05T15:09:09.719Z [error]: Login Failed: POST /api/auth/login: Authentication Error - Account is locked. Try again after 1439.5533666666668 minutes
2024-04-05T15:09:17.003Z [error]: Login Failed: POST /api/auth/login: Authentication Error - Account is locked. Try again after 1439.4319666666668 minutes
2024-04-05T15:09:18.399Z [error]: Login Failed: POST /api/auth/login: Authentication Error - Account is locked. Try again after 1439.4087 minutes
2024-04-05T15:09:21.207Z [error]: Login Failed: POST /api/auth/login: Authentication Error - Account is locked. Try again after 1439.3619 minutes
2024-04-05T15:09:24.588Z [error]: Login Failed: POST /api/auth/login: Authentication Error - Account is locked. Try again after 1439.3055666666667 minutes
2024-04-05T15:16:27.896Z [info]: Connected To MongoDB Locally.
2024-04-05T15:16:28.051Z [info]: Server is running on port: 8181
2024-04-05T15:16:29.455Z [error]: Login Failed: POST /api/auth/login: Authentication Error - Account is locked. Try again after 23.87 hours
2024-04-05T15:16:35.471Z [error]: Login Failed: POST /api/auth/login: Authentication Error - Account is locked. Try again after 23.87 hours
2024-04-05T15:16:45.507Z [info]: Connected To MongoDB Locally.
2024-04-05T15:16:45.537Z [info]: Server is running on port: 8181
2024-04-05T15:16:48.126Z [error]: Login Failed: POST /api/auth/login: Authentication Error - Account is locked. Try again after 23.865221666666667 hours
2024-04-05T15:16:58.107Z [info]: Connected To MongoDB Locally.
2024-04-05T15:16:58.138Z [info]: Server is running on port: 8181
2024-04-05T15:17:54.401Z [info]: Connected To MongoDB Locally.
2024-04-05T15:17:54.444Z [info]: Server is running on port: 8181
2024-04-05T15:17:58.291Z [error]: Login Failed: POST /api/auth/login: Authentication Error - Account is locked. Try again after 23.8 hours
2024-04-05T15:18:10.138Z [info]: Connected To MongoDB Locally.
2024-04-05T15:18:10.212Z [info]: Server is running on port: 8181
2024-04-05T15:18:10.548Z [error]: Login Failed: POST /api/auth/login: Authentication Error - Account is locked. Try again after 24 hours
2024-04-05T15:18:23.860Z [info]: Connected To MongoDB Locally.
2024-04-05T15:18:23.893Z [info]: Server is running on port: 8181
2024-04-05T15:18:25.457Z [error]: Login Failed: POST /api/auth/login: Authentication Error - Account is locked. Try again after 23.84 hours
2024-04-05T15:19:31.828Z [info]: Connected To MongoDB Locally.
2024-04-05T15:19:31.880Z [info]: Server is running on port: 8181
2024-04-05T15:21:33.907Z [error]: Login Failed: POST /api/auth/login: Authentication Error - Invalid username or password.
2024-04-05T15:21:36.451Z [error]: Login Failed: POST /api/auth/login: Authentication Error - Invalid username or password.
2024-04-05T15:21:43.861Z [error]: Login Failed: POST /api/auth/login: Authentication Error - Invalid username or password.
2024-04-05T15:21:47.655Z [error]: Login Failed: POST /api/auth/login: Authentication Error - Invalid username or password.
2024-04-05T15:21:53.054Z [error]: Login Failed: POST /api/auth/login: Authentication Error - Account is locked. Try again after 24 hours
2024-04-05T15:21:57.170Z [error]: Login Failed: POST /api/auth/login: Authentication Error - Account is locked. Try again after 0.02 hours
2024-04-05T15:23:39.501Z [info]: Connected To MongoDB Locally.
2024-04-05T15:23:39.534Z [info]: Server is running on port: 8181
2024-04-05T15:24:31.543Z [error]: Login Failed: POST /api/auth/login: Authentication Error - Account is locked. Try again after 24 hours
2024-04-05T15:24:54.679Z [error]: Login Failed: POST /api/auth/login: Authentication Error - Account is locked. Try again after 0.01 hours
2024-04-05T15:27:10.437Z [error]: Login Failed: POST /api/auth/login: Authentication Error - Invalid username or password.
2024-04-05T15:27:35.628Z [error]: Login Failed: POST /api/auth/login: Authentication Error - Invalid username or password.
2024-04-05T15:27:37.534Z [error]: Login Failed: POST /api/auth/login: Authentication Error - Invalid username or password.
2024-04-05T15:27:38.786Z [error]: Login Failed: POST /api/auth/login: Authentication Error - Invalid username or password.
2024-04-05T15:27:39.918Z [error]: Login Failed: POST /api/auth/login: Authentication Error - Account is locked. Try again after 24 hours
2024-04-05T15:27:48.126Z [error]: Login Failed: POST /api/auth/login: Authentication Error - Account is locked. Try again after 0.01 hours
2024-04-05T15:27:51.202Z [error]: Login Failed: POST /api/auth/login: Authentication Error - Account is locked. Try again after 0.01 hours
2024-04-05T15:27:53.109Z [error]: Login Failed: POST /api/auth/login: Authentication Error - Account is locked. Try again after 0.01 hours
2024-04-05T15:27:54.574Z [error]: Login Failed: POST /api/auth/login: Authentication Error - Account is locked. Try again after 0.01 hours
2024-04-05T15:27:57.134Z [error]: Login Failed: POST /api/auth/login: Authentication Error - Account is locked. Try again after 0.01 hours
2024-04-05T15:28:05.435Z [error]: Login Failed: POST /api/auth/login: Authentication Error - Account is locked. Try again after 0.01 hours
2024-04-05T15:28:06.359Z [error]: Login Failed: POST /api/auth/login: Authentication Error - Account is locked. Try again after 0.01 hours
2024-04-05T15:28:07.211Z [error]: Login Failed: POST /api/auth/login: Authentication Error - Account is locked. Try again after 0.01 hours
2024-04-05T15:28:08.048Z [error]: Login Failed: POST /api/auth/login: Authentication Error - Account is locked. Try again after 0.01 hours
2024-04-05T15:28:09.613Z [error]: Login Failed: POST /api/auth/login: Authentication Error - Account is locked. Try again after 0.01 hours
2024-04-05T15:28:10.697Z [error]: Login Failed: POST /api/auth/login: Authentication Error - Account is locked. Try again after 0.01 hours
2024-04-05T15:28:14.809Z [error]: Login Failed: POST /api/auth/login: Authentication Error - Account is locked. Try again after 0.01 hours
2024-04-05T15:28:18.180Z [error]: Login Failed: POST /api/auth/login: Authentication Error - Account is locked. Try again after 0.01 hours
2024-04-05T15:28:20.153Z [error]: Login Failed: POST /api/auth/login: Authentication Error - Account is locked. Try again after 0.01 hours
2024-04-05T15:28:22.669Z [error]: Login Failed: POST /api/auth/login: Authentication Error - Account is locked. Try again after 0.00 hours
2024-04-05T15:28:25.272Z [error]: Login Failed: POST /api/auth/login: Authentication Error - Account is locked. Try again after 0.00 hours
2024-04-05T15:28:29.014Z [error]: Login Failed: POST /api/auth/login: Authentication Error - Account is locked. Try again after 0.00 hours
2024-04-05T15:28:30.929Z [error]: Login Failed: POST /api/auth/login: Authentication Error - Account is locked. Try again after 0.00 hours
2024-04-05T15:28:32.493Z [error]: Login Failed: POST /api/auth/login: Authentication Error - Account is locked. Try again after 0.00 hours
2024-04-05T15:28:34.035Z [error]: Login Failed: POST /api/auth/login: Authentication Error - Account is locked. Try again after 0.00 hours
2024-04-05T15:28:35.489Z [error]: Login Failed: POST /api/auth/login: Authentication Error - Account is locked. Try again after 0.00 hours
2024-04-05T15:28:36.873Z [error]: Login Failed: POST /api/auth/login: Authentication Error - Account is locked. Try again after 0.00 hours
2024-04-05T15:28:39.011Z [error]: Login Failed: POST /api/auth/login: Authentication Error - Account is locked. Try again after 0.00 hours
2024-04-05T15:28:41.061Z [error]: Login Failed: POST /api/auth/login: Authentication Error - Account is locked. Try again after 24 hours
2024-04-05T15:29:54.924Z [info]: Connected To MongoDB Locally.
2024-04-05T15:29:54.957Z [info]: Server is running on port: 8181
2024-04-05T15:30:06.091Z [info]: Connected To MongoDB Locally.
2024-04-05T15:30:06.129Z [info]: Server is running on port: 8181
2024-04-05T15:30:07.616Z [error]: Login Failed: POST /api/auth/login: Authentication Error - Account is locked. Try again after 24 hours
2024-04-05T15:30:16.203Z [error]: Login Failed: POST /api/auth/login: Authentication Error - Account is locked. Try again after 0.01 hours
2024-04-05T15:30:19.965Z [error]: Login Failed: POST /api/auth/login: Authentication Error - Account is locked. Try again after 0.01 hours
2024-04-05T15:30:22.749Z [error]: Login Failed: POST /api/auth/login: Authentication Error - Account is locked. Try again after 0.01 hours
2024-04-05T15:30:24.136Z [error]: Login Failed: POST /api/auth/login: Authentication Error - Account is locked. Try again after 0.01 hours
2024-04-05T15:30:25.670Z [error]: Login Failed: POST /api/auth/login: Authentication Error - Account is locked. Try again after 0.01 hours
2024-04-05T15:30:43.055Z [error]: Login Failed: POST /api/auth/login: Authentication Error - Account is locked. Try again after 0.01 hours
2024-04-05T15:30:49.951Z [error]: Login Failed: POST /api/auth/login: Authentication Error - Account is locked. Try again after 0.00 hours
2024-04-05T15:30:55.046Z [error]: Login Failed: POST /api/auth/login: Authentication Error - Account is locked. Try again after 0.00 hours
2024-04-05T15:30:56.482Z [error]: Login Failed: POST /api/auth/login: Authentication Error - Account is locked. Try again after 0.00 hours
2024-04-05T15:30:58.127Z [error]: Login Failed: POST /api/auth/login: Authentication Error - Account is locked. Try again after 0.00 hours
2024-04-05T15:31:01.373Z [error]: Login Failed: POST /api/auth/login: Authentication Error - Account is locked. Try again after 0.00 hours
2024-04-05T15:31:07.962Z [error]: Login Failed: POST /api/auth/login: Authentication Error - Account is locked. Try again after 24 hours
2024-04-05T15:31:12.430Z [error]: Login Failed: POST /api/auth/login: Authentication Error - Account is locked. Try again after 0.02 hours
2024-04-05T15:31:13.518Z [error]: Login Failed: POST /api/auth/login: Authentication Error - Account is locked. Try again after 0.02 hours
2024-04-05T15:31:14.444Z [error]: Login Failed: POST /api/auth/login: Authentication Error - Account is locked. Try again after 0.01 hours
2024-04-05T15:31:15.386Z [error]: Login Failed: POST /api/auth/login: Authentication Error - Account is locked. Try again after 0.01 hours
2024-04-05T15:31:15.907Z [error]: Login Failed: POST /api/auth/login: Authentication Error - Account is locked. Try again after 0.01 hours
2024-04-05T15:31:16.593Z [error]: Login Failed: POST /api/auth/login: Authentication Error - Account is locked. Try again after 0.01 hours
2024-04-05T15:31:17.206Z [error]: Login Failed: POST /api/auth/login: Authentication Error - Account is locked. Try again after 0.01 hours
2024-04-05T15:31:17.720Z [error]: Login Failed: POST /api/auth/login: Authentication Error - Account is locked. Try again after 0.01 hours
2024-04-05T15:31:18.222Z [error]: Login Failed: POST /api/auth/login: Authentication Error - Account is locked. Try again after 0.01 hours
2024-04-05T15:31:18.828Z [error]: Login Failed: POST /api/auth/login: Authentication Error - Account is locked. Try again after 0.01 hours
2024-04-05T15:31:19.758Z [error]: Login Failed: POST /api/auth/login: Authentication Error - Account is locked. Try again after 0.01 hours
2024-04-05T15:31:20.324Z [error]: Login Failed: POST /api/auth/login: Authentication Error - Account is locked. Try again after 0.01 hours
2024-04-05T15:31:21.033Z [error]: Login Failed: POST /api/auth/login: Authentication Error - Account is locked. Try again after 0.01 hours
2024-04-05T15:31:22.127Z [error]: Login Failed: POST /api/auth/login: Authentication Error - Account is locked. Try again after 0.01 hours
2024-04-05T15:31:28.317Z [error]: Login Failed: POST /api/auth/login: Authentication Error - Account is locked. Try again after 0.01 hours
2024-04-05T15:31:29.332Z [error]: Login Failed: POST /api/auth/login: Authentication Error - Account is locked. Try again after 0.01 hours
2024-04-05T15:31:30.066Z [error]: Login Failed: POST /api/auth/login: Authentication Error - Account is locked. Try again after 0.01 hours
2024-04-05T15:31:30.968Z [error]: Login Failed: POST /api/auth/login: Authentication Error - Account is locked. Try again after 0.01 hours
2024-04-05T15:31:31.686Z [error]: Login Failed: POST /api/auth/login: Authentication Error - Account is locked. Try again after 0.01 hours
2024-04-05T15:31:32.583Z [error]: Login Failed: POST /api/auth/login: Authentication Error - Account is locked. Try again after 0.01 hours
2024-04-05T15:31:33.500Z [error]: Login Failed: POST /api/auth/login: Authentication Error - Account is locked. Try again after 0.01 hours
2024-04-05T15:31:34.404Z [error]: Login Failed: POST /api/auth/login: Authentication Error - Account is locked. Try again after 0.01 hours
2024-04-05T15:31:35.727Z [error]: Login Failed: POST /api/auth/login: Authentication Error - Account is locked. Try again after 0.01 hours
2024-04-05T15:31:36.738Z [error]: Login Failed: POST /api/auth/login: Authentication Error - Account is locked. Try again after 0.01 hours
2024-04-05T15:31:38.739Z [error]: Login Failed: POST /api/auth/login: Authentication Error - Account is locked. Try again after 0.01 hours
2024-04-05T15:31:39.531Z [error]: Login Failed: POST /api/auth/login: Authentication Error - Account is locked. Try again after 0.01 hours
2024-04-05T15:31:40.885Z [error]: Login Failed: POST /api/auth/login: Authentication Error - Account is locked. Try again after 0.01 hours
2024-04-05T15:31:41.823Z [error]: Login Failed: POST /api/auth/login: Authentication Error - Account is locked. Try again after 0.01 hours
2024-04-05T15:31:43.175Z [error]: Login Failed: POST /api/auth/login: Authentication Error - Account is locked. Try again after 0.01 hours
2024-04-05T15:31:53.882Z [error]: Login Failed: POST /api/auth/login: Authentication Error - Account is locked. Try again after 0.00 hours
2024-04-05T15:31:56.414Z [error]: Login Failed: POST /api/auth/login: Authentication Error - Account is locked. Try again after 0.00 hours
2024-04-05T15:31:57.802Z [error]: Login Failed: POST /api/auth/login: Authentication Error - Account is locked. Try again after 0.00 hours
2024-04-05T15:31:58.958Z [error]: Login Failed: POST /api/auth/login: Authentication Error - Account is locked. Try again after 0.00 hours
2024-04-05T15:38:10.544Z [error]: Validation Failed: POST /api/auth/login: Bad Request Error - Password must be at least 6 characters long.
2024-04-05T15:38:14.015Z [error]: Validation Failed: POST /api/auth/login: Bad Request Error - Password must be at least 6 characters long.
2024-04-05T15:38:19.607Z [error]: Validation Failed: POST /api/auth/login: Bad Request Error - Password must be at least 6 characters long.
2024-04-05T15:38:21.344Z [error]: Validation Failed: POST /api/auth/login: Bad Request Error - Password must be at least 6 characters long.
2024-04-05T15:38:43.568Z [error]: Login Failed: POST /api/auth/login: Authentication Error - Invalid username or password.
2024-04-05T15:38:47.046Z [error]: Login Failed: POST /api/auth/login: Authentication Error - Invalid username or password.
2024-04-05T15:38:48.082Z [error]: Login Failed: POST /api/auth/login: Authentication Error - Invalid username or password.
2024-04-05T15:38:48.757Z [error]: Login Failed: POST /api/auth/login: Authentication Error - Invalid username or password.
2024-04-05T15:38:49.649Z [error]: Login Failed: POST /api/auth/login: Authentication Error - Account is locked. Try again after 24 hours
2024-04-05T15:38:55.669Z [error]: Login Failed: POST /api/auth/login: Authentication Error - Account is locked. Try again after 0.01 hours
2024-04-05T15:39:10.353Z [error]: Login Failed: POST /api/auth/login: Authentication Error - Account is locked. Try again after 0.01 hours
2024-04-05T15:39:23.583Z [error]: Login Failed: POST /api/auth/login: Authentication Error - Account is locked. Try again after 0.01 hours
2024-04-05T15:39:27.617Z [error]: Login Failed: POST /api/auth/login: Authentication Error - Account is locked. Try again after 0.01 hours
2024-04-05T15:39:30.197Z [error]: Login Failed: POST /api/auth/login: Authentication Error - Account is locked. Try again after 0.01 hours
2024-04-05T15:39:34.513Z [error]: Login Failed: POST /api/auth/login: Authentication Error - Account is locked. Try again after 0.00 hours
2024-04-05T15:39:35.508Z [error]: Login Failed: POST /api/auth/login: Authentication Error - Account is locked. Try again after 0.00 hours
2024-04-05T15:39:36.452Z [error]: Login Failed: POST /api/auth/login: Authentication Error - Account is locked. Try again after 0.00 hours
2024-04-05T15:39:37.315Z [error]: Login Failed: POST /api/auth/login: Authentication Error - Account is locked. Try again after 0.00 hours
2024-04-05T15:39:50.546Z [error]: Login Failed: POST /api/auth/login: Authentication Error - Account is locked. Try again after 24 hours
2024-04-05T15:39:54.296Z [error]: Login Failed: POST /api/auth/login: Authentication Error - Account is locked. Try again after 0.02 hours
2024-04-05T15:39:56.080Z [error]: Login Failed: POST /api/auth/login: Authentication Error - Account is locked. Try again after 0.02 hours
2024-04-05T15:39:56.929Z [error]: Login Failed: POST /api/auth/login: Authentication Error - Account is locked. Try again after 0.01 hours
2024-04-05T15:39:57.647Z [error]: Login Failed: POST /api/auth/login: Authentication Error - Account is locked. Try again after 0.01 hours
2024-04-05T15:39:58.350Z [error]: Login Failed: POST /api/auth/login: Authentication Error - Account is locked. Try again after 0.01 hours
2024-04-05T15:39:59.019Z [error]: Login Failed: POST /api/auth/login: Authentication Error - Account is locked. Try again after 0.01 hours
2024-04-05T15:39:59.613Z [error]: Login Failed: POST /api/auth/login: Authentication Error - Account is locked. Try again after 0.01 hours
2024-04-05T15:40:00.265Z [error]: Login Failed: POST /api/auth/login: Authentication Error - Account is locked. Try again after 0.01 hours
2024-04-05T15:40:00.884Z [error]: Login Failed: POST /api/auth/login: Authentication Error - Account is locked. Try again after 0.01 hours
2024-04-05T15:40:01.435Z [error]: Login Failed: POST /api/auth/login: Authentication Error - Account is locked. Try again after 0.01 hours
2024-04-05T15:40:01.985Z [error]: Login Failed: POST /api/auth/login: Authentication Error - Account is locked. Try again after 0.01 hours
2024-04-05T15:40:02.512Z [error]: Login Failed: POST /api/auth/login: Authentication Error - Account is locked. Try again after 0.01 hours
2024-04-05T15:40:03.148Z [error]: Login Failed: POST /api/auth/login: Authentication Error - Account is locked. Try again after 0.01 hours
2024-04-05T15:40:04.651Z [error]: Login Failed: POST /api/auth/login: Authentication Error - Account is locked. Try again after 0.01 hours
2024-04-05T15:40:05.491Z [error]: Login Failed: POST /api/auth/login: Authentication Error - Account is locked. Try again after 0.01 hours
2024-04-05T15:40:06.058Z [error]: Login Failed: POST /api/auth/login: Authentication Error - Account is locked. Try again after 0.01 hours
2024-04-05T15:40:06.717Z [error]: Login Failed: POST /api/auth/login: Authentication Error - Account is locked. Try again after 0.01 hours
2024-04-05T15:40:07.325Z [error]: Login Failed: POST /api/auth/login: Authentication Error - Account is locked. Try again after 0.01 hours
2024-04-05T15:40:08.090Z [error]: Login Failed: POST /api/auth/login: Authentication Error - Account is locked. Try again after 0.01 hours
2024-04-05T15:40:08.590Z [error]: Login Failed: POST /api/auth/login: Authentication Error - Account is locked. Try again after 0.01 hours
2024-04-05T15:40:09.369Z [error]: Login Failed: POST /api/auth/login: Authentication Error - Account is locked. Try again after 0.01 hours
2024-04-05T15:40:09.984Z [error]: Login Failed: POST /api/auth/login: Authentication Error - Account is locked. Try again after 0.01 hours
2024-04-05T15:40:11.833Z [error]: Login Failed: POST /api/auth/login: Authentication Error - Account is locked. Try again after 0.01 hours
2024-04-05T15:40:12.497Z [error]: Login Failed: POST /api/auth/login: Authentication Error - Account is locked. Try again after 0.01 hours
2024-04-05T15:40:13.215Z [error]: Login Failed: POST /api/auth/login: Authentication Error - Account is locked. Try again after 0.01 hours
2024-04-05T15:40:13.805Z [error]: Login Failed: POST /api/auth/login: Authentication Error - Account is locked. Try again after 0.01 hours
2024-04-05T15:40:15.742Z [error]: Login Failed: POST /api/auth/login: Authentication Error - Account is locked. Try again after 0.01 hours
2024-04-05T15:40:16.661Z [error]: Login Failed: POST /api/auth/login: Authentication Error - Account is locked. Try again after 0.01 hours
2024-04-05T15:40:17.279Z [error]: Login Failed: POST /api/auth/login: Authentication Error - Account is locked. Try again after 0.01 hours
2024-04-05T15:40:17.952Z [error]: Login Failed: POST /api/auth/login: Authentication Error - Account is locked. Try again after 0.01 hours
2024-04-05T15:40:18.525Z [error]: Login Failed: POST /api/auth/login: Authentication Error - Account is locked. Try again after 0.01 hours
2024-04-05T15:40:19.048Z [error]: Login Failed: POST /api/auth/login: Authentication Error - Account is locked. Try again after 0.01 hours
2024-04-05T15:40:20.784Z [error]: Login Failed: POST /api/auth/login: Authentication Error - Account is locked. Try again after 0.01 hours
2024-04-05T15:40:21.468Z [error]: Login Failed: POST /api/auth/login: Authentication Error - Account is locked. Try again after 0.01 hours
2024-04-05T15:40:22.116Z [error]: Login Failed: POST /api/auth/login: Authentication Error - Account is locked. Try again after 0.01 hours
2024-04-05T15:40:22.733Z [error]: Login Failed: POST /api/auth/login: Authentication Error - Account is locked. Try again after 0.01 hours
2024-04-05T15:40:23.243Z [error]: Login Failed: POST /api/auth/login: Authentication Error - Account is locked. Try again after 0.01 hours
2024-04-05T15:40:23.806Z [error]: Login Failed: POST /api/auth/login: Authentication Error - Account is locked. Try again after 0.01 hours
2024-04-05T15:40:24.600Z [error]: Login Failed: POST /api/auth/login: Authentication Error - Account is locked. Try again after 0.01 hours
2024-04-05T15:40:25.139Z [error]: Login Failed: POST /api/auth/login: Authentication Error - Account is locked. Try again after 0.01 hours
2024-04-05T15:40:25.682Z [error]: Login Failed: POST /api/auth/login: Authentication Error - Account is locked. Try again after 0.01 hours
2024-04-05T15:40:26.217Z [error]: Login Failed: POST /api/auth/login: Authentication Error - Account is locked. Try again after 0.01 hours
2024-04-05T15:40:26.727Z [error]: Login Failed: POST /api/auth/login: Authentication Error - Account is locked. Try again after 0.01 hours
2024-04-05T15:40:27.330Z [error]: Login Failed: POST /api/auth/login: Authentication Error - Account is locked. Try again after 0.01 hours
2024-04-05T15:40:27.874Z [error]: Login Failed: POST /api/auth/login: Authentication Error - Account is locked. Try again after 0.01 hours
2024-04-05T15:40:28.378Z [error]: Login Failed: POST /api/auth/login: Authentication Error - Account is locked. Try again after 0.01 hours
2024-04-05T15:40:28.880Z [error]: Login Failed: POST /api/auth/login: Authentication Error - Account is locked. Try again after 0.01 hours
2024-04-05T15:40:30.836Z [error]: Login Failed: POST /api/auth/login: Authentication Error - Account is locked. Try again after 0.01 hours
2024-04-05T15:40:31.526Z [error]: Login Failed: POST /api/auth/login: Authentication Error - Account is locked. Try again after 0.01 hours
2024-04-05T15:40:32.208Z [error]: Login Failed: POST /api/auth/login: Authentication Error - Account is locked. Try again after 0.01 hours
2024-04-05T15:40:32.915Z [error]: Login Failed: POST /api/auth/login: Authentication Error - Account is locked. Try again after 0.00 hours
2024-04-05T15:40:33.569Z [error]: Login Failed: POST /api/auth/login: Authentication Error - Account is locked. Try again after 0.00 hours
2024-04-05T15:40:34.196Z [error]: Login Failed: POST /api/auth/login: Authentication Error - Account is locked. Try again after 0.00 hours
2024-04-05T15:40:34.713Z [error]: Login Failed: POST /api/auth/login: Authentication Error - Account is locked. Try again after 0.00 hours
2024-04-05T15:40:35.260Z [error]: Login Failed: POST /api/auth/login: Authentication Error - Account is locked. Try again after 0.00 hours
2024-04-05T15:40:35.813Z [error]: Login Failed: POST /api/auth/login: Authentication Error - Account is locked. Try again after 0.00 hours
2024-04-05T15:40:36.448Z [error]: Login Failed: POST /api/auth/login: Authentication Error - Account is locked. Try again after 0.00 hours
2024-04-05T15:40:37.050Z [error]: Login Failed: POST /api/auth/login: Authentication Error - Account is locked. Try again after 0.00 hours
2024-04-05T15:40:37.601Z [error]: Login Failed: POST /api/auth/login: Authentication Error - Account is locked. Try again after 0.00 hours
2024-04-05T15:40:38.144Z [error]: Login Failed: POST /api/auth/login: Authentication Error - Account is locked. Try again after 0.00 hours
2024-04-05T15:40:38.742Z [error]: Login Failed: POST /api/auth/login: Authentication Error - Account is locked. Try again after 0.00 hours
2024-04-05T15:40:39.264Z [error]: Login Failed: POST /api/auth/login: Authentication Error - Account is locked. Try again after 0.00 hours
2024-04-05T15:40:39.827Z [error]: Login Failed: POST /api/auth/login: Authentication Error - Account is locked. Try again after 0.00 hours
2024-04-05T15:40:45.661Z [error]: Login Failed: POST /api/auth/login: Authentication Error - Account is locked. Try again after 0.00 hours
2024-04-05T15:40:48.080Z [error]: Login Failed: POST /api/auth/login: Authentication Error - Account is locked. Try again after 0.00 hours
2024-04-05T15:40:49.141Z [error]: Login Failed: POST /api/auth/login: Authentication Error - Account is locked. Try again after 0.00 hours
2024-04-05T15:40:50.300Z [error]: Login Failed: POST /api/auth/login: Authentication Error - Account is locked. Try again after 0.00 hours
2024-04-05T15:41:12.453Z [info]: Connected To MongoDB Locally.
2024-04-05T15:41:12.484Z [info]: Server is running on port: 8181
2024-04-05T15:41:51.062Z [info]: Connected To MongoDB Locally.
2024-04-05T15:41:51.099Z [info]: Server is running on port: 8181
2024-04-05T16:00:38.551Z [info]: Connected To MongoDB Locally.
2024-04-05T16:00:38.629Z [info]: Server is running on port: 8181
2024-04-05T16:00:46.318Z [info]: Connected To MongoDB Locally.
2024-04-05T16:00:46.356Z [info]: Server is running on port: 8181
2024-04-05T16:01:08.581Z [error]: Validation Failed: POST /api/auth/login: Bad Request Error - ValidationError: username: Path `username` is invalid (Sqfreeght2023).
2024-04-05T16:01:12.156Z [error]: Validation Failed: POST /api/auth/login: Bad Request Error - ValidationError: username: Path `username` is invalid (Sqfreeght2023).
2024-04-05T16:01:13.467Z [error]: Validation Failed: POST /api/auth/login: Bad Request Error - ValidationError: username: Path `username` is invalid (Sqfreeght2023).
2024-04-05T16:01:14.687Z [error]: Validation Failed: POST /api/auth/login: Bad Request Error - ValidationError: username: Path `username` is invalid (Sqfreeght2023).
2024-04-05T16:01:16.058Z [error]: Validation Failed: POST /api/auth/login: Bad Request Error - ValidationError: username: Path `username` is invalid (Sqfreeght2023).
2024-04-05T16:02:04.738Z [error]: Login Failed: POST /api/auth/login: Authentication Error - Invalid username or password.
2024-04-05T16:02:12.728Z [error]: Login Failed: POST /api/auth/login: Authentication Error - Invalid username or password.
2024-04-05T16:02:18.307Z [error]: Login Failed: POST /api/auth/login: Authentication Error - Invalid username or password.
2024-04-05T16:02:20.329Z [error]: Login Failed: POST /api/auth/login: Authentication Error - Invalid username or password.
2024-04-05T16:02:24.552Z [error]: Login Failed: POST /api/auth/login: Authentication Error - Invalid username or password.
2024-04-05T16:05:50.382Z [error]: Login Failed: POST /api/auth/login: Authentication Error - Invalid username or password.
2024-04-05T16:05:53.171Z [error]: Login Failed: POST /api/auth/login: Authentication Error - Invalid username or password.
2024-04-05T16:05:55.272Z [error]: Login Failed: POST /api/auth/login: Authentication Error - Invalid username or password.
2024-04-05T16:05:56.735Z [error]: Login Failed: POST /api/auth/login: Authentication Error - Invalid username or password.
2024-04-05T16:06:00.931Z [error]: Login Failed: POST /api/auth/login: Authentication Error - Invalid username or password.
2024-04-05T16:07:23.513Z [error]: Login Failed: POST /api/auth/login: Authentication Error - Invalid username or password.
2024-04-05T16:07:26.138Z [error]: Login Failed: POST /api/auth/login: Authentication Error - Invalid username or password.
2024-04-05T16:07:31.316Z [error]: Login Failed: POST /api/auth/login: Authentication Error - Invalid username or password.
2024-04-05T16:07:33.024Z [error]: Login Failed: POST /api/auth/login: Authentication Error - Invalid username or password.
2024-04-05T16:15:03.484Z [info]: Connected To MongoDB Locally.
2024-04-05T16:15:03.574Z [info]: Server is running on port: 8181
2024-04-05T16:16:10.623Z [info]: Connected To MongoDB Locally.
2024-04-05T16:16:10.654Z [info]: Server is running on port: 8181
2024-04-05T16:17:49.739Z [info]: Connected To MongoDB Locally.
2024-04-05T16:17:49.772Z [info]: Server is running on port: 8181
2024-04-05T16:20:08.932Z [info]: Connected To MongoDB Locally.
2024-04-05T16:20:08.963Z [info]: Server is running on port: 8181
2024-04-05T16:21:06.089Z [info]: Connected To MongoDB Locally.
2024-04-05T16:21:06.119Z [info]: Server is running on port: 8181
2024-04-05T16:22:46.715Z [info]: Connected To MongoDB Locally.
2024-04-05T16:22:46.754Z [info]: Server is running on port: 8181
2024-04-05T19:39:30.005Z [info]: Connected To MongoDB Locally.
2024-04-05T19:39:30.104Z [info]: Server is running on port: 8181
2024-04-05T19:40:59.101Z [info]: Connected To MongoDB Locally.
2024-04-05T19:40:59.127Z [info]: Server is running on port: 8181
2024-04-05T19:41:53.043Z [info]: Connected To MongoDB Locally.
2024-04-05T19:41:53.081Z [info]: Server is running on port: 8181
2024-04-05T19:43:11.733Z [info]: Connected To MongoDB Locally.
2024-04-05T19:43:11.767Z [info]: Server is running on port: 8181
2024-04-05T19:44:00.903Z [error]: Login Failed: POST /api/auth/login: Authentication Error - Invalid username or password.
2024-04-05T19:44:05.458Z [error]: Login Failed: POST /api/auth/login: Authentication Error - Invalid username or password.
2024-04-05T19:44:12.922Z [error]: Login Failed: POST /api/auth/login: Authentication Error - Invalid username or password.
2024-04-05T19:44:14.008Z [error]: Login Failed: POST /api/auth/login: Authentication Error - Invalid username or password.
2024-04-05T19:44:14.900Z [error]: Login Failed: POST /api/auth/login: Authentication Error - Invalid username or password.
2024-04-05T19:44:16.008Z [error]: Login Failed: POST /api/auth/login: Authentication Error - Invalid username or password.
2024-04-05T19:44:19.075Z [error]: Login Failed: POST /api/auth/login: Authentication Error - Invalid username or password.
2024-04-05T19:44:41.546Z [info]: Connected To MongoDB Locally.
2024-04-05T19:44:41.618Z [info]: Server is running on port: 8181
2024-04-05T19:44:48.057Z [error]: Login Failed: POST /api/auth/login: Authentication Error - Invalid username or password.
2024-04-05T19:45:29.740Z [info]: Connected To MongoDB Locally.
2024-04-05T19:45:29.787Z [info]: Server is running on port: 8181
2024-04-05T19:46:15.448Z [info]: Connected To MongoDB Locally.
2024-04-05T19:46:15.497Z [info]: Server is running on port: 8181
2024-04-05T19:46:16.892Z [error]: Login Failed: POST /api/auth/login: Authentication Error - Invalid username or password.
2024-04-05T19:46:22.076Z [error]: Login Failed: POST /api/auth/login: Authentication Error - Invalid username or password.
2024-04-05T19:46:23.086Z [error]: Login Failed: POST /api/auth/login: Authentication Error - Invalid username or password.
2024-04-05T19:46:24.301Z [error]: Login Failed: POST /api/auth/login: Authentication Error - Invalid username or password.
2024-04-05T19:46:25.727Z [error]: Login Failed: POST /api/auth/login: Authentication Error - Invalid username or password.
2024-04-05T19:54:30.593Z [info]: Connected To MongoDB Locally.
2024-04-05T19:54:30.626Z [info]: Server is running on port: 8181
2024-04-05T19:54:42.399Z [info]: Connected To MongoDB Locally.
2024-04-05T19:54:42.426Z [info]: Server is running on port: 8181
2024-04-05T19:54:48.555Z [info]: Connected To MongoDB Locally.
2024-04-05T19:54:48.581Z [info]: Server is running on port: 8181
2024-04-05T19:55:06.562Z [info]: Connected To MongoDB Locally.
2024-04-05T19:55:06.589Z [info]: Server is running on port: 8181
2024-04-05T19:55:30.520Z [info]: Connected To MongoDB Locally.
2024-04-05T19:55:30.546Z [info]: Server is running on port: 8181
2024-04-05T19:55:49.669Z [error]: Login Failed: POST /api/auth/login: Authentication Error - Invalid username or password.
2024-04-05T19:55:51.787Z [error]: Login Failed: POST /api/auth/login: Authentication Error - Invalid username or password.
2024-04-05T19:55:53.555Z [error]: Login Failed: POST /api/auth/login: Authentication Error - Invalid username or password.
2024-04-05T19:55:54.921Z [error]: Login Failed: POST /api/auth/login: Authentication Error - Invalid username or password.
2024-04-05T19:55:56.252Z [error]: Login Failed: POST /api/auth/login: Authentication Error - Invalid username or password.
2024-04-05T19:56:15.214Z [info]: Connected To MongoDB Locally.
2024-04-05T19:56:15.242Z [info]: Server is running on port: 8181
2024-04-05T19:56:27.072Z [error]: Login Failed: POST /api/auth/login: Authentication Error - Invalid username or password.
2024-04-05T19:56:31.853Z [error]: Login Failed: POST /api/auth/login: Authentication Error - Invalid username or password.
2024-04-05T19:56:33.628Z [error]: Login Failed: POST /api/auth/login: Authentication Error - Invalid username or password.
2024-04-05T19:56:35.250Z [error]: Login Failed: POST /api/auth/login: Authentication Error - Invalid username or password.
2024-04-05T19:56:37.489Z [error]: Login Failed: POST /api/auth/login: Authentication Error - Account is locked. Try again after 24 hours
2024-04-05T20:01:46.267Z [error]: Login Failed: POST /api/auth/login: Authentication Error - Account is locked. Try again after 24 hours
2024-04-05T20:01:51.331Z [error]: Login Failed: POST /api/auth/login: Authentication Error - Account is locked. Try again after 0.02 hours
2024-04-05T20:01:53.054Z [error]: Login Failed: POST /api/auth/login: Authentication Error - Account is locked. Try again after 0.01 hours
2024-04-05T20:01:59.689Z [error]: Login Failed: POST /api/auth/login: Authentication Error - Account is locked. Try again after 0.01 hours
2024-04-05T20:02:05.007Z [error]: Login Failed: POST /api/auth/login: Authentication Error - Account is locked. Try again after 0.01 hours
2024-04-05T20:02:16.816Z [info]: Connected To MongoDB Locally.
2024-04-05T20:02:16.853Z [info]: Server is running on port: 8181
2024-04-05T20:02:17.862Z [error]: Login Failed: POST /api/auth/login: Authentication Error - Account is locked. Try again after 0.01 hours
2024-04-05T20:02:21.947Z [error]: Login Failed: POST /api/auth/login: Authentication Error - Account is locked. Try again after 0.01 hours
2024-04-05T20:02:24.771Z [error]: Login Failed: POST /api/auth/login: Authentication Error - Account is locked. Try again after 0.01 hours
2024-04-05T20:02:34.203Z [info]: Connected To MongoDB Locally.
2024-04-05T20:02:34.281Z [info]: Server is running on port: 8181
2024-04-05T20:04:54.515Z [error]: Login Failed: POST /api/auth/login: Authentication Error - Invalid username or password.
2024-04-05T20:04:56.137Z [error]: Login Failed: POST /api/auth/login: Authentication Error - Invalid username or password.
2024-04-05T20:04:57.035Z [error]: Login Failed: POST /api/auth/login: Authentication Error - Invalid username or password.
2024-04-05T20:04:57.803Z [error]: Login Failed: POST /api/auth/login: Authentication Error - Invalid username or password.
2024-04-05T20:04:58.637Z [error]: Login Failed: POST /api/auth/login: Authentication Error - Account is locked. Try again after 24 hours
2024-04-05T20:08:40.034Z [error]: Login Failed: POST /api/auth/login: Authentication Error - Invalid username or password.
2024-04-05T20:08:42.524Z [error]: Login Failed: POST /api/auth/login: Authentication Error - Invalid username or password.
2024-04-05T20:08:44.435Z [error]: Login Failed: POST /api/auth/login: Authentication Error - Invalid username or password.
2024-04-05T20:08:45.752Z [error]: Login Failed: POST /api/auth/login: Authentication Error - Invalid username or password.
2024-04-05T20:08:46.680Z [error]: Login Failed: POST /api/auth/login: Authentication Error - Invalid username or password.
2024-04-05T20:16:38.407Z [info]: Connected To MongoDB Locally.
2024-04-05T20:16:38.497Z [info]: Server is running on port: 8181
2024-04-05T20:24:35.865Z [info]: Connected To MongoDB Locally.
2024-04-05T20:24:35.911Z [info]: Server is running on port: 8181
2024-04-05T20:24:42.125Z [info]: Connected To MongoDB Locally.
2024-04-05T20:24:42.171Z [info]: Server is running on port: 8181
2024-04-05T20:25:16.108Z [error]: Login Failed: POST /api/auth/login: Authentication Error - Invalid username or password.
2024-04-05T20:25:17.362Z [error]: Login Failed: POST /api/auth/login: Authentication Error - Invalid username or password.
2024-04-05T20:25:18.125Z [error]: Login Failed: POST /api/auth/login: Authentication Error - Invalid username or password.
2024-04-05T20:25:18.884Z [error]: Login Failed: POST /api/auth/login: Authentication Error - Invalid username or password.
2024-04-05T20:25:19.850Z [error]: Login Failed: POST /api/auth/login: Authentication Error - Account is locked. Try again after 24 hours
2024-04-05T20:25:20.560Z [error]: Login Failed: POST /api/auth/login: Authentication Error - Account is locked. Try again after 0.02 hours
2024-04-05T20:25:21.442Z [error]: Login Failed: POST /api/auth/login: Authentication Error - Account is locked. Try again after 0.02 hours
2024-04-05T20:25:22.262Z [error]: Login Failed: POST /api/auth/login: Authentication Error - Account is locked. Try again after 0.02 hours
2024-04-05T20:25:22.972Z [error]: Login Failed: POST /api/auth/login: Authentication Error - Account is locked. Try again after 0.02 hours
2024-04-05T20:25:23.598Z [error]: Login Failed: POST /api/auth/login: Authentication Error - Account is locked. Try again after 0.02 hours
2024-04-05T20:25:24.315Z [error]: Login Failed: POST /api/auth/login: Authentication Error - Account is locked. Try again after 0.02 hours
2024-04-05T20:25:25.051Z [error]: Login Failed: POST /api/auth/login: Authentication Error - Account is locked. Try again after 0.02 hours
2024-04-05T20:25:25.766Z [error]: Login Failed: POST /api/auth/login: Authentication Error - Account is locked. Try again after 0.02 hours
2024-04-05T20:25:26.457Z [error]: Login Failed: POST /api/auth/login: Authentication Error - Account is locked. Try again after 0.01 hours
2024-04-05T20:25:31.264Z [error]: Login Failed: POST /api/auth/login: Authentication Error - Account is locked. Try again after 0.01 hours
2024-04-05T20:25:32.081Z [error]: Login Failed: POST /api/auth/login: Authentication Error - Account is locked. Try again after 0.01 hours
2024-04-05T20:25:32.883Z [error]: Login Failed: POST /api/auth/login: Authentication Error - Account is locked. Try again after 0.01 hours
2024-04-05T20:27:55.014Z [error]: Login Failed: POST /api/auth/login: Authentication Error - Invalid username or password.
2024-04-05T20:27:55.926Z [error]: Login Failed: POST /api/auth/login: Authentication Error - Invalid username or password.
2024-04-05T20:27:56.814Z [error]: Login Failed: POST /api/auth/login: Authentication Error - Invalid username or password.
2024-04-05T20:27:57.689Z [error]: Login Failed: POST /api/auth/login: Authentication Error - Invalid username or password.
2024-04-05T20:27:58.423Z [error]: Login Failed: POST /api/auth/login: Authentication Error - Invalid username or password.
2024-04-05T20:27:59.267Z [error]: Login Failed: POST /api/auth/login: Authentication Error - Invalid username or password.
2024-04-05T20:27:59.949Z [error]: Login Failed: POST /api/auth/login: Authentication Error - Invalid username or password.
2024-04-05T20:28:00.865Z [error]: Login Failed: POST /api/auth/login: Authentication Error - Invalid username or password.
2024-04-05T20:28:01.650Z [error]: Login Failed: POST /api/auth/login: Authentication Error - Invalid username or password.
2024-04-05T20:28:02.382Z [error]: Login Failed: POST /api/auth/login: Authentication Error - Invalid username or password.
2024-04-05T20:28:03.205Z [error]: Login Failed: POST /api/auth/login: Authentication Error - Invalid username or password.
2024-04-05T20:28:03.933Z [error]: Login Failed: POST /api/auth/login: Authentication Error - Invalid username or password.
2024-04-05T20:28:04.615Z [error]: Login Failed: POST /api/auth/login: Authentication Error - Invalid username or password.
2024-04-05T20:28:05.352Z [error]: Login Failed: POST /api/auth/login: Authentication Error - Invalid username or password.
2024-04-05T20:28:06.162Z [error]: Login Failed: POST /api/auth/login: Authentication Error - Invalid username or password.
2024-04-05T20:28:06.901Z [error]: Login Failed: POST /api/auth/login: Authentication Error - Invalid username or password.
2024-04-05T20:28:07.679Z [error]: Login Failed: POST /api/auth/login: Authentication Error - Invalid username or password.
2024-04-05T20:28:08.465Z [error]: Login Failed: POST /api/auth/login: Authentication Error - Invalid username or password.
2024-04-05T20:28:09.266Z [error]: Login Failed: POST /api/auth/login: Authentication Error - Invalid username or password.
2024-04-05T20:28:10.347Z [error]: Login Failed: POST /api/auth/login: Authentication Error - Invalid username or password.
2024-04-05T20:28:58.627Z [info]: Connected To MongoDB Locally.
2024-04-05T20:28:58.704Z [info]: Server is running on port: 8181
2024-04-05T20:28:59.960Z [error]: Login Failed: POST /api/auth/login: Authentication Error - Invalid username or password.
2024-04-05T20:29:01.041Z [error]: Login Failed: POST /api/auth/login: Authentication Error - Invalid username or password.
2024-04-05T20:29:01.934Z [error]: Login Failed: POST /api/auth/login: Authentication Error - Invalid username or password.
2024-04-05T20:29:02.726Z [error]: Login Failed: POST /api/auth/login: Authentication Error - Invalid username or password.
2024-04-05T20:29:03.506Z [error]: Login Failed: POST /api/auth/login: Authentication Error - Invalid username or password.
2024-04-05T20:29:54.305Z [info]: Connected To MongoDB Locally.
2024-04-05T20:29:54.331Z [info]: Server is running on port: 8181
2024-04-05T20:29:55.517Z [error]: Login Failed: POST /api/auth/login: Authentication Error - Invalid username or password.
2024-04-05T20:29:59.939Z [error]: Login Failed: POST /api/auth/login: Authentication Error - Invalid username or password.
2024-04-05T20:30:00.718Z [error]: Login Failed: POST /api/auth/login: Authentication Error - Invalid username or password.
2024-04-05T20:30:02.997Z [error]: Login Failed: POST /api/auth/login: Authentication Error - Invalid username or password.
2024-04-05T20:30:03.817Z [error]: Login Failed: POST /api/auth/login: Authentication Error - Invalid username or password.
2024-04-05T20:30:04.691Z [error]: Login Failed: POST /api/auth/login: Authentication Error - Invalid username or password.
2024-04-05T20:30:05.491Z [error]: Login Failed: POST /api/auth/login: Authentication Error - Invalid username or password.
2024-04-05T20:30:06.297Z [error]: Login Failed: POST /api/auth/login: Authentication Error - Invalid username or password.
2024-04-05T20:30:07.117Z [error]: Login Failed: POST /api/auth/login: Authentication Error - Invalid username or password.
2024-04-05T20:30:07.853Z [error]: Login Failed: POST /api/auth/login: Authentication Error - Invalid username or password.
2024-04-05T20:30:08.647Z [error]: Login Failed: POST /api/auth/login: Authentication Error - Invalid username or password.
2024-04-05T20:30:19.891Z [info]: Connected To MongoDB Locally.
2024-04-05T20:30:19.923Z [info]: Server is running on port: 8181
2024-04-05T20:30:28.054Z [error]: Login Failed: POST /api/auth/login: Authentication Error - Invalid username or password.
2024-04-05T20:30:29.278Z [error]: Login Failed: POST /api/auth/login: Authentication Error - Invalid username or password.
2024-04-05T20:30:30.379Z [error]: Login Failed: POST /api/auth/login: Authentication Error - Invalid username or password.
2024-04-05T20:30:31.317Z [error]: Login Failed: POST /api/auth/login: Authentication Error - Invalid username or password.
2024-04-05T20:30:32.297Z [error]: Login Failed: POST /api/auth/login: Authentication Error - Account is locked. Try again after 24 hours
2024-04-05T20:31:15.895Z [info]: Connected To MongoDB Locally.
2024-04-05T20:31:15.953Z [info]: Server is running on port: 8181
2024-04-05T20:35:57.652Z [info]: Connected To MongoDB Locally.
2024-04-05T20:35:57.685Z [info]: Server is running on port: 8181
2024-04-05T20:36:21.528Z [info]: Connected To MongoDB Locally.
2024-04-05T20:36:21.555Z [info]: Server is running on port: 8181
2024-04-05T20:37:40.172Z [info]: Connected To MongoDB Locally.
2024-04-05T20:37:40.264Z [info]: Server is running on port: 8181
2024-04-05T20:37:43.775Z [error]: Login Failed: POST /api/auth/login: Authentication Error - Account is locked. Try again after 24 hours
2024-04-05T20:37:51.247Z [error]: Login Failed: POST /api/auth/login: Authentication Error - Account is locked. Try again after 0.01 hours
2024-04-05T20:40:30.217Z [error]: Login Failed: POST /api/auth/login: Authentication Error - Invalid username or password.
2024-04-05T20:40:32.845Z [error]: Login Failed: POST /api/auth/login: Authentication Error - Invalid username or password.
2024-04-05T20:40:34.432Z [error]: Login Failed: POST /api/auth/login: Authentication Error - Invalid username or password.
2024-04-05T20:40:35.930Z [error]: Login Failed: POST /api/auth/login: Authentication Error - Invalid username or password.
2024-04-05T20:40:37.182Z [error]: Login Failed: POST /api/auth/login: Authentication Error - Account is locked. Try again after 24 hours
2024-04-05T20:40:38.606Z [error]: Login Failed: POST /api/auth/login: Authentication Error - Account is locked. Try again after 0.02 hours
2024-04-05T20:40:39.698Z [error]: Login Failed: POST /api/auth/login: Authentication Error - Account is locked. Try again after 0.02 hours
2024-04-05T20:42:08.551Z [info]: Connected To MongoDB Locally.
2024-04-05T20:42:08.582Z [info]: Server is running on port: 8181
2024-04-05T20:42:16.067Z [info]: Connected To MongoDB Locally.
2024-04-05T20:42:16.096Z [info]: Server is running on port: 8181
2024-04-05T20:42:42.044Z [error]: Login Failed: POST /api/auth/login: Authentication Error - Invalid username or password.
2024-04-05T20:42:44.777Z [error]: Login Failed: POST /api/auth/login: Authentication Error - Invalid username or password.
2024-04-05T20:42:46.047Z [error]: Login Failed: POST /api/auth/login: Authentication Error - Invalid username or password.
2024-04-05T20:42:47.449Z [error]: Login Failed: POST /api/auth/login: Authentication Error - Invalid username or password.
2024-04-05T20:42:48.671Z [error]: Login Failed: POST /api/auth/login: Authentication Error - Invalid username or password.
2024-04-05T20:45:20.483Z [info]: Connected To MongoDB Locally.
2024-04-05T20:45:20.512Z [info]: Server is running on port: 8181
2024-04-05T20:45:38.379Z [error]: Login Failed: POST /api/auth/login: Authentication Error - Invalid username or password.
2024-04-05T20:45:39.343Z [error]: Login Failed: POST /api/auth/login: Authentication Error - Invalid username or password.
2024-04-05T20:45:40.209Z [error]: Login Failed: POST /api/auth/login: Authentication Error - Invalid username or password.
2024-04-05T20:45:40.987Z [error]: Login Failed: POST /api/auth/login: Authentication Error - Invalid username or password.
2024-04-05T20:45:41.877Z [error]: Login Failed: POST /api/auth/login: Authentication Error - Account is locked. Try again after 24 hours
2024-04-05T20:45:42.709Z [error]: Login Failed: POST /api/auth/login: Authentication Error - Account is locked. Try again after 0.02 hours
2024-04-05T20:45:43.708Z [error]: Login Failed: POST /api/auth/login: Authentication Error - Account is locked. Try again after 0.02 hours
2024-04-05T20:45:44.532Z [error]: Login Failed: POST /api/auth/login: Authentication Error - Account is locked. Try again after 0.02 hours
2024-04-05T20:45:45.310Z [error]: Login Failed: POST /api/auth/login: Authentication Error - Account is locked. Try again after 0.02 hours
2024-04-05T20:45:48.813Z [error]: Login Failed: POST /api/auth/login: Authentication Error - Account is locked. Try again after 0.01 hours
2024-04-05T20:45:49.886Z [error]: Login Failed: POST /api/auth/login: Authentication Error - Account is locked. Try again after 0.01 hours
2024-04-05T20:48:08.236Z [error]: Login Failed: POST /api/auth/login: Authentication Error - Invalid username or password.
2024-04-05T20:48:09.796Z [error]: Login Failed: POST /api/auth/login: Authentication Error - Invalid username or password.
2024-04-05T20:48:11.161Z [error]: Login Failed: POST /api/auth/login: Authentication Error - Invalid username or password.
2024-04-05T20:48:11.989Z [error]: Login Failed: POST /api/auth/login: Authentication Error - Invalid username or password.
2024-04-05T20:48:12.781Z [error]: Login Failed: POST /api/auth/login: Authentication Error - Invalid username or password.
2024-04-05T20:48:13.575Z [error]: Login Failed: POST /api/auth/login: Authentication Error - Invalid username or password.
2024-04-05T20:48:14.537Z [error]: Login Failed: POST /api/auth/login: Authentication Error - Invalid username or password.
2024-04-05T20:48:15.453Z [error]: Login Failed: POST /api/auth/login: Authentication Error - Invalid username or password.
2024-04-05T20:48:16.247Z [error]: Login Failed: POST /api/auth/login: Authentication Error - Invalid username or password.
2024-04-05T20:48:17.048Z [error]: Login Failed: POST /api/auth/login: Authentication Error - Invalid username or password.
2024-04-05T20:48:39.427Z [info]: Connected To MongoDB Locally.
2024-04-05T20:48:39.508Z [info]: Server is running on port: 8181
2024-04-05T20:49:00.327Z [info]: Connected To MongoDB Locally.
2024-04-05T20:49:00.362Z [info]: Server is running on port: 8181
2024-04-05T20:49:01.760Z [error]: Login Failed: POST /api/auth/login: Authentication Error - Invalid username or password.
2024-04-05T20:49:02.831Z [error]: Login Failed: POST /api/auth/login: Authentication Error - Invalid username or password.
2024-04-05T20:49:03.753Z [error]: Login Failed: POST /api/auth/login: Authentication Error - Invalid username or password.
2024-04-05T20:49:04.564Z [error]: Login Failed: POST /api/auth/login: Authentication Error - Invalid username or password.
2024-04-05T20:49:05.377Z [error]: Login Failed: POST /api/auth/login: Authentication Error - Invalid username or password.
2024-04-05T20:49:06.172Z [error]: Login Failed: POST /api/auth/login: Authentication Error - Invalid username or password.
2024-04-05T20:49:06.947Z [error]: Login Failed: POST /api/auth/login: Authentication Error - Invalid username or password.
2024-04-05T20:49:07.837Z [error]: Login Failed: POST /api/auth/login: Authentication Error - Invalid username or password.
2024-04-05T20:49:08.512Z [error]: Login Failed: POST /api/auth/login: Authentication Error - Invalid username or password.
2024-04-05T20:49:09.274Z [error]: Login Failed: POST /api/auth/login: Authentication Error - Invalid username or password.
2024-04-05T20:49:19.388Z [info]: Connected To MongoDB Locally.
2024-04-05T20:49:19.420Z [info]: Server is running on port: 8181
2024-04-05T23:08:44.659Z [info]: Connected To MongoDB Locally.
2024-04-05T23:08:44.742Z [info]: Server is running on port: 8181
2024-04-05T23:15:05.040Z [info]: Connected To MongoDB Locally.
2024-04-05T23:15:05.074Z [info]: Server is running on port: 8181
2024-04-05T23:15:55.702Z [info]: Connected To MongoDB Locally.
2024-04-05T23:15:55.739Z [info]: Server is running on port: 8181
2024-04-05T23:16:24.565Z [info]: Connected To MongoDB Locally.
2024-04-05T23:16:24.598Z [info]: Server is running on port: 8181
2024-04-05T23:16:36.837Z [info]: Connected To MongoDB Locally.
2024-04-05T23:16:36.874Z [info]: Server is running on port: 8181
2024-04-05T23:16:57.518Z [info]: Connected To MongoDB Locally.
2024-04-05T23:16:57.551Z [info]: Server is running on port: 8181
2024-04-05T23:17:15.897Z [error]: Login Failed: POST /api/auth/login: Authentication Error - Invalid username or password.
2024-04-05T23:17:21.893Z [error]: Login Failed: POST /api/auth/login: Authentication Error - Invalid username or password.
2024-04-05T23:17:24.528Z [error]: Login Failed: POST /api/auth/login: Authentication Error - Invalid username or password.
2024-04-05T23:17:26.664Z [error]: Login Failed: POST /api/auth/login: Authentication Error - Invalid username or password.
2024-04-05T23:17:28.296Z [error]: Login Failed: POST /api/auth/login: Authentication Error - Invalid username or password.
2024-04-05T23:18:11.026Z [error]: Login Failed: POST /api/auth/login: Authentication Error - Invalid username or password.
2024-04-05T23:18:11.580Z [error]: Login Failed: POST /api/auth/login: Authentication Error - Invalid username or password.
2024-04-05T23:18:15.842Z [error]: Login Failed: POST /api/auth/login: Authentication Error - Invalid username or password.
2024-04-05T23:18:16.656Z [error]: Login Failed: POST /api/auth/login: Authentication Error - Invalid username or password.
2024-04-05T23:18:17.210Z [error]: Login Failed: POST /api/auth/login: Authentication Error - Invalid username or password.
2024-04-05T23:19:04.108Z [error]: Login Failed: POST /api/auth/login: Authentication Error - Invalid username or password.
2024-04-05T23:19:04.907Z [error]: Login Failed: POST /api/auth/login: Authentication Error - Invalid username or password.
2024-04-05T23:19:05.678Z [error]: Login Failed: POST /api/auth/login: Authentication Error - Invalid username or password.
2024-04-05T23:19:06.307Z [error]: Login Failed: POST /api/auth/login: Authentication Error - Invalid username or password.
2024-04-05T23:19:07.167Z [error]: Login Failed: POST /api/auth/login: Authentication Error - Invalid username or password.
2024-04-05T23:19:58.633Z [info]: Connected To MongoDB Locally.
2024-04-05T23:19:58.674Z [info]: Server is running on port: 8181
2024-04-05T23:20:11.578Z [error]: Login Failed: POST /api/auth/login: Authentication Error - Invalid username or password.
2024-04-05T23:20:12.415Z [error]: Login Failed: POST /api/auth/login: Authentication Error - Invalid username or password.
2024-04-05T23:20:13.299Z [error]: Login Failed: POST /api/auth/login: Authentication Error - Invalid username or password.
2024-04-05T23:20:14.156Z [error]: Login Failed: POST /api/auth/login: Authentication Error - Invalid username or password.
2024-04-05T23:20:14.999Z [error]: Login Failed: POST /api/auth/login: Authentication Error - Invalid username or password.
2024-04-05T23:21:06.261Z [error]: Login Failed: POST /api/auth/login: Authentication Error - Invalid username or password.
2024-04-05T23:21:07.323Z [error]: Login Failed: POST /api/auth/login: Authentication Error - Invalid username or password.
2024-04-05T23:21:08.280Z [error]: Login Failed: POST /api/auth/login: Authentication Error - Invalid username or password.
2024-04-05T23:21:09.180Z [error]: Login Failed: POST /api/auth/login: Authentication Error - Invalid username or password.
2024-04-05T23:21:09.975Z [error]: Login Failed: POST /api/auth/login: Authentication Error - Account is locked. Try again after 24 hours
2024-04-05T23:21:51.405Z [info]: Connected To MongoDB Locally.
2024-04-05T23:21:51.445Z [info]: Server is running on port: 8181
2024-04-05T23:22:03.147Z [info]: Connected To MongoDB Locally.
2024-04-05T23:22:03.376Z [info]: Server is running on port: 8181
2024-04-05T23:22:52.358Z [error]: Login Failed: POST /api/auth/login: Authentication Error - Invalid username or password.
2024-04-05T23:22:53.394Z [error]: Login Failed: POST /api/auth/login: Authentication Error - Invalid username or password.
2024-04-05T23:22:55.283Z [error]: Login Failed: POST /api/auth/login: Authentication Error - Invalid username or password.
2024-04-05T23:22:56.286Z [error]: Login Failed: POST /api/auth/login: Authentication Error - Invalid username or password.
2024-04-05T23:22:57.393Z [error]: Login Failed: POST /api/auth/login: Authentication Error - Account is locked. Try again after 24 hours
2024-04-05T23:22:58.982Z [error]: Login Failed: POST /api/auth/login: Authentication Error - Account is locked. Try again after 0.02 hours
2024-04-05T23:23:00.297Z [error]: Login Failed: POST /api/auth/login: Authentication Error - Account is locked. Try again after 0.02 hours
2024-04-05T23:23:01.286Z [error]: Login Failed: POST /api/auth/login: Authentication Error - Account is locked. Try again after 0.02 hours
2024-04-05T23:23:02.240Z [error]: Login Failed: POST /api/auth/login: Authentication Error - Account is locked. Try again after 0.02 hours
2024-04-05T23:23:03.143Z [error]: Login Failed: POST /api/auth/login: Authentication Error - Account is locked. Try again after 0.02 hours
2024-04-05T23:23:18.415Z [info]: Connected To MongoDB Locally.
2024-04-05T23:23:18.463Z [info]: Server is running on port: 8181
2024-04-05T23:24:36.551Z [error]: Login Failed: POST /api/auth/login: Authentication Error - Invalid username or password.
2024-04-05T23:24:37.515Z [error]: Login Failed: POST /api/auth/login: Authentication Error - Invalid username or password.
2024-04-05T23:24:38.362Z [error]: Login Failed: POST /api/auth/login: Authentication Error - Invalid username or password.
2024-04-05T23:24:39.163Z [error]: Login Failed: POST /api/auth/login: Authentication Error - Invalid username or password.
2024-04-05T23:24:39.881Z [error]: Login Failed: POST /api/auth/login: Authentication Error - Invalid username or password.
2024-04-05T23:25:10.150Z [info]: Connected To MongoDB Locally.
2024-04-05T23:25:10.179Z [info]: Server is running on port: 8181
2024-04-05T23:25:18.131Z [error]: Login Failed: POST /api/auth/login: Authentication Error - Invalid username or password.
2024-04-05T23:25:19.770Z [error]: Login Failed: POST /api/auth/login: Authentication Error - Invalid username or password.
2024-04-05T23:25:20.488Z [error]: Login Failed: POST /api/auth/login: Authentication Error - Invalid username or password.
2024-04-05T23:25:21.665Z [error]: Login Failed: POST /api/auth/login: Authentication Error - Invalid username or password.
2024-04-05T23:25:22.706Z [error]: Login Failed: POST /api/auth/login: Authentication Error - Invalid username or password.
2024-04-05T23:25:47.893Z [info]: Connected To MongoDB Locally.
2024-04-05T23:25:47.923Z [info]: Server is running on port: 8181
2024-04-05T23:25:56.936Z [info]: Connected To MongoDB Locally.
2024-04-05T23:25:56.965Z [info]: Server is running on port: 8181
2024-04-05T23:27:38.083Z [info]: Connected To MongoDB Locally.
2024-04-05T23:27:38.117Z [info]: Server is running on port: 8181
2024-04-05T23:27:50.472Z [error]: Login Failed: POST /api/auth/login: Authentication Error - Invalid username or password.
2024-04-05T23:27:51.295Z [error]: Login Failed: POST /api/auth/login: Authentication Error - Invalid username or password.
2024-04-05T23:27:52.076Z [error]: Login Failed: POST /api/auth/login: Authentication Error - Invalid username or password.
2024-04-05T23:27:52.885Z [error]: Login Failed: POST /api/auth/login: Authentication Error - Invalid username or password.
2024-04-05T23:27:53.568Z [error]: Login Failed: POST /api/auth/login: Authentication Error - Invalid username or password.
2024-04-05T23:27:54.332Z [error]: Login Failed: POST /api/auth/login: Authentication Error - Invalid username or password.
2024-04-05T23:27:55.119Z [error]: Login Failed: POST /api/auth/login: Authentication Error - Invalid username or password.
2024-04-05T23:27:55.914Z [error]: Login Failed: POST /api/auth/login: Authentication Error - Invalid username or password.
2024-04-05T23:27:56.681Z [error]: Login Failed: POST /api/auth/login: Authentication Error - Invalid username or password.
2024-04-05T23:27:57.413Z [error]: Login Failed: POST /api/auth/login: Authentication Error - Invalid username or password.
2024-04-05T23:27:58.172Z [error]: Login Failed: POST /api/auth/login: Authentication Error - Invalid username or password.
2024-04-05T23:27:58.962Z [error]: Login Failed: POST /api/auth/login: Authentication Error - Invalid username or password.
2024-04-05T23:28:09.720Z [info]: Connected To MongoDB Locally.
2024-04-05T23:28:09.760Z [info]: Server is running on port: 8181
2024-04-05T23:28:10.655Z [error]: Login Failed: POST /api/auth/login: Authentication Error - Invalid username or password.
2024-04-05T23:28:11.625Z [error]: Login Failed: POST /api/auth/login: Authentication Error - Invalid username or password.
2024-04-05T23:28:12.605Z [error]: Login Failed: POST /api/auth/login: Authentication Error - Invalid username or password.
2024-04-05T23:28:13.329Z [error]: Login Failed: POST /api/auth/login: Authentication Error - Invalid username or password.
2024-04-05T23:28:14.060Z [error]: Login Failed: POST /api/auth/login: Authentication Error - Invalid username or password.
2024-04-05T23:29:26.616Z [info]: Connected To MongoDB Locally.
2024-04-05T23:29:26.652Z [info]: Server is running on port: 8181
2024-04-05T23:29:34.845Z [error]: Login Failed: POST /api/auth/login: Authentication Error - Invalid username or password.
2024-04-05T23:29:35.816Z [error]: Login Failed: POST /api/auth/login: Authentication Error - Invalid username or password.
2024-04-05T23:29:36.535Z [error]: Login Failed: POST /api/auth/login: Authentication Error - Invalid username or password.
2024-04-05T23:29:37.194Z [error]: Login Failed: POST /api/auth/login: Authentication Error - Invalid username or password.
2024-04-05T23:29:38.111Z [error]: Login Failed: POST /api/auth/login: Authentication Error - Invalid username or password.
2024-04-05T23:30:33.511Z [info]: Connected To MongoDB Locally.
2024-04-05T23:30:33.542Z [info]: Server is running on port: 8181
2024-04-05T23:30:45.801Z [error]: Login Failed: POST /api/auth/login: Authentication Error - Invalid username or password.
2024-04-05T23:30:46.792Z [error]: Login Failed: POST /api/auth/login: Authentication Error - Invalid username or password.
2024-04-05T23:30:47.559Z [error]: Login Failed: POST /api/auth/login: Authentication Error - Invalid username or password.
2024-04-05T23:30:48.358Z [error]: Login Failed: POST /api/auth/login: Authentication Error - Invalid username or password.
2024-04-05T23:30:48.984Z [error]: Login Failed: POST /api/auth/login: Authentication Error - Invalid username or password.
2024-04-05T23:33:25.821Z [info]: Connected To MongoDB Locally.
2024-04-05T23:33:25.851Z [info]: Server is running on port: 8181
2024-04-05T23:33:52.675Z [error]: Login Failed: POST /api/auth/login: Authentication Error - Invalid username or password.
2024-04-05T23:33:53.593Z [error]: Login Failed: POST /api/auth/login: Authentication Error - Invalid username or password.
2024-04-05T23:33:54.637Z [error]: Login Failed: POST /api/auth/login: Authentication Error - Invalid username or password.
2024-04-05T23:33:55.491Z [error]: Login Failed: POST /api/auth/login: Authentication Error - Invalid username or password.
2024-04-05T23:33:56.348Z [error]: Login Failed: POST /api/auth/login: Authentication Error - Invalid username or password.
2024-04-05T23:34:53.994Z [error]: Login Failed: POST /api/auth/login: Authentication Error - Invalid username or password.
2024-04-05T23:34:54.982Z [error]: Login Failed: POST /api/auth/login: Authentication Error - Invalid username or password.
2024-04-05T23:34:55.743Z [error]: Login Failed: POST /api/auth/login: Authentication Error - Account is locked. Try again after 24 hours
2024-04-05T23:34:56.510Z [error]: Login Failed: POST /api/auth/login: Authentication Error - Account is locked. Try again after 0.02 hours
2024-04-05T23:34:57.376Z [error]: Login Failed: POST /api/auth/login: Authentication Error - Account is locked. Try again after 0.02 hours
2024-04-05T23:34:58.168Z [error]: Login Failed: POST /api/auth/login: Authentication Error - Account is locked. Try again after 0.02 hours
2024-04-05T23:34:58.984Z [error]: Login Failed: POST /api/auth/login: Authentication Error - Account is locked. Try again after 0.02 hours
2024-04-05T23:35:02.177Z [error]: Login Failed: POST /api/auth/login: Authentication Error - Account is locked. Try again after 0.01 hours
2024-04-05T23:35:24.363Z [error]: Login Failed: POST /api/auth/login: Authentication Error - Account is locked. Try again after 0.01 hours
2024-04-05T23:35:27.795Z [error]: Login Failed: POST /api/auth/login: Authentication Error - Account is locked. Try again after 0.01 hours
2024-04-05T23:35:28.829Z [error]: Login Failed: POST /api/auth/login: Authentication Error - Account is locked. Try again after 0.01 hours
2024-04-05T23:35:35.420Z [error]: Login Failed: POST /api/auth/login: Authentication Error - Account is locked. Try again after 0.01 hours
2024-04-05T23:35:44.213Z [error]: Login Failed: POST /api/auth/login: Authentication Error - Account is locked. Try again after 0.00 hours
2024-04-05T23:35:45.595Z [error]: Login Failed: POST /api/auth/login: Authentication Error - Account is locked. Try again after 0.00 hours
2024-04-05T23:35:53.326Z [error]: Login Failed: POST /api/auth/login: Authentication Error - Account is locked. Try again after 0.00 hours
2024-04-05T23:36:26.294Z [error]: Login Failed: POST /api/auth/login: Authentication Error - Invalid username or password.
2024-04-05T23:36:27.164Z [error]: Login Failed: POST /api/auth/login: Authentication Error - Invalid username or password.
2024-04-05T23:36:28.011Z [error]: Login Failed: POST /api/auth/login: Authentication Error - Invalid username or password.
2024-04-05T23:36:28.725Z [error]: Login Failed: POST /api/auth/login: Authentication Error - Invalid username or password.
2024-04-05T23:36:29.508Z [error]: Login Failed: POST /api/auth/login: Authentication Error - Invalid username or password.
2024-04-05T23:37:55.846Z [info]: Connected To MongoDB Locally.
2024-04-05T23:37:55.888Z [info]: Server is running on port: 8181
2024-04-05T23:38:07.853Z [info]: Connected To MongoDB Locally.
2024-04-05T23:38:07.889Z [info]: Server is running on port: 8181
2024-04-05T23:38:55.409Z [info]: Connected To MongoDB Locally.
2024-04-05T23:38:55.438Z [info]: Server is running on port: 8181
2024-04-05T23:39:26.370Z [error]: Login Failed: POST /api/auth/login: Authentication Error - Invalid username or password.
2024-04-05T23:39:31.630Z [error]: Login Failed: POST /api/auth/login: Authentication Error - Invalid username or password.
2024-04-05T23:39:32.657Z [error]: Login Failed: POST /api/auth/login: Authentication Error - Invalid username or password.
2024-04-05T23:39:33.736Z [error]: Login Failed: POST /api/auth/login: Authentication Error - Invalid username or password.
2024-04-05T23:39:34.423Z [error]: Login Failed: POST /api/auth/login: Authentication Error - Invalid username or password.
2024-04-05T23:40:02.942Z [info]: Connected To MongoDB Locally.
2024-04-05T23:40:02.987Z [info]: Server is running on port: 8181
2024-04-05T23:40:07.568Z [error]: Login Failed: POST /api/auth/login: Authentication Error - Invalid username or password.
2024-04-05T23:40:08.676Z [error]: Login Failed: POST /api/auth/login: Authentication Error - Invalid username or password.
2024-04-05T23:40:09.549Z [error]: Login Failed: POST /api/auth/login: Authentication Error - Invalid username or password.
2024-04-05T23:40:10.275Z [error]: Login Failed: POST /api/auth/login: Authentication Error - Invalid username or password.
2024-04-05T23:40:11.042Z [error]: Login Failed: POST /api/auth/login: Authentication Error - Invalid username or password.
2024-04-05T23:42:09.837Z [error]: Login Failed: POST /api/auth/login: Authentication Error - Invalid username or password.
2024-04-05T23:42:11.131Z [error]: Login Failed: POST /api/auth/login: Authentication Error - Invalid username or password.
2024-04-05T23:42:11.937Z [error]: Login Failed: POST /api/auth/login: Authentication Error - Invalid username or password.
2024-04-05T23:42:12.588Z [error]: Login Failed: POST /api/auth/login: Authentication Error - Invalid username or password.
2024-04-05T23:42:13.470Z [error]: Login Failed: POST /api/auth/login: Authentication Error - Invalid username or password.
2024-04-05T23:43:34.189Z [info]: Connected To MongoDB Locally.
2024-04-05T23:43:34.225Z [info]: Server is running on port: 8181
2024-04-05T23:43:47.179Z [info]: Connected To MongoDB Locally.
2024-04-05T23:43:47.211Z [info]: Server is running on port: 8181
2024-04-05T23:44:01.173Z [error]: Login Failed: POST /api/auth/login: Authentication Error - Invalid username or password.
2024-04-05T23:44:02.532Z [error]: Login Failed: POST /api/auth/login: Authentication Error - Invalid username or password.
2024-04-05T23:44:03.797Z [error]: Login Failed: POST /api/auth/login: Authentication Error - Invalid username or password.
2024-04-05T23:44:05.065Z [error]: Login Failed: POST /api/auth/login: Authentication Error - Invalid username or password.
2024-04-05T23:44:06.206Z [error]: Login Failed: POST /api/auth/login: Authentication Error - Account is locked. Try again after 24 hours
2024-04-05T23:44:31.288Z [info]: Connected To MongoDB Locally.
2024-04-05T23:44:31.319Z [info]: Server is running on port: 8181
2024-04-05T23:44:37.416Z [error]: Login Failed: POST /api/auth/login: Authentication Error - Account is locked. Try again after 0.01 hours
2024-04-05T23:44:38.924Z [error]: Login Failed: POST /api/auth/login: Authentication Error - Account is locked. Try again after 0.01 hours
2024-04-05T23:44:40.026Z [error]: Login Failed: POST /api/auth/login: Authentication Error - Account is locked. Try again after 0.01 hours
2024-04-05T23:48:10.745Z [error]: Login Failed: POST /api/auth/login: Authentication Error - Account is locked. Try again after 24 hours
2024-04-05T23:48:18.867Z [error]: Login Failed: POST /api/auth/login: Authentication Error - Account is locked. Try again after 0.01 hours
2024-04-05T23:48:57.837Z [error]: Login Failed: POST /api/auth/login: Authentication Error - Account is locked. Try again after 0.00 hours
2024-04-05T23:49:37.234Z [error]: Login Failed: POST /api/auth/login: Authentication Error - Invalid username or password.
2024-04-05T23:49:38.220Z [error]: Login Failed: POST /api/auth/login: Authentication Error - Invalid username or password.
2024-04-05T23:49:39.235Z [error]: Login Failed: POST /api/auth/login: Authentication Error - Invalid username or password.
2024-04-05T23:49:40.206Z [error]: Login Failed: POST /api/auth/login: Authentication Error - Invalid username or password.
2024-04-05T23:49:41.069Z [error]: Login Failed: POST /api/auth/login: Authentication Error - Invalid username or password.
2024-04-05T23:53:04.707Z [info]: Connected To MongoDB Locally.
2024-04-05T23:53:04.906Z [info]: Server is running on port: 8181
2024-04-05T23:53:16.152Z [error]: Login Failed: POST /api/auth/login: Authentication Error - Invalid username or password.
2024-04-05T23:53:40.631Z [info]: Connected To MongoDB Locally.
2024-04-05T23:53:40.736Z [info]: Server is running on port: 8181
2024-04-05T23:57:03.524Z [error]: Login Failed: POST /api/auth/login: Authentication Error - Invalid username or password.
2024-04-05T23:57:07.283Z [error]: Login Failed: POST /api/auth/login: Authentication Error - Invalid username or password.
2024-04-05T23:57:32.725Z [info]: Connected To MongoDB Locally.
2024-04-05T23:57:32.765Z [info]: Server is running on port: 8181
2024-04-05T23:57:34.395Z [error]: Login Failed: POST /api/auth/login: Authentication Error - Invalid username or password.
2024-04-05T23:57:38.193Z [error]: Login Failed: POST /api/auth/login: Authentication Error - Invalid username or password.
2024-04-05T23:57:50.185Z [info]: Connected To MongoDB Locally.
2024-04-05T23:57:50.213Z [info]: Server is running on port: 8181
2024-04-05T23:57:54.367Z [error]: Login Failed: POST /api/auth/login: Authentication Error - Invalid username or password.
2024-04-05T23:57:56.636Z [error]: Login Failed: POST /api/auth/login: Authentication Error - Invalid username or password.
2024-04-05T23:57:59.019Z [error]: Login Failed: POST /api/auth/login: Authentication Error - Invalid username or password.
2024-04-05T23:58:01.666Z [error]: Login Failed: POST /api/auth/login: Authentication Error - Invalid username or password.
2024-04-05T23:58:03.720Z [error]: Login Failed: POST /api/auth/login: Authentication Error - Invalid username or password.
2024-04-05T23:58:42.384Z [info]: Connected To MongoDB Locally.
2024-04-05T23:58:42.412Z [info]: Server is running on port: 8181
