2024-03-15T08:57:22.621Z [info]: Connected To MongoDB Locally.
2024-03-15T08:57:22.713Z [info]: Server is running on port: 8181
2024-03-15T08:58:07.881Z [info]: Connected To MongoDB Locally.
2024-03-15T08:58:07.914Z [info]: Server is running on port: 8181
2024-03-15T09:02:40.061Z [info]: Connected To MongoDB Locally.
2024-03-15T09:02:40.098Z [info]: Server is running on port: 8181
2024-03-15T09:06:32.587Z [info]: Connected To MongoDB Locally.
2024-03-15T09:06:32.631Z [info]: Server is running on port: 8181
2024-03-15T09:14:49.295Z [info]: Connected To MongoDB Locally.
2024-03-15T09:14:49.377Z [info]: Server is running on port: 8181
2024-03-15T09:15:14.726Z [info]: Connected To MongoDB Locally.
2024-03-15T09:15:14.811Z [info]: Server is running on port: 8181
2024-03-15T09:19:05.804Z [info]: Connected To MongoDB Locally.
2024-03-15T09:19:05.843Z [info]: Server is running on port: 8181
2024-03-15T09:19:37.859Z [info]: Connected To MongoDB Locally.
2024-03-15T09:19:37.889Z [info]: Server is running on port: 8181
2024-03-15T09:19:49.267Z [info]: Connected To MongoDB Locally.
2024-03-15T09:19:49.334Z [info]: Server is running on port: 8181
2024-03-15T09:20:34.697Z [info]: Connected To MongoDB Locally.
2024-03-15T09:20:34.727Z [info]: Server is running on port: 8181
2024-03-15T09:20:44.257Z [info]: Connected To MongoDB Locally.
2024-03-15T09:20:44.310Z [info]: Server is running on port: 8181
2024-03-15T09:21:07.917Z [info]: Connected To MongoDB Locally.
2024-03-15T09:21:07.953Z [info]: Server is running on port: 8181
2024-03-15T09:21:48.823Z [info]: Connected To MongoDB Locally.
2024-03-15T09:21:48.860Z [info]: Server is running on port: 8181
2024-03-15T09:22:04.542Z [info]: Connected To MongoDB Locally.
2024-03-15T09:22:04.575Z [info]: Server is running on port: 8181
2024-03-15T09:22:33.039Z [info]: Connected To MongoDB Locally.
2024-03-15T09:22:33.075Z [info]: Server is running on port: 8181
2024-03-15T09:22:43.209Z [info]: Connected To MongoDB Locally.
2024-03-15T09:22:43.247Z [info]: Server is running on port: 8181
2024-03-15T09:25:09.203Z [info]: Connected To MongoDB Locally.
2024-03-15T09:25:09.234Z [info]: Server is running on port: 8181
2024-03-15T09:25:57.051Z [info]: Connected To MongoDB Locally.
2024-03-15T09:25:57.084Z [info]: Server is running on port: 8181
2024-03-15T09:26:19.482Z [info]: Connected To MongoDB Locally.
2024-03-15T09:26:19.518Z [info]: Server is running on port: 8181
2024-03-15T09:26:30.262Z [info]: Connected To MongoDB Locally.
2024-03-15T09:26:30.308Z [info]: Server is running on port: 8181
2024-03-15T09:26:48.068Z [info]: Connected To MongoDB Locally.
2024-03-15T09:26:48.116Z [info]: Server is running on port: 8181
2024-03-15T09:27:11.783Z [info]: Connected To MongoDB Locally.
2024-03-15T09:27:11.816Z [info]: Server is running on port: 8181
2024-03-15T09:27:19.678Z [info]: Connected To MongoDB Locally.
2024-03-15T09:27:19.723Z [info]: Server is running on port: 8181
2024-03-15T09:27:30.412Z [info]: Connected To MongoDB Locally.
2024-03-15T09:27:30.447Z [info]: Server is running on port: 8181
2024-03-15T09:30:07.419Z [info]: Connected To MongoDB Locally.
2024-03-15T09:30:07.462Z [info]: Server is running on port: 8181
2024-03-15T09:30:27.182Z [info]: Connected To MongoDB Locally.
2024-03-15T09:30:27.213Z [info]: Server is running on port: 8181
2024-03-15T09:37:22.593Z [info]: Connected To MongoDB Locally.
2024-03-15T09:37:22.625Z [info]: Server is running on port: 8181
2024-03-15T09:37:36.031Z [info]: Connected To MongoDB Locally.
2024-03-15T09:37:36.094Z [info]: Server is running on port: 8181
2024-03-15T09:37:44.284Z [info]: Connected To MongoDB Locally.
2024-03-15T09:37:44.321Z [info]: Server is running on port: 8181
2024-03-15T09:38:23.862Z [info]: Connected To MongoDB Locally.
2024-03-15T09:38:23.901Z [info]: Server is running on port: 8181
2024-03-15T09:38:51.910Z [info]: Connected To MongoDB Locally.
2024-03-15T09:38:51.943Z [info]: Server is running on port: 8181
2024-03-15T09:41:01.193Z [info]: Connected To MongoDB Locally.
2024-03-15T09:41:01.232Z [info]: Server is running on port: 8181
2024-03-15T09:41:15.780Z [info]: Connected To MongoDB Locally.
2024-03-15T09:41:15.815Z [info]: Server is running on port: 8181
2024-03-15T09:41:33.741Z [info]: Connected To MongoDB Locally.
2024-03-15T09:41:33.778Z [info]: Server is running on port: 8181
2024-03-15T09:42:12.568Z [info]: Connected To MongoDB Locally.
2024-03-15T09:42:12.611Z [info]: Server is running on port: 8181
2024-03-15T09:43:56.760Z [info]: Connected To MongoDB Locally.
2024-03-15T09:43:56.822Z [info]: Server is running on port: 8181
2024-03-15T09:44:04.862Z [info]: Connected To MongoDB Locally.
2024-03-15T09:44:04.893Z [info]: Server is running on port: 8181
2024-03-15T09:44:24.759Z [info]: Connected To MongoDB Locally.
2024-03-15T09:44:24.798Z [info]: Server is running on port: 8181
2024-03-15T09:44:46.885Z [info]: Connected To MongoDB Locally.
2024-03-15T09:44:46.913Z [info]: Server is running on port: 8181
2024-03-15T09:45:34.003Z [info]: Connected To MongoDB Locally.
2024-03-15T09:45:34.037Z [info]: Server is running on port: 8181
2024-03-15T09:55:41.814Z [info]: Connected To MongoDB Locally.
2024-03-15T09:55:41.850Z [info]: Server is running on port: 8181
2024-03-15T09:57:45.972Z [info]: Connected To MongoDB Locally.
2024-03-15T09:57:46.003Z [info]: Server is running on port: 8181
2024-03-15T09:58:44.469Z [info]: Connected To MongoDB Locally.
2024-03-15T09:58:44.502Z [info]: Server is running on port: 8181
2024-03-15T09:58:56.176Z [info]: Connected To MongoDB Locally.
2024-03-15T09:58:56.207Z [info]: Server is running on port: 8181
2024-03-15T09:59:06.401Z [info]: Connected To MongoDB Locally.
2024-03-15T09:59:06.435Z [info]: Server is running on port: 8181
2024-03-15T10:00:31.551Z [info]: Connected To MongoDB Locally.
2024-03-15T10:00:31.591Z [info]: Server is running on port: 8181
2024-03-15T10:00:47.588Z [info]: Connected To MongoDB Locally.
2024-03-15T10:00:47.649Z [info]: Server is running on port: 8181
2024-03-15T10:00:59.338Z [info]: Connected To MongoDB Locally.
2024-03-15T10:00:59.374Z [info]: Server is running on port: 8181
2024-03-15T10:01:18.228Z [info]: Connected To MongoDB Locally.
2024-03-15T10:01:18.264Z [info]: Server is running on port: 8181
2024-03-15T10:01:49.243Z [info]: Connected To MongoDB Locally.
2024-03-15T10:01:49.279Z [info]: Server is running on port: 8181
2024-03-15T10:01:58.949Z [info]: Connected To MongoDB Locally.
2024-03-15T10:01:58.988Z [info]: Server is running on port: 8181
2024-03-15T10:02:06.538Z [info]: Connected To MongoDB Locally.
2024-03-15T10:02:06.578Z [info]: Server is running on port: 8181
2024-03-15T10:02:27.114Z [info]: Connected To MongoDB Locally.
2024-03-15T10:02:27.149Z [info]: Server is running on port: 8181
2024-03-15T10:02:45.602Z [info]: Connected To MongoDB Locally.
2024-03-15T10:02:45.653Z [info]: Server is running on port: 8181
2024-03-15T10:03:19.715Z [info]: Connected To MongoDB Locally.
2024-03-15T10:03:19.757Z [info]: Server is running on port: 8181
2024-03-15T10:04:36.648Z [info]: Connected To MongoDB Locally.
2024-03-15T10:04:36.680Z [info]: Server is running on port: 8181
2024-03-15T10:10:31.447Z [info]: Connected To MongoDB Locally.
2024-03-15T10:10:31.476Z [info]: Server is running on port: 8181
2024-03-15T10:10:49.659Z [info]: Connected To MongoDB Locally.
2024-03-15T10:10:49.691Z [info]: Server is running on port: 8181
2024-03-15T10:49:40.013Z [info]: Connected To MongoDB Locally.
2024-03-15T10:49:40.151Z [info]: Server is running on port: 8181
2024-03-15T10:50:01.910Z [info]: Connected To MongoDB Locally.
2024-03-15T10:50:01.957Z [info]: Server is running on port: 8181
2024-03-15T10:51:23.631Z [info]: Connected To MongoDB Locally.
2024-03-15T10:51:23.684Z [info]: Server is running on port: 8181
2024-03-15T10:53:37.665Z [info]: Connected To MongoDB Locally.
2024-03-15T10:53:37.818Z [info]: Server is running on port: 8181
2024-03-15T11:38:48.172Z [info]: Received SIGINT. Closing server and shutting down...
2024-03-15T11:38:48.354Z [info]: Shutting down gracefully...
2024-03-15T11:38:48.792Z [info]: Received SIGINT. Closing server and shutting down...
2024-03-15T11:38:48.819Z [info]: Shutting down gracefully...
2024-03-15T14:41:14.153Z [info]: Connected To MongoDB Locally.
2024-03-15T14:41:14.233Z [info]: Server is running on port: 8181
2024-03-15T14:41:25.677Z [info]: Connected To MongoDB Locally.
2024-03-15T14:41:25.707Z [info]: Server is running on port: 8181
2024-03-15T14:41:41.606Z [info]: Connected To MongoDB Locally.
2024-03-15T14:41:41.645Z [info]: Server is running on port: 8181
2024-03-15T14:41:49.419Z [info]: Connected To MongoDB Locally.
2024-03-15T14:41:49.468Z [info]: Server is running on port: 8181
2024-03-15T15:38:14.153Z [info]: Received SIGINT. Closing server and shutting down...
2024-03-15T15:38:14.155Z [info]: Shutting down gracefully...
2024-03-15T15:38:14.171Z [info]: MongoDB connection closed.
2024-03-15T15:38:39.470Z [info]: Connected To MongoDB Locally.
2024-03-15T15:38:39.545Z [info]: Server is running on port: 8181
2024-03-15T15:42:52.044Z [info]: Connected To MongoDB Locally.
2024-03-15T15:42:52.085Z [info]: Server is running on port: 8181
2024-03-15T15:43:22.200Z [info]: Connected To MongoDB Locally.
2024-03-15T15:43:22.244Z [info]: Server is running on port: 8181
2024-03-15T15:44:20.124Z [info]: Connected To MongoDB Locally.
2024-03-15T15:44:20.161Z [info]: Server is running on port: 8181
2024-03-15T15:44:30.491Z [info]: Received SIGINT. Closing server and shutting down...
2024-03-15T15:44:30.492Z [info]: Shutting down gracefully...
2024-03-15T15:44:41.712Z [info]: Connected To MongoDB Locally.
2024-03-15T15:44:41.745Z [info]: Server is running on port: 8181
2024-03-15T15:48:52.690Z [info]: Connected To MongoDB Locally.
2024-03-15T15:48:52.724Z [info]: Server is running on port: 8181
2024-03-15T15:49:42.511Z [info]: Connected To MongoDB Locally.
2024-03-15T15:49:42.540Z [info]: Server is running on port: 8181
2024-03-15T15:49:51.440Z [info]: Received SIGINT. Closing server and shutting down...
2024-03-15T15:49:51.441Z [info]: Shutting down gracefully...
2024-03-15T15:49:51.452Z [info]: MongoDB connection closed.
2024-03-15T16:04:27.896Z [info]: Connected To MongoDB Locally.
2024-03-15T16:04:27.937Z [info]: Server is running on port: 8181
2024-03-15T16:07:27.574Z [info]: Connected To MongoDB Locally.
2024-03-15T16:07:27.611Z [info]: Server is running on port: 8181
2024-03-15T16:07:55.468Z [info]: Connected To MongoDB Locally.
2024-03-15T16:07:55.511Z [info]: Server is running on port: 8181
2024-03-15T16:08:19.781Z [info]: Connected To MongoDB Locally.
2024-03-15T16:08:19.820Z [info]: Server is running on port: 8181
2024-03-15T16:09:04.707Z [info]: Connected To MongoDB Locally.
2024-03-15T16:09:04.745Z [info]: Server is running on port: 8181
2024-03-15T16:10:59.239Z [error]: Client request failed: GET /api/contacts/search-contact?name=user_10&department=aviation: Conflict Error - Contact not found in the database.
2024-03-15T16:11:16.465Z [info]: Received SIGINT. Closing server and shutting down...
2024-03-15T16:11:16.465Z [info]: Shutting down gracefully...
2024-03-15T16:11:39.245Z [info]: Connected To MongoDB Locally.
2024-03-15T16:11:50.478Z [info]: Connected To MongoDB Locally.
2024-03-15T16:11:50.514Z [info]: Server is running on port: 8181
2024-03-15T16:16:02.575Z [info]: Connected To MongoDB Locally.
2024-03-15T16:16:02.626Z [info]: Server is running on port: 8181
2024-03-15T16:16:20.860Z [info]: Connected To MongoDB Locally.
2024-03-15T16:16:20.898Z [info]: Server is running on port: 8181
2024-03-15T16:16:35.802Z [info]: Connected To MongoDB Locally.
2024-03-15T16:16:35.836Z [info]: Server is running on port: 8181
2024-03-15T16:16:46.519Z [info]: Connected To MongoDB Locally.
2024-03-15T16:16:46.550Z [info]: Server is running on port: 8181
2024-03-15T16:17:11.135Z [info]: Connected To MongoDB Locally.
2024-03-15T16:17:11.184Z [info]: Server is running on port: 8181
2024-03-15T16:17:31.839Z [info]: Connected To MongoDB Locally.
2024-03-15T16:17:31.873Z [info]: Server is running on port: 8181
2024-03-15T16:17:41.720Z [info]: Connected To MongoDB Locally.
2024-03-15T16:17:41.752Z [info]: Server is running on port: 8181
2024-03-15T16:18:00.387Z [info]: Connected To MongoDB Locally.
2024-03-15T16:18:00.420Z [info]: Server is running on port: 8181
2024-03-15T16:19:28.317Z [info]: Connected To MongoDB Locally.
2024-03-15T16:19:28.363Z [info]: Server is running on port: 8181
2024-03-15T16:19:37.975Z [info]: Connected To MongoDB Locally.
2024-03-15T16:19:38.009Z [info]: Server is running on port: 8181
2024-03-15T16:20:04.799Z [info]: Connected To MongoDB Locally.
2024-03-15T16:20:04.847Z [info]: Server is running on port: 8181
2024-03-15T16:20:21.077Z [info]: Connected To MongoDB Locally.
2024-03-15T16:20:21.115Z [info]: Server is running on port: 8181
2024-03-15T16:20:27.630Z [info]: Connected To MongoDB Locally.
2024-03-15T16:20:27.666Z [info]: Server is running on port: 8181
2024-03-15T16:21:03.652Z [info]: Connected To MongoDB Locally.
2024-03-15T16:21:03.684Z [info]: Server is running on port: 8181
2024-03-15T16:21:33.160Z [info]: Connected To MongoDB Locally.
2024-03-15T16:21:33.209Z [info]: Server is running on port: 8181
2024-03-15T16:21:47.755Z [info]: Connected To MongoDB Locally.
2024-03-15T16:21:47.786Z [info]: Server is running on port: 8181
2024-03-15T16:22:06.670Z [info]: Connected To MongoDB Locally.
2024-03-15T16:22:06.713Z [info]: Server is running on port: 8181
2024-03-15T16:22:18.481Z [info]: Connected To MongoDB Locally.
2024-03-15T16:22:18.519Z [info]: Server is running on port: 8181
2024-03-15T16:22:29.398Z [info]: Connected To MongoDB Locally.
2024-03-15T16:22:29.435Z [info]: Server is running on port: 8181
2024-03-15T16:22:37.527Z [info]: Connected To MongoDB Locally.
2024-03-15T16:22:37.559Z [info]: Server is running on port: 8181
2024-03-15T16:23:52.337Z [info]: Connected To MongoDB Locally.
2024-03-15T16:23:52.413Z [info]: Server is running on port: 8181
2024-03-15T16:52:13.385Z [info]: Connected To MongoDB Locally.
2024-03-15T16:52:13.414Z [info]: Server is running on port: 8181
2024-03-15T16:54:15.439Z [info]: Connected To MongoDB Locally.
2024-03-15T16:54:15.480Z [info]: Server is running on port: 8181
2024-03-15T16:54:56.854Z [info]: Connected To MongoDB Locally.
2024-03-15T16:54:56.883Z [info]: Server is running on port: 8181
2024-03-15T16:55:08.005Z [info]: Connected To MongoDB Locally.
2024-03-15T16:55:08.039Z [info]: Server is running on port: 8181
2024-03-15T16:55:12.962Z [error]: Login Failed: GET /api/auth/refresh-token: Authentication Error - Cookie muse be provided.
2024-03-15T21:57:48.986Z [info]: Connected To MongoDB Locally.
2024-03-15T21:57:49.019Z [info]: Server is running on port: 8181
2024-03-15T21:58:15.292Z [info]: Connected To MongoDB Locally.
2024-03-15T21:58:15.388Z [info]: Server is running on port: 8181
2024-03-15T21:58:47.764Z [info]: Connected To MongoDB Locally.
2024-03-15T21:58:47.804Z [info]: Server is running on port: 8181
2024-03-15T22:35:59.679Z [info]: Connected To MongoDB Locally.
2024-03-15T22:35:59.763Z [info]: Server is running on port: 8181
2024-03-15T22:57:28.590Z [info]: Received SIGINT. Closing server and shutting down...
2024-03-15T22:57:28.595Z [info]: Shutting down gracefully...
