2024-04-24T00:10:29.518Z [info]: Connected To MongoDB Locally.
2024-04-24T00:10:29.552Z [info]: Server is running on port: 8181
2024-04-24T00:10:39.579Z [error]: Login Failed: POST /api/auth/login: Authentication Error - Invalid username or password.
2024-04-24T00:10:41.038Z [error]: Login Failed: POST /api/auth/login: Authentication Error - Invalid username or password.
2024-04-24T00:10:42.047Z [error]: Login Failed: POST /api/auth/login: Authentication Error - Invalid username or password.
2024-04-24T00:10:42.861Z [error]: Login Failed: POST /api/auth/login: Authentication Error - Invalid username or password.
2024-04-24T00:10:43.670Z [error]: Login Failed: POST /api/auth/login: Authentication Error - Invalid username or password.
2024-04-24T00:15:50.522Z [info]: Connected To MongoDB Locally.
2024-04-24T00:15:50.564Z [info]: Server is running on port: 8181
2024-04-24T00:16:06.891Z [error]: Login Failed: POST /api/auth/login: Authentication Error - Invalid username or password.
2024-04-24T00:16:07.823Z [error]: Login Failed: POST /api/auth/login: Authentication Error - Invalid username or password.
2024-04-24T00:16:08.690Z [error]: Login Failed: POST /api/auth/login: Authentication Error - Invalid username or password.
2024-04-24T00:16:09.453Z [error]: Login Failed: POST /api/auth/login: Authentication Error - Invalid username or password.
2024-04-24T00:16:10.129Z [error]: Login Failed: POST /api/auth/login: Authentication Error - Invalid username or password.
2024-04-24T00:20:20.795Z [error]: Login Failed: POST /api/auth/login: Authentication Error - Invalid username or password.
2024-04-24T00:20:21.982Z [error]: Login Failed: POST /api/auth/login: Authentication Error - Invalid username or password.
2024-04-24T00:20:22.776Z [error]: Login Failed: POST /api/auth/login: Authentication Error - Invalid username or password.
2024-04-24T00:20:23.512Z [error]: Login Failed: POST /api/auth/login: Authentication Error - Invalid username or password.
2024-04-24T00:20:24.237Z [error]: Login Failed: POST /api/auth/login: Authentication Error - Invalid username or password.
2024-04-24T00:26:48.469Z [error]: Login Failed: POST /api/auth/login: Authentication Error - Invalid username or password.
2024-04-24T00:26:49.521Z [error]: Login Failed: POST /api/auth/login: Authentication Error - Invalid username or password.
2024-04-24T00:26:57.766Z [error]: Login Failed: POST /api/auth/login: Authentication Error - Invalid username or password.
2024-04-24T00:26:58.677Z [error]: Login Failed: POST /api/auth/login: Authentication Error - Invalid username or password.
2024-04-24T00:26:59.410Z [error]: Login Failed: POST /api/auth/login: Authentication Error - Invalid username or password.
2024-04-24T00:27:00.209Z [error]: Login Failed: POST /api/auth/login: Authentication Error - Invalid username or password.
2024-04-24T00:27:00.889Z [error]: Login Failed: POST /api/auth/login: Authentication Error - Account is locked. Try again after 24 hours --->
2024-04-24T00:27:01.622Z [error]: Login Failed: POST /api/auth/login: Authentication Error - Account is locked. Try again after 0.02 hours
2024-04-24T00:27:04.810Z [error]: Login Failed: POST /api/auth/login: Authentication Error - Account is locked. Try again after 0.02 hours
2024-04-24T00:38:48.298Z [error]: Login Failed: POST /api/auth/login: Authentication Error - Invalid username or password.
2024-04-24T00:39:00.260Z [error]: Login Failed: POST /api/auth/login: Authentication Error - Invalid username or password.
2024-04-24T00:39:01.633Z [error]: Login Failed: POST /api/auth/login: Authentication Error - Invalid username or password.
2024-04-24T00:50:27.750Z [info]: Received SIGINT. Closing server and shutting down...
2024-04-24T00:50:27.756Z [info]: Shutting down gracefully...
