2024-04-26T00:43:28.099Z [info]: Connected To MongoDB Locally.
2024-04-26T00:43:28.744Z [info]: Server is running on port: 8181
2024-04-26T00:43:30.239Z [error]: Login Failed: POST /api/auth/login: Authentication Error - Invalid username or password.
2024-04-26T00:45:07.600Z [error]: Login Failed: POST /api/auth/login: Authentication Error - Invalid username or password.
2024-04-26T00:45:30.230Z [error]: Login Failed: POST /api/auth/login: Authentication Error - Invalid username or password.
2024-04-26T01:05:17.770Z [error]: Login Failed: POST /api/auth/login: Authentication Error - Invalid username or password.
2024-04-26T01:05:27.311Z [error]: Login Failed: POST /api/auth/login: Authentication Error - Invalid username or password.
2024-04-26T01:06:35.096Z [info]: Connected To MongoDB Locally.
2024-04-26T01:06:35.179Z [info]: Server is running on port: 8181
2024-04-26T01:06:37.226Z [error]: Login Failed: POST /api/auth/login: Authentication Error - Invalid username or password.
2024-04-26T01:06:38.595Z [error]: Login Failed: POST /api/auth/login: Authentication Error - Invalid username or password.
2024-04-26T01:06:39.324Z [error]: Login Failed: POST /api/auth/login: Authentication Error - Invalid username or password.
2024-04-26T01:06:40.789Z [error]: Login Failed: POST /api/auth/login: Authentication Error - Invalid username or password.
2024-04-26T01:06:42.635Z [error]: Login Failed: POST /api/auth/login: Authentication Error - Invalid username or password.
2024-04-26T01:07:44.206Z [error]: Login Failed: POST /api/auth/login: Authentication Error - Invalid username or password.
2024-04-26T01:07:47.048Z [error]: Login Failed: POST /api/auth/login: Authentication Error - Invalid username or password.
2024-04-26T01:07:48.344Z [error]: Login Failed: POST /api/auth/login: Authentication Error - Invalid username or password.
2024-04-26T01:07:49.341Z [error]: Login Failed: POST /api/auth/login: Authentication Error - Invalid username or password.
2024-04-26T01:07:49.897Z [error]: Login Failed: POST /api/auth/login: Authentication Error - Invalid username or password.
2024-04-26T01:07:50.498Z [error]: Login Failed: POST /api/auth/login: Authentication Error - Invalid username or password.
2024-04-26T01:07:51.735Z [error]: Login Failed: POST /api/auth/login: Authentication Error - Invalid username or password.
2024-04-26T01:07:52.433Z [error]: Login Failed: POST /api/auth/login: Authentication Error - Invalid username or password.
2024-04-26T01:07:53.313Z [error]: Login Failed: POST /api/auth/login: Authentication Error - Invalid username or password.
2024-04-26T01:07:53.854Z [error]: Login Failed: POST /api/auth/login: Authentication Error - Invalid username or password.
2024-04-26T01:07:54.436Z [error]: Login Failed: POST /api/auth/login: Authentication Error - Invalid username or password.
2024-04-26T01:08:41.052Z [error]: Login Failed: POST /api/auth/login: Authentication Error - Invalid username or password.
2024-04-26T01:08:42.458Z [error]: Login Failed: POST /api/auth/login: Authentication Error - Invalid username or password.
2024-04-26T01:44:49.070Z [error]: Login Failed: POST /api/auth/login: Authentication Error - Invalid username or password.
2024-04-26T01:44:51.355Z [error]: Login Failed: POST /api/auth/login: Authentication Error - Invalid username or password.
2024-04-26T01:45:03.288Z [error]: Login Failed: POST /api/auth/login: Authentication Error - Invalid username or password.
2024-04-26T01:45:09.974Z [error]: Login Failed: POST /api/auth/login: Authentication Error - Invalid username or password.
2024-04-26T01:45:10.949Z [error]: Login Failed: POST /api/auth/login: Authentication Error - Invalid username or password.
2024-04-26T01:49:27.751Z [info]: Connected To MongoDB Locally.
2024-04-26T01:49:27.788Z [info]: Server is running on port: 8181
2024-04-26T01:52:27.868Z [info]: Connected To MongoDB Locally.
2024-04-26T01:52:27.895Z [info]: Server is running on port: 8181
2024-04-26T01:52:58.724Z [info]: Connected To MongoDB Locally.
2024-04-26T01:52:58.750Z [info]: Server is running on port: 8181
2024-04-26T01:58:46.824Z [info]: Connected To MongoDB Locally.
2024-04-26T01:58:46.857Z [info]: Server is running on port: 8181
2024-04-26T01:58:53.188Z [info]: Connected To MongoDB Locally.
2024-04-26T01:58:53.219Z [info]: Server is running on port: 8181
2024-04-26T02:00:04.782Z [info]: Connected To MongoDB Locally.
2024-04-26T02:00:04.816Z [info]: Server is running on port: 8181
2024-04-26T02:01:25.191Z [info]: Connected To MongoDB Locally.
2024-04-26T02:01:25.286Z [info]: Server is running on port: 8181
2024-04-26T02:01:33.413Z [error]: Login Failed: POST /api/auth/login: Authentication Error - Invalid username or password.
2024-04-26T02:01:35.491Z [error]: Login Failed: POST /api/auth/login: Authentication Error - Invalid username or password.
2024-04-26T02:01:36.406Z [error]: Login Failed: POST /api/auth/login: Authentication Error - Invalid username or password.
2024-04-26T02:01:37.140Z [error]: Login Failed: POST /api/auth/login: Authentication Error - Invalid username or password.
2024-04-26T02:01:37.934Z [error]: Login Failed: POST /api/auth/login: Authentication Error - Invalid username or password.
2024-04-26T02:01:38.939Z [error]: Login Failed: POST /api/auth/login: Authentication Error - Invalid username or password.
2024-04-26T02:01:39.898Z [error]: Login Failed: POST /api/auth/login: Authentication Error - Invalid username or password.
2024-04-26T02:01:56.112Z [info]: Connected To MongoDB Locally.
2024-04-26T02:01:56.150Z [info]: Server is running on port: 8181
2024-04-26T02:02:42.207Z [info]: Connected To MongoDB Locally.
2024-04-26T02:02:42.258Z [info]: Server is running on port: 8181
2024-04-26T02:02:57.161Z [info]: Connected To MongoDB Locally.
2024-04-26T02:02:57.206Z [info]: Server is running on port: 8181
2024-04-26T02:05:36.839Z [info]: Connected To MongoDB Locally.
2024-04-26T02:05:36.878Z [info]: Server is running on port: 8181
2024-04-26T02:06:57.404Z [info]: Connected To MongoDB Locally.
2024-04-26T02:06:57.443Z [info]: Server is running on port: 8181
2024-04-26T02:07:24.947Z [info]: Connected To MongoDB Locally.
2024-04-26T02:07:24.981Z [info]: Server is running on port: 8181
2024-04-26T02:07:26.286Z [error]: Login Failed: POST /api/auth/login: Authentication Error - Invalid username or password.
2024-04-26T02:07:35.258Z [error]: Login Failed: POST /api/auth/login: Authentication Error - Invalid username or password.
2024-04-26T02:07:42.238Z [error]: Login Failed: POST /api/auth/login: Authentication Error - Invalid username or password.
2024-04-26T02:07:43.015Z [error]: Login Failed: POST /api/auth/login: Authentication Error - Invalid username or password.
2024-04-26T02:07:43.727Z [error]: Login Failed: POST /api/auth/login: Authentication Error - Invalid username or password.
2024-04-26T02:36:53.500Z [info]: Received SIGINT. Closing server and shutting down...
2024-04-26T02:36:53.513Z [info]: Shutting down gracefully...
2024-04-26T09:10:13.025Z [info]: Connected To MongoDB Locally.
2024-04-26T09:10:13.216Z [info]: Server is running on port: 8181
2024-04-26T09:11:44.923Z [error]: Login Failed: POST /api/auth/login: Authentication Error - Invalid username or password.
2024-04-26T09:12:00.787Z [error]: Login Failed: POST /api/auth/login: Authentication Error - Invalid username or password.
2024-04-26T09:12:01.936Z [error]: Login Failed: POST /api/auth/login: Authentication Error - Invalid username or password.
2024-04-26T09:12:02.814Z [error]: Login Failed: POST /api/auth/login: Authentication Error - Invalid username or password.
2024-04-26T09:12:03.782Z [error]: Login Failed: POST /api/auth/login: Authentication Error - Invalid username or password.
2024-04-26T09:15:56.979Z [info]: Connected To MongoDB Locally.
2024-04-26T09:15:57.077Z [info]: Server is running on port: 8181
2024-04-26T09:20:16.714Z [info]: Connected To MongoDB Locally.
2024-04-26T09:20:16.803Z [info]: Server is running on port: 8181
2024-04-26T09:20:59.674Z [error]: Login Failed: POST /api/auth/login: Authentication Error - Invalid username or password.
2024-04-26T09:21:01.646Z [error]: Login Failed: POST /api/auth/login: Authentication Error - Invalid username or password.
2024-04-26T09:21:03.980Z [error]: Login Failed: POST /api/auth/login: Authentication Error - Invalid username or password.
2024-04-26T09:21:06.964Z [error]: Login Failed: POST /api/auth/login: Authentication Error - Invalid username or password.
2024-04-26T09:21:08.521Z [error]: Login Failed: POST /api/auth/login: Authentication Error - Invalid username or password.
2024-04-26T09:21:58.777Z [info]: Connected To MongoDB Locally.
2024-04-26T09:21:58.829Z [info]: Server is running on port: 8181
2024-04-26T09:22:00.514Z [error]: Login Failed: POST /api/auth/login: Authentication Error - Invalid username or password.
2024-04-26T09:22:02.556Z [error]: Login Failed: POST /api/auth/login: Authentication Error - Invalid username or password.
2024-04-26T09:22:07.744Z [error]: Login Failed: POST /api/auth/login: Authentication Error - Invalid username or password.
2024-04-26T09:22:09.025Z [error]: Login Failed: POST /api/auth/login: Authentication Error - Invalid username or password.
2024-04-26T09:22:10.016Z [error]: Login Failed: POST /api/auth/login: Authentication Error - Invalid username or password.
2024-04-26T09:22:30.043Z [info]: Connected To MongoDB Locally.
2024-04-26T09:22:30.075Z [info]: Server is running on port: 8181
2024-04-26T09:22:57.985Z [info]: Connected To MongoDB Locally.
2024-04-26T09:22:58.018Z [info]: Server is running on port: 8181
2024-04-26T09:25:40.634Z [info]: Connected To MongoDB Locally.
2024-04-26T09:25:40.671Z [info]: Server is running on port: 8181
2024-04-26T09:25:41.743Z [error]: Login Failed: POST /api/auth/login: Authentication Error - Invalid username or password.
2024-04-26T09:25:43.306Z [error]: Login Failed: POST /api/auth/login: Authentication Error - Invalid username or password.
2024-04-26T09:25:44.459Z [error]: Login Failed: POST /api/auth/login: Authentication Error - Invalid username or password.
2024-04-26T09:25:45.103Z [error]: Login Failed: POST /api/auth/login: Authentication Error - Invalid username or password.
2024-04-26T09:25:45.676Z [error]: Login Failed: POST /api/auth/login: Authentication Error - Invalid username or password.
2024-04-26T09:25:54.626Z [info]: Connected To MongoDB Locally.
2024-04-26T09:25:54.664Z [info]: Server is running on port: 8181
2024-04-26T09:59:47.624Z [error]: Login Failed: POST /api/auth/login: Authentication Error - Invalid username or password.
2024-04-26T09:59:48.569Z [error]: Login Failed: POST /api/auth/login: Authentication Error - Invalid username or password.
2024-04-26T09:59:49.329Z [error]: Login Failed: POST /api/auth/login: Authentication Error - Invalid username or password.
2024-04-26T09:59:50.047Z [error]: Login Failed: POST /api/auth/login: Authentication Error - Invalid username or password.
2024-04-26T09:59:50.811Z [error]: Login Failed: POST /api/auth/login: Authentication Error - Invalid username or password.
2024-04-26T10:00:32.834Z [info]: Connected To MongoDB Locally.
2024-04-26T10:00:32.916Z [info]: Server is running on port: 8181
2024-04-26T10:01:05.452Z [info]: Connected To MongoDB Locally.
2024-04-26T10:01:05.487Z [info]: Server is running on port: 8181
2024-04-26T10:01:33.512Z [info]: Connected To MongoDB Locally.
2024-04-26T10:01:33.542Z [info]: Server is running on port: 8181
2024-04-26T10:01:54.493Z [info]: Connected To MongoDB Locally.
2024-04-26T10:01:54.526Z [info]: Server is running on port: 8181
2024-04-26T10:02:19.028Z [info]: Connected To MongoDB Locally.
2024-04-26T10:02:19.066Z [info]: Server is running on port: 8181
2024-04-26T10:02:49.002Z [info]: Connected To MongoDB Locally.
2024-04-26T10:02:49.046Z [info]: Server is running on port: 8181
2024-04-26T10:03:09.385Z [info]: Connected To MongoDB Locally.
2024-04-26T10:03:09.418Z [info]: Server is running on port: 8181
2024-04-26T10:03:42.711Z [info]: Connected To MongoDB Locally.
2024-04-26T10:03:42.748Z [info]: Server is running on port: 8181
2024-04-26T10:03:52.162Z [error]: Login Failed: POST /api/auth/login: Authentication Error - Invalid username or password.
2024-04-26T10:03:53.138Z [error]: Login Failed: POST /api/auth/login: Authentication Error - Invalid username or password.
2024-04-26T10:03:54.736Z [error]: Login Failed: POST /api/auth/login: Authentication Error - Invalid username or password.
2024-04-26T10:03:55.413Z [error]: Login Failed: POST /api/auth/login: Authentication Error - Invalid username or password.
2024-04-26T10:03:56.258Z [error]: Login Failed: POST /api/auth/login: Authentication Error - Invalid username or password.
2024-04-26T10:05:26.936Z [error]: Login Failed: POST /api/auth/login: Authentication Error - Invalid username or password.
2024-04-26T10:05:28.376Z [error]: Login Failed: POST /api/auth/login: Authentication Error - Invalid username or password.
2024-04-26T10:05:34.148Z [error]: Login Failed: POST /api/auth/login: Authentication Error - Invalid username or password.
2024-04-26T10:05:34.878Z [error]: Login Failed: POST /api/auth/login: Authentication Error - Invalid username or password.
2024-04-26T10:05:35.964Z [error]: Login Failed: POST /api/auth/login: Authentication Error - Invalid username or password.
2024-04-26T10:05:49.150Z [info]: Connected To MongoDB Locally.
2024-04-26T10:05:49.187Z [info]: Server is running on port: 8181
2024-04-26T10:09:24.381Z [info]: Connected To MongoDB Locally.
2024-04-26T10:09:24.419Z [info]: Server is running on port: 8181
2024-04-26T10:11:19.690Z [info]: Connected To MongoDB Locally.
2024-04-26T10:11:19.722Z [info]: Server is running on port: 8181
2024-04-26T10:11:36.838Z [info]: Connected To MongoDB Locally.
2024-04-26T10:11:36.869Z [info]: Server is running on port: 8181
2024-04-26T10:11:55.702Z [info]: Connected To MongoDB Locally.
2024-04-26T10:11:55.738Z [info]: Server is running on port: 8181
2024-04-26T10:12:15.478Z [info]: Connected To MongoDB Locally.
2024-04-26T10:12:15.513Z [info]: Server is running on port: 8181
2024-04-26T10:12:26.329Z [info]: Connected To MongoDB Locally.
2024-04-26T10:12:26.364Z [info]: Server is running on port: 8181
2024-04-26T10:12:27.634Z [error]: Login Failed: POST /api/auth/login: Authentication Error - Invalid username or password.
2024-04-26T10:12:30.647Z [error]: Login Failed: POST /api/auth/login: Authentication Error - Invalid username or password.
2024-04-26T10:12:32.417Z [error]: Login Failed: POST /api/auth/login: Authentication Error - Invalid username or password.
2024-04-26T10:12:36.650Z [error]: Login Failed: POST /api/auth/login: Authentication Error - Invalid username or password.
2024-04-26T10:12:37.512Z [error]: Login Failed: POST /api/auth/login: Authentication Error - Invalid username or password.
2024-04-26T10:12:52.013Z [info]: Connected To MongoDB Locally.
2024-04-26T10:12:52.094Z [info]: Server is running on port: 8181
2024-04-26T10:14:27.881Z [error]: Login Failed: POST /api/auth/login: Authentication Error - Invalid username or password.
2024-04-26T10:14:53.954Z [info]: Connected To MongoDB Locally.
2024-04-26T10:14:53.992Z [info]: Server is running on port: 8181
2024-04-26T10:15:20.133Z [info]: Connected To MongoDB Locally.
2024-04-26T10:15:20.171Z [info]: Server is running on port: 8181
2024-04-26T10:15:28.508Z [info]: Connected To MongoDB Locally.
2024-04-26T10:15:28.546Z [info]: Server is running on port: 8181
2024-04-26T10:15:36.417Z [info]: Connected To MongoDB Locally.
2024-04-26T10:15:36.467Z [info]: Server is running on port: 8181
2024-04-26T10:15:49.220Z [info]: Connected To MongoDB Locally.
2024-04-26T10:15:49.267Z [info]: Server is running on port: 8181
2024-04-26T10:16:08.027Z [info]: Connected To MongoDB Locally.
2024-04-26T10:16:08.067Z [info]: Server is running on port: 8181
2024-04-26T10:16:28.067Z [info]: Connected To MongoDB Locally.
2024-04-26T10:16:28.105Z [info]: Server is running on port: 8181
2024-04-26T10:16:37.707Z [info]: Connected To MongoDB Locally.
2024-04-26T10:16:37.757Z [info]: Server is running on port: 8181
2024-04-26T10:16:51.777Z [info]: Connected To MongoDB Locally.
2024-04-26T10:16:51.810Z [info]: Server is running on port: 8181
2024-04-26T10:16:56.609Z [error]: Login Failed: POST /api/auth/login: Authentication Error - Invalid username or password.
2024-04-26T10:17:00.277Z [error]: Login Failed: POST /api/auth/login: Authentication Error - Invalid username or password.
2024-04-26T10:17:01.200Z [error]: Login Failed: POST /api/auth/login: Authentication Error - Invalid username or password.
2024-04-26T10:17:01.982Z [error]: Login Failed: POST /api/auth/login: Authentication Error - Invalid username or password.
2024-04-26T10:17:11.949Z [info]: Connected To MongoDB Locally.
2024-04-26T10:17:11.989Z [info]: Server is running on port: 8181
2024-04-26T10:18:25.260Z [info]: Connected To MongoDB Locally.
2024-04-26T10:18:25.292Z [info]: Server is running on port: 8181
2024-04-26T10:22:29.689Z [error]: Login Failed: POST /api/auth/login: Authentication Error - Invalid username or password.
2024-04-26T10:31:03.511Z [info]: Connected To MongoDB Locally.
2024-04-26T10:31:03.610Z [info]: Server is running on port: 8181
2024-04-26T10:31:11.664Z [error]: Login Failed: POST /api/auth/login: Authentication Error - Invalid username or password.
2024-04-26T10:31:13.771Z [error]: Login Failed: POST /api/auth/login: Authentication Error - Invalid username or password.
2024-04-26T10:31:18.196Z [error]: Login Failed: POST /api/auth/login: Authentication Error - Invalid username or password.
2024-04-26T10:31:18.794Z [error]: Login Failed: POST /api/auth/login: Authentication Error - Invalid username or password.
2024-04-26T10:31:19.447Z [error]: Login Failed: POST /api/auth/login: Authentication Error - Invalid username or password.
2024-04-26T10:31:46.625Z [info]: Connected To MongoDB Locally.
2024-04-26T10:31:46.663Z [info]: Server is running on port: 8181
2024-04-26T10:32:59.020Z [info]: Connected To MongoDB Locally.
2024-04-26T10:32:59.075Z [info]: Server is running on port: 8181
2024-04-26T10:33:16.712Z [info]: Connected To MongoDB Locally.
2024-04-26T10:33:16.760Z [info]: Server is running on port: 8181
2024-04-26T10:33:30.680Z [info]: Connected To MongoDB Locally.
2024-04-26T10:33:30.731Z [info]: Server is running on port: 8181
2024-04-26T10:33:31.661Z [error]: Login Failed: POST /api/auth/login: Authentication Error - Invalid username or password.
2024-04-26T10:33:35.306Z [error]: Login Failed: POST /api/auth/login: Authentication Error - Invalid username or password.
2024-04-26T10:33:36.132Z [error]: Login Failed: POST /api/auth/login: Authentication Error - Invalid username or password.
2024-04-26T10:33:36.827Z [error]: Login Failed: POST /api/auth/login: Authentication Error - Invalid username or password.
2024-04-26T10:33:37.499Z [error]: Login Failed: POST /api/auth/login: Authentication Error - Invalid username or password.
2024-04-26T10:33:48.233Z [error]: Internal Server Error: Unexpected Error:POST /api/auth/login: Error - Cannot set headers after they are sent to the client
2024-04-26T10:33:48.244Z [error]: Error in errorHandler: Cannot set headers after they are sent to the client
Error [ERR_HTTP_HEADERS_SENT]: Cannot set headers after they are sent to the client
    at new NodeError (node:internal/errors:406:5)
    at ServerResponse.setHeader (node:_http_outgoing:652:11)
    at ServerResponse.header (C:\projects\on-progress\freight\freight-server\node_modules\express\lib\response.js:794:10)
    at ServerResponse.send (C:\projects\on-progress\freight\freight-server\node_modules\express\lib\response.js:174:12)
    at ServerResponse.json (C:\projects\on-progress\freight\freight-server\node_modules\express\lib\response.js:278:15)
    at errorHandler (C:\projects\on-progress\freight\freight-server\src\errors\handlers\errorHandler.ts:42:51)
    at Layer.handle_error (C:\projects\on-progress\freight\freight-server\node_modules\express\lib\router\layer.js:71:5)
    at trim_prefix (C:\projects\on-progress\freight\freight-server\node_modules\express\lib\router\index.js:326:13)
    at C:\projects\on-progress\freight\freight-server\node_modules\express\lib\router\index.js:286:9
    at Function.process_params (C:\projects\on-progress\freight\freight-server\node_modules\express\lib\router\index.js:346:12)
2024-04-26T10:35:23.964Z [info]: Connected To MongoDB Locally.
2024-04-26T10:35:24.003Z [info]: Server is running on port: 8181
2024-04-26T10:35:34.494Z [error]: Resource not found: POST /api/auth/login: Not Found Error - Data Not found
2024-04-26T10:35:55.730Z [info]: Connected To MongoDB Locally.
2024-04-26T10:35:55.781Z [info]: Server is running on port: 8181
2024-04-26T10:36:43.459Z [info]: Connected To MongoDB Locally.
2024-04-26T10:36:43.541Z [info]: Server is running on port: 8181
2024-04-26T10:36:55.787Z [info]: Connected To MongoDB Locally.
2024-04-26T10:36:55.833Z [info]: Server is running on port: 8181
2024-04-26T10:38:22.629Z [info]: Connected To MongoDB Locally.
2024-04-26T10:38:22.663Z [info]: Server is running on port: 8181
2024-04-26T10:38:55.722Z [info]: Connected To MongoDB Locally.
2024-04-26T10:38:55.757Z [info]: Server is running on port: 8181
2024-04-26T10:38:57.277Z [error]: Login Failed: POST /api/auth/login: Authentication Error - Invalid username or password.
2024-04-26T10:39:35.910Z [error]: Login Failed: POST /api/auth/login: Authentication Error - Invalid username or password.
2024-04-26T10:39:43.481Z [error]: Login Failed: POST /api/auth/login: Authentication Error - Invalid username or password.
2024-04-26T10:39:44.205Z [error]: Login Failed: POST /api/auth/login: Authentication Error - Invalid username or password.
2024-04-26T10:39:45.098Z [error]: Login Failed: POST /api/auth/login: Authentication Error - Invalid username or password.
2024-04-26T10:39:46.059Z [error]: Login Failed: POST /api/auth/login: Authentication Error - Invalid username or password.
2024-04-26T10:39:59.441Z [info]: Connected To MongoDB Locally.
2024-04-26T10:39:59.475Z [info]: Server is running on port: 8181
2024-04-26T10:41:09.520Z [error]: Login Failed: POST /api/auth/login: Authentication Error - Invalid username or password.
2024-04-26T10:41:10.807Z [error]: Login Failed: POST /api/auth/login: Authentication Error - Invalid username or password.
2024-04-26T10:41:11.780Z [error]: Login Failed: POST /api/auth/login: Authentication Error - Invalid username or password.
2024-04-26T10:41:17.072Z [error]: Login Failed: POST /api/auth/login: Authentication Error - Invalid username or password.
2024-04-26T10:41:17.836Z [error]: Login Failed: POST /api/auth/login: Authentication Error - Invalid username or password.
2024-04-26T10:41:56.897Z [info]: Connected To MongoDB Locally.
2024-04-26T10:41:56.936Z [info]: Server is running on port: 8181
2024-04-26T10:42:31.543Z [error]: Login Failed: POST /api/auth/login: Authentication Error - Invalid username or password.
2024-04-26T10:42:32.411Z [error]: Login Failed: POST /api/auth/login: Authentication Error - Invalid username or password.
2024-04-26T10:42:33.163Z [error]: Login Failed: POST /api/auth/login: Authentication Error - Invalid username or password.
2024-04-26T10:42:33.739Z [error]: Login Failed: POST /api/auth/login: Authentication Error - Invalid username or password.
2024-04-26T10:42:34.464Z [error]: Login Failed: POST /api/auth/login: Authentication Error - Invalid username or password.
2024-04-26T10:43:17.736Z [info]: Connected To MongoDB Locally.
2024-04-26T10:43:17.771Z [info]: Server is running on port: 8181
2024-04-26T10:43:26.675Z [info]: Connected To MongoDB Locally.
2024-04-26T10:43:26.740Z [info]: Server is running on port: 8181
2024-04-26T10:43:35.429Z [error]: Login Failed: POST /api/auth/login: Authentication Error - Invalid username or password.
2024-04-26T10:43:40.644Z [error]: Login Failed: POST /api/auth/login: Authentication Error - Invalid username or password.
2024-04-26T10:43:41.271Z [error]: Login Failed: POST /api/auth/login: Authentication Error - Invalid username or password.
2024-04-26T10:43:41.989Z [error]: Login Failed: POST /api/auth/login: Authentication Error - Invalid username or password.
2024-04-26T10:43:42.672Z [error]: Login Failed: POST /api/auth/login: Authentication Error - Invalid username or password.
2024-04-26T10:44:44.089Z [info]: Connected To MongoDB Locally.
2024-04-26T10:44:44.126Z [info]: Server is running on port: 8181
2024-04-26T10:44:53.115Z [error]: Login Failed: POST /api/auth/login: Authentication Error - Invalid username or password.
2024-04-26T10:44:54.324Z [error]: Login Failed: POST /api/auth/login: Authentication Error - Invalid username or password.
2024-04-26T10:44:55.173Z [error]: Login Failed: POST /api/auth/login: Authentication Error - Invalid username or password.
2024-04-26T10:45:47.102Z [info]: Connected To MongoDB Locally.
2024-04-26T10:45:47.140Z [info]: Server is running on port: 8181
2024-04-26T10:46:04.510Z [error]: Login Failed: POST /api/auth/login: Authentication Error - Invalid username or password.
2024-04-26T10:46:08.176Z [error]: Login Failed: POST /api/auth/login: Authentication Error - Invalid username or password.
2024-04-26T10:46:08.975Z [error]: Login Failed: POST /api/auth/login: Authentication Error - Invalid username or password.
2024-04-26T10:46:09.673Z [error]: Login Failed: POST /api/auth/login: Authentication Error - Invalid username or password.
2024-04-26T10:46:10.406Z [error]: Login Failed: POST /api/auth/login: Authentication Error - Invalid username or password.
2024-04-26T10:47:18.090Z [info]: Connected To MongoDB Locally.
2024-04-26T10:47:18.128Z [info]: Server is running on port: 8181
2024-04-26T10:47:30.219Z [error]: Login Failed: POST /api/auth/login: Authentication Error - Invalid username or password.
2024-04-26T10:47:31.546Z [error]: Login Failed: POST /api/auth/login: Authentication Error - Invalid username or password.
2024-04-26T10:47:32.118Z [error]: Login Failed: POST /api/auth/login: Authentication Error - Invalid username or password.
2024-04-26T10:47:32.628Z [error]: Login Failed: POST /api/auth/login: Authentication Error - Invalid username or password.
2024-04-26T10:47:33.207Z [error]: Login Failed: POST /api/auth/login: Authentication Error - Invalid username or password.
2024-04-26T10:48:19.603Z [info]: Connected To MongoDB Locally.
2024-04-26T10:48:19.636Z [info]: Server is running on port: 8181
2024-04-26T10:48:39.546Z [error]: Validation Failed: POST /api/auth/login: Bad Request Error - Username must be at least 2 characters long.
2024-04-26T10:48:40.692Z [error]: Validation Failed: POST /api/auth/login: Bad Request Error - Username must be at least 2 characters long.
2024-04-26T10:48:48.747Z [error]: Login Failed: POST /api/auth/login: Authentication Error - Invalid username or password.
2024-04-26T10:48:49.700Z [error]: Login Failed: POST /api/auth/login: Authentication Error - Invalid username or password.
2024-04-26T10:48:50.288Z [error]: Login Failed: POST /api/auth/login: Authentication Error - Invalid username or password.
2024-04-26T10:50:30.325Z [info]: Connected To MongoDB Locally.
2024-04-26T10:50:30.361Z [info]: Server is running on port: 8181
2024-04-26T10:51:04.243Z [info]: Connected To MongoDB Locally.
2024-04-26T10:51:04.276Z [info]: Server is running on port: 8181
2024-04-26T10:51:25.655Z [info]: Connected To MongoDB Locally.
2024-04-26T10:51:25.687Z [info]: Server is running on port: 8181
2024-04-26T10:56:02.612Z [info]: Connected To MongoDB Locally.
2024-04-26T10:56:02.647Z [info]: Server is running on port: 8181
2024-04-26T10:56:21.724Z [error]: Login Failed: POST /api/auth/login: Authentication Error - Invalid username or password.
2024-04-26T10:56:27.719Z [error]: Login Failed: POST /api/auth/login: Authentication Error - Invalid username or password.
2024-04-26T10:56:33.200Z [error]: Login Failed: POST /api/auth/login: Authentication Error - Invalid username or password.
2024-04-26T10:56:33.678Z [error]: Login Failed: POST /api/auth/login: Authentication Error - Invalid username or password.
2024-04-26T10:56:34.375Z [error]: Login Failed: POST /api/auth/login: Authentication Error - Invalid username or password.
2024-04-26T10:56:56.127Z [info]: Connected To MongoDB Locally.
2024-04-26T10:56:56.156Z [info]: Server is running on port: 8181
2024-04-26T10:59:19.992Z [error]: Login Failed: POST /api/auth/login: Authentication Error - Invalid username or password.
2024-04-26T10:59:24.909Z [error]: Login Failed: POST /api/auth/login: Authentication Error - Invalid username or password.
2024-04-26T10:59:25.593Z [error]: Login Failed: POST /api/auth/login: Authentication Error - Invalid username or password.
2024-04-26T10:59:26.311Z [error]: Login Failed: POST /api/auth/login: Authentication Error - Invalid username or password.
2024-04-26T10:59:26.895Z [error]: Login Failed: POST /api/auth/login: Authentication Error - Account is locked. Try again after 24 hours --->
2024-04-26T10:59:27.424Z [error]: Login Failed: POST /api/auth/login: Authentication Error - Account is locked. Try again after 0.02 hours
2024-04-26T10:59:30.278Z [error]: Login Failed: POST /api/auth/login: Authentication Error - Account is locked. Try again after 0.02 hours
2024-04-26T14:54:17.472Z [info]: Connected To MongoDB Locally.
2024-04-26T14:54:17.579Z [info]: Server is running on port: 8181
2024-04-26T14:54:31.245Z [info]: Connected To MongoDB Locally.
2024-04-26T14:54:31.304Z [info]: Server is running on port: 8181
2024-04-26T14:54:45.643Z [info]: Connected To MongoDB Locally.
2024-04-26T14:54:45.680Z [info]: Server is running on port: 8181
2024-04-26T14:55:01.026Z [info]: Connected To MongoDB Locally.
2024-04-26T14:55:01.077Z [info]: Server is running on port: 8181
2024-04-26T14:55:26.683Z [info]: Connected To MongoDB Locally.
2024-04-26T14:55:26.725Z [info]: Server is running on port: 8181
2024-04-26T14:55:41.604Z [info]: Connected To MongoDB Locally.
2024-04-26T14:55:41.632Z [info]: Server is running on port: 8181
2024-04-26T14:57:17.854Z [info]: Connected To MongoDB Locally.
2024-04-26T14:57:17.884Z [info]: Server is running on port: 8181
2024-04-26T14:57:27.464Z [error]: Login Failed: POST /api/auth/login: Authentication Error - Invalid username or password.
2024-04-26T14:57:30.681Z [error]: Login Failed: POST /api/auth/login: Authentication Error - Invalid username or password.
2024-04-26T14:57:56.388Z [info]: Connected To MongoDB Locally.
2024-04-26T14:57:56.432Z [info]: Server is running on port: 8181
2024-04-26T14:58:11.568Z [info]: Connected To MongoDB Locally.
2024-04-26T14:58:11.599Z [info]: Server is running on port: 8181
2024-04-26T14:58:26.919Z [info]: Connected To MongoDB Locally.
2024-04-26T14:58:26.952Z [info]: Server is running on port: 8181
2024-04-26T14:58:27.981Z [error]: Login Failed: POST /api/auth/login: Authentication Error - Invalid username or password.
2024-04-26T15:01:49.962Z [info]: Connected To MongoDB Locally.
2024-04-26T15:01:49.997Z [info]: Server is running on port: 8181
2024-04-26T15:02:38.934Z [info]: Connected To MongoDB Locally.
2024-04-26T15:02:38.981Z [info]: Server is running on port: 8181
2024-04-26T15:02:50.851Z [info]: Connected To MongoDB Locally.
2024-04-26T15:02:50.891Z [info]: Server is running on port: 8181
2024-04-26T15:03:22.127Z [info]: Connected To MongoDB Locally.
2024-04-26T15:03:22.162Z [info]: Server is running on port: 8181
2024-04-26T15:05:02.506Z [error]: Login Failed: POST /api/auth/login: Authentication Error - Invalid username or password.
2024-04-26T15:07:00.322Z [info]: Connected To MongoDB Locally.
2024-04-26T15:07:00.359Z [info]: Server is running on port: 8181
2024-04-26T15:07:17.775Z [info]: Connected To MongoDB Locally.
2024-04-26T15:07:17.807Z [info]: Server is running on port: 8181
2024-04-26T15:07:29.501Z [error]: Login Failed: POST /api/auth/login: Authentication Error - Invalid username or password.
2024-04-26T15:07:33.368Z [error]: Login Failed: POST /api/auth/login: Authentication Error - Invalid username or password.
2024-04-26T15:07:34.137Z [error]: Login Failed: POST /api/auth/login: Authentication Error - Invalid username or password.
2024-04-26T15:07:34.771Z [error]: Login Failed: POST /api/auth/login: Authentication Error - Invalid username or password.
2024-04-26T15:07:35.399Z [error]: Login Failed: POST /api/auth/login: Authentication Error - Invalid username or password.
2024-04-26T15:07:46.259Z [info]: Connected To MongoDB Locally.
2024-04-26T15:07:46.296Z [info]: Server is running on port: 8181
2024-04-26T15:13:03.241Z [info]: Connected To MongoDB Locally.
2024-04-26T15:13:03.296Z [info]: Server is running on port: 8181
2024-04-26T15:13:23.162Z [error]: Login Failed: POST /api/auth/login: Authentication Error - Invalid username or password.
2024-04-26T15:13:24.409Z [error]: Login Failed: POST /api/auth/login: Authentication Error - Invalid username or password.
2024-04-26T15:13:25.147Z [error]: Login Failed: POST /api/auth/login: Authentication Error - Invalid username or password.
2024-04-26T15:13:25.858Z [error]: Login Failed: POST /api/auth/login: Authentication Error - Invalid username or password.
2024-04-26T15:13:26.581Z [error]: Login Failed: POST /api/auth/login: Authentication Error - Invalid username or password.
2024-04-26T15:18:20.495Z [info]: Connected To MongoDB Locally.
2024-04-26T15:18:20.585Z [info]: Server is running on port: 8181
2024-04-26T15:18:34.142Z [error]: Login Failed: POST /api/auth/login: Authentication Error - Invalid username or password.
2024-04-26T15:18:35.123Z [error]: Login Failed: POST /api/auth/login: Authentication Error - Invalid username or password.
2024-04-26T15:18:35.877Z [error]: Login Failed: POST /api/auth/login: Authentication Error - Invalid username or password.
2024-04-26T15:18:37.647Z [error]: Login Failed: POST /api/auth/login: Authentication Error - Invalid username or password.
2024-04-26T15:18:41.661Z [error]: Login Failed: POST /api/auth/login: Authentication Error - Invalid username or password.
2024-04-26T15:20:53.043Z [info]: Connected To MongoDB Locally.
2024-04-26T15:20:53.081Z [info]: Server is running on port: 8181
2024-04-26T15:21:09.436Z [info]: Connected To MongoDB Locally.
2024-04-26T15:21:09.474Z [info]: Server is running on port: 8181
2024-04-26T15:21:23.566Z [error]: Login Failed: POST /api/auth/login: Authentication Error - Invalid username or password.
2024-04-26T15:21:32.824Z [error]: Login Failed: POST /api/auth/login: Authentication Error - Invalid username or password.
2024-04-26T15:21:34.131Z [error]: Login Failed: POST /api/auth/login: Authentication Error - Invalid username or password.
2024-04-26T15:21:34.884Z [error]: Login Failed: POST /api/auth/login: Authentication Error - Invalid username or password.
2024-04-26T15:21:35.547Z [error]: Login Failed: POST /api/auth/login: Authentication Error - Invalid username or password.
2024-04-26T15:21:57.055Z [info]: Connected To MongoDB Locally.
2024-04-26T15:21:57.090Z [info]: Server is running on port: 8181
2024-04-26T15:25:42.687Z [info]: Connected To MongoDB Locally.
2024-04-26T15:25:42.721Z [info]: Server is running on port: 8181
2024-04-26T15:25:56.229Z [error]: Login Failed: POST /api/auth/login: Authentication Error - Invalid username or password.
2024-04-26T15:25:56.999Z [error]: Login Failed: POST /api/auth/login: Authentication Error - Invalid username or password.
2024-04-26T15:25:57.659Z [error]: Login Failed: POST /api/auth/login: Authentication Error - Invalid username or password.
2024-04-26T15:25:58.291Z [error]: Login Failed: POST /api/auth/login: Authentication Error - Invalid username or password.
2024-04-26T15:25:59.032Z [error]: Login Failed: POST /api/auth/login: Authentication Error - Invalid username or password.
2024-04-26T15:33:38.010Z [info]: Connected To MongoDB Locally.
2024-04-26T15:33:38.120Z [info]: Server is running on port: 8181
2024-04-26T15:33:52.960Z [error]: Login Failed: POST /api/auth/login: Authentication Error - Invalid username or password.
2024-04-26T15:33:54.102Z [error]: Login Failed: POST /api/auth/login: Authentication Error - Invalid username or password.
2024-04-26T15:33:55.277Z [error]: Login Failed: POST /api/auth/login: Authentication Error - Invalid username or password.
2024-04-26T15:33:57.981Z [error]: Login Failed: POST /api/auth/login: Authentication Error - Invalid username or password.
2024-04-26T15:33:59.087Z [error]: Login Failed: POST /api/auth/login: Authentication Error - Invalid username or password.
2024-04-26T15:35:19.349Z [info]: Connected To MongoDB Locally.
2024-04-26T15:35:19.387Z [info]: Server is running on port: 8181
2024-04-26T15:35:57.273Z [info]: Connected To MongoDB Locally.
2024-04-26T15:35:57.312Z [info]: Server is running on port: 8181
2024-04-26T15:39:07.228Z [info]: Connected To MongoDB Locally.
2024-04-26T15:39:07.290Z [info]: Server is running on port: 8181
2024-04-26T15:39:19.034Z [error]: Login Failed: POST /api/auth/login: Authentication Error - Invalid username or password.
2024-04-26T15:39:19.755Z [error]: Login Failed: POST /api/auth/login: Authentication Error - Invalid username or password.
2024-04-26T15:39:23.926Z [error]: Login Failed: POST /api/auth/login: Authentication Error - Invalid username or password.
2024-04-26T15:39:24.505Z [error]: Login Failed: POST /api/auth/login: Authentication Error - Invalid username or password.
2024-04-26T15:39:25.346Z [error]: Login Failed: POST /api/auth/login: Authentication Error - Invalid username or password.
2024-04-26T15:39:37.902Z [info]: Connected To MongoDB Locally.
2024-04-26T15:39:37.938Z [info]: Server is running on port: 8181
2024-04-26T15:43:30.530Z [info]: Connected To MongoDB Locally.
2024-04-26T15:43:30.568Z [info]: Server is running on port: 8181
2024-04-26T15:43:31.389Z [error]: Login Failed: POST /api/auth/login: Authentication Error - Invalid username or password.
2024-04-26T15:43:32.178Z [error]: Login Failed: POST /api/auth/login: Authentication Error - Invalid username or password.
2024-04-26T15:43:33.000Z [error]: Login Failed: POST /api/auth/login: Authentication Error - Invalid username or password.
2024-04-26T15:43:33.623Z [error]: Login Failed: POST /api/auth/login: Authentication Error - Invalid username or password.
2024-04-26T15:43:34.374Z [error]: Login Failed: POST /api/auth/login: Authentication Error - Invalid username or password.
2024-04-26T15:44:59.342Z [info]: Connected To MongoDB Locally.
2024-04-26T15:44:59.373Z [info]: Server is running on port: 8181
2024-04-26T15:50:59.259Z [error]: Login Failed: POST /api/auth/login: Authentication Error - Invalid username or password.
2024-04-26T15:51:04.225Z [error]: Login Failed: POST /api/auth/login: Authentication Error - Invalid username or password.
2024-04-26T15:51:04.978Z [error]: Login Failed: POST /api/auth/login: Authentication Error - Invalid username or password.
2024-04-26T15:51:05.722Z [error]: Login Failed: POST /api/auth/login: Authentication Error - Invalid username or password.
2024-04-26T15:51:06.358Z [error]: Login Failed: POST /api/auth/login: Authentication Error - Invalid username or password.
2024-04-26T15:52:11.460Z [info]: Connected To MongoDB Locally.
2024-04-26T15:52:11.490Z [info]: Server is running on port: 8181
2024-04-26T16:03:11.295Z [info]: Connected To MongoDB Locally.
2024-04-26T16:03:11.334Z [info]: Server is running on port: 8181
2024-04-26T16:08:44.697Z [info]: Connected To MongoDB Locally.
2024-04-26T16:08:44.733Z [info]: Server is running on port: 8181
2024-04-26T16:14:48.395Z [info]: Connected To MongoDB Locally.
2024-04-26T16:14:48.432Z [info]: Server is running on port: 8181
2024-04-26T16:15:06.036Z [error]: Login Failed: POST /api/auth/login: Authentication Error - Invalid username or password.
2024-04-26T16:15:06.989Z [error]: Login Failed: POST /api/auth/login: Authentication Error - Invalid username or password.
2024-04-26T16:15:24.962Z [error]: Login Failed: POST /api/auth/login: Authentication Error - Invalid username or password.
2024-04-26T16:15:29.553Z [error]: Login Failed: POST /api/auth/login: Authentication Error - Invalid username or password.
2024-04-26T16:15:30.382Z [error]: Login Failed: POST /api/auth/login: Authentication Error - Invalid username or password.
2024-04-26T16:15:31.159Z [error]: Login Failed: POST /api/auth/login: Authentication Error - Invalid username or password.
2024-04-26T16:15:33.903Z [error]: Login Failed: POST /api/auth/login: Authentication Error - Invalid username or password.
2024-04-26T16:16:03.994Z [info]: Connected To MongoDB Locally.
2024-04-26T16:16:04.034Z [info]: Server is running on port: 8181
2024-04-26T16:16:05.102Z [error]: Login Failed: POST /api/auth/login: Authentication Error - Invalid username or password.
2024-04-26T16:16:05.886Z [error]: Login Failed: POST /api/auth/login: Authentication Error - Invalid username or password.
2024-04-26T16:16:06.700Z [error]: Login Failed: POST /api/auth/login: Authentication Error - Invalid username or password.
2024-04-26T16:16:07.256Z [error]: Login Failed: POST /api/auth/login: Authentication Error - Invalid username or password.
2024-04-26T16:16:07.919Z [error]: Login Failed: POST /api/auth/login: Authentication Error - Invalid username or password.
2024-04-26T16:18:31.547Z [info]: Connected To MongoDB Locally.
2024-04-26T16:18:31.582Z [info]: Server is running on port: 8181
2024-04-26T16:18:38.949Z [info]: Connected To MongoDB Locally.
2024-04-26T16:18:38.986Z [info]: Server is running on port: 8181
2024-04-26T16:18:50.326Z [info]: Connected To MongoDB Locally.
2024-04-26T16:18:50.365Z [info]: Server is running on port: 8181
2024-04-26T16:18:56.180Z [error]: Login Failed: POST /api/auth/login: Authentication Error - Invalid username or password.
2024-04-26T16:18:57.451Z [error]: Login Failed: POST /api/auth/login: Authentication Error - Invalid username or password.
2024-04-26T16:18:58.652Z [error]: Login Failed: POST /api/auth/login: Authentication Error - Invalid username or password.
2024-04-26T16:19:06.236Z [error]: Login Failed: POST /api/auth/login: Authentication Error - Invalid username or password.
2024-04-26T16:19:09.117Z [error]: Login Failed: POST /api/auth/login: Authentication Error - Invalid username or password.
2024-04-26T16:20:28.439Z [info]: Connected To MongoDB Locally.
2024-04-26T16:20:28.474Z [info]: Server is running on port: 8181
2024-04-26T16:20:30.673Z [error]: Login Failed: POST /api/auth/login: Authentication Error - Invalid username or password.
2024-04-26T16:20:31.421Z [error]: Login Failed: POST /api/auth/login: Authentication Error - Invalid username or password.
2024-04-26T16:20:32.106Z [error]: Login Failed: POST /api/auth/login: Authentication Error - Invalid username or password.
2024-04-26T16:20:32.655Z [error]: Login Failed: POST /api/auth/login: Authentication Error - Invalid username or password.
2024-04-26T16:20:33.293Z [error]: Login Failed: POST /api/auth/login: Authentication Error - Invalid username or password.
2024-04-26T16:23:41.654Z [info]: Connected To MongoDB Locally.
2024-04-26T16:23:41.685Z [info]: Server is running on port: 8181
2024-04-26T16:23:48.025Z [error]: Login Failed: POST /api/auth/login: Authentication Error - Invalid username or password.
2024-04-26T16:23:48.901Z [error]: Login Failed: POST /api/auth/login: Authentication Error - Invalid username or password.
2024-04-26T16:23:49.696Z [error]: Login Failed: POST /api/auth/login: Authentication Error - Invalid username or password.
2024-04-26T16:23:50.389Z [error]: Login Failed: POST /api/auth/login: Authentication Error - Invalid username or password.
2024-04-26T16:23:51.116Z [error]: Login Failed: POST /api/auth/login: Authentication Error - Invalid username or password.
2024-04-26T16:24:04.545Z [info]: Connected To MongoDB Locally.
2024-04-26T16:24:04.575Z [info]: Server is running on port: 8181
2024-04-26T17:47:39.369Z [info]: Connected To MongoDB Locally.
2024-04-26T17:47:39.540Z [info]: Server is running on port: 8181
2024-04-26T17:47:54.162Z [info]: Connected To MongoDB Locally.
2024-04-26T17:47:54.311Z [info]: Server is running on port: 8181
2024-04-26T17:48:00.970Z [error]: Login Failed: POST /api/auth/login: Authentication Error - Invalid username or password.
2024-04-26T17:48:03.399Z [error]: Login Failed: POST /api/auth/login: Authentication Error - Invalid username or password.
2024-04-26T17:48:04.329Z [error]: Login Failed: POST /api/auth/login: Authentication Error - Invalid username or password.
2024-04-26T17:48:06.864Z [error]: Login Failed: POST /api/auth/login: Authentication Error - Invalid username or password.
2024-04-26T17:48:07.807Z [error]: Login Failed: POST /api/auth/login: Authentication Error - Invalid username or password.
2024-04-26T17:59:52.322Z [info]: Connected To MongoDB Locally.
2024-04-26T17:59:52.406Z [info]: Server is running on port: 8181
2024-04-26T18:03:02.265Z [info]: Connected To MongoDB Locally.
2024-04-26T18:03:02.300Z [info]: Server is running on port: 8181
2024-04-26T18:03:14.120Z [info]: Connected To MongoDB Locally.
2024-04-26T18:03:14.149Z [info]: Server is running on port: 8181
2024-04-26T18:03:48.903Z [info]: Connected To MongoDB Locally.
2024-04-26T18:03:48.968Z [info]: Server is running on port: 8181
2024-04-26T18:04:03.947Z [info]: Connected To MongoDB Locally.
2024-04-26T18:04:03.981Z [info]: Server is running on port: 8181
2024-04-26T18:07:28.008Z [info]: Connected To MongoDB Locally.
2024-04-26T18:07:28.038Z [info]: Server is running on port: 8181
2024-04-26T18:08:06.869Z [info]: Connected To MongoDB Locally.
2024-04-26T18:08:06.905Z [info]: Server is running on port: 8181
2024-04-26T18:08:14.316Z [info]: Connected To MongoDB Locally.
2024-04-26T18:08:14.346Z [info]: Server is running on port: 8181
2024-04-26T18:09:57.314Z [info]: Connected To MongoDB Locally.
2024-04-26T18:09:57.356Z [info]: Server is running on port: 8181
2024-04-26T18:10:00.341Z [error]: Login Failed: POST /api/auth/login: Authentication Error - Invalid username or password.
2024-04-26T18:10:01.378Z [error]: Login Failed: POST /api/auth/login: Authentication Error - Invalid username or password.
2024-04-26T18:10:02.307Z [error]: Login Failed: POST /api/auth/login: Authentication Error - Invalid username or password.
2024-04-26T18:10:02.977Z [error]: Login Failed: POST /api/auth/login: Authentication Error - Invalid username or password.
2024-04-26T18:10:03.573Z [error]: Login Failed: POST /api/auth/login: Authentication Error - Invalid username or password.
2024-04-26T18:10:44.731Z [info]: Connected To MongoDB Locally.
2024-04-26T18:10:44.774Z [info]: Server is running on port: 8181
2024-04-26T18:15:36.921Z [info]: Connected To MongoDB Locally.
2024-04-26T18:15:36.964Z [info]: Server is running on port: 8181
2024-04-26T18:15:45.315Z [info]: Connected To MongoDB Locally.
2024-04-26T18:15:45.357Z [info]: Server is running on port: 8181
2024-04-26T18:16:05.289Z [info]: Connected To MongoDB Locally.
2024-04-26T18:16:05.339Z [info]: Server is running on port: 8181
2024-04-26T18:16:09.056Z [error]: Login Failed: POST /api/auth/login: Authentication Error - Invalid username or password.
2024-04-26T18:16:10.214Z [error]: Login Failed: POST /api/auth/login: Authentication Error - Invalid username or password.
2024-04-26T18:16:10.980Z [error]: Login Failed: POST /api/auth/login: Authentication Error - Invalid username or password.
2024-04-26T18:16:11.563Z [error]: Login Failed: POST /api/auth/login: Authentication Error - Invalid username or password.
2024-04-26T18:16:12.263Z [error]: Login Failed: POST /api/auth/login: Authentication Error - Invalid username or password.
2024-04-26T18:23:22.121Z [info]: Connected To MongoDB Locally.
2024-04-26T18:23:22.212Z [info]: Server is running on port: 8181
2024-04-26T18:23:50.712Z [info]: Connected To MongoDB Locally.
2024-04-26T18:23:50.873Z [info]: Server is running on port: 8181
2024-04-26T18:23:54.690Z [error]: Login Failed: POST /api/auth/login: Authentication Error - Invalid username or password.
2024-04-26T18:24:29.861Z [info]: Connected To MongoDB Locally.
2024-04-26T18:24:30.013Z [info]: Server is running on port: 8181
2024-04-26T18:24:33.222Z [error]: Login Failed: POST /api/auth/login: Authentication Error - Invalid username or password.
2024-04-26T18:24:38.044Z [error]: Login Failed: POST /api/auth/login: Authentication Error - Invalid username or password.
2024-04-26T18:24:39.358Z [error]: Login Failed: POST /api/auth/login: Authentication Error - Invalid username or password.
2024-04-26T18:24:41.893Z [error]: Login Failed: POST /api/auth/login: Authentication Error - Invalid username or password.
2024-04-26T18:25:15.311Z [info]: Connected To MongoDB Locally.
2024-04-26T18:25:15.416Z [info]: Server is running on port: 8181
2024-04-26T18:27:32.585Z [error]: Login Failed: POST /api/auth/login: Authentication Error - Invalid username or password.
2024-04-26T18:27:53.596Z [info]: Connected To MongoDB Locally.
2024-04-26T18:27:53.627Z [info]: Server is running on port: 8181
2024-04-26T18:28:05.509Z [info]: Connected To MongoDB Locally.
2024-04-26T18:28:05.541Z [info]: Server is running on port: 8181
2024-04-26T18:28:19.801Z [info]: Connected To MongoDB Locally.
2024-04-26T18:28:19.837Z [info]: Server is running on port: 8181
2024-04-26T18:28:29.832Z [info]: Connected To MongoDB Locally.
2024-04-26T18:28:29.867Z [info]: Server is running on port: 8181
2024-04-26T18:28:38.822Z [info]: Connected To MongoDB Locally.
2024-04-26T18:28:38.855Z [info]: Server is running on port: 8181
2024-04-26T18:31:17.617Z [info]: Connected To MongoDB Locally.
2024-04-26T18:31:17.655Z [info]: Server is running on port: 8181
2024-04-26T18:32:27.277Z [info]: Connected To MongoDB Locally.
2024-04-26T18:32:27.314Z [info]: Server is running on port: 8181
2024-04-26T18:34:46.636Z [info]: Connected To MongoDB Locally.
2024-04-26T18:34:46.670Z [info]: Server is running on port: 8181
2024-04-26T18:35:11.328Z [error]: Login Failed: POST /api/auth/login: Authentication Error - Invalid username or password.
2024-04-26T18:35:12.807Z [error]: Login Failed: POST /api/auth/login: Authentication Error - Invalid username or password.
2024-04-26T18:35:13.773Z [error]: Login Failed: POST /api/auth/login: Authentication Error - Invalid username or password.
2024-04-26T18:35:14.570Z [error]: Login Failed: POST /api/auth/login: Authentication Error - Invalid username or password.
2024-04-26T18:35:15.474Z [error]: Login Failed: POST /api/auth/login: Authentication Error - Invalid username or password.
2024-04-26T18:35:49.244Z [info]: Connected To MongoDB Locally.
2024-04-26T18:35:49.289Z [info]: Server is running on port: 8181
2024-04-26T18:36:03.782Z [error]: Login Failed: POST /api/auth/login: Authentication Error - Invalid username or password.
2024-04-26T18:36:04.625Z [error]: Login Failed: POST /api/auth/login: Authentication Error - Invalid username or password.
2024-04-26T18:36:05.414Z [error]: Login Failed: POST /api/auth/login: Authentication Error - Invalid username or password.
2024-04-26T18:36:08.773Z [error]: Login Failed: POST /api/auth/login: Authentication Error - Invalid username or password.
2024-04-26T18:36:09.459Z [error]: Login Failed: POST /api/auth/login: Authentication Error - Invalid username or password.
2024-04-26T18:40:41.554Z [info]: Connected To MongoDB Locally.
2024-04-26T18:40:41.592Z [info]: Server is running on port: 8181
2024-04-26T20:28:22.280Z [info]: Connected To MongoDB Locally.
2024-04-26T20:28:22.389Z [info]: Server is running on port: 8181
2024-04-26T20:29:39.695Z [info]: Connected To MongoDB Locally.
2024-04-26T20:29:39.723Z [info]: Server is running on port: 8181
2024-04-26T20:31:02.751Z [info]: Connected To MongoDB Locally.
2024-04-26T20:31:02.800Z [info]: Server is running on port: 8181
2024-04-26T20:33:40.846Z [info]: Connected To MongoDB Locally.
2024-04-26T20:33:40.907Z [info]: Server is running on port: 8181
2024-04-26T20:34:06.173Z [error]: Login Failed: POST /api/auth/login: Authentication Error - Invalid username or password.
2024-04-26T20:34:10.448Z [error]: Login Failed: POST /api/auth/login: Authentication Error - Invalid username or password.
2024-04-26T20:34:11.032Z [error]: Login Failed: POST /api/auth/login: Authentication Error - Invalid username or password.
2024-04-26T20:34:11.657Z [error]: Login Failed: POST /api/auth/login: Authentication Error - Invalid username or password.
2024-04-26T20:34:12.305Z [error]: Login Failed: POST /api/auth/login: Authentication Error - Invalid username or password.
2024-04-26T20:36:58.948Z [info]: Connected To MongoDB Locally.
2024-04-26T20:36:58.977Z [info]: Server is running on port: 8181
2024-04-26T20:37:18.519Z [info]: Connected To MongoDB Locally.
2024-04-26T20:37:18.555Z [info]: Server is running on port: 8181
2024-04-26T20:39:09.664Z [info]: Connected To MongoDB Locally.
2024-04-26T20:39:09.694Z [info]: Server is running on port: 8181
2024-04-26T20:39:28.980Z [info]: Connected To MongoDB Locally.
2024-04-26T20:39:29.016Z [info]: Server is running on port: 8181
2024-04-26T20:40:23.001Z [error]: Login Failed: POST /api/auth/login: Authentication Error - Invalid username or password.
2024-04-26T20:40:23.970Z [error]: Login Failed: POST /api/auth/login: Authentication Error - Invalid username or password.
2024-04-26T20:40:24.707Z [error]: Login Failed: POST /api/auth/login: Authentication Error - Invalid username or password.
2024-04-26T20:40:25.303Z [error]: Login Failed: POST /api/auth/login: Authentication Error - Invalid username or password.
2024-04-26T20:40:26.109Z [error]: Login Failed: POST /api/auth/login: Authentication Error - Account is locked. Try again after 24 hours --->
2024-04-26T20:40:26.727Z [error]: Login Failed: POST /api/auth/login: Authentication Error - Account is locked. Try again after 0.02 hours
2024-04-26T20:40:27.532Z [error]: Login Failed: POST /api/auth/login: Authentication Error - Account is locked. Try again after 0.02 hours
2024-04-26T20:40:28.262Z [error]: Login Failed: POST /api/auth/login: Authentication Error - Account is locked. Try again after 0.02 hours
2024-04-26T20:40:28.910Z [error]: Login Failed: POST /api/auth/login: Authentication Error - Account is locked. Try again after 0.02 hours
2024-04-26T20:40:29.516Z [error]: Login Failed: POST /api/auth/login: Authentication Error - Account is locked. Try again after 0.02 hours
2024-04-26T20:40:30.160Z [error]: Login Failed: POST /api/auth/login: Authentication Error - Account is locked. Try again after 0.02 hours
2024-04-26T20:40:30.763Z [error]: Login Failed: POST /api/auth/login: Authentication Error - Account is locked. Try again after 0.02 hours
2024-04-26T20:40:33.423Z [error]: Login Failed: POST /api/auth/login: Authentication Error - Account is locked. Try again after 0.01 hours
2024-04-26T20:40:34.422Z [error]: Login Failed: POST /api/auth/login: Authentication Error - Account is locked. Try again after 0.01 hours
2024-04-26T20:40:35.179Z [error]: Login Failed: POST /api/auth/login: Authentication Error - Account is locked. Try again after 0.01 hours
2024-04-26T20:40:35.880Z [error]: Login Failed: POST /api/auth/login: Authentication Error - Account is locked. Try again after 0.01 hours
2024-04-26T20:40:36.520Z [error]: Login Failed: POST /api/auth/login: Authentication Error - Account is locked. Try again after 0.01 hours
2024-04-26T20:40:58.529Z [error]: Login Failed: POST /api/auth/login: Authentication Error - Invalid username or password.
2024-04-26T20:40:59.516Z [error]: Login Failed: POST /api/auth/login: Authentication Error - Invalid username or password.
2024-04-26T20:41:00.295Z [error]: Login Failed: POST /api/auth/login: Authentication Error - Invalid username or password.
2024-04-26T20:41:00.903Z [error]: Login Failed: POST /api/auth/login: Authentication Error - Invalid username or password.
2024-04-26T20:41:01.593Z [error]: Login Failed: POST /api/auth/login: Authentication Error - Invalid username or password.
2024-04-26T20:43:47.705Z [info]: Connected To MongoDB Locally.
2024-04-26T20:43:47.739Z [info]: Server is running on port: 8181
2024-04-26T20:45:50.932Z [info]: Connected To MongoDB Locally.
2024-04-26T20:45:50.964Z [info]: Server is running on port: 8181
2024-04-26T20:46:35.625Z [info]: Connected To MongoDB Locally.
2024-04-26T20:46:35.668Z [info]: Server is running on port: 8181
2024-04-26T20:47:22.169Z [info]: Connected To MongoDB Locally.
2024-04-26T20:47:22.198Z [info]: Server is running on port: 8181
2024-04-26T20:47:28.408Z [info]: Connected To MongoDB Locally.
2024-04-26T20:47:28.454Z [info]: Server is running on port: 8181
2024-04-26T20:48:15.479Z [info]: Connected To MongoDB Locally.
2024-04-26T20:48:15.511Z [info]: Server is running on port: 8181
2024-04-26T20:48:44.190Z [info]: Connected To MongoDB Locally.
2024-04-26T20:48:44.228Z [info]: Server is running on port: 8181
2024-04-26T20:49:01.082Z [info]: Connected To MongoDB Locally.
2024-04-26T20:49:01.122Z [info]: Server is running on port: 8181
2024-04-26T20:49:08.455Z [info]: Connected To MongoDB Locally.
2024-04-26T20:49:08.488Z [info]: Server is running on port: 8181
2024-04-26T20:49:18.312Z [info]: Connected To MongoDB Locally.
2024-04-26T20:49:18.344Z [info]: Server is running on port: 8181
2024-04-26T20:50:19.274Z [info]: Connected To MongoDB Locally.
2024-04-26T20:50:19.309Z [info]: Server is running on port: 8181
2024-04-26T20:50:29.199Z [info]: Connected To MongoDB Locally.
2024-04-26T20:50:29.232Z [info]: Server is running on port: 8181
2024-04-26T20:50:52.753Z [info]: Connected To MongoDB Locally.
2024-04-26T20:50:52.785Z [info]: Server is running on port: 8181
2024-04-26T20:51:05.490Z [info]: Connected To MongoDB Locally.
2024-04-26T20:51:05.535Z [info]: Server is running on port: 8181
2024-04-26T20:51:42.128Z [info]: Connected To MongoDB Locally.
2024-04-26T20:51:42.159Z [info]: Server is running on port: 8181
2024-04-26T20:52:11.595Z [info]: Connected To MongoDB Locally.
2024-04-26T20:52:11.631Z [info]: Server is running on port: 8181
2024-04-26T20:53:13.159Z [info]: Connected To MongoDB Locally.
2024-04-26T20:53:13.215Z [info]: Server is running on port: 8181
2024-04-26T20:54:23.313Z [info]: Connected To MongoDB Locally.
2024-04-26T20:54:23.342Z [info]: Server is running on port: 8181
2024-04-26T20:55:07.993Z [info]: Connected To MongoDB Locally.
2024-04-26T20:55:08.050Z [info]: Server is running on port: 8181
2024-04-26T20:55:20.241Z [error]: Login Failed: POST /api/auth/login: Authentication Error - Invalid username or password.
2024-04-26T20:55:24.975Z [error]: Login Failed: POST /api/auth/login: Authentication Error - Invalid username or password.
2024-04-26T20:55:25.859Z [error]: Login Failed: POST /api/auth/login: Authentication Error - Invalid username or password.
2024-04-26T20:55:26.652Z [error]: Login Failed: POST /api/auth/login: Authentication Error - Invalid username or password.
2024-04-26T20:55:27.386Z [error]: Login Failed: POST /api/auth/login: Authentication Error - Invalid username or password.
2024-04-26T20:56:58.145Z [info]: Connected To MongoDB Locally.
2024-04-26T20:56:58.175Z [info]: Server is running on port: 8181
2024-04-26T20:57:08.383Z [info]: Connected To MongoDB Locally.
2024-04-26T20:57:08.419Z [info]: Server is running on port: 8181
2024-04-26T20:58:59.199Z [info]: Connected To MongoDB Locally.
2024-04-26T20:58:59.284Z [info]: Server is running on port: 8181
2024-04-26T20:59:01.487Z [error]: Login Failed: POST /api/auth/login: Authentication Error - Invalid username or password.
2024-04-26T20:59:04.011Z [error]: Login Failed: POST /api/auth/login: Authentication Error - Invalid username or password.
2024-04-26T20:59:04.975Z [error]: Login Failed: POST /api/auth/login: Authentication Error - Invalid username or password.
2024-04-26T20:59:05.917Z [error]: Login Failed: POST /api/auth/login: Authentication Error - Invalid username or password.
2024-04-26T20:59:06.683Z [error]: Login Failed: POST /api/auth/login: Authentication Error - Invalid username or password.
2024-04-26T20:59:07.449Z [error]: Custom Error - Too many requests, please try again later.
2024-04-26T21:05:11.771Z [info]: Connected To MongoDB Locally.
2024-04-26T21:05:11.926Z [info]: Server is running on port: 8181
2024-04-26T21:05:15.085Z [error]: Login Failed: POST /api/auth/login: Authentication Error - Invalid username or password.
2024-04-26T21:05:20.533Z [error]: Login Failed: POST /api/auth/login: Authentication Error - Invalid username or password.
2024-04-26T21:05:21.356Z [error]: Login Failed: POST /api/auth/login: Authentication Error - Invalid username or password.
2024-04-26T21:05:22.022Z [error]: Login Failed: POST /api/auth/login: Authentication Error - Invalid username or password.
2024-04-26T21:05:22.738Z [error]: Login Failed: POST /api/auth/login: Authentication Error - Invalid username or password.
2024-04-26T21:05:23.340Z [error]: Custom Error - Too many requests, please try again later.
2024-04-26T21:05:24.139Z [error]: Custom Error - Too many requests, please try again later.
2024-04-26T21:05:25.876Z [error]: Custom Error - Too many requests, please try again later.
2024-04-26T21:05:31.320Z [error]: Custom Error - Too many requests, please try again later.
2024-04-26T21:05:34.206Z [error]: Custom Error - Too many requests, please try again later.
2024-04-26T23:43:30.744Z [info]: Connected To MongoDB Locally.
2024-04-26T23:43:30.816Z [info]: Server is running on port: 8181
2024-04-26T23:43:45.085Z [info]: Connected To MongoDB Locally.
2024-04-26T23:43:45.114Z [info]: Server is running on port: 8181
2024-04-26T23:43:59.209Z [error]: Login Failed: POST /api/auth/login: Authentication Error - Invalid username or password.
2024-04-26T23:44:00.616Z [error]: Login Failed: POST /api/auth/login: Authentication Error - Invalid username or password.
2024-04-26T23:44:02.314Z [error]: Login Failed: POST /api/auth/login: Authentication Error - Invalid username or password.
2024-04-26T23:44:03.716Z [error]: Login Failed: POST /api/auth/login: Authentication Error - Invalid username or password.
2024-04-26T23:44:04.533Z [error]: Custom Error - Account is locked. Try again after 24 hours --->
2024-04-26T23:44:05.362Z [error]: Login Failed: POST /api/auth/login: Authentication Error - Account is locked. Try again after 0.02 hours
2024-04-26T23:46:34.353Z [info]: Connected To MongoDB Locally.
2024-04-26T23:46:34.380Z [info]: Server is running on port: 8181
2024-04-26T23:46:50.028Z [error]: Login Failed: POST /api/auth/login: Authentication Error - Invalid username or password.
2024-04-26T23:46:55.477Z [error]: Login Failed: POST /api/auth/login: Authentication Error - Invalid username or password.
2024-04-26T23:46:56.311Z [error]: Login Failed: POST /api/auth/login: Authentication Error - Invalid username or password.
2024-04-26T23:47:00.847Z [error]: Login Failed: POST /api/auth/login: Authentication Error - Invalid username or password.
2024-04-26T23:47:01.825Z [error]: Login Failed: POST /api/auth/login: Authentication Error - Invalid username or password.
2024-04-26T23:47:08.596Z [error]: Login Failed: POST /api/auth/login: Authentication Error - Account is locked. Try again after 0.01 hours
2024-04-26T23:47:19.128Z [info]: Connected To MongoDB Locally.
2024-04-26T23:47:19.160Z [info]: Server is running on port: 8181
2024-04-26T23:47:45.090Z [error]: Login Failed: POST /api/auth/login: Authentication Error - Account is locked. Try again after 0.00 hours
2024-04-26T23:47:46.237Z [error]: Login Failed: POST /api/auth/login: Authentication Error - Account is locked. Try again after 0.00 hours
2024-04-26T23:47:51.696Z [error]: Login Failed: POST /api/auth/login: Authentication Error - Account is locked. Try again after 0.00 hours
2024-04-26T23:48:31.559Z [info]: Connected To MongoDB Locally.
2024-04-26T23:48:31.590Z [info]: Server is running on port: 8181
2024-04-26T23:48:37.057Z [error]: Login Failed: POST /api/auth/login: Authentication Error - Invalid username or password.
2024-04-26T23:48:44.144Z [error]: Login Failed: POST /api/auth/login: Authentication Error - Invalid username or password.
2024-04-26T23:48:45.094Z [error]: Login Failed: POST /api/auth/login: Authentication Error - Invalid username or password.
2024-04-26T23:48:45.998Z [error]: Login Failed: POST /api/auth/login: Authentication Error - Invalid username or password.
2024-04-26T23:48:46.882Z [error]: Custom Error - Account is locked. Try again after 24 hours
2024-04-26T23:48:49.632Z [error]: Custom Error - Account is locked. Try again after 0.02 hours
2024-04-26T23:48:51.494Z [error]: Custom Error - Account is locked. Try again after 0.02 hours
2024-04-26T23:53:28.714Z [error]: Login Failed: POST /api/auth/login: Authentication Error - Invalid username or password.
2024-04-26T23:53:36.093Z [error]: Login Failed: POST /api/auth/login: Authentication Error - Invalid username or password.
2024-04-26T23:53:38.216Z [error]: Login Failed: POST /api/auth/login: Authentication Error - Invalid username or password.
2024-04-26T23:53:39.039Z [error]: Login Failed: POST /api/auth/login: Authentication Error - Invalid username or password.
2024-04-26T23:53:40.014Z [error]: Custom Error - Account is locked. Try again after 24 hours
2024-04-26T23:53:42.798Z [error]: Custom Error - Account is locked. Try again after 0.02 hours
2024-04-26T23:54:26.930Z [info]: Connected To MongoDB Locally.
2024-04-26T23:54:26.960Z [info]: Server is running on port: 8181
2024-04-27T00:10:54.247Z [error]: Login Failed: POST /api/auth/login: Authentication Error - Invalid username or password.
2024-04-27T00:11:15.646Z [error]: Login Failed: POST /api/auth/login: Authentication Error - Invalid username or password.
2024-04-27T00:11:16.581Z [error]: Login Failed: POST /api/auth/login: Authentication Error - Invalid username or password.
2024-04-27T00:11:17.386Z [error]: Login Failed: POST /api/auth/login: Authentication Error - Invalid username or password.
2024-04-27T00:11:18.321Z [error]: Custom Error - Account is locked. Try again after 24 hours
