2024-04-17T10:39:24.634Z [info]: Connected To MongoDB Locally.
2024-04-17T10:39:24.771Z [info]: Server is running on port: 8181
2024-04-17T10:43:08.179Z [info]: Connected To MongoDB Locally.
2024-04-17T10:43:08.221Z [info]: Server is running on port: 8181
2024-04-17T10:43:29.287Z [info]: Connected To MongoDB Locally.
2024-04-17T10:43:29.334Z [info]: Server is running on port: 8181
2024-04-17T10:43:34.624Z [info]: Connected To MongoDB Locally.
2024-04-17T10:43:34.653Z [info]: Server is running on port: 8181
2024-04-17T10:43:58.015Z [info]: Connected To MongoDB Locally.
2024-04-17T10:43:58.057Z [info]: Server is running on port: 8181
2024-04-17T10:44:16.385Z [info]: Connected To MongoDB Locally.
2024-04-17T10:44:16.420Z [info]: Server is running on port: 8181
2024-04-17T10:44:42.107Z [info]: Connected To MongoDB Locally.
2024-04-17T10:44:42.139Z [info]: Server is running on port: 8181
2024-04-17T10:45:01.694Z [info]: Connected To MongoDB Locally.
2024-04-17T10:45:01.724Z [info]: Server is running on port: 8181
2024-04-17T10:45:12.911Z [info]: Connected To MongoDB Locally.
2024-04-17T10:45:12.936Z [info]: Server is running on port: 8181
2024-04-17T10:45:26.551Z [info]: Connected To MongoDB Locally.
2024-04-17T10:45:26.586Z [info]: Server is running on port: 8181
2024-04-17T10:45:42.615Z [info]: Connected To MongoDB Locally.
2024-04-17T10:45:42.645Z [info]: Server is running on port: 8181
2024-04-17T10:49:00.272Z [info]: Connected To MongoDB Locally.
2024-04-17T10:49:00.300Z [info]: Server is running on port: 8181
2024-04-17T10:49:07.684Z [info]: Connected To MongoDB Locally.
2024-04-17T10:49:07.711Z [info]: Server is running on port: 8181
2024-04-17T10:49:15.171Z [info]: Connected To MongoDB Locally.
2024-04-17T10:49:15.201Z [info]: Server is running on port: 8181
2024-04-17T10:49:26.679Z [info]: Connected To MongoDB Locally.
2024-04-17T10:49:26.705Z [info]: Server is running on port: 8181
2024-04-17T10:49:46.399Z [info]: Connected To MongoDB Locally.
2024-04-17T10:49:46.429Z [info]: Server is running on port: 8181
2024-04-17T10:51:36.985Z [info]: Connected To MongoDB Locally.
2024-04-17T10:51:37.021Z [info]: Server is running on port: 8181
2024-04-17T10:52:44.681Z [info]: Connected To MongoDB Locally.
2024-04-17T10:52:44.707Z [info]: Server is running on port: 8181
2024-04-17T10:53:27.852Z [info]: Connected To MongoDB Locally.
2024-04-17T10:53:27.876Z [info]: Server is running on port: 8181
2024-04-17T11:06:15.660Z [info]: Connected To MongoDB Locally.
2024-04-17T11:06:15.703Z [info]: Server is running on port: 8181
2024-04-17T11:06:26.383Z [info]: Connected To MongoDB Locally.
2024-04-17T11:06:26.413Z [info]: Server is running on port: 8181
2024-04-17T11:06:35.572Z [info]: Connected To MongoDB Locally.
2024-04-17T11:06:35.603Z [info]: Server is running on port: 8181
2024-04-17T11:06:42.124Z [info]: Connected To MongoDB Locally.
2024-04-17T11:06:42.167Z [info]: Server is running on port: 8181
2024-04-17T11:06:57.104Z [info]: Connected To MongoDB Locally.
2024-04-17T11:06:57.139Z [info]: Server is running on port: 8181
2024-04-17T11:07:03.487Z [info]: Connected To MongoDB Locally.
2024-04-17T11:07:03.523Z [info]: Server is running on port: 8181
2024-04-17T11:07:27.897Z [info]: Connected To MongoDB Locally.
2024-04-17T11:07:27.939Z [info]: Server is running on port: 8181
2024-04-17T11:08:28.212Z [info]: Received SIGINT. Closing server and shutting down...
2024-04-17T15:48:00.515Z [info]: Connected To MongoDB Locally.
2024-04-17T15:48:00.604Z [info]: Server is running on port: 8181
2024-04-17T15:48:37.566Z [info]: Connected To MongoDB Locally.
2024-04-17T15:48:37.592Z [info]: Server is running on port: 8181
2024-04-17T15:48:49.725Z [info]: Connected To MongoDB Locally.
2024-04-17T15:48:49.754Z [info]: Server is running on port: 8181
2024-04-17T15:48:56.459Z [info]: Connected To MongoDB Locally.
2024-04-17T15:48:56.486Z [info]: Server is running on port: 8181
2024-04-17T15:50:52.556Z [info]: Connected To MongoDB Locally.
2024-04-17T15:50:52.582Z [info]: Server is running on port: 8181
2024-04-17T15:50:57.433Z [info]: Connected To MongoDB Locally.
2024-04-17T15:50:57.460Z [info]: Server is running on port: 8181
2024-04-17T15:51:13.596Z [info]: Connected To MongoDB Locally.
2024-04-17T15:51:13.626Z [info]: Server is running on port: 8181
2024-04-17T15:51:53.880Z [info]: Connected To MongoDB Locally.
2024-04-17T15:51:53.913Z [info]: Server is running on port: 8181
2024-04-17T15:52:13.335Z [info]: Connected To MongoDB Locally.
2024-04-17T15:52:13.377Z [info]: Server is running on port: 8181
2024-04-17T16:10:07.817Z [info]: Connected To MongoDB Locally.
2024-04-17T16:10:07.869Z [info]: Server is running on port: 8181
2024-04-17T17:54:01.562Z [info]: Connected To MongoDB Locally.
2024-04-17T17:54:01.650Z [info]: Server is running on port: 8181
2024-04-17T17:54:32.575Z [info]: Connected To MongoDB Locally.
2024-04-17T17:54:32.603Z [info]: Server is running on port: 8181
2024-04-17T17:55:16.061Z [info]: Connected To MongoDB Locally.
2024-04-17T17:55:16.122Z [info]: Server is running on port: 8181
2024-04-17T22:15:39.734Z [info]: Received SIGINT. Closing server and shutting down...
2024-04-17T22:15:39.745Z [info]: Shutting down gracefully...
2024-04-17T22:15:39.783Z [info]: MongoDB connection closed.
