2024-04-23T16:32:42.892Z [info]: Connected To MongoDB Locally.
2024-04-23T16:32:42.979Z [info]: Server is running on port: 8181
2024-04-23T16:33:40.658Z [error]: Login Failed: POST /api/auth/login: Authentication Error - Invalid username or password.
2024-04-23T16:33:43.979Z [error]: Login Failed: POST /api/auth/login: Authentication Error - Invalid username or password.
2024-04-23T16:33:45.504Z [error]: Login Failed: POST /api/auth/login: Authentication Error - Invalid username or password.
2024-04-23T16:33:47.087Z [error]: Login Failed: POST /api/auth/login: Authentication Error - Invalid username or password.
2024-04-23T16:33:49.346Z [error]: Login Failed: POST /api/auth/login: Authentication Error - Account is locked. Try again after 24 hours --->
2024-04-23T16:44:21.211Z [info]: Connected To MongoDB Locally.
2024-04-23T16:44:21.295Z [info]: Server is running on port: 8181
2024-04-23T16:44:51.209Z [info]: Connected To MongoDB Locally.
2024-04-23T16:44:51.243Z [info]: Server is running on port: 8181
2024-04-23T16:51:44.891Z [info]: Connected To MongoDB Locally.
2024-04-23T16:51:44.973Z [info]: Server is running on port: 8181
2024-04-23T16:51:49.189Z [error]: Login Failed: POST /api/auth/login: Authentication Error - Invalid username or password.
2024-04-23T16:51:55.220Z [error]: Login Failed: POST /api/auth/login: Authentication Error - Invalid username or password.
2024-04-23T16:51:56.387Z [error]: Login Failed: POST /api/auth/login: Authentication Error - Invalid username or password.
2024-04-23T16:51:57.410Z [error]: Login Failed: POST /api/auth/login: Authentication Error - Invalid username or password.
2024-04-23T16:51:58.456Z [error]: Login Failed: POST /api/auth/login: Authentication Error - Account is locked. Try again after 24 hours --->
2024-04-23T16:52:02.864Z [error]: Login Failed: POST /api/auth/login: Authentication Error - Account is locked. Try again after 0.02 hours
2024-04-23T16:52:05.092Z [error]: Login Failed: POST /api/auth/login: Authentication Error - Account is locked. Try again after 0.01 hours
2024-04-23T16:52:06.309Z [error]: Login Failed: POST /api/auth/login: Authentication Error - Account is locked. Try again after 0.01 hours
2024-04-23T16:52:07.369Z [error]: Login Failed: POST /api/auth/login: Authentication Error - Account is locked. Try again after 0.01 hours
2024-04-23T16:52:21.472Z [error]: Login Failed: POST /api/auth/login: Authentication Error - Invalid username or password.
2024-04-23T16:52:28.319Z [error]: Login Failed: POST /api/auth/login: Authentication Error - Invalid username or password.
2024-04-23T16:52:29.326Z [error]: Login Failed: POST /api/auth/login: Authentication Error - Invalid username or password.
2024-04-23T16:52:30.184Z [error]: Login Failed: POST /api/auth/login: Authentication Error - Invalid username or password.
2024-04-23T16:52:35.259Z [error]: Login Failed: POST /api/auth/login: Authentication Error - Invalid username or password.
2024-04-23T16:52:36.941Z [error]: Login Failed: POST /api/auth/login: Authentication Error - Invalid username or password.
2024-04-23T16:53:53.501Z [info]: Connected To MongoDB Locally.
2024-04-23T16:53:53.537Z [info]: Server is running on port: 8181
2024-04-23T16:53:55.609Z [error]: Login Failed: POST /api/auth/login: Authentication Error - Invalid username or password.
2024-04-23T16:53:58.439Z [error]: Login Failed: POST /api/auth/login: Authentication Error - Invalid username or password.
2024-04-23T16:54:01.076Z [error]: Login Failed: POST /api/auth/login: Authentication Error - Invalid username or password.
2024-04-23T16:54:03.579Z [error]: Login Failed: POST /api/auth/login: Authentication Error - Invalid username or password.
2024-04-23T16:54:04.678Z [error]: Login Failed: POST /api/auth/login: Authentication Error - Invalid username or password.
2024-04-23T16:54:22.116Z [info]: Connected To MongoDB Locally.
2024-04-23T16:54:22.144Z [info]: Server is running on port: 8181
2024-04-23T16:54:24.364Z [error]: Login Failed: POST /api/auth/login: Authentication Error - Invalid username or password.
2024-04-23T16:54:26.841Z [error]: Login Failed: POST /api/auth/login: Authentication Error - Invalid username or password.
2024-04-23T16:54:28.392Z [error]: Login Failed: POST /api/auth/login: Authentication Error - Invalid username or password.
2024-04-23T16:54:39.911Z [error]: Login Failed: POST /api/auth/login: Authentication Error - Invalid username or password.
2024-04-23T16:56:28.872Z [info]: Connected To MongoDB Locally.
2024-04-23T16:56:28.897Z [info]: Server is running on port: 8181
2024-04-23T16:56:43.341Z [error]: Login Failed: POST /api/auth/login: Authentication Error - Invalid username or password.
2024-04-23T16:56:46.739Z [error]: Login Failed: POST /api/auth/login: Authentication Error - Invalid username or password.
2024-04-23T16:56:50.403Z [error]: Login Failed: POST /api/auth/login: Authentication Error - Invalid username or password.
2024-04-23T16:56:51.686Z [error]: Login Failed: POST /api/auth/login: Authentication Error - Account is locked. Try again after 24 hours --->
2024-04-23T16:56:53.421Z [error]: Login Failed: POST /api/auth/login: Authentication Error - Account is locked. Try again after 0.02 hours
2024-04-23T16:56:58.700Z [error]: Login Failed: POST /api/auth/login: Authentication Error - Invalid username or password.
2024-04-23T16:56:59.766Z [error]: Login Failed: POST /api/auth/login: Authentication Error - Invalid username or password.
2024-04-23T16:57:00.604Z [error]: Login Failed: POST /api/auth/login: Authentication Error - Invalid username or password.
2024-04-23T16:57:01.342Z [error]: Login Failed: POST /api/auth/login: Authentication Error - Invalid username or password.
2024-04-23T16:57:02.008Z [error]: Login Failed: POST /api/auth/login: Authentication Error - Invalid username or password.
2024-04-23T16:57:02.708Z [error]: Login Failed: POST /api/auth/login: Authentication Error - Invalid username or password.
2024-04-23T16:57:03.306Z [error]: Login Failed: POST /api/auth/login: Authentication Error - Invalid username or password.
2024-04-23T16:57:03.873Z [error]: Login Failed: POST /api/auth/login: Authentication Error - Invalid username or password.
2024-04-23T16:57:04.392Z [error]: Login Failed: POST /api/auth/login: Authentication Error - Invalid username or password.
2024-04-23T16:57:05.058Z [error]: Login Failed: POST /api/auth/login: Authentication Error - Invalid username or password.
2024-04-23T16:57:05.652Z [error]: Login Failed: POST /api/auth/login: Authentication Error - Invalid username or password.
2024-04-23T16:57:06.249Z [error]: Login Failed: POST /api/auth/login: Authentication Error - Invalid username or password.
2024-04-23T16:57:06.707Z [error]: Login Failed: POST /api/auth/login: Authentication Error - Invalid username or password.
2024-04-23T16:57:21.078Z [info]: Connected To MongoDB Locally.
2024-04-23T16:57:21.107Z [info]: Server is running on port: 8181
2024-04-23T16:57:22.167Z [error]: Login Failed: POST /api/auth/login: Authentication Error - Invalid username or password.
2024-04-23T16:57:24.195Z [error]: Login Failed: POST /api/auth/login: Authentication Error - Invalid username or password.
2024-04-23T16:57:26.849Z [error]: Login Failed: POST /api/auth/login: Authentication Error - Invalid username or password.
2024-04-23T16:57:27.890Z [error]: Login Failed: POST /api/auth/login: Authentication Error - Invalid username or password.
2024-04-23T16:57:29.390Z [error]: Login Failed: POST /api/auth/login: Authentication Error - Invalid username or password.
2024-04-23T16:57:39.902Z [info]: Connected To MongoDB Locally.
2024-04-23T16:57:39.930Z [info]: Server is running on port: 8181
2024-04-23T16:57:40.981Z [error]: Login Failed: POST /api/auth/login: Authentication Error - Invalid username or password.
2024-04-23T16:57:43.428Z [error]: Login Failed: POST /api/auth/login: Authentication Error - Invalid username or password.
2024-04-23T16:57:44.223Z [error]: Login Failed: POST /api/auth/login: Authentication Error - Invalid username or password.
2024-04-23T16:57:44.977Z [error]: Login Failed: POST /api/auth/login: Authentication Error - Invalid username or password.
2024-04-23T16:57:46.286Z [error]: Login Failed: POST /api/auth/login: Authentication Error - Invalid username or password.
2024-04-23T16:57:46.856Z [error]: Login Failed: POST /api/auth/login: Authentication Error - Invalid username or password.
2024-04-23T16:57:47.491Z [error]: Login Failed: POST /api/auth/login: Authentication Error - Invalid username or password.
2024-04-23T16:57:48.134Z [error]: Login Failed: POST /api/auth/login: Authentication Error - Invalid username or password.
2024-04-23T16:57:56.703Z [error]: Login Failed: POST /api/auth/login: Authentication Error - Invalid username or password.
2024-04-23T16:57:57.970Z [error]: Login Failed: POST /api/auth/login: Authentication Error - Invalid username or password.
2024-04-23T16:57:59.007Z [error]: Login Failed: POST /api/auth/login: Authentication Error - Invalid username or password.
2024-04-23T16:58:16.220Z [info]: Connected To MongoDB Locally.
2024-04-23T16:58:16.248Z [info]: Server is running on port: 8181
2024-04-23T16:58:17.211Z [error]: Login Failed: POST /api/auth/login: Authentication Error - Invalid username or password.
2024-04-23T16:58:26.174Z [info]: Connected To MongoDB Locally.
2024-04-23T16:58:26.243Z [info]: Server is running on port: 8181
2024-04-23T16:58:27.688Z [error]: Login Failed: POST /api/auth/login: Authentication Error - Invalid username or password.
2024-04-23T16:58:47.393Z [info]: Connected To MongoDB Locally.
2024-04-23T16:58:47.425Z [info]: Server is running on port: 8181
2024-04-23T16:58:48.498Z [error]: Login Failed: POST /api/auth/login: Authentication Error - Invalid username or password.
2024-04-23T16:58:49.925Z [error]: Login Failed: POST /api/auth/login: Authentication Error - Invalid username or password.
2024-04-23T16:58:51.522Z [error]: Login Failed: POST /api/auth/login: Authentication Error - Invalid username or password.
2024-04-23T16:59:29.807Z [info]: Connected To MongoDB Locally.
2024-04-23T16:59:29.835Z [info]: Server is running on port: 8181
2024-04-23T16:59:38.511Z [error]: Login Failed: POST /api/auth/login: Authentication Error - Invalid username or password.
2024-04-23T16:59:39.571Z [error]: Login Failed: POST /api/auth/login: Authentication Error - Invalid username or password.
2024-04-23T16:59:40.189Z [error]: Login Failed: POST /api/auth/login: Authentication Error - Invalid username or password.
2024-04-23T16:59:41.489Z [error]: Login Failed: POST /api/auth/login: Authentication Error - Invalid username or password.
2024-04-23T16:59:41.839Z [error]: Login Failed: POST /api/auth/login: Authentication Error - Invalid username or password.
2024-04-23T16:59:42.608Z [error]: Login Failed: POST /api/auth/login: Authentication Error - Invalid username or password.
2024-04-23T16:59:43.107Z [error]: Login Failed: POST /api/auth/login: Authentication Error - Invalid username or password.
2024-04-23T16:59:43.956Z [error]: Login Failed: POST /api/auth/login: Authentication Error - Invalid username or password.
2024-04-23T16:59:44.526Z [error]: Login Failed: POST /api/auth/login: Authentication Error - Invalid username or password.
2024-04-23T16:59:45.199Z [error]: Login Failed: POST /api/auth/login: Authentication Error - Invalid username or password.
2024-04-23T16:59:46.599Z [error]: Login Failed: POST /api/auth/login: Authentication Error - Invalid username or password.
2024-04-23T17:00:29.903Z [info]: Connected To MongoDB Locally.
2024-04-23T17:00:29.953Z [info]: Server is running on port: 8181
2024-04-23T17:00:43.694Z [info]: Connected To MongoDB Locally.
2024-04-23T17:00:43.737Z [info]: Server is running on port: 8181
2024-04-23T17:01:11.893Z [info]: Connected To MongoDB Locally.
2024-04-23T17:01:11.933Z [info]: Server is running on port: 8181
2024-04-23T17:01:33.587Z [info]: Connected To MongoDB Locally.
2024-04-23T17:01:33.623Z [info]: Server is running on port: 8181
2024-04-23T17:01:35.423Z [error]: Login Failed: POST /api/auth/login: Authentication Error - Invalid username or password.
2024-04-23T17:01:36.574Z [error]: Login Failed: POST /api/auth/login: Authentication Error - Invalid username or password.
2024-04-23T17:01:37.558Z [error]: Login Failed: POST /api/auth/login: Authentication Error - Invalid username or password.
2024-04-23T17:01:38.174Z [error]: Login Failed: POST /api/auth/login: Authentication Error - Invalid username or password.
2024-04-23T17:01:38.965Z [error]: Login Failed: POST /api/auth/login: Authentication Error - Invalid username or password.
2024-04-23T17:01:53.158Z [info]: Connected To MongoDB Locally.
2024-04-23T17:01:53.193Z [info]: Server is running on port: 8181
2024-04-23T17:01:54.274Z [error]: Login Failed: POST /api/auth/login: Authentication Error - Invalid username or password.
2024-04-23T17:01:59.557Z [error]: Login Failed: POST /api/auth/login: Authentication Error - Invalid username or password.
2024-04-23T17:02:00.681Z [error]: Login Failed: POST /api/auth/login: Authentication Error - Invalid username or password.
2024-04-23T17:02:01.620Z [error]: Login Failed: POST /api/auth/login: Authentication Error - Invalid username or password.
2024-04-23T17:02:02.422Z [error]: Login Failed: POST /api/auth/login: Authentication Error - Invalid username or password.
2024-04-23T17:02:03.170Z [error]: Login Failed: POST /api/auth/login: Authentication Error - Account is locked. Try again after 24 hours --->
2024-04-23T17:04:00.882Z [info]: Connected To MongoDB Locally.
2024-04-23T17:04:00.922Z [info]: Server is running on port: 8181
2024-04-23T17:04:07.486Z [error]: Login Failed: POST /api/auth/login: Authentication Error - Invalid username or password.
2024-04-23T17:04:09.562Z [error]: Login Failed: POST /api/auth/login: Authentication Error - Invalid username or password.
2024-04-23T17:04:11.320Z [error]: Login Failed: POST /api/auth/login: Authentication Error - Invalid username or password.
2024-04-23T17:04:12.257Z [error]: Login Failed: POST /api/auth/login: Authentication Error - Invalid username or password.
2024-04-23T17:04:13.057Z [error]: Login Failed: POST /api/auth/login: Authentication Error - Account is locked. Try again after 24 hours --->
2024-04-23T17:04:13.686Z [error]: Login Failed: POST /api/auth/login: Authentication Error - Account is locked. Try again after 0.02 hours
2024-04-23T17:04:14.636Z [error]: Login Failed: POST /api/auth/login: Authentication Error - Account is locked. Try again after 0.02 hours
2024-04-23T17:04:15.293Z [error]: Login Failed: POST /api/auth/login: Authentication Error - Account is locked. Try again after 0.02 hours
2024-04-23T17:04:16.082Z [error]: Login Failed: POST /api/auth/login: Authentication Error - Account is locked. Try again after 0.02 hours
2024-04-23T17:04:16.988Z [error]: Login Failed: POST /api/auth/login: Authentication Error - Account is locked. Try again after 0.02 hours
2024-04-23T17:07:55.198Z [error]: Login Failed: POST /api/auth/login: Authentication Error - Invalid username or password.
2024-04-23T17:08:10.836Z [error]: Login Failed: POST /api/auth/login: Authentication Error - Invalid username or password.
2024-04-23T17:08:11.789Z [error]: Login Failed: POST /api/auth/login: Authentication Error - Invalid username or password.
2024-04-23T17:08:12.604Z [error]: Login Failed: POST /api/auth/login: Authentication Error - Invalid username or password.
2024-04-23T17:08:13.219Z [error]: Login Failed: POST /api/auth/login: Authentication Error - Invalid username or password.
2024-04-23T17:08:14.053Z [error]: Login Failed: POST /api/auth/login: Authentication Error - Account is locked. Try again after 24 hours --->
2024-04-23T17:08:14.722Z [error]: Login Failed: POST /api/auth/login: Authentication Error - Account is locked. Try again after 0.02 hours
2024-04-23T17:08:23.176Z [error]: Login Failed: POST /api/auth/login: Authentication Error - Invalid username or password.
2024-04-23T17:08:24.606Z [error]: Login Failed: POST /api/auth/login: Authentication Error - Invalid username or password.
2024-04-23T17:08:25.449Z [error]: Login Failed: POST /api/auth/login: Authentication Error - Invalid username or password.
2024-04-23T17:08:26.305Z [error]: Login Failed: POST /api/auth/login: Authentication Error - Invalid username or password.
2024-04-23T17:08:27.039Z [error]: Login Failed: POST /api/auth/login: Authentication Error - Invalid username or password.
2024-04-23T17:51:55.950Z [info]: Connected To MongoDB Locally.
2024-04-23T17:51:56.066Z [info]: Server is running on port: 8181
2024-04-23T17:52:35.972Z [info]: Connected To MongoDB Locally.
2024-04-23T17:52:36.008Z [info]: Server is running on port: 8181
2024-04-23T17:53:12.407Z [info]: Connected To MongoDB Locally.
2024-04-23T17:53:12.439Z [info]: Server is running on port: 8181
2024-04-23T17:54:30.336Z [error]: Login Failed: POST /api/auth/login: Authentication Error - Invalid username or password.
2024-04-23T17:54:36.319Z [error]: Login Failed: POST /api/auth/login: Authentication Error - Invalid username or password.
2024-04-23T17:54:37.228Z [error]: Login Failed: POST /api/auth/login: Authentication Error - Invalid username or password.
2024-04-23T17:54:38.081Z [error]: Login Failed: POST /api/auth/login: Authentication Error - Invalid username or password.
2024-04-23T17:54:39.192Z [error]: Login Failed: POST /api/auth/login: Authentication Error - Account is locked. Try again after 24 hours --->
2024-04-23T17:54:39.734Z [error]: Login Failed: POST /api/auth/login: Authentication Error - Account is locked. Try again after 0.02 hours
2024-04-23T17:54:41.885Z [error]: Login Failed: POST /api/auth/login: Authentication Error - Account is locked. Try again after 0.02 hours
2024-04-23T17:54:47.841Z [error]: Login Failed: POST /api/auth/login: Authentication Error - Account is locked. Try again after 0.01 hours
2024-04-23T18:10:34.075Z [error]: Login Failed: POST /api/auth/login: Authentication Error - Invalid username or password.
2024-04-23T18:10:38.523Z [error]: Login Failed: POST /api/auth/login: Authentication Error - Invalid username or password.
2024-04-23T18:10:39.527Z [error]: Login Failed: POST /api/auth/login: Authentication Error - Invalid username or password.
2024-04-23T18:10:40.244Z [error]: Login Failed: POST /api/auth/login: Authentication Error - Invalid username or password.
2024-04-23T18:10:41.126Z [error]: Login Failed: POST /api/auth/login: Authentication Error - Account is locked. Try again after 24 hours --->
2024-04-23T18:10:47.392Z [error]: Login Failed: POST /api/auth/login: Authentication Error - Account is locked. Try again after 0.01 hours
2024-04-23T18:11:11.480Z [error]: Login Failed: POST /api/auth/login: Authentication Error - Account is locked. Try again after 0.01 hours
2024-04-23T18:11:13.555Z [error]: Login Failed: POST /api/auth/login: Authentication Error - Account is locked. Try again after 0.01 hours
2024-04-23T18:13:27.388Z [error]: Login Failed: POST /api/auth/login: Authentication Error - Invalid username or password.
2024-04-23T18:13:30.113Z [error]: Login Failed: POST /api/auth/login: Authentication Error - Invalid username or password.
2024-04-23T18:13:31.538Z [error]: Login Failed: POST /api/auth/login: Authentication Error - Invalid username or password.
2024-04-23T18:13:33.046Z [error]: Login Failed: POST /api/auth/login: Authentication Error - Invalid username or password.
2024-04-23T18:13:34.279Z [error]: Login Failed: POST /api/auth/login: Authentication Error - Invalid username or password.
2024-04-23T18:15:07.879Z [info]: Connected To MongoDB Locally.
2024-04-23T18:15:07.969Z [info]: Server is running on port: 8181
2024-04-23T18:16:40.074Z [info]: Connected To MongoDB Locally.
2024-04-23T18:16:40.110Z [info]: Server is running on port: 8181
2024-04-23T18:17:18.576Z [info]: Connected To MongoDB Locally.
2024-04-23T18:17:18.617Z [info]: Server is running on port: 8181
2024-04-23T18:17:34.573Z [error]: Login Failed: POST /api/auth/login: Authentication Error - Invalid username or password.
2024-04-23T18:17:35.462Z [error]: Login Failed: POST /api/auth/login: Authentication Error - Invalid username or password.
2024-04-23T18:17:36.586Z [error]: Login Failed: POST /api/auth/login: Authentication Error - Invalid username or password.
2024-04-23T18:17:37.292Z [error]: Login Failed: POST /api/auth/login: Authentication Error - Invalid username or password.
2024-04-23T18:17:38.325Z [error]: Login Failed: POST /api/auth/login: Authentication Error - Invalid username or password.
2024-04-23T18:18:03.549Z [info]: Connected To MongoDB Locally.
2024-04-23T18:18:03.591Z [info]: Server is running on port: 8181
2024-04-23T18:37:42.133Z [info]: Connected To MongoDB Locally.
2024-04-23T18:37:42.170Z [info]: Server is running on port: 8181
2024-04-23T18:37:57.926Z [error]: Login Failed: POST /api/auth/login: Authentication Error - Invalid username or password.
2024-04-23T18:37:59.427Z [error]: Login Failed: POST /api/auth/login: Authentication Error - Invalid username or password.
2024-04-23T18:38:01.044Z [error]: Login Failed: POST /api/auth/login: Authentication Error - Invalid username or password.
2024-04-23T18:38:02.477Z [error]: Login Failed: POST /api/auth/login: Authentication Error - Invalid username or password.
2024-04-23T18:38:03.438Z [error]: Login Failed: POST /api/auth/login: Authentication Error - Invalid username or password.
2024-04-23T18:38:04.342Z [error]: Login Failed: POST /api/auth/login: Authentication Error - Invalid username or password.
2024-04-23T18:38:05.337Z [error]: Login Failed: POST /api/auth/login: Authentication Error - Invalid username or password.
2024-04-23T18:38:06.230Z [error]: Login Failed: POST /api/auth/login: Authentication Error - Invalid username or password.
2024-04-23T18:38:07.093Z [error]: Login Failed: POST /api/auth/login: Authentication Error - Invalid username or password.
2024-04-23T18:38:08.927Z [error]: Login Failed: POST /api/auth/login: Authentication Error - Invalid username or password.
2024-04-23T18:39:24.411Z [info]: Connected To MongoDB Locally.
2024-04-23T18:39:24.447Z [info]: Server is running on port: 8181
2024-04-23T18:39:47.857Z [error]: Login Failed: POST /api/auth/login: Authentication Error - Invalid username or password.
2024-04-23T18:39:49.457Z [error]: Login Failed: POST /api/auth/login: Authentication Error - Invalid username or password.
2024-04-23T18:39:50.044Z [error]: Login Failed: POST /api/auth/login: Authentication Error - Invalid username or password.
2024-04-23T18:39:50.716Z [error]: Login Failed: POST /api/auth/login: Authentication Error - Invalid username or password.
2024-04-23T18:39:51.419Z [error]: Login Failed: POST /api/auth/login: Authentication Error - Invalid username or password.
2024-04-23T18:40:34.155Z [info]: Connected To MongoDB Locally.
2024-04-23T18:40:34.191Z [info]: Server is running on port: 8181
2024-04-23T18:40:41.437Z [error]: Login Failed: POST /api/auth/login: Authentication Error - Invalid username or password.
2024-04-23T18:40:42.585Z [error]: Login Failed: POST /api/auth/login: Authentication Error - Invalid username or password.
2024-04-23T18:40:43.105Z [error]: Login Failed: POST /api/auth/login: Authentication Error - Invalid username or password.
2024-04-23T18:40:43.826Z [error]: Login Failed: POST /api/auth/login: Authentication Error - Invalid username or password.
2024-04-23T18:40:44.452Z [error]: Login Failed: POST /api/auth/login: Authentication Error - Invalid username or password.
2024-04-23T18:41:19.864Z [info]: Connected To MongoDB Locally.
2024-04-23T18:41:19.894Z [info]: Server is running on port: 8181
2024-04-23T22:07:50.095Z [error]: Login Failed: POST /api/auth/login: Authentication Error - Invalid username or password.
2024-04-23T22:07:51.661Z [error]: Login Failed: POST /api/auth/login: Authentication Error - Invalid username or password.
2024-04-23T22:07:52.552Z [error]: Login Failed: POST /api/auth/login: Authentication Error - Invalid username or password.
2024-04-23T22:07:53.559Z [error]: Login Failed: POST /api/auth/login: Authentication Error - Invalid username or password.
2024-04-23T22:07:55.942Z [error]: Login Failed: POST /api/auth/login: Authentication Error - Invalid username or password.
2024-04-23T22:25:24.512Z [info]: Connected To MongoDB Locally.
2024-04-23T22:25:24.629Z [info]: Server is running on port: 8181
2024-04-23T22:25:49.124Z [error]: Login Failed: POST /api/auth/login: Authentication Error - Invalid username or password.
2024-04-23T22:25:50.310Z [error]: Login Failed: POST /api/auth/login: Authentication Error - Invalid username or password.
2024-04-23T22:25:51.292Z [error]: Login Failed: POST /api/auth/login: Authentication Error - Invalid username or password.
2024-04-23T22:25:52.174Z [error]: Login Failed: POST /api/auth/login: Authentication Error - Invalid username or password.
2024-04-23T22:25:52.994Z [error]: Login Failed: POST /api/auth/login: Authentication Error - Account is locked. Try again after 24 hours --->
2024-04-23T22:25:53.743Z [error]: Login Failed: POST /api/auth/login: Authentication Error - Account is locked. Try again after 0.02 hours
2024-04-23T22:25:59.510Z [error]: Login Failed: POST /api/auth/login: Authentication Error - Account is locked. Try again after 0.01 hours
2024-04-23T22:26:00.541Z [error]: Login Failed: POST /api/auth/login: Authentication Error - Account is locked. Try again after 0.01 hours
2024-04-23T22:26:01.410Z [error]: Login Failed: POST /api/auth/login: Authentication Error - Account is locked. Try again after 0.01 hours
2024-04-23T22:29:27.321Z [error]: Login Failed: POST /api/auth/login: Authentication Error - Invalid username or password.
2024-04-23T22:29:28.541Z [error]: Login Failed: POST /api/auth/login: Authentication Error - Invalid username or password.
2024-04-23T22:29:29.498Z [error]: Login Failed: POST /api/auth/login: Authentication Error - Invalid username or password.
2024-04-23T22:29:30.410Z [error]: Login Failed: POST /api/auth/login: Authentication Error - Invalid username or password.
2024-04-23T22:29:31.282Z [error]: Login Failed: POST /api/auth/login: Authentication Error - Invalid username or password.
2024-04-23T22:31:55.098Z [info]: Connected To MongoDB Locally.
2024-04-23T22:31:55.180Z [info]: Server is running on port: 8181
2024-04-23T22:32:45.634Z [info]: Connected To MongoDB Locally.
2024-04-23T22:32:45.691Z [info]: Server is running on port: 8181
2024-04-23T22:33:07.783Z [error]: Login Failed: POST /api/auth/login: Authentication Error - Invalid username or password.
2024-04-23T22:33:08.792Z [error]: Login Failed: POST /api/auth/login: Authentication Error - Invalid username or password.
2024-04-23T22:33:09.520Z [error]: Login Failed: POST /api/auth/login: Authentication Error - Invalid username or password.
2024-04-23T22:33:10.317Z [error]: Login Failed: POST /api/auth/login: Authentication Error - Invalid username or password.
2024-04-23T22:33:10.892Z [error]: Login Failed: POST /api/auth/login: Authentication Error - Invalid username or password.
2024-04-23T22:33:49.219Z [info]: Connected To MongoDB Locally.
2024-04-23T22:33:49.255Z [info]: Server is running on port: 8181
2024-04-23T22:34:02.931Z [error]: Login Failed: POST /api/auth/login: Authentication Error - Invalid username or password.
2024-04-23T22:34:03.908Z [error]: Login Failed: POST /api/auth/login: Authentication Error - Invalid username or password.
2024-04-23T22:34:04.850Z [error]: Login Failed: POST /api/auth/login: Authentication Error - Invalid username or password.
2024-04-23T22:34:06.101Z [error]: Login Failed: POST /api/auth/login: Authentication Error - Invalid username or password.
2024-04-23T22:34:06.908Z [error]: Login Failed: POST /api/auth/login: Authentication Error - Invalid username or password.
2024-04-23T22:35:24.627Z [info]: Connected To MongoDB Locally.
2024-04-23T22:35:24.677Z [info]: Server is running on port: 8181
2024-04-23T22:39:06.511Z [info]: Connected To MongoDB Locally.
2024-04-23T22:39:06.545Z [info]: Server is running on port: 8181
2024-04-23T22:42:13.077Z [info]: Connected To MongoDB Locally.
2024-04-23T22:42:13.106Z [info]: Server is running on port: 8181
2024-04-23T22:42:49.669Z [info]: Connected To MongoDB Locally.
2024-04-23T22:42:49.701Z [info]: Server is running on port: 8181
2024-04-23T22:42:58.648Z [error]: Login Failed: POST /api/auth/login: Authentication Error - Invalid username or password.
2024-04-23T22:43:00.410Z [error]: Login Failed: POST /api/auth/login: Authentication Error - Invalid username or password.
2024-04-23T22:43:01.317Z [error]: Login Failed: POST /api/auth/login: Authentication Error - Invalid username or password.
2024-04-23T22:43:02.072Z [error]: Login Failed: POST /api/auth/login: Authentication Error - Invalid username or password.
2024-04-23T22:43:02.490Z [error]: Login Failed: POST /api/auth/login: Authentication Error - Invalid username or password.
2024-04-23T22:43:35.919Z [info]: Connected To MongoDB Locally.
2024-04-23T22:43:35.954Z [info]: Server is running on port: 8181
2024-04-23T22:43:37.390Z [error]: Login Failed: POST /api/auth/login: Authentication Error - Invalid username or password.
2024-04-23T22:43:38.475Z [error]: Login Failed: POST /api/auth/login: Authentication Error - Invalid username or password.
2024-04-23T22:43:39.724Z [error]: Login Failed: POST /api/auth/login: Authentication Error - Invalid username or password.
2024-04-23T22:43:40.602Z [error]: Login Failed: POST /api/auth/login: Authentication Error - Invalid username or password.
2024-04-23T22:43:41.366Z [error]: Login Failed: POST /api/auth/login: Authentication Error - Invalid username or password.
2024-04-23T22:44:04.096Z [info]: Connected To MongoDB Locally.
2024-04-23T22:44:04.125Z [info]: Server is running on port: 8181
2024-04-23T22:44:06.979Z [error]: Login Failed: POST /api/auth/login: Authentication Error - Invalid username or password.
2024-04-23T22:44:08.076Z [error]: Login Failed: POST /api/auth/login: Authentication Error - Invalid username or password.
2024-04-23T22:44:09.121Z [error]: Login Failed: POST /api/auth/login: Authentication Error - Invalid username or password.
2024-04-23T22:44:10.303Z [error]: Login Failed: POST /api/auth/login: Authentication Error - Invalid username or password.
2024-04-23T22:44:10.884Z [error]: Login Failed: POST /api/auth/login: Authentication Error - Invalid username or password.
2024-04-23T22:44:43.445Z [info]: Connected To MongoDB Locally.
2024-04-23T22:44:43.475Z [info]: Server is running on port: 8181
2024-04-23T22:44:44.521Z [error]: Login Failed: POST /api/auth/login: Authentication Error - Invalid username or password.
2024-04-23T22:44:45.406Z [error]: Login Failed: POST /api/auth/login: Authentication Error - Invalid username or password.
2024-04-23T22:44:46.024Z [error]: Login Failed: POST /api/auth/login: Authentication Error - Invalid username or password.
2024-04-23T22:44:46.946Z [error]: Login Failed: POST /api/auth/login: Authentication Error - Invalid username or password.
2024-04-23T22:44:47.405Z [error]: Login Failed: POST /api/auth/login: Authentication Error - Invalid username or password.
2024-04-23T22:45:49.570Z [info]: Connected To MongoDB Locally.
2024-04-23T22:45:49.609Z [info]: Server is running on port: 8181
2024-04-23T22:46:45.999Z [info]: Connected To MongoDB Locally.
2024-04-23T22:46:46.040Z [info]: Server is running on port: 8181
2024-04-23T22:46:46.779Z [error]: Login Failed: POST /api/auth/login: Authentication Error - Invalid username or password.
2024-04-23T22:46:48.299Z [error]: Login Failed: POST /api/auth/login: Authentication Error - Invalid username or password.
2024-04-23T22:46:50.334Z [error]: Login Failed: POST /api/auth/login: Authentication Error - Invalid username or password.
2024-04-23T22:46:52.458Z [error]: Login Failed: POST /api/auth/login: Authentication Error - Invalid username or password.
2024-04-23T22:46:53.248Z [error]: Login Failed: POST /api/auth/login: Authentication Error - Invalid username or password.
2024-04-23T22:48:49.603Z [error]: Login Failed: POST /api/auth/login: Authentication Error - Invalid username or password.
2024-04-23T22:48:53.212Z [error]: Login Failed: POST /api/auth/login: Authentication Error - Invalid username or password.
2024-04-23T22:48:55.389Z [error]: Login Failed: POST /api/auth/login: Authentication Error - Invalid username or password.
2024-04-23T22:48:58.674Z [error]: Login Failed: POST /api/auth/login: Authentication Error - Invalid username or password.
2024-04-23T22:49:05.257Z [error]: Login Failed: POST /api/auth/login: Authentication Error - Invalid username or password.
2024-04-23T22:50:08.013Z [info]: Connected To MongoDB Locally.
2024-04-23T22:50:08.075Z [info]: Server is running on port: 8181
2024-04-23T22:50:25.521Z [error]: Login Failed: POST /api/auth/login: Authentication Error - Invalid username or password.
2024-04-23T22:50:26.675Z [error]: Login Failed: POST /api/auth/login: Authentication Error - Invalid username or password.
2024-04-23T22:50:27.455Z [error]: Login Failed: POST /api/auth/login: Authentication Error - Invalid username or password.
2024-04-23T22:50:28.187Z [error]: Login Failed: POST /api/auth/login: Authentication Error - Invalid username or password.
2024-04-23T22:50:28.890Z [error]: Login Failed: POST /api/auth/login: Authentication Error - Invalid username or password.
2024-04-23T22:51:04.502Z [info]: Connected To MongoDB Locally.
2024-04-23T22:51:04.536Z [info]: Server is running on port: 8181
2024-04-23T22:51:06.135Z [error]: Login Failed: POST /api/auth/login: Authentication Error - Invalid username or password.
2024-04-23T22:51:07.021Z [error]: Login Failed: POST /api/auth/login: Authentication Error - Invalid username or password.
2024-04-23T22:51:08.975Z [error]: Login Failed: POST /api/auth/login: Authentication Error - Invalid username or password.
2024-04-23T22:51:09.439Z [error]: Login Failed: POST /api/auth/login: Authentication Error - Invalid username or password.
2024-04-23T22:51:09.971Z [error]: Login Failed: POST /api/auth/login: Authentication Error - Invalid username or password.
2024-04-23T22:52:54.932Z [info]: Connected To MongoDB Locally.
2024-04-23T22:52:54.964Z [info]: Server is running on port: 8181
2024-04-23T22:53:33.288Z [info]: Connected To MongoDB Locally.
2024-04-23T22:53:33.315Z [info]: Server is running on port: 8181
2024-04-23T22:54:57.098Z [info]: Connected To MongoDB Locally.
2024-04-23T22:54:57.136Z [info]: Server is running on port: 8181
2024-04-23T22:55:03.285Z [error]: Login Failed: POST /api/auth/login: Authentication Error - Invalid username or password.
2024-04-23T22:55:05.230Z [error]: Login Failed: POST /api/auth/login: Authentication Error - Invalid username or password.
2024-04-23T22:55:05.916Z [error]: Login Failed: POST /api/auth/login: Authentication Error - Invalid username or password.
2024-04-23T22:55:06.468Z [error]: Login Failed: POST /api/auth/login: Authentication Error - Invalid username or password.
2024-04-23T22:55:06.999Z [error]: Login Failed: POST /api/auth/login: Authentication Error - Invalid username or password.
2024-04-23T23:00:28.762Z [info]: Connected To MongoDB Locally.
2024-04-23T23:00:28.795Z [info]: Server is running on port: 8181
2024-04-23T23:00:31.484Z [error]: Login Failed: POST /api/auth/login: Authentication Error - Invalid username or password.
2024-04-23T23:00:32.462Z [error]: Login Failed: POST /api/auth/login: Authentication Error - Invalid username or password.
2024-04-23T23:00:33.252Z [error]: Login Failed: POST /api/auth/login: Authentication Error - Invalid username or password.
2024-04-23T23:00:34.056Z [error]: Login Failed: POST /api/auth/login: Authentication Error - Invalid username or password.
2024-04-23T23:00:34.972Z [error]: Login Failed: POST /api/auth/login: Authentication Error - Invalid username or password.
2024-04-23T23:00:35.455Z [error]: Login Failed: POST /api/auth/login: Authentication Error - Invalid username or password.
2024-04-23T23:00:35.988Z [error]: Login Failed: POST /api/auth/login: Authentication Error - Invalid username or password.
2024-04-23T23:00:38.566Z [error]: Login Failed: POST /api/auth/login: Authentication Error - Invalid username or password.
2024-04-23T23:00:41.051Z [error]: Login Failed: POST /api/auth/login: Authentication Error - Invalid username or password.
2024-04-23T23:00:43.666Z [error]: Login Failed: POST /api/auth/login: Authentication Error - Invalid username or password.
2024-04-23T23:00:44.597Z [error]: Login Failed: POST /api/auth/login: Authentication Error - Invalid username or password.
2024-04-23T23:00:45.488Z [error]: Login Failed: POST /api/auth/login: Authentication Error - Invalid username or password.
2024-04-23T23:00:46.329Z [error]: Login Failed: POST /api/auth/login: Authentication Error - Invalid username or password.
2024-04-23T23:00:47.368Z [error]: Login Failed: POST /api/auth/login: Authentication Error - Invalid username or password.
2024-04-23T23:00:48.085Z [error]: Login Failed: POST /api/auth/login: Authentication Error - Invalid username or password.
2024-04-23T23:00:48.794Z [error]: Login Failed: POST /api/auth/login: Authentication Error - Invalid username or password.
2024-04-23T23:00:49.539Z [error]: Login Failed: POST /api/auth/login: Authentication Error - Invalid username or password.
2024-04-23T23:00:50.329Z [error]: Login Failed: POST /api/auth/login: Authentication Error - Invalid username or password.
2024-04-23T23:00:51.032Z [error]: Login Failed: POST /api/auth/login: Authentication Error - Invalid username or password.
2024-04-23T23:01:18.114Z [info]: Connected To MongoDB Locally.
2024-04-23T23:01:18.147Z [info]: Server is running on port: 8181
2024-04-23T23:01:32.351Z [info]: Connected To MongoDB Locally.
2024-04-23T23:01:32.386Z [info]: Server is running on port: 8181
2024-04-23T23:01:41.903Z [info]: Connected To MongoDB Locally.
2024-04-23T23:01:41.941Z [info]: Server is running on port: 8181
2024-04-23T23:01:43.129Z [error]: Login Failed: POST /api/auth/login: Authentication Error - Invalid username or password.
2024-04-23T23:01:44.105Z [error]: Login Failed: POST /api/auth/login: Authentication Error - Invalid username or password.
2024-04-23T23:01:44.813Z [error]: Login Failed: POST /api/auth/login: Authentication Error - Invalid username or password.
2024-04-23T23:01:45.681Z [error]: Login Failed: POST /api/auth/login: Authentication Error - Invalid username or password.
2024-04-23T23:01:46.371Z [error]: Login Failed: POST /api/auth/login: Authentication Error - Invalid username or password.
2024-04-23T23:03:37.059Z [info]: Connected To MongoDB Locally.
2024-04-23T23:03:37.095Z [info]: Server is running on port: 8181
2024-04-23T23:03:39.750Z [error]: Login Failed: POST /api/auth/login: Authentication Error - Invalid username or password.
2024-04-23T23:03:40.836Z [error]: Login Failed: POST /api/auth/login: Authentication Error - Invalid username or password.
2024-04-23T23:03:41.669Z [error]: Login Failed: POST /api/auth/login: Authentication Error - Invalid username or password.
2024-04-23T23:03:42.438Z [error]: Login Failed: POST /api/auth/login: Authentication Error - Invalid username or password.
2024-04-23T23:03:43.133Z [error]: Login Failed: POST /api/auth/login: Authentication Error - Invalid username or password.
2024-04-23T23:04:39.090Z [info]: Connected To MongoDB Locally.
2024-04-23T23:04:39.129Z [info]: Server is running on port: 8181
2024-04-23T23:04:40.671Z [error]: Login Failed: POST /api/auth/login: Authentication Error - Invalid username or password.
2024-04-23T23:04:41.766Z [error]: Login Failed: POST /api/auth/login: Authentication Error - Invalid username or password.
2024-04-23T23:04:42.505Z [error]: Login Failed: POST /api/auth/login: Authentication Error - Invalid username or password.
2024-04-23T23:04:43.086Z [error]: Login Failed: POST /api/auth/login: Authentication Error - Invalid username or password.
2024-04-23T23:04:43.686Z [error]: Login Failed: POST /api/auth/login: Authentication Error - Invalid username or password.
2024-04-23T23:05:07.880Z [info]: Connected To MongoDB Locally.
2024-04-23T23:05:07.913Z [info]: Server is running on port: 8181
2024-04-23T23:05:17.870Z [info]: Connected To MongoDB Locally.
2024-04-23T23:05:17.907Z [info]: Server is running on port: 8181
2024-04-23T23:06:17.231Z [info]: Connected To MongoDB Locally.
2024-04-23T23:06:17.264Z [info]: Server is running on port: 8181
2024-04-23T23:06:18.153Z [error]: Login Failed: POST /api/auth/login: Authentication Error - Invalid username or password.
2024-04-23T23:06:19.045Z [error]: Login Failed: POST /api/auth/login: Authentication Error - Invalid username or password.
2024-04-23T23:06:19.538Z [error]: Login Failed: POST /api/auth/login: Authentication Error - Invalid username or password.
2024-04-23T23:06:20.252Z [error]: Login Failed: POST /api/auth/login: Authentication Error - Invalid username or password.
2024-04-23T23:06:21.436Z [error]: Login Failed: POST /api/auth/login: Authentication Error - Invalid username or password.
2024-04-23T23:06:44.109Z [info]: Connected To MongoDB Locally.
2024-04-23T23:06:44.146Z [info]: Server is running on port: 8181
2024-04-23T23:06:45.002Z [error]: Login Failed: POST /api/auth/login: Authentication Error - Invalid username or password.
2024-04-23T23:06:45.907Z [error]: Login Failed: POST /api/auth/login: Authentication Error - Invalid username or password.
2024-04-23T23:06:46.684Z [error]: Login Failed: POST /api/auth/login: Authentication Error - Invalid username or password.
2024-04-23T23:06:47.167Z [error]: Login Failed: POST /api/auth/login: Authentication Error - Invalid username or password.
2024-04-23T23:06:47.905Z [error]: Login Failed: POST /api/auth/login: Authentication Error - Invalid username or password.
2024-04-23T23:07:11.152Z [info]: Connected To MongoDB Locally.
2024-04-23T23:07:11.195Z [info]: Server is running on port: 8181
2024-04-23T23:07:34.886Z [info]: Connected To MongoDB Locally.
2024-04-23T23:07:34.921Z [info]: Server is running on port: 8181
2024-04-23T23:07:55.423Z [info]: Connected To MongoDB Locally.
2024-04-23T23:07:55.469Z [info]: Server is running on port: 8181
2024-04-23T23:08:07.244Z [info]: Connected To MongoDB Locally.
2024-04-23T23:08:07.299Z [info]: Server is running on port: 8181
2024-04-23T23:08:21.496Z [info]: Connected To MongoDB Locally.
2024-04-23T23:08:21.530Z [info]: Server is running on port: 8181
2024-04-23T23:08:33.566Z [info]: Connected To MongoDB Locally.
2024-04-23T23:08:33.604Z [info]: Server is running on port: 8181
2024-04-23T23:09:20.509Z [info]: Connected To MongoDB Locally.
2024-04-23T23:09:20.553Z [info]: Server is running on port: 8181
2024-04-23T23:09:40.840Z [error]: Login Failed: POST /api/auth/login: Authentication Error - Invalid username or password.
2024-04-23T23:09:42.038Z [error]: Login Failed: POST /api/auth/login: Authentication Error - Invalid username or password.
2024-04-23T23:09:42.883Z [error]: Login Failed: POST /api/auth/login: Authentication Error - Invalid username or password.
2024-04-23T23:09:43.701Z [error]: Login Failed: POST /api/auth/login: Authentication Error - Invalid username or password.
2024-04-23T23:09:46.237Z [error]: Login Failed: POST /api/auth/login: Authentication Error - Invalid username or password.
2024-04-23T23:21:50.526Z [info]: Connected To MongoDB Locally.
2024-04-23T23:21:50.757Z [info]: Server is running on port: 8181
2024-04-23T23:39:17.863Z [info]: Connected To MongoDB Locally.
2024-04-23T23:39:17.967Z [info]: Server is running on port: 8181
2024-04-23T23:39:21.545Z [error]: Login Failed: POST /api/auth/login: Authentication Error - Invalid username or password.
2024-04-23T23:39:23.569Z [error]: Login Failed: POST /api/auth/login: Authentication Error - Invalid username or password.
2024-04-23T23:39:25.367Z [error]: Login Failed: POST /api/auth/login: Authentication Error - Invalid username or password.
2024-04-23T23:39:26.321Z [error]: Login Failed: POST /api/auth/login: Authentication Error - Invalid username or password.
2024-04-23T23:39:27.097Z [error]: Login Failed: POST /api/auth/login: Authentication Error - Invalid username or password.
2024-04-23T23:44:53.949Z [info]: Connected To MongoDB Locally.
2024-04-23T23:44:53.980Z [info]: Server is running on port: 8181
2024-04-23T23:47:27.971Z [info]: Connected To MongoDB Locally.
2024-04-23T23:47:28.004Z [info]: Server is running on port: 8181
2024-04-23T23:49:34.260Z [info]: Connected To MongoDB Locally.
2024-04-23T23:49:34.288Z [info]: Server is running on port: 8181
2024-04-23T23:49:50.504Z [error]: Login Failed: POST /api/auth/login: Authentication Error - Invalid username or password.
2024-04-23T23:49:52.709Z [error]: Login Failed: POST /api/auth/login: Authentication Error - Invalid username or password.
2024-04-23T23:49:53.967Z [error]: Login Failed: POST /api/auth/login: Authentication Error - Invalid username or password.
2024-04-23T23:49:55.012Z [error]: Login Failed: POST /api/auth/login: Authentication Error - Invalid username or password.
2024-04-23T23:49:55.964Z [error]: Login Failed: POST /api/auth/login: Authentication Error - Invalid username or password.
2024-04-23T23:53:16.606Z [info]: Connected To MongoDB Locally.
2024-04-23T23:53:16.635Z [info]: Server is running on port: 8181
2024-04-23T23:55:16.053Z [info]: Connected To MongoDB Locally.
2024-04-23T23:55:16.092Z [info]: Server is running on port: 8181
2024-04-23T23:55:32.195Z [error]: Login Failed: POST /api/auth/login: Authentication Error - Invalid username or password.
2024-04-23T23:55:33.197Z [error]: Login Failed: POST /api/auth/login: Authentication Error - Invalid username or password.
2024-04-23T23:55:34.046Z [error]: Login Failed: POST /api/auth/login: Authentication Error - Invalid username or password.
2024-04-23T23:55:34.913Z [error]: Login Failed: POST /api/auth/login: Authentication Error - Invalid username or password.
2024-04-23T23:55:35.756Z [error]: Login Failed: POST /api/auth/login: Authentication Error - Invalid username or password.
2024-04-24T00:02:33.812Z [error]: Login Failed: POST /api/auth/login: Authentication Error - Invalid username or password.
2024-04-24T00:02:35.112Z [error]: Login Failed: POST /api/auth/login: Authentication Error - Invalid username or password.
2024-04-24T00:02:36.546Z [error]: Login Failed: POST /api/auth/login: Authentication Error - Invalid username or password.
2024-04-24T00:02:43.956Z [error]: Login Failed: POST /api/auth/login: Authentication Error - Invalid username or password.
2024-04-24T00:02:44.592Z [error]: Login Failed: POST /api/auth/login: Authentication Error - Account is locked. Try again after 24 hours --->
2024-04-24T00:02:45.228Z [error]: Login Failed: POST /api/auth/login: Authentication Error - Account is locked. Try again after 0.02 hours
2024-04-24T00:02:51.569Z [error]: Login Failed: POST /api/auth/login: Authentication Error - Account is locked. Try again after 0.01 hours
2024-04-24T00:04:02.358Z [error]: Login Failed: POST /api/auth/login: Authentication Error - Invalid username or password.
2024-04-24T00:04:03.014Z [error]: Login Failed: POST /api/auth/login: Authentication Error - Invalid username or password.
2024-04-24T00:04:03.777Z [error]: Login Failed: POST /api/auth/login: Authentication Error - Invalid username or password.
2024-04-24T00:04:04.558Z [error]: Login Failed: POST /api/auth/login: Authentication Error - Invalid username or password.
2024-04-24T00:04:05.295Z [error]: Login Failed: POST /api/auth/login: Authentication Error - Account is locked. Try again after 24 hours --->
2024-04-24T00:04:05.962Z [error]: Login Failed: POST /api/auth/login: Authentication Error - Account is locked. Try again after 0.02 hours
2024-04-24T00:04:08.714Z [error]: Login Failed: POST /api/auth/login: Authentication Error - Account is locked. Try again after 0.02 hours
2024-04-24T00:04:09.588Z [error]: Login Failed: POST /api/auth/login: Authentication Error - Account is locked. Try again after 0.02 hours
2024-04-24T00:04:10.345Z [error]: Login Failed: POST /api/auth/login: Authentication Error - Account is locked. Try again after 0.02 hours
2024-04-24T00:06:26.302Z [error]: Login Failed: POST /api/auth/login: Authentication Error - Invalid username or password.
2024-04-24T00:06:27.093Z [error]: Login Failed: POST /api/auth/login: Authentication Error - Invalid username or password.
2024-04-24T00:06:27.924Z [error]: Login Failed: POST /api/auth/login: Authentication Error - Invalid username or password.
2024-04-24T00:06:28.534Z [error]: Login Failed: POST /api/auth/login: Authentication Error - Invalid username or password.
2024-04-24T00:06:29.279Z [error]: Login Failed: POST /api/auth/login: Authentication Error - Account is locked. Try again after 24 hours --->
2024-04-24T00:06:30.271Z [error]: Login Failed: POST /api/auth/login: Authentication Error - Account is locked. Try again after 0.02 hours
2024-04-24T00:06:31.111Z [error]: Login Failed: POST /api/auth/login: Authentication Error - Account is locked. Try again after 0.02 hours
2024-04-24T00:06:35.813Z [error]: Login Failed: POST /api/auth/login: Authentication Error - Account is locked. Try again after 0.01 hours
