2024-04-12T16:47:12.119Z [info]: Connected To MongoDB Locally.
2024-04-12T16:47:12.201Z [info]: Server is running on port: 8181
2024-04-12T16:49:24.284Z [info]: Connected To MongoDB Locally.
2024-04-12T16:49:24.313Z [info]: Server is running on port: 8181
2024-04-12T16:51:22.056Z [info]: Connected To MongoDB Locally.
2024-04-12T16:51:22.083Z [info]: Server is running on port: 8181
2024-04-12T16:55:28.704Z [info]: Connected To MongoDB Locally.
2024-04-12T16:55:28.730Z [info]: Server is running on port: 8181
2024-04-12T17:04:12.264Z [info]: Connected To MongoDB Locally.
2024-04-12T17:04:12.298Z [info]: Server is running on port: 8181
2024-04-12T17:04:52.479Z [info]: Connected To MongoDB Locally.
2024-04-12T17:04:52.510Z [info]: Server is running on port: 8181
2024-04-12T17:05:28.332Z [info]: Connected To MongoDB Locally.
2024-04-12T17:05:28.362Z [info]: Server is running on port: 8181
2024-04-12T18:33:30.670Z [info]: Received SIGINT. Closing server and shutting down...
2024-04-12T18:33:30.687Z [info]: Shutting down gracefully...
2024-04-12T18:33:30.767Z [info]: MongoDB connection closed.
2024-04-12T22:02:34.578Z [info]: Connected To MongoDB Locally.
2024-04-12T22:02:34.659Z [info]: Server is running on port: 8181
2024-04-12T22:03:15.648Z [info]: Connected To MongoDB Locally.
2024-04-12T22:03:15.741Z [info]: Server is running on port: 8181
2024-04-12T23:12:08.957Z [info]: Connected To MongoDB Locally.
2024-04-12T23:12:09.043Z [info]: Server is running on port: 8181
2024-04-12T23:13:30.216Z [info]: Connected To MongoDB Locally.
2024-04-12T23:13:30.248Z [info]: Server is running on port: 8181
2024-04-12T23:14:59.922Z [info]: Connected To MongoDB Locally.
2024-04-12T23:14:59.954Z [info]: Server is running on port: 8181
2024-04-12T23:15:15.131Z [info]: Connected To MongoDB Locally.
2024-04-12T23:15:15.165Z [info]: Server is running on port: 8181
2024-04-12T23:15:38.660Z [info]: Connected To MongoDB Locally.
2024-04-12T23:15:38.688Z [info]: Server is running on port: 8181
2024-04-12T23:16:32.807Z [info]: Connected To MongoDB Locally.
2024-04-12T23:16:32.889Z [info]: Server is running on port: 8181
2024-04-12T23:19:17.258Z [info]: Connected To MongoDB Locally.
2024-04-12T23:19:17.292Z [info]: Server is running on port: 8181
2024-04-12T23:19:41.164Z [info]: Connected To MongoDB Locally.
2024-04-12T23:19:41.193Z [info]: Server is running on port: 8181
2024-04-12T23:25:22.639Z [info]: Connected To MongoDB Locally.
2024-04-12T23:25:22.714Z [info]: Server is running on port: 8181
2024-04-12T23:27:19.724Z [info]: Connected To MongoDB Locally.
2024-04-12T23:27:19.752Z [info]: Server is running on port: 8181
2024-04-12T23:27:59.700Z [info]: Connected To MongoDB Locally.
2024-04-12T23:27:59.732Z [info]: Server is running on port: 8181
2024-04-12T23:28:54.259Z [info]: Connected To MongoDB Locally.
2024-04-12T23:28:54.287Z [info]: Server is running on port: 8181
2024-04-12T23:29:06.292Z [info]: Connected To MongoDB Locally.
2024-04-12T23:29:06.322Z [info]: Server is running on port: 8181
2024-04-12T23:29:41.693Z [info]: Connected To MongoDB Locally.
2024-04-12T23:29:41.721Z [info]: Server is running on port: 8181
2024-04-12T23:29:59.396Z [info]: Connected To MongoDB Locally.
2024-04-12T23:29:59.424Z [info]: Server is running on port: 8181
2024-04-12T23:36:15.380Z [info]: Connected To MongoDB Locally.
2024-04-12T23:36:15.411Z [info]: Server is running on port: 8181
2024-04-12T23:37:38.091Z [info]: Connected To MongoDB Locally.
2024-04-12T23:37:38.119Z [info]: Server is running on port: 8181
2024-04-12T23:45:26.773Z [info]: Connected To MongoDB Locally.
2024-04-12T23:45:26.802Z [info]: Server is running on port: 8181
2024-04-12T23:50:37.390Z [info]: Connected To MongoDB Locally.
2024-04-12T23:50:37.418Z [info]: Server is running on port: 8181
2024-04-12T23:51:26.119Z [info]: Connected To MongoDB Locally.
2024-04-12T23:51:26.151Z [info]: Server is running on port: 8181
2024-04-12T23:52:57.964Z [info]: Connected To MongoDB Locally.
2024-04-12T23:52:57.993Z [info]: Server is running on port: 8181
2024-04-12T23:55:11.048Z [info]: Connected To MongoDB Locally.
2024-04-12T23:55:11.074Z [info]: Server is running on port: 8181
2024-04-12T23:57:58.744Z [info]: Connected To MongoDB Locally.
2024-04-12T23:57:58.774Z [info]: Server is running on port: 8181
2024-04-12T23:58:28.024Z [info]: Connected To MongoDB Locally.
2024-04-12T23:58:28.050Z [info]: Server is running on port: 8181
2024-04-12T23:58:44.861Z [info]: Connected To MongoDB Locally.
2024-04-12T23:58:44.894Z [info]: Server is running on port: 8181
2024-04-12T23:58:56.072Z [info]: Connected To MongoDB Locally.
2024-04-12T23:58:56.103Z [info]: Server is running on port: 8181
