2024-04-06T01:51:50.318Z [info]: Connected To MongoDB Locally.
2024-04-06T01:51:50.400Z [info]: Server is running on port: 8181
2024-04-06T01:52:29.768Z [info]: Connected To MongoDB Locally.
2024-04-06T01:52:29.794Z [info]: Server is running on port: 8181
2024-04-06T01:54:06.926Z [info]: Connected To MongoDB Locally.
2024-04-06T01:54:06.951Z [info]: Server is running on port: 8181
2024-04-06T01:55:34.879Z [info]: Connected To MongoDB Locally.
2024-04-06T01:55:34.908Z [info]: Server is running on port: 8181
2024-04-06T01:56:03.272Z [error]: Login Failed: POST /api/auth/login: Authentication Error - Invalid username or password.
2024-04-06T01:56:05.285Z [error]: Login Failed: POST /api/auth/login: Authentication Error - Invalid username or password.
2024-04-06T01:56:18.029Z [error]: Login Failed: POST /api/auth/login: Authentication Error - Invalid username or password.
2024-04-06T01:56:19.006Z [error]: Login Failed: POST /api/auth/login: Authentication Error - Invalid username or password.
2024-04-06T01:56:19.883Z [error]: Login Failed: POST /api/auth/login: Authentication Error - Invalid username or password.
2024-04-06T01:56:20.874Z [error]: Login Failed: POST /api/auth/login: Authentication Error - Invalid username or password.
2024-04-06T01:56:21.756Z [error]: Login Failed: POST /api/auth/login: Authentication Error - Invalid username or password.
2024-04-06T01:56:22.826Z [error]: Login Failed: POST /api/auth/login: Authentication Error - Invalid username or password.
2024-04-06T01:56:23.787Z [error]: Login Failed: POST /api/auth/login: Authentication Error - Invalid username or password.
2024-04-06T01:56:24.727Z [error]: Login Failed: POST /api/auth/login: Authentication Error - Invalid username or password.
2024-04-06T01:56:46.232Z [info]: Connected To MongoDB Locally.
2024-04-06T01:56:46.262Z [info]: Server is running on port: 8181
2024-04-06T01:56:47.667Z [error]: Login Failed: POST /api/auth/login: Authentication Error - Invalid username or password.
2024-04-06T01:56:48.714Z [error]: Login Failed: POST /api/auth/login: Authentication Error - Invalid username or password.
2024-04-06T01:56:49.637Z [error]: Login Failed: POST /api/auth/login: Authentication Error - Invalid username or password.
2024-04-06T01:56:50.663Z [error]: Login Failed: POST /api/auth/login: Authentication Error - Invalid username or password.
2024-04-06T01:56:51.594Z [error]: Login Failed: POST /api/auth/login: Authentication Error - Invalid username or password.
2024-04-06T01:58:11.969Z [error]: Login Failed: POST /api/auth/login: Authentication Error - Account is locked. Try again after 0.02 hours
2024-04-06T01:59:15.667Z [info]: Connected To MongoDB Locally.
2024-04-06T01:59:15.692Z [info]: Server is running on port: 8181
2024-04-06T01:59:26.825Z [info]: Connected To MongoDB Locally.
2024-04-06T01:59:26.854Z [info]: Server is running on port: 8181
2024-04-06T01:59:29.040Z [error]: Login Failed: POST /api/auth/login: Authentication Error - Account is locked. Try again after 0.02 hours
2024-04-06T01:59:42.748Z [error]: Login Failed: POST /api/auth/login: Authentication Error - Account is locked. Try again after 0.02 hours
2024-04-06T02:01:38.932Z [error]: Login Failed: POST /api/auth/login: Authentication Error - Account is locked. Try again after 0.02 hours
2024-04-06T02:03:12.595Z [info]: Connected To MongoDB Locally.
2024-04-06T02:03:12.762Z [info]: Server is running on port: 8181
2024-04-06T02:03:26.040Z [error]: Login Failed: POST /api/auth/login: Authentication Error - Invalid username or password.
2024-04-06T02:03:32.736Z [error]: Login Failed: POST /api/auth/login: Authentication Error - Invalid username or password.
2024-04-06T02:03:33.923Z [error]: Login Failed: POST /api/auth/login: Authentication Error - Invalid username or password.
2024-04-06T02:03:36.665Z [error]: Login Failed: POST /api/auth/login: Authentication Error - Invalid username or password.
2024-04-06T02:03:38.058Z [error]: Login Failed: POST /api/auth/login: Authentication Error - Account is locked. Try again after 24 hours
2024-04-06T02:03:39.597Z [error]: Login Failed: POST /api/auth/login: Authentication Error - Account is locked. Try again after 0.02 hours
2024-04-06T02:03:45.397Z [error]: Login Failed: POST /api/auth/login: Authentication Error - Account is locked. Try again after 0.01 hours
2024-04-06T02:03:47.255Z [error]: Login Failed: POST /api/auth/login: Authentication Error - Account is locked. Try again after 0.01 hours
2024-04-06T02:03:52.870Z [error]: Login Failed: POST /api/auth/login: Authentication Error - Account is locked. Try again after 0.01 hours
2024-04-06T02:09:03.515Z [info]: Connected To MongoDB Locally.
2024-04-06T02:09:03.630Z [info]: Server is running on port: 8181
2024-04-06T02:09:50.268Z [info]: Connected To MongoDB Locally.
2024-04-06T02:09:50.315Z [info]: Server is running on port: 8181
2024-04-06T02:10:11.570Z [error]: Login Failed: POST /api/auth/login: Authentication Error - Invalid username or password.
2024-04-06T02:10:13.196Z [error]: Login Failed: POST /api/auth/login: Authentication Error - Invalid username or password.
2024-04-06T02:10:14.120Z [error]: Login Failed: POST /api/auth/login: Authentication Error - Invalid username or password.
2024-04-06T02:10:15.038Z [error]: Login Failed: POST /api/auth/login: Authentication Error - Invalid username or password.
2024-04-06T02:10:15.899Z [error]: Login Failed: POST /api/auth/login: Authentication Error - Invalid username or password.
2024-04-06T02:10:16.838Z [error]: Login Failed: POST /api/auth/login: Authentication Error - Invalid username or password.
2024-04-06T02:10:17.962Z [error]: Login Failed: POST /api/auth/login: Authentication Error - Invalid username or password.
2024-04-06T02:10:18.849Z [error]: Login Failed: POST /api/auth/login: Authentication Error - Invalid username or password.
2024-04-06T02:10:19.834Z [error]: Login Failed: POST /api/auth/login: Authentication Error - Invalid username or password.
2024-04-06T02:10:20.903Z [error]: Login Failed: POST /api/auth/login: Authentication Error - Invalid username or password.
2024-04-06T02:10:21.822Z [error]: Login Failed: POST /api/auth/login: Authentication Error - Invalid username or password.
2024-04-06T02:10:22.738Z [error]: Login Failed: POST /api/auth/login: Authentication Error - Invalid username or password.
2024-04-06T02:10:47.366Z [info]: Connected To MongoDB Locally.
2024-04-06T02:10:47.399Z [info]: Server is running on port: 8181
2024-04-06T02:10:53.650Z [info]: Connected To MongoDB Locally.
2024-04-06T02:10:53.685Z [info]: Server is running on port: 8181
2024-04-06T02:10:55.135Z [error]: Login Failed: POST /api/auth/login: Authentication Error - Invalid username or password.
2024-04-06T02:10:56.126Z [error]: Login Failed: POST /api/auth/login: Authentication Error - Invalid username or password.
2024-04-06T02:11:06.141Z [error]: Login Failed: POST /api/auth/login: Authentication Error - Invalid username or password.
2024-04-06T02:11:07.905Z [error]: Login Failed: POST /api/auth/login: Authentication Error - Invalid username or password.
2024-04-06T02:11:08.944Z [error]: Login Failed: POST /api/auth/login: Authentication Error - Invalid username or password.
2024-04-06T02:12:50.044Z [info]: Connected To MongoDB Locally.
2024-04-06T02:12:50.222Z [info]: Server is running on port: 8181
2024-04-06T02:12:58.398Z [error]: Login Failed: POST /api/auth/login: Authentication Error - Invalid username or password.
2024-04-06T02:12:59.621Z [error]: Login Failed: POST /api/auth/login: Authentication Error - Invalid username or password.
2024-04-06T02:13:00.669Z [error]: Login Failed: POST /api/auth/login: Authentication Error - Invalid username or password.
2024-04-06T02:13:01.567Z [error]: Login Failed: POST /api/auth/login: Authentication Error - Invalid username or password.
2024-04-06T02:13:02.759Z [error]: Login Failed: POST /api/auth/login: Authentication Error - Invalid username or password.
2024-04-06T02:15:51.873Z [error]: Login Failed: POST /api/auth/login: Authentication Error - Invalid username or password.
2024-04-06T02:15:53.619Z [error]: Login Failed: POST /api/auth/login: Authentication Error - Invalid username or password.
2024-04-06T02:15:54.805Z [error]: Login Failed: POST /api/auth/login: Authentication Error - Account is locked. Try again after 24 hours
2024-04-06T02:15:55.675Z [error]: Login Failed: POST /api/auth/login: Authentication Error - Account is locked. Try again after 0.02 hours
2024-04-06T02:15:56.402Z [error]: Login Failed: POST /api/auth/login: Authentication Error - Account is locked. Try again after 0.02 hours
2024-04-06T02:17:19.519Z [info]: Connected To MongoDB Locally.
2024-04-06T02:17:19.570Z [info]: Server is running on port: 8181
2024-04-06T02:17:44.873Z [error]: Login Failed: POST /api/auth/login: Authentication Error - Account is locked. Try again after 0.02 hours
2024-04-06T02:17:53.816Z [error]: Login Failed: POST /api/auth/login: Authentication Error - Account is locked. Try again after 0.02 hours
2024-04-06T02:17:56.471Z [error]: Login Failed: POST /api/auth/login: Authentication Error - Account is locked. Try again after 0.02 hours
2024-04-06T02:19:49.831Z [error]: Login Failed: POST /api/auth/login: Authentication Error - Account is locked. Try again after 0.02 hours
2024-04-06T02:19:53.332Z [error]: Login Failed: POST /api/auth/login: Authentication Error - Account is locked. Try again after 0.02 hours
2024-04-06T02:20:13.525Z [info]: Connected To MongoDB Locally.
2024-04-06T02:20:13.640Z [info]: Server is running on port: 8181
2024-04-06T02:20:15.886Z [error]: Login Failed: POST /api/auth/login: Authentication Error - Account is locked. Try again after 0.02 hours
2024-04-06T02:21:29.731Z [error]: Login Failed: POST /api/auth/login: Authentication Error - Account is locked. Try again after 0.02 hours
2024-04-06T02:21:35.212Z [error]: Login Failed: POST /api/auth/login: Authentication Error - Account is locked. Try again after 0.02 hours
2024-04-06T02:21:51.908Z [error]: Login Failed: POST /api/auth/login: Authentication Error - Account is locked. Try again after 0.02 hours
2024-04-06T02:21:53.581Z [error]: Login Failed: POST /api/auth/login: Authentication Error - Account is locked. Try again after 0.02 hours
2024-04-06T02:22:16.280Z [error]: Login Failed: POST /api/auth/login: Authentication Error - Invalid username or password.
2024-04-06T02:22:17.402Z [error]: Login Failed: POST /api/auth/login: Authentication Error - Invalid username or password.
2024-04-06T02:22:18.461Z [error]: Login Failed: POST /api/auth/login: Authentication Error - Invalid username or password.
2024-04-06T02:22:19.370Z [error]: Login Failed: POST /api/auth/login: Authentication Error - Invalid username or password.
2024-04-06T02:22:20.301Z [error]: Login Failed: POST /api/auth/login: Authentication Error - Invalid username or password.
2024-04-06T02:24:29.386Z [info]: Connected To MongoDB Locally.
2024-04-06T02:24:29.443Z [info]: Server is running on port: 8181
2024-04-06T02:25:03.274Z [info]: Connected To MongoDB Locally.
2024-04-06T02:25:03.326Z [info]: Server is running on port: 8181
2024-04-06T02:25:10.351Z [error]: Login Failed: POST /api/auth/login: Authentication Error - Invalid username or password.
2024-04-06T02:25:11.817Z [error]: Login Failed: POST /api/auth/login: Authentication Error - Invalid username or password.
2024-04-06T02:25:16.167Z [error]: Login Failed: POST /api/auth/login: Authentication Error - Invalid username or password.
2024-04-06T02:25:17.379Z [error]: Login Failed: POST /api/auth/login: Authentication Error - Invalid username or password.
2024-04-06T02:25:18.315Z [error]: Login Failed: POST /api/auth/login: Authentication Error - Invalid username or password.
2024-04-06T02:26:23.207Z [info]: Connected To MongoDB Locally.
2024-04-06T02:26:23.257Z [info]: Server is running on port: 8181
2024-04-06T02:26:33.515Z [error]: Login Failed: POST /api/auth/login: Authentication Error - Invalid username or password.
2024-04-06T02:26:34.552Z [error]: Login Failed: POST /api/auth/login: Authentication Error - Invalid username or password.
2024-04-06T02:26:35.528Z [error]: Login Failed: POST /api/auth/login: Authentication Error - Invalid username or password.
2024-04-06T02:26:36.415Z [error]: Login Failed: POST /api/auth/login: Authentication Error - Invalid username or password.
2024-04-06T02:26:37.267Z [error]: Login Failed: POST /api/auth/login: Authentication Error - Invalid username or password.
2024-04-06T02:29:35.884Z [error]: Login Failed: POST /api/auth/login: Authentication Error - Invalid username or password.
2024-04-06T02:29:41.100Z [error]: Login Failed: POST /api/auth/login: Authentication Error - Invalid username or password.
2024-04-06T02:29:47.356Z [error]: Login Failed: POST /api/auth/login: Authentication Error - Account is locked. Try again after 24 hours
2024-04-06T02:29:52.385Z [error]: Login Failed: POST /api/auth/login: Authentication Error - Account is locked. Try again after 0.02 hours
2024-04-06T02:29:54.064Z [error]: Login Failed: POST /api/auth/login: Authentication Error - Account is locked. Try again after 0.01 hours
2024-04-06T02:31:17.602Z [info]: Connected To MongoDB Locally.
2024-04-06T02:31:17.741Z [info]: Server is running on port: 8181
2024-04-06T02:31:36.010Z [error]: Login Failed: POST /api/auth/login: Authentication Error - Invalid username or password.
2024-04-06T02:33:29.413Z [info]: Connected To MongoDB Locally.
2024-04-06T02:33:29.528Z [info]: Server is running on port: 8181
2024-04-06T02:33:48.322Z [info]: Connected To MongoDB Locally.
2024-04-06T02:33:48.358Z [info]: Server is running on port: 8181
2024-04-06T02:34:46.740Z [error]: Login Failed: POST /api/auth/login: Authentication Error - Invalid username or password.
2024-04-06T02:34:51.022Z [error]: Login Failed: POST /api/auth/login: Authentication Error - Invalid username or password.
2024-04-06T02:34:51.977Z [error]: Login Failed: POST /api/auth/login: Authentication Error - Invalid username or password.
2024-04-06T02:34:52.983Z [error]: Login Failed: POST /api/auth/login: Authentication Error - Invalid username or password.
2024-04-06T02:34:53.940Z [error]: Login Failed: POST /api/auth/login: Authentication Error - Invalid username or password.
2024-04-06T02:34:54.918Z [error]: Login Failed: POST /api/auth/login: Authentication Error - Invalid username or password.
2024-04-06T02:36:20.905Z [error]: Login Failed: POST /api/auth/login: Authentication Error - Invalid username or password.
2024-04-06T02:36:25.821Z [error]: Login Failed: POST /api/auth/login: Authentication Error - Invalid username or password.
2024-04-06T02:37:10.487Z [info]: Connected To MongoDB Locally.
2024-04-06T02:37:10.592Z [info]: Server is running on port: 8181
2024-04-06T02:37:12.590Z [error]: Login Failed: POST /api/auth/login: Authentication Error - Account is locked. Try again after 24 hours
2024-04-06T02:37:23.552Z [error]: Login Failed: POST /api/auth/login: Authentication Error - Account is locked. Try again after 0.01 hours
2024-04-06T02:38:35.977Z [error]: Login Failed: POST /api/auth/login: Authentication Error - Invalid username or password.
2024-04-06T02:38:39.439Z [error]: Login Failed: POST /api/auth/login: Authentication Error - Invalid username or password.
2024-04-06T02:38:43.430Z [error]: Login Failed: POST /api/auth/login: Authentication Error - Invalid username or password.
2024-04-06T02:38:44.511Z [error]: Login Failed: POST /api/auth/login: Authentication Error - Invalid username or password.
2024-04-06T02:38:45.438Z [error]: Login Failed: POST /api/auth/login: Authentication Error - Account is locked. Try again after 24 hours
2024-04-06T02:40:57.705Z [info]: Connected To MongoDB Locally.
2024-04-06T02:40:57.735Z [info]: Server is running on port: 8181
2024-04-06T02:41:07.460Z [info]: Connected To MongoDB Locally.
2024-04-06T02:41:07.499Z [info]: Server is running on port: 8181
2024-04-06T02:41:25.759Z [error]: Login Failed: POST /api/auth/login: Authentication Error - Invalid username or password.
2024-04-06T02:41:30.129Z [error]: Login Failed: POST /api/auth/login: Authentication Error - Invalid username or password.
2024-04-06T02:41:31.493Z [error]: Login Failed: POST /api/auth/login: Authentication Error - Invalid username or password.
2024-04-06T02:41:34.245Z [error]: Login Failed: POST /api/auth/login: Authentication Error - Invalid username or password.
2024-04-06T02:41:37.450Z [error]: Login Failed: POST /api/auth/login: Authentication Error - Account is locked. Try again after 24 hours
2024-04-06T02:43:10.127Z [info]: Connected To MongoDB Locally.
2024-04-06T02:43:10.195Z [info]: Server is running on port: 8181
2024-04-06T02:43:32.498Z [error]: Login Failed: POST /api/auth/login: Authentication Error - Invalid username or password.
2024-04-06T02:43:33.620Z [error]: Login Failed: POST /api/auth/login: Authentication Error - Invalid username or password.
2024-04-06T02:43:34.678Z [error]: Login Failed: POST /api/auth/login: Authentication Error - Invalid username or password.
2024-04-06T02:43:36.016Z [error]: Login Failed: POST /api/auth/login: Authentication Error - Invalid username or password.
2024-04-06T02:43:37.195Z [error]: Login Failed: POST /api/auth/login: Authentication Error - Account is locked. Try again after 24 hours
2024-04-06T02:45:08.979Z [info]: Connected To MongoDB Locally.
2024-04-06T02:45:09.007Z [info]: Server is running on port: 8181
2024-04-06T02:46:05.647Z [info]: Connected To MongoDB Locally.
2024-04-06T02:46:05.693Z [info]: Server is running on port: 8181
2024-04-06T02:47:09.906Z [info]: Connected To MongoDB Locally.
2024-04-06T02:47:09.936Z [info]: Server is running on port: 8181
2024-04-06T02:47:20.783Z [error]: Login Failed: POST /api/auth/login: Authentication Error - Invalid username or password.
2024-04-06T02:47:24.953Z [error]: Login Failed: POST /api/auth/login: Authentication Error - Invalid username or password.
2024-04-06T02:47:26.192Z [error]: Login Failed: POST /api/auth/login: Authentication Error - Invalid username or password.
2024-04-06T02:47:29.093Z [error]: Login Failed: POST /api/auth/login: Authentication Error - Invalid username or password.
2024-04-06T02:47:30.393Z [error]: Login Failed: POST /api/auth/login: Authentication Error - Account is locked. Try again after 24 hours
2024-04-06T02:47:32.114Z [error]: Login Failed: POST /api/auth/login: Authentication Error - Account is locked. Try again after 0.02 hours
2024-04-06T02:47:33.477Z [error]: Login Failed: POST /api/auth/login: Authentication Error - Account is locked. Try again after 0.02 hours
2024-04-06T02:47:34.613Z [error]: Login Failed: POST /api/auth/login: Authentication Error - Account is locked. Try again after 0.02 hours
2024-04-06T02:47:35.697Z [error]: Login Failed: POST /api/auth/login: Authentication Error - Account is locked. Try again after 0.02 hours
2024-04-06T02:47:37.053Z [error]: Login Failed: POST /api/auth/login: Authentication Error - Account is locked. Try again after 0.01 hours
2024-04-06T02:47:46.094Z [error]: Login Failed: POST /api/auth/login: Authentication Error - Account is locked. Try again after 0.01 hours
2024-04-06T02:47:47.421Z [error]: Login Failed: POST /api/auth/login: Authentication Error - Account is locked. Try again after 0.01 hours
2024-04-06T02:49:08.969Z [error]: Login Failed: POST /api/auth/login: Authentication Error - Invalid username or password.
2024-04-06T02:49:10.688Z [error]: Login Failed: POST /api/auth/login: Authentication Error - Invalid username or password.
2024-04-06T02:49:12.234Z [error]: Login Failed: POST /api/auth/login: Authentication Error - Invalid username or password.
2024-04-06T02:49:12.817Z [error]: Login Failed: POST /api/auth/login: Authentication Error - Invalid username or password.
2024-04-06T02:49:13.726Z [error]: Login Failed: POST /api/auth/login: Authentication Error - Invalid username or password.
2024-04-06T02:49:14.381Z [error]: Login Failed: POST /api/auth/login: Authentication Error - Invalid username or password.
2024-04-06T02:50:08.241Z [info]: Connected To MongoDB Locally.
2024-04-06T02:50:08.272Z [info]: Server is running on port: 8181
2024-04-06T02:50:43.292Z [error]: Login Failed: POST /api/auth/login: Authentication Error - Invalid username or password.
2024-04-06T02:50:45.318Z [error]: Login Failed: POST /api/auth/login: Authentication Error - Invalid username or password.
2024-04-06T02:50:46.957Z [error]: Login Failed: POST /api/auth/login: Authentication Error - Invalid username or password.
2024-04-06T02:50:48.158Z [error]: Login Failed: POST /api/auth/login: Authentication Error - Invalid username or password.
2024-04-06T02:50:49.093Z [error]: Login Failed: POST /api/auth/login: Authentication Error - Invalid username or password.
2024-04-06T02:51:15.145Z [error]: Login Failed: POST /api/auth/login: Authentication Error - Invalid username or password.
2024-04-06T02:51:16.545Z [error]: Login Failed: POST /api/auth/login: Authentication Error - Invalid username or password.
2024-04-06T02:51:17.615Z [error]: Login Failed: POST /api/auth/login: Authentication Error - Invalid username or password.
2024-04-06T02:51:18.704Z [error]: Login Failed: POST /api/auth/login: Authentication Error - Invalid username or password.
2024-04-06T02:51:19.428Z [error]: Login Failed: POST /api/auth/login: Authentication Error - Invalid username or password.
2024-04-06T02:51:42.640Z [info]: Connected To MongoDB Locally.
2024-04-06T02:51:42.668Z [info]: Server is running on port: 8181
2024-04-06T02:51:54.403Z [info]: Connected To MongoDB Locally.
2024-04-06T02:51:54.442Z [info]: Server is running on port: 8181
2024-04-06T02:52:05.056Z [info]: Received SIGINT. Closing server and shutting down...
2024-04-06T02:52:05.057Z [info]: Shutting down gracefully...
2024-04-06T10:45:24.597Z [info]: Connected To MongoDB Locally.
2024-04-06T10:45:24.805Z [info]: Server is running on port: 8181
2024-04-06T10:46:41.939Z [error]: Login Failed: POST /api/auth/login: Authentication Error - Invalid username or password.
2024-04-06T10:46:43.158Z [error]: Login Failed: POST /api/auth/login: Authentication Error - Invalid username or password.
2024-04-06T10:46:44.124Z [error]: Login Failed: POST /api/auth/login: Authentication Error - Invalid username or password.
2024-04-06T10:46:45.090Z [error]: Login Failed: POST /api/auth/login: Authentication Error - Invalid username or password.
2024-04-06T10:46:45.901Z [error]: Login Failed: POST /api/auth/login: Authentication Error - Account is locked. Try again after 24 hours
2024-04-06T10:46:46.712Z [error]: Login Failed: POST /api/auth/login: Authentication Error - Account is locked. Try again after 0.02 hours
2024-04-06T10:46:47.583Z [error]: Login Failed: POST /api/auth/login: Authentication Error - Account is locked. Try again after 0.02 hours
2024-04-06T10:46:48.412Z [error]: Login Failed: POST /api/auth/login: Authentication Error - Account is locked. Try again after 0.02 hours
2024-04-06T10:46:49.263Z [error]: Login Failed: POST /api/auth/login: Authentication Error - Account is locked. Try again after 0.02 hours
2024-04-06T10:46:50.008Z [error]: Login Failed: POST /api/auth/login: Authentication Error - Account is locked. Try again after 0.02 hours
2024-04-06T10:46:55.269Z [error]: Login Failed: POST /api/auth/login: Authentication Error - Account is locked. Try again after 0.01 hours
2024-04-06T10:46:56.289Z [error]: Login Failed: POST /api/auth/login: Authentication Error - Account is locked. Try again after 0.01 hours
2024-04-06T10:46:57.064Z [error]: Login Failed: POST /api/auth/login: Authentication Error - Account is locked. Try again after 0.01 hours
2024-04-06T10:47:44.397Z [error]: Login Failed: POST /api/auth/login: Authentication Error - Account is locked. Try again after 0.00 hours
2024-04-06T10:47:47.686Z [error]: Login Failed: POST /api/auth/login: Authentication Error - Account is locked. Try again after 24 hours
2024-04-06T10:48:32.192Z [error]: Login Failed: POST /api/auth/login: Authentication Error - Account is locked. Try again after 0.00 hours
2024-04-06T10:53:52.859Z [error]: Login Failed: POST /api/auth/login: Authentication Error - Invalid username or password.
2024-04-06T10:53:55.323Z [error]: Login Failed: POST /api/auth/login: Authentication Error - Invalid username or password.
2024-04-06T10:53:56.912Z [error]: Login Failed: POST /api/auth/login: Authentication Error - Invalid username or password.
2024-04-06T10:53:57.653Z [error]: Login Failed: POST /api/auth/login: Authentication Error - Invalid username or password.
2024-04-06T10:53:58.624Z [error]: Login Failed: POST /api/auth/login: Authentication Error - Invalid username or password.
2024-04-06T10:54:36.222Z [error]: Login Failed: POST /api/auth/login: Authentication Error - Invalid username or password.
2024-04-06T10:54:37.058Z [error]: Login Failed: POST /api/auth/login: Authentication Error - Invalid username or password.
2024-04-06T10:54:37.737Z [error]: Login Failed: POST /api/auth/login: Authentication Error - Invalid username or password.
2024-04-06T10:54:38.410Z [error]: Login Failed: POST /api/auth/login: Authentication Error - Invalid username or password.
2024-04-06T10:54:39.183Z [error]: Login Failed: POST /api/auth/login: Authentication Error - Invalid username or password.
2024-04-06T10:55:20.644Z [info]: Connected To MongoDB Locally.
2024-04-06T10:55:20.716Z [info]: Server is running on port: 8181
2024-04-06T10:57:02.888Z [info]: Connected To MongoDB Locally.
2024-04-06T10:57:02.918Z [info]: Server is running on port: 8181
2024-04-06T10:57:11.123Z [error]: Login Failed: POST /api/auth/login: Authentication Error - Invalid username or password.
2024-04-06T10:57:12.040Z [error]: Login Failed: POST /api/auth/login: Authentication Error - Invalid username or password.
2024-04-06T10:57:12.757Z [error]: Login Failed: POST /api/auth/login: Authentication Error - Invalid username or password.
2024-04-06T10:57:13.562Z [error]: Login Failed: POST /api/auth/login: Authentication Error - Invalid username or password.
2024-04-06T10:57:14.257Z [error]: Login Failed: POST /api/auth/login: Authentication Error - Invalid username or password.
2024-04-06T10:57:53.886Z [info]: Connected To MongoDB Locally.
2024-04-06T10:57:53.915Z [info]: Server is running on port: 8181
2024-04-06T10:57:54.999Z [error]: Login Failed: POST /api/auth/login: Authentication Error - Invalid username or password.
2024-04-06T10:57:56.755Z [error]: Login Failed: POST /api/auth/login: Authentication Error - Invalid username or password.
2024-04-06T10:57:57.222Z [error]: Login Failed: POST /api/auth/login: Authentication Error - Invalid username or password.
2024-04-06T10:57:57.686Z [error]: Login Failed: POST /api/auth/login: Authentication Error - Invalid username or password.
2024-04-06T10:57:58.262Z [error]: Login Failed: POST /api/auth/login: Authentication Error - Invalid username or password.
2024-04-06T10:59:18.340Z [info]: Connected To MongoDB Locally.
2024-04-06T10:59:18.370Z [info]: Server is running on port: 8181
2024-04-06T10:59:48.685Z [info]: Connected To MongoDB Locally.
2024-04-06T10:59:48.713Z [info]: Server is running on port: 8181
2024-04-06T11:06:31.715Z [info]: Connected To MongoDB Locally.
2024-04-06T11:06:31.750Z [info]: Server is running on port: 8181
2024-04-06T11:06:59.219Z [error]: Login Failed: POST /api/auth/login: Authentication Error - Invalid username or password.
2024-04-06T11:07:00.416Z [error]: Login Failed: POST /api/auth/login: Authentication Error - Invalid username or password.
2024-04-06T11:07:01.184Z [error]: Login Failed: POST /api/auth/login: Authentication Error - Invalid username or password.
2024-04-06T11:07:01.970Z [error]: Login Failed: POST /api/auth/login: Authentication Error - Invalid username or password.
2024-04-06T11:07:02.800Z [error]: Login Failed: POST /api/auth/login: Authentication Error - Account is locked. Try again after 24 hours
2024-04-06T11:08:08.005Z [info]: Connected To MongoDB Locally.
2024-04-06T11:08:08.038Z [info]: Server is running on port: 8181
2024-04-06T11:13:19.621Z [info]: Connected To MongoDB Locally.
2024-04-06T11:13:19.652Z [info]: Server is running on port: 8181
2024-04-06T11:14:06.724Z [info]: Connected To MongoDB Locally.
2024-04-06T11:14:06.758Z [info]: Server is running on port: 8181
2024-04-06T11:14:14.892Z [info]: Connected To MongoDB Locally.
2024-04-06T11:14:14.925Z [info]: Server is running on port: 8181
2024-04-06T11:19:02.350Z [info]: Connected To MongoDB Locally.
2024-04-06T11:19:02.419Z [info]: Server is running on port: 8181
2024-04-06T11:19:09.437Z [error]: Login Failed: POST /api/auth/login: Authentication Error - Account is locked. Try again after 0.02 hours
2024-04-06T11:19:13.331Z [error]: Login Failed: POST /api/auth/login: Authentication Error - Account is locked. Try again after 0.02 hours
2024-04-06T11:20:11.668Z [error]: Login Failed: POST /api/auth/login: Authentication Error - Invalid username or password.
2024-04-06T11:20:16.150Z [error]: Login Failed: POST /api/auth/login: Authentication Error - Invalid username or password.
2024-04-06T11:20:17.119Z [error]: Login Failed: POST /api/auth/login: Authentication Error - Invalid username or password.
2024-04-06T11:20:17.954Z [error]: Login Failed: POST /api/auth/login: Authentication Error - Invalid username or password.
2024-04-06T11:20:18.926Z [error]: Login Failed: POST /api/auth/login: Authentication Error - Invalid username or password.
2024-04-06T11:20:19.934Z [error]: Login Failed: POST /api/auth/login: Authentication Error - Invalid username or password.
2024-04-06T11:20:21.092Z [error]: Login Failed: POST /api/auth/login: Authentication Error - Invalid username or password.
2024-04-06T11:20:21.908Z [error]: Login Failed: POST /api/auth/login: Authentication Error - Invalid username or password.
2024-04-06T11:20:22.820Z [error]: Login Failed: POST /api/auth/login: Authentication Error - Invalid username or password.
2024-04-06T11:20:23.641Z [error]: Login Failed: POST /api/auth/login: Authentication Error - Invalid username or password.
2024-04-06T11:20:24.571Z [error]: Login Failed: POST /api/auth/login: Authentication Error - Invalid username or password.
2024-04-06T11:20:34.822Z [info]: Connected To MongoDB Locally.
2024-04-06T11:20:34.852Z [info]: Server is running on port: 8181
2024-04-06T11:20:44.548Z [error]: Login Failed: POST /api/auth/login: Authentication Error - Invalid username or password.
2024-04-06T11:20:45.460Z [error]: Login Failed: POST /api/auth/login: Authentication Error - Invalid username or password.
2024-04-06T11:20:46.324Z [error]: Login Failed: POST /api/auth/login: Authentication Error - Invalid username or password.
2024-04-06T11:20:47.136Z [error]: Login Failed: POST /api/auth/login: Authentication Error - Invalid username or password.
2024-04-06T11:20:48.032Z [error]: Login Failed: POST /api/auth/login: Authentication Error - Invalid username or password.
2024-04-06T11:25:39.497Z [error]: Login Failed: POST /api/auth/login: Authentication Error - Account is locked. Try again after 0.02 hours
2024-04-06T11:27:21.489Z [info]: Connected To MongoDB Locally.
2024-04-06T11:27:21.523Z [info]: Server is running on port: 8181
2024-04-06T11:27:47.784Z [error]: Login Failed: POST /api/auth/login: Authentication Error - Invalid username or password.
2024-04-06T11:27:48.747Z [error]: Login Failed: POST /api/auth/login: Authentication Error - Invalid username or password.
2024-04-06T11:27:49.640Z [error]: Login Failed: POST /api/auth/login: Authentication Error - Invalid username or password.
2024-04-06T11:27:50.393Z [error]: Login Failed: POST /api/auth/login: Authentication Error - Invalid username or password.
2024-04-06T11:27:51.164Z [error]: Login Failed: POST /api/auth/login: Authentication Error - Invalid username or password.
2024-04-06T11:32:54.101Z [error]: Login Failed: POST /api/auth/login: Authentication Error - Account is locked. Try again after 0.02 hours
2024-04-06T11:33:13.091Z [error]: Login Failed: POST /api/auth/login: Authentication Error - Account is locked. Try again after 0.02 hours
2024-04-06T11:33:15.481Z [error]: Login Failed: POST /api/auth/login: Authentication Error - Account is locked. Try again after 0.02 hours
2024-04-06T11:33:16.616Z [error]: Login Failed: POST /api/auth/login: Authentication Error - Account is locked. Try again after 0.02 hours
2024-04-06T11:33:18.207Z [error]: Login Failed: POST /api/auth/login: Authentication Error - Account is locked. Try again after 0.02 hours
2024-04-06T11:33:23.727Z [error]: Login Failed: POST /api/auth/login: Authentication Error - Account is locked. Try again after 0.02 hours
2024-04-06T11:38:07.492Z [info]: Connected To MongoDB Locally.
2024-04-06T11:38:07.606Z [info]: Server is running on port: 8181
2024-04-06T11:38:09.741Z [error]: Login Failed: POST /api/auth/login: Authentication Error - Account is locked. Try again after 0.02 hours
2024-04-06T11:38:11.063Z [error]: Login Failed: POST /api/auth/login: Authentication Error - Account is locked. Try again after 0.02 hours
2024-04-06T11:41:45.894Z [error]: Login Failed: POST /api/auth/login: Authentication Error - Invalid username or password.
2024-04-06T11:41:50.596Z [error]: Login Failed: POST /api/auth/login: Authentication Error - Invalid username or password.
2024-04-06T11:41:52.604Z [error]: Login Failed: POST /api/auth/login: Authentication Error - Invalid username or password.
2024-04-06T11:41:53.596Z [error]: Login Failed: POST /api/auth/login: Authentication Error - Invalid username or password.
2024-04-06T11:41:54.439Z [error]: Login Failed: POST /api/auth/login: Authentication Error - Invalid username or password.
2024-04-06T11:41:55.197Z [error]: Login Failed: POST /api/auth/login: Authentication Error - Invalid username or password.
2024-04-06T11:41:55.939Z [error]: Login Failed: POST /api/auth/login: Authentication Error - Invalid username or password.
2024-04-06T11:41:56.787Z [error]: Login Failed: POST /api/auth/login: Authentication Error - Invalid username or password.
2024-04-06T11:41:57.509Z [error]: Login Failed: POST /api/auth/login: Authentication Error - Invalid username or password.
2024-04-06T11:48:37.275Z [info]: Connected To MongoDB Locally.
2024-04-06T11:48:37.358Z [info]: Server is running on port: 8181
2024-04-06T11:49:02.772Z [error]: Login Failed: POST /api/auth/login: Authentication Error - Invalid username or password.
2024-04-06T11:49:03.654Z [error]: Login Failed: POST /api/auth/login: Authentication Error - Invalid username or password.
2024-04-06T11:49:04.444Z [error]: Login Failed: POST /api/auth/login: Authentication Error - Invalid username or password.
2024-04-06T11:49:05.265Z [error]: Login Failed: POST /api/auth/login: Authentication Error - Invalid username or password.
2024-04-06T11:49:06.344Z [error]: Login Failed: POST /api/auth/login: Authentication Error - Invalid username or password.
2024-04-06T11:49:07.396Z [error]: Login Failed: POST /api/auth/login: Authentication Error - Invalid username or password.
2024-04-06T11:49:08.370Z [error]: Login Failed: POST /api/auth/login: Authentication Error - Invalid username or password.
2024-04-06T11:49:09.233Z [error]: Login Failed: POST /api/auth/login: Authentication Error - Invalid username or password.
2024-04-06T11:49:10.112Z [error]: Login Failed: POST /api/auth/login: Authentication Error - Invalid username or password.
2024-04-06T11:49:10.969Z [error]: Login Failed: POST /api/auth/login: Authentication Error - Invalid username or password.
2024-04-06T11:49:39.606Z [error]: Login Failed: POST /api/auth/login: Authentication Error - Invalid username or password.
2024-04-06T11:49:40.513Z [error]: Login Failed: POST /api/auth/login: Authentication Error - Invalid username or password.
2024-04-06T11:53:30.869Z [info]: Connected To MongoDB Locally.
2024-04-06T11:53:30.900Z [info]: Server is running on port: 8181
2024-04-06T11:53:33.684Z [error]: Login Failed: POST /api/auth/login: Authentication Error - Invalid username or password.
2024-04-06T11:53:35.447Z [error]: Login Failed: POST /api/auth/login: Authentication Error - Invalid username or password.
2024-04-06T11:53:36.864Z [error]: Login Failed: POST /api/auth/login: Authentication Error - Invalid username or password.
2024-04-06T11:53:37.825Z [error]: Login Failed: POST /api/auth/login: Authentication Error - Invalid username or password.
2024-04-06T11:53:38.544Z [error]: Login Failed: POST /api/auth/login: Authentication Error - Invalid username or password.
2024-04-06T11:56:21.544Z [info]: Connected To MongoDB Locally.
2024-04-06T11:56:21.580Z [info]: Server is running on port: 8181
2024-04-06T11:56:28.979Z [error]: Login Failed: POST /api/auth/login: Authentication Error - Invalid username or password.
2024-04-06T11:56:30.060Z [error]: Login Failed: POST /api/auth/login: Authentication Error - Invalid username or password.
2024-04-06T11:56:31.017Z [error]: Login Failed: POST /api/auth/login: Authentication Error - Invalid username or password.
2024-04-06T11:56:31.990Z [error]: Login Failed: POST /api/auth/login: Authentication Error - Invalid username or password.
2024-04-06T11:56:32.758Z [error]: Login Failed: POST /api/auth/login: Authentication Error - Invalid username or password.
2024-04-06T12:00:50.007Z [info]: Connected To MongoDB Locally.
2024-04-06T12:00:50.042Z [info]: Server is running on port: 8181
2024-04-06T12:01:06.110Z [error]: Login Failed: POST /api/auth/login: Authentication Error - Invalid username or password.
2024-04-06T12:01:07.000Z [error]: Login Failed: POST /api/auth/login: Authentication Error - Invalid username or password.
2024-04-06T12:01:07.745Z [error]: Login Failed: POST /api/auth/login: Authentication Error - Invalid username or password.
2024-04-06T12:01:08.747Z [error]: Login Failed: POST /api/auth/login: Authentication Error - Invalid username or password.
2024-04-06T12:01:09.264Z [error]: Login Failed: POST /api/auth/login: Authentication Error - Invalid username or password.
2024-04-06T12:01:10.184Z [error]: Login Failed: POST /api/auth/login: Authentication Error - Invalid username or password.
2024-04-06T12:01:11.296Z [error]: Login Failed: POST /api/auth/login: Authentication Error - Invalid username or password.
2024-04-06T12:01:12.103Z [error]: Login Failed: POST /api/auth/login: Authentication Error - Invalid username or password.
2024-04-06T12:01:12.868Z [error]: Login Failed: POST /api/auth/login: Authentication Error - Invalid username or password.
2024-04-06T12:01:13.630Z [error]: Login Failed: POST /api/auth/login: Authentication Error - Invalid username or password.
2024-04-06T12:01:14.411Z [error]: Login Failed: POST /api/auth/login: Authentication Error - Invalid username or password.
2024-04-06T12:04:24.949Z [info]: Connected To MongoDB Locally.
2024-04-06T12:04:24.980Z [info]: Server is running on port: 8181
2024-04-06T12:04:30.310Z [error]: Login Failed: POST /api/auth/login: Authentication Error - Invalid username or password.
2024-04-06T12:04:31.484Z [error]: Login Failed: POST /api/auth/login: Authentication Error - Invalid username or password.
2024-04-06T12:04:33.302Z [error]: Login Failed: POST /api/auth/login: Authentication Error - Invalid username or password.
2024-04-06T12:04:34.587Z [error]: Login Failed: POST /api/auth/login: Authentication Error - Invalid username or password.
2024-04-06T12:04:35.401Z [error]: Login Failed: POST /api/auth/login: Authentication Error - Invalid username or password.
2024-04-06T12:08:57.391Z [info]: Connected To MongoDB Locally.
2024-04-06T12:08:57.422Z [info]: Server is running on port: 8181
2024-04-06T12:09:06.170Z [error]: Login Failed: POST /api/auth/login: Authentication Error - Invalid username or password.
2024-04-06T12:09:07.328Z [error]: Login Failed: POST /api/auth/login: Authentication Error - Invalid username or password.
2024-04-06T12:09:08.701Z [error]: Login Failed: POST /api/auth/login: Authentication Error - Invalid username or password.
2024-04-06T12:09:09.977Z [error]: Login Failed: POST /api/auth/login: Authentication Error - Invalid username or password.
2024-04-06T12:09:10.811Z [error]: Login Failed: POST /api/auth/login: Authentication Error - Invalid username or password.
2024-04-06T12:09:35.396Z [info]: Connected To MongoDB Locally.
2024-04-06T12:09:35.429Z [info]: Server is running on port: 8181
2024-04-06T12:10:00.884Z [info]: Connected To MongoDB Locally.
2024-04-06T12:10:00.920Z [info]: Server is running on port: 8181
2024-04-06T12:10:13.089Z [info]: Connected To MongoDB Locally.
2024-04-06T12:10:13.129Z [info]: Server is running on port: 8181
2024-04-06T12:11:43.714Z [info]: Connected To MongoDB Locally.
2024-04-06T12:11:43.749Z [info]: Server is running on port: 8181
2024-04-06T12:11:59.755Z [error]: Login Failed: POST /api/auth/login: Authentication Error - Invalid username or password.
2024-04-06T12:12:00.893Z [error]: Login Failed: POST /api/auth/login: Authentication Error - Invalid username or password.
2024-04-06T12:12:02.410Z [error]: Login Failed: POST /api/auth/login: Authentication Error - Invalid username or password.
2024-04-06T12:12:04.889Z [error]: Login Failed: POST /api/auth/login: Authentication Error - Invalid username or password.
2024-04-06T12:12:05.632Z [error]: Login Failed: POST /api/auth/login: Authentication Error - Invalid username or password.
2024-04-06T12:19:38.228Z [info]: Connected To MongoDB Locally.
2024-04-06T12:19:38.266Z [info]: Server is running on port: 8181
2024-04-06T12:20:00.328Z [error]: Login Failed: POST /api/auth/login: Authentication Error - Invalid username or password.
2024-04-06T12:20:01.301Z [error]: Login Failed: POST /api/auth/login: Authentication Error - Invalid username or password.
2024-04-06T12:20:02.091Z [error]: Login Failed: POST /api/auth/login: Authentication Error - Invalid username or password.
2024-04-06T12:20:02.919Z [error]: Login Failed: POST /api/auth/login: Authentication Error - Invalid username or password.
2024-04-06T12:20:03.640Z [error]: Login Failed: POST /api/auth/login: Authentication Error - Invalid username or password.
2024-04-06T12:20:56.729Z [info]: Connected To MongoDB Locally.
2024-04-06T12:20:56.771Z [info]: Server is running on port: 8181
2024-04-06T12:21:00.443Z [error]: Login Failed: POST /api/auth/login: Authentication Error - Invalid username or password.
2024-04-06T12:21:01.374Z [error]: Login Failed: POST /api/auth/login: Authentication Error - Invalid username or password.
2024-04-06T12:21:02.193Z [error]: Login Failed: POST /api/auth/login: Authentication Error - Invalid username or password.
2024-04-06T12:21:02.901Z [error]: Login Failed: POST /api/auth/login: Authentication Error - Invalid username or password.
2024-04-06T12:21:03.654Z [error]: Login Failed: POST /api/auth/login: Authentication Error - Invalid username or password.
2024-04-06T12:21:29.869Z [info]: Connected To MongoDB Locally.
2024-04-06T12:21:29.982Z [info]: Server is running on port: 8181
2024-04-06T12:21:31.713Z [error]: Login Failed: POST /api/auth/login: Authentication Error - Invalid username or password.
2024-04-06T12:21:32.724Z [error]: Login Failed: POST /api/auth/login: Authentication Error - Invalid username or password.
2024-04-06T12:21:33.558Z [error]: Login Failed: POST /api/auth/login: Authentication Error - Invalid username or password.
2024-04-06T12:21:34.252Z [error]: Login Failed: POST /api/auth/login: Authentication Error - Invalid username or password.
2024-04-06T12:21:34.891Z [error]: Login Failed: POST /api/auth/login: Authentication Error - Invalid username or password.
2024-04-06T12:22:17.642Z [info]: Connected To MongoDB Locally.
2024-04-06T12:22:17.675Z [info]: Server is running on port: 8181
2024-04-06T12:22:23.413Z [error]: Login Failed: POST /api/auth/login: Authentication Error - Invalid username or password.
2024-04-06T12:22:24.287Z [error]: Login Failed: POST /api/auth/login: Authentication Error - Invalid username or password.
2024-04-06T12:22:25.149Z [error]: Login Failed: POST /api/auth/login: Authentication Error - Invalid username or password.
2024-04-06T12:22:25.839Z [error]: Login Failed: POST /api/auth/login: Authentication Error - Invalid username or password.
2024-04-06T12:22:26.599Z [error]: Login Failed: POST /api/auth/login: Authentication Error - Invalid username or password.
2024-04-06T12:24:33.008Z [info]: Connected To MongoDB Locally.
2024-04-06T12:24:33.042Z [info]: Server is running on port: 8181
2024-04-06T12:24:39.189Z [error]: Login Failed: POST /api/auth/login: Authentication Error - Invalid username or password.
2024-04-06T12:24:40.034Z [error]: Login Failed: POST /api/auth/login: Authentication Error - Invalid username or password.
2024-04-06T12:24:40.891Z [error]: Login Failed: POST /api/auth/login: Authentication Error - Invalid username or password.
2024-04-06T12:24:41.672Z [error]: Login Failed: POST /api/auth/login: Authentication Error - Invalid username or password.
2024-04-06T12:24:42.480Z [error]: Login Failed: POST /api/auth/login: Authentication Error - Invalid username or password.
2024-04-06T12:27:22.373Z [error]: Login Failed: POST /api/auth/login: Authentication Error - Invalid username or password.
2024-04-06T12:27:23.107Z [error]: Login Failed: POST /api/auth/login: Authentication Error - Invalid username or password.
2024-04-06T12:27:23.988Z [error]: Login Failed: POST /api/auth/login: Authentication Error - Invalid username or password.
2024-04-06T12:27:24.859Z [error]: Login Failed: POST /api/auth/login: Authentication Error - Invalid username or password.
2024-04-06T12:27:25.574Z [error]: Login Failed: POST /api/auth/login: Authentication Error - Invalid username or password.
2024-04-06T12:31:50.479Z [info]: Connected To MongoDB Locally.
2024-04-06T12:31:50.568Z [info]: Server is running on port: 8181
2024-04-06T12:34:25.084Z [info]: Connected To MongoDB Locally.
2024-04-06T12:34:25.115Z [info]: Server is running on port: 8181
2024-04-06T12:36:06.560Z [info]: Connected To MongoDB Locally.
2024-04-06T12:36:06.595Z [info]: Server is running on port: 8181
2024-04-06T12:36:26.630Z [error]: Login Failed: POST /api/auth/login: Authentication Error - Invalid username or password.
2024-04-06T12:36:27.601Z [error]: Login Failed: POST /api/auth/login: Authentication Error - Invalid username or password.
2024-04-06T12:36:28.430Z [error]: Login Failed: POST /api/auth/login: Authentication Error - Invalid username or password.
2024-04-06T12:36:29.369Z [error]: Login Failed: POST /api/auth/login: Authentication Error - Invalid username or password.
2024-04-06T12:36:30.190Z [error]: Login Failed: POST /api/auth/login: Authentication Error - Invalid username or password.
2024-04-06T12:37:47.200Z [info]: Connected To MongoDB Locally.
2024-04-06T12:37:47.231Z [info]: Server is running on port: 8181
2024-04-06T12:37:59.067Z [info]: Connected To MongoDB Locally.
2024-04-06T12:37:59.115Z [info]: Server is running on port: 8181
2024-04-06T12:38:03.613Z [error]: Login Failed: POST /api/auth/login: Authentication Error - Invalid username or password.
2024-04-06T12:38:04.495Z [error]: Login Failed: POST /api/auth/login: Authentication Error - Invalid username or password.
2024-04-06T12:38:05.256Z [error]: Login Failed: POST /api/auth/login: Authentication Error - Invalid username or password.
2024-04-06T12:38:05.989Z [error]: Login Failed: POST /api/auth/login: Authentication Error - Invalid username or password.
2024-04-06T12:38:06.647Z [error]: Login Failed: POST /api/auth/login: Authentication Error - Invalid username or password.
2024-04-06T12:38:44.699Z [info]: Connected To MongoDB Locally.
2024-04-06T12:38:44.759Z [info]: Server is running on port: 8181
2024-04-06T12:38:53.206Z [error]: Login Failed: POST /api/auth/login: Authentication Error - Invalid username or password.
2024-04-06T12:38:53.911Z [error]: Login Failed: POST /api/auth/login: Authentication Error - Invalid username or password.
2024-04-06T12:38:54.526Z [error]: Login Failed: POST /api/auth/login: Authentication Error - Invalid username or password.
2024-04-06T12:38:55.650Z [error]: Login Failed: POST /api/auth/login: Authentication Error - Invalid username or password.
2024-04-06T12:39:32.756Z [info]: Connected To MongoDB Locally.
2024-04-06T12:39:32.791Z [info]: Server is running on port: 8181
2024-04-06T12:39:35.070Z [error]: Login Failed: POST /api/auth/login: Authentication Error - Invalid username or password.
2024-04-06T12:39:36.039Z [error]: Login Failed: POST /api/auth/login: Authentication Error - Invalid username or password.
2024-04-06T12:39:36.816Z [error]: Login Failed: POST /api/auth/login: Authentication Error - Invalid username or password.
2024-04-06T12:39:37.502Z [error]: Login Failed: POST /api/auth/login: Authentication Error - Invalid username or password.
2024-04-06T12:39:38.123Z [error]: Login Failed: POST /api/auth/login: Authentication Error - Invalid username or password.
2024-04-06T12:41:52.084Z [info]: Connected To MongoDB Locally.
2024-04-06T12:41:52.118Z [info]: Server is running on port: 8181
2024-04-06T12:42:06.129Z [error]: Login Failed: POST /api/auth/login: Authentication Error - Invalid username or password.
2024-04-06T12:42:06.987Z [error]: Login Failed: POST /api/auth/login: Authentication Error - Invalid username or password.
2024-04-06T12:42:07.838Z [error]: Login Failed: POST /api/auth/login: Authentication Error - Invalid username or password.
2024-04-06T12:42:08.679Z [error]: Login Failed: POST /api/auth/login: Authentication Error - Invalid username or password.
2024-04-06T12:42:09.487Z [error]: Login Failed: POST /api/auth/login: Authentication Error - Invalid username or password.
2024-04-06T12:42:42.567Z [info]: Connected To MongoDB Locally.
2024-04-06T12:42:42.667Z [info]: Server is running on port: 8181
2024-04-06T12:44:32.892Z [info]: Connected To MongoDB Locally.
2024-04-06T12:44:32.927Z [info]: Server is running on port: 8181
2024-04-06T12:44:46.298Z [error]: Login Failed: POST /api/auth/login: Authentication Error - Invalid username or password.
2024-04-06T12:44:47.172Z [error]: Login Failed: POST /api/auth/login: Authentication Error - Invalid username or password.
2024-04-06T12:44:47.952Z [error]: Login Failed: POST /api/auth/login: Authentication Error - Invalid username or password.
2024-04-06T12:44:48.761Z [error]: Login Failed: POST /api/auth/login: Authentication Error - Invalid username or password.
2024-04-06T12:44:49.579Z [error]: Login Failed: POST /api/auth/login: Authentication Error - Invalid username or password.
2024-04-06T12:46:32.707Z [info]: Connected To MongoDB Locally.
2024-04-06T12:46:32.818Z [info]: Server is running on port: 8181
2024-04-06T12:46:39.586Z [error]: Login Failed: POST /api/auth/login: Authentication Error - Invalid username or password.
2024-04-06T12:46:40.602Z [error]: Login Failed: POST /api/auth/login: Authentication Error - Invalid username or password.
2024-04-06T12:46:41.254Z [error]: Login Failed: POST /api/auth/login: Authentication Error - Invalid username or password.
2024-04-06T12:46:41.922Z [error]: Login Failed: POST /api/auth/login: Authentication Error - Invalid username or password.
2024-04-06T12:46:42.561Z [error]: Login Failed: POST /api/auth/login: Authentication Error - Invalid username or password.
2024-04-06T12:47:15.469Z [info]: Connected To MongoDB Locally.
2024-04-06T12:47:15.498Z [info]: Server is running on port: 8181
2024-04-06T12:48:27.822Z [error]: Login Failed: POST /api/auth/login: Authentication Error - Invalid username or password.
2024-04-06T12:48:28.611Z [error]: Login Failed: POST /api/auth/login: Authentication Error - Invalid username or password.
2024-04-06T12:48:29.495Z [error]: Login Failed: POST /api/auth/login: Authentication Error - Invalid username or password.
2024-04-06T12:48:30.095Z [error]: Login Failed: POST /api/auth/login: Authentication Error - Invalid username or password.
2024-04-06T12:48:31.062Z [error]: Login Failed: POST /api/auth/login: Authentication Error - Invalid username or password.
2024-04-06T12:50:57.124Z [info]: Connected To MongoDB Locally.
2024-04-06T12:50:57.210Z [info]: Server is running on port: 8181
2024-04-06T12:50:58.349Z [error]: Login Failed: POST /api/auth/login: Authentication Error - Invalid username or password.
2024-04-06T12:50:59.452Z [error]: Login Failed: POST /api/auth/login: Authentication Error - Invalid username or password.
2024-04-06T12:51:00.000Z [error]: Login Failed: POST /api/auth/login: Authentication Error - Invalid username or password.
2024-04-06T12:51:00.897Z [error]: Login Failed: POST /api/auth/login: Authentication Error - Invalid username or password.
2024-04-06T12:51:01.728Z [error]: Login Failed: POST /api/auth/login: Authentication Error - Invalid username or password.
2024-04-06T12:52:15.479Z [info]: Connected To MongoDB Locally.
2024-04-06T12:52:15.511Z [info]: Server is running on port: 8181
2024-04-06T12:52:21.760Z [error]: Login Failed: POST /api/auth/login: Authentication Error - Invalid username or password.
2024-04-06T12:52:22.685Z [error]: Login Failed: POST /api/auth/login: Authentication Error - Invalid username or password.
2024-04-06T12:52:23.569Z [error]: Login Failed: POST /api/auth/login: Authentication Error - Invalid username or password.
2024-04-06T12:52:24.454Z [error]: Login Failed: POST /api/auth/login: Authentication Error - Invalid username or password.
2024-04-06T12:52:25.264Z [error]: Login Failed: POST /api/auth/login: Authentication Error - Invalid username or password.
2024-04-06T12:53:35.297Z [info]: Connected To MongoDB Locally.
2024-04-06T12:53:35.339Z [info]: Server is running on port: 8181
2024-04-06T12:55:10.878Z [error]: Login Failed: POST /api/auth/login: Authentication Error - Invalid username or password.
2024-04-06T12:55:11.962Z [error]: Login Failed: POST /api/auth/login: Authentication Error - Invalid username or password.
2024-04-06T12:55:12.551Z [error]: Login Failed: POST /api/auth/login: Authentication Error - Invalid username or password.
2024-04-06T12:55:13.458Z [error]: Login Failed: POST /api/auth/login: Authentication Error - Invalid username or password.
2024-04-06T12:55:41.283Z [info]: Connected To MongoDB Locally.
2024-04-06T12:55:41.311Z [info]: Server is running on port: 8181
2024-04-06T12:55:58.758Z [error]: Login Failed: POST /api/auth/login: Authentication Error - Invalid username or password.
2024-04-06T12:56:00.367Z [error]: Login Failed: POST /api/auth/login: Authentication Error - Invalid username or password.
2024-04-06T12:56:01.336Z [error]: Login Failed: POST /api/auth/login: Authentication Error - Invalid username or password.
2024-04-06T12:56:02.334Z [error]: Login Failed: POST /api/auth/login: Authentication Error - Invalid username or password.
2024-04-06T12:56:03.137Z [error]: Login Failed: POST /api/auth/login: Authentication Error - Invalid username or password.
2024-04-06T12:56:39.357Z [info]: Connected To MongoDB Locally.
2024-04-06T12:56:39.397Z [info]: Server is running on port: 8181
2024-04-06T12:57:26.872Z [info]: Connected To MongoDB Locally.
2024-04-06T12:57:26.905Z [info]: Server is running on port: 8181
2024-04-06T12:57:29.667Z [error]: Login Failed: POST /api/auth/login: Authentication Error - Invalid username or password.
2024-04-06T12:57:30.917Z [error]: Login Failed: POST /api/auth/login: Authentication Error - Invalid username or password.
2024-04-06T12:57:31.775Z [error]: Login Failed: POST /api/auth/login: Authentication Error - Invalid username or password.
2024-04-06T12:57:32.432Z [error]: Login Failed: POST /api/auth/login: Authentication Error - Invalid username or password.
2024-04-06T12:57:33.229Z [error]: Login Failed: POST /api/auth/login: Authentication Error - Invalid username or password.
2024-04-06T13:01:11.496Z [info]: Connected To MongoDB Locally.
2024-04-06T13:01:11.533Z [info]: Server is running on port: 8181
2024-04-06T13:01:32.706Z [info]: Connected To MongoDB Locally.
2024-04-06T13:01:32.740Z [info]: Server is running on port: 8181
2024-04-06T13:02:20.988Z [error]: Login Failed: POST /api/auth/login: Authentication Error - Invalid username or password.
2024-04-06T13:02:21.868Z [error]: Login Failed: POST /api/auth/login: Authentication Error - Invalid username or password.
2024-04-06T13:02:22.811Z [error]: Login Failed: POST /api/auth/login: Authentication Error - Invalid username or password.
2024-04-06T13:04:10.127Z [info]: Connected To MongoDB Locally.
2024-04-06T13:04:10.185Z [info]: Server is running on port: 8181
2024-04-06T13:04:25.854Z [info]: Connected To MongoDB Locally.
2024-04-06T13:04:25.886Z [info]: Server is running on port: 8181
2024-04-06T13:04:31.798Z [error]: Login Failed: POST /api/auth/login: Authentication Error - Invalid username or password.
2024-04-06T13:04:33.202Z [error]: Login Failed: POST /api/auth/login: Authentication Error - Invalid username or password.
2024-04-06T13:04:34.071Z [error]: Login Failed: POST /api/auth/login: Authentication Error - Invalid username or password.
2024-04-06T13:04:34.810Z [error]: Login Failed: POST /api/auth/login: Authentication Error - Invalid username or password.
2024-04-06T13:04:35.616Z [error]: Login Failed: POST /api/auth/login: Authentication Error - Invalid username or password.
2024-04-06T13:08:58.734Z [info]: Connected To MongoDB Locally.
2024-04-06T13:08:58.766Z [info]: Server is running on port: 8181
2024-04-06T13:09:06.579Z [error]: Login Failed: POST /api/auth/login: Authentication Error - Invalid username or password.
2024-04-06T13:09:07.567Z [error]: Login Failed: POST /api/auth/login: Authentication Error - Invalid username or password.
2024-04-06T13:09:08.317Z [error]: Login Failed: POST /api/auth/login: Authentication Error - Invalid username or password.
2024-04-06T13:09:08.948Z [error]: Login Failed: POST /api/auth/login: Authentication Error - Invalid username or password.
2024-04-06T13:09:09.565Z [error]: Login Failed: POST /api/auth/login: Authentication Error - Invalid username or password.
2024-04-06T13:09:29.792Z [info]: Connected To MongoDB Locally.
2024-04-06T13:09:29.827Z [info]: Server is running on port: 8181
2024-04-06T13:11:48.420Z [info]: Connected To MongoDB Locally.
2024-04-06T13:11:48.452Z [info]: Server is running on port: 8181
2024-04-06T13:48:50.755Z [info]: Connected To MongoDB Locally.
2024-04-06T13:48:50.850Z [info]: Server is running on port: 8181
2024-04-06T13:49:11.735Z [info]: Connected To MongoDB Locally.
2024-04-06T13:49:11.813Z [info]: Server is running on port: 8181
2024-04-06T13:49:57.717Z [error]: Login Failed: POST /api/auth/login: Authentication Error - Invalid username or password.
2024-04-06T13:49:59.217Z [error]: Login Failed: POST /api/auth/login: Authentication Error - Invalid username or password.
2024-04-06T13:50:00.185Z [error]: Login Failed: POST /api/auth/login: Authentication Error - Invalid username or password.
2024-04-06T13:50:01.125Z [error]: Login Failed: POST /api/auth/login: Authentication Error - Invalid username or password.
2024-04-06T13:50:02.071Z [error]: Login Failed: POST /api/auth/login: Authentication Error - Invalid username or password.
2024-04-06T13:50:42.422Z [info]: Connected To MongoDB Locally.
2024-04-06T13:50:42.499Z [info]: Server is running on port: 8181
2024-04-06T13:50:45.839Z [error]: Login Failed: POST /api/auth/login: Authentication Error - Account is locked. Try again after 0.02 hours
2024-04-06T13:50:47.418Z [error]: Login Failed: POST /api/auth/login: Authentication Error - Account is locked. Try again after 0.02 hours
2024-04-06T13:51:02.419Z [error]: Login Failed: POST /api/auth/login: Authentication Error - Invalid username or password.
2024-04-06T13:51:03.380Z [error]: Login Failed: POST /api/auth/login: Authentication Error - Invalid username or password.
2024-04-06T13:51:05.009Z [error]: Login Failed: POST /api/auth/login: Authentication Error - Invalid username or password.
2024-04-06T13:56:55.125Z [error]: Login Failed: POST /api/auth/login: Authentication Error - Account is locked. Try again after 0.02 hours
2024-04-06T13:57:44.915Z [error]: Login Failed: POST /api/auth/login: Authentication Error - Account is locked. Try again after 0.02 hours
2024-04-06T13:57:46.234Z [error]: Login Failed: POST /api/auth/login: Authentication Error - Account is locked. Try again after 0.02 hours
2024-04-06T13:57:58.502Z [error]: Login Failed: POST /api/auth/login: Authentication Error - Account is locked. Try again after 0.02 hours
2024-04-06T13:57:59.963Z [error]: Login Failed: POST /api/auth/login: Authentication Error - Account is locked. Try again after 0.02 hours
2024-04-06T13:58:46.092Z [info]: Connected To MongoDB Locally.
2024-04-06T13:58:46.167Z [info]: Server is running on port: 8181
2024-04-06T13:58:54.946Z [info]: Connected To MongoDB Locally.
2024-04-06T13:58:54.971Z [info]: Server is running on port: 8181
2024-04-06T13:59:08.723Z [error]: Login Failed: POST /api/auth/login: Authentication Error - Invalid username or password.
2024-04-06T13:59:09.609Z [error]: Login Failed: POST /api/auth/login: Authentication Error - Invalid username or password.
2024-04-06T13:59:10.333Z [error]: Login Failed: POST /api/auth/login: Authentication Error - Invalid username or password.
2024-04-06T13:59:10.986Z [error]: Login Failed: POST /api/auth/login: Authentication Error - Invalid username or password.
2024-04-06T13:59:11.734Z [error]: Login Failed: POST /api/auth/login: Authentication Error - Invalid username or password.
2024-04-06T14:02:45.865Z [info]: Connected To MongoDB Locally.
2024-04-06T14:02:45.950Z [info]: Server is running on port: 8181
2024-04-06T14:02:47.063Z [error]: Login Failed: POST /api/auth/login: Authentication Error - Invalid username or password.
2024-04-06T14:02:48.758Z [error]: Login Failed: POST /api/auth/login: Authentication Error - Invalid username or password.
2024-04-06T14:02:49.580Z [error]: Login Failed: POST /api/auth/login: Authentication Error - Invalid username or password.
2024-04-06T14:02:50.405Z [error]: Login Failed: POST /api/auth/login: Authentication Error - Invalid username or password.
2024-04-06T14:02:51.101Z [error]: Login Failed: POST /api/auth/login: Authentication Error - Invalid username or password.
2024-04-06T14:06:17.331Z [error]: Login Failed: POST /api/auth/login: Authentication Error - Invalid username or password.
2024-04-06T14:06:17.942Z [error]: Login Failed: POST /api/auth/login: Authentication Error - Invalid username or password.
2024-04-06T14:06:19.264Z [error]: Login Failed: POST /api/auth/login: Authentication Error - Invalid username or password.
2024-04-06T14:06:19.748Z [error]: Login Failed: POST /api/auth/login: Authentication Error - Invalid username or password.
2024-04-06T14:06:21.025Z [error]: Login Failed: POST /api/auth/login: Authentication Error - Invalid username or password.
2024-04-06T14:06:53.648Z [info]: Connected To MongoDB Locally.
2024-04-06T14:06:53.728Z [info]: Server is running on port: 8181
2024-04-06T14:07:06.327Z [error]: Login Failed: POST /api/auth/login: Authentication Error - Invalid username or password.
2024-04-06T14:07:07.168Z [error]: Login Failed: POST /api/auth/login: Authentication Error - Invalid username or password.
2024-04-06T14:07:07.984Z [error]: Login Failed: POST /api/auth/login: Authentication Error - Invalid username or password.
2024-04-06T14:07:08.814Z [error]: Login Failed: POST /api/auth/login: Authentication Error - Invalid username or password.
2024-04-06T14:07:10.676Z [error]: Login Failed: POST /api/auth/login: Authentication Error - Invalid username or password.
2024-04-06T14:09:19.632Z [info]: Connected To MongoDB Locally.
2024-04-06T14:09:19.660Z [info]: Server is running on port: 8181
2024-04-06T14:09:35.251Z [info]: Connected To MongoDB Locally.
2024-04-06T14:09:35.289Z [info]: Server is running on port: 8181
2024-04-06T14:09:36.365Z [error]: Login Failed: POST /api/auth/login: Authentication Error - Invalid username or password.
2024-04-06T14:09:37.398Z [error]: Login Failed: POST /api/auth/login: Authentication Error - Invalid username or password.
2024-04-06T14:09:38.396Z [error]: Login Failed: POST /api/auth/login: Authentication Error - Invalid username or password.
2024-04-06T14:09:39.200Z [error]: Login Failed: POST /api/auth/login: Authentication Error - Invalid username or password.
2024-04-06T14:09:39.733Z [error]: Login Failed: POST /api/auth/login: Authentication Error - Invalid username or password.
2024-04-06T14:13:47.653Z [info]: Connected To MongoDB Locally.
2024-04-06T14:13:47.687Z [info]: Server is running on port: 8181
2024-04-06T14:15:44.408Z [info]: Connected To MongoDB Locally.
2024-04-06T14:15:44.457Z [info]: Server is running on port: 8181
2024-04-06T14:16:02.894Z [error]: Login Failed: POST /api/auth/login: Authentication Error - Invalid username or password.
2024-04-06T14:16:03.997Z [error]: Login Failed: POST /api/auth/login: Authentication Error - Invalid username or password.
2024-04-06T14:16:05.038Z [error]: Login Failed: POST /api/auth/login: Authentication Error - Invalid username or password.
2024-04-06T14:16:06.097Z [error]: Login Failed: POST /api/auth/login: Authentication Error - Invalid username or password.
2024-04-06T14:16:07.017Z [error]: Login Failed: POST /api/auth/login: Authentication Error - Invalid username or password.
2024-04-06T14:17:44.139Z [info]: Connected To MongoDB Locally.
2024-04-06T14:17:44.174Z [info]: Server is running on port: 8181
2024-04-06T14:18:03.850Z [error]: Login Failed: POST /api/auth/login: Authentication Error - Invalid username or password.
2024-04-06T14:18:04.896Z [error]: Login Failed: POST /api/auth/login: Authentication Error - Invalid username or password.
2024-04-06T14:18:05.778Z [error]: Login Failed: POST /api/auth/login: Authentication Error - Invalid username or password.
2024-04-06T14:18:06.665Z [error]: Login Failed: POST /api/auth/login: Authentication Error - Invalid username or password.
2024-04-06T14:18:07.413Z [error]: Login Failed: POST /api/auth/login: Authentication Error - Invalid username or password.
2024-04-06T14:21:33.825Z [info]: Connected To MongoDB Locally.
2024-04-06T14:21:33.975Z [info]: Server is running on port: 8181
2024-04-06T14:21:34.968Z [error]: Login Failed: POST /api/auth/login: Authentication Error - Invalid username or password.
2024-04-06T14:21:36.195Z [error]: Login Failed: POST /api/auth/login: Authentication Error - Invalid username or password.
2024-04-06T14:21:37.051Z [error]: Login Failed: POST /api/auth/login: Authentication Error - Invalid username or password.
2024-04-06T14:21:37.846Z [error]: Login Failed: POST /api/auth/login: Authentication Error - Invalid username or password.
2024-04-06T14:21:38.760Z [error]: Login Failed: POST /api/auth/login: Authentication Error - Invalid username or password.
2024-04-06T14:23:17.693Z [info]: Connected To MongoDB Locally.
2024-04-06T14:23:17.752Z [info]: Server is running on port: 8181
2024-04-06T14:23:21.175Z [error]: Login Failed: POST /api/auth/login: Authentication Error - Invalid username or password.
2024-04-06T14:23:22.421Z [error]: Login Failed: POST /api/auth/login: Authentication Error - Invalid username or password.
2024-04-06T14:23:23.144Z [error]: Login Failed: POST /api/auth/login: Authentication Error - Invalid username or password.
2024-04-06T14:23:24.144Z [error]: Login Failed: POST /api/auth/login: Authentication Error - Invalid username or password.
2024-04-06T14:23:24.902Z [error]: Login Failed: POST /api/auth/login: Authentication Error - Invalid username or password.
2024-04-06T14:25:27.599Z [info]: Connected To MongoDB Locally.
2024-04-06T14:25:27.640Z [info]: Server is running on port: 8181
2024-04-06T14:25:50.945Z [info]: Connected To MongoDB Locally.
2024-04-06T14:25:50.987Z [info]: Server is running on port: 8181
2024-04-06T14:29:30.242Z [info]: Connected To MongoDB Locally.
2024-04-06T14:29:30.276Z [info]: Server is running on port: 8181
2024-04-06T14:29:33.488Z [error]: Login Failed: POST /api/auth/login: Authentication Error - Invalid username or password.
2024-04-06T14:29:34.876Z [error]: Login Failed: POST /api/auth/login: Authentication Error - Invalid username or password.
2024-04-06T14:29:35.780Z [error]: Login Failed: POST /api/auth/login: Authentication Error - Invalid username or password.
2024-04-06T14:29:37.043Z [error]: Login Failed: POST /api/auth/login: Authentication Error - Invalid username or password.
2024-04-06T14:29:37.700Z [error]: Login Failed: POST /api/auth/login: Authentication Error - Invalid username or password.
2024-04-06T14:32:01.632Z [info]: Connected To MongoDB Locally.
2024-04-06T14:32:01.665Z [info]: Server is running on port: 8181
2024-04-06T14:32:04.310Z [error]: Login Failed: POST /api/auth/login: Authentication Error - Invalid username or password.
2024-04-06T14:32:05.227Z [error]: Login Failed: POST /api/auth/login: Authentication Error - Invalid username or password.
2024-04-06T14:32:06.179Z [error]: Login Failed: POST /api/auth/login: Authentication Error - Invalid username or password.
2024-04-06T14:32:06.757Z [error]: Login Failed: POST /api/auth/login: Authentication Error - Invalid username or password.
2024-04-06T14:32:08.277Z [error]: Login Failed: POST /api/auth/login: Authentication Error - Invalid username or password.
2024-04-06T14:33:22.802Z [info]: Connected To MongoDB Locally.
2024-04-06T14:33:22.832Z [info]: Server is running on port: 8181
2024-04-06T14:33:43.512Z [error]: Login Failed: POST /api/auth/login: Authentication Error - Invalid username or password.
2024-04-06T14:33:44.891Z [error]: Login Failed: POST /api/auth/login: Authentication Error - Invalid username or password.
2024-04-06T14:33:45.961Z [error]: Login Failed: POST /api/auth/login: Authentication Error - Invalid username or password.
2024-04-06T14:33:46.855Z [error]: Login Failed: POST /api/auth/login: Authentication Error - Invalid username or password.
2024-04-06T14:33:47.573Z [error]: Login Failed: POST /api/auth/login: Authentication Error - Invalid username or password.
2024-04-06T14:34:12.266Z [info]: Connected To MongoDB Locally.
2024-04-06T14:34:12.297Z [info]: Server is running on port: 8181
2024-04-06T14:34:30.514Z [info]: Connected To MongoDB Locally.
2024-04-06T14:34:30.542Z [info]: Server is running on port: 8181
2024-04-06T14:34:36.846Z [error]: Login Failed: POST /api/auth/login: Authentication Error - Invalid username or password.
2024-04-06T14:34:37.841Z [error]: Login Failed: POST /api/auth/login: Authentication Error - Invalid username or password.
2024-04-06T14:34:38.620Z [error]: Login Failed: POST /api/auth/login: Authentication Error - Invalid username or password.
2024-04-06T14:34:39.636Z [error]: Login Failed: POST /api/auth/login: Authentication Error - Invalid username or password.
2024-04-06T14:34:40.418Z [error]: Login Failed: POST /api/auth/login: Authentication Error - Invalid username or password.
2024-04-06T14:37:14.922Z [error]: Login Failed: POST /api/auth/login: Authentication Error - Invalid username or password.
2024-04-06T14:37:16.007Z [error]: Login Failed: POST /api/auth/login: Authentication Error - Invalid username or password.
2024-04-06T14:37:16.876Z [error]: Login Failed: POST /api/auth/login: Authentication Error - Invalid username or password.
2024-04-06T14:37:17.872Z [error]: Login Failed: POST /api/auth/login: Authentication Error - Invalid username or password.
2024-04-06T14:37:18.578Z [error]: Login Failed: POST /api/auth/login: Authentication Error - Account is locked. Try again after 24 hours
2024-04-06T14:37:35.771Z [info]: Connected To MongoDB Locally.
2024-04-06T14:37:35.810Z [info]: Server is running on port: 8181
2024-04-06T14:40:31.303Z [info]: Connected To MongoDB Locally.
2024-04-06T14:40:31.335Z [info]: Server is running on port: 8181
2024-04-06T14:41:07.503Z [info]: Connected To MongoDB Locally.
2024-04-06T14:41:07.534Z [info]: Server is running on port: 8181
2024-04-06T14:41:14.374Z [error]: Login Failed: POST /api/auth/login: Authentication Error - Account is locked. Try again after 24 hours
2024-04-06T14:41:19.824Z [error]: Login Failed: POST /api/auth/login: Authentication Error - Account is locked. Try again after 0.02 hours
2024-04-06T14:43:17.773Z [error]: Login Failed: POST /api/auth/login: Authentication Error - Invalid username or password.
2024-04-06T14:43:18.834Z [error]: Login Failed: POST /api/auth/login: Authentication Error - Invalid username or password.
2024-04-06T14:43:19.693Z [error]: Login Failed: POST /api/auth/login: Authentication Error - Invalid username or password.
2024-04-06T14:43:20.578Z [error]: Login Failed: POST /api/auth/login: Authentication Error - Invalid username or password.
2024-04-06T14:44:15.699Z [info]: Connected To MongoDB Locally.
2024-04-06T14:44:15.748Z [info]: Server is running on port: 8181
2024-04-06T14:47:30.533Z [error]: Login Failed: POST /api/auth/login: Authentication Error - Invalid username or password.
2024-04-06T14:47:31.576Z [error]: Login Failed: POST /api/auth/login: Authentication Error - Invalid username or password.
2024-04-06T14:47:32.768Z [error]: Login Failed: POST /api/auth/login: Authentication Error - Invalid username or password.
2024-04-06T14:47:33.456Z [error]: Login Failed: POST /api/auth/login: Authentication Error - Invalid username or password.
2024-04-06T14:47:34.643Z [error]: Login Failed: POST /api/auth/login: Authentication Error - Invalid username or password.
2024-04-06T14:48:34.431Z [info]: Connected To MongoDB Locally.
2024-04-06T14:48:34.512Z [info]: Server is running on port: 8181
2024-04-06T14:49:45.585Z [info]: Connected To MongoDB Locally.
2024-04-06T14:49:45.664Z [info]: Server is running on port: 8181
2024-04-06T14:49:46.959Z [error]: Login Failed: POST /api/auth/login: Authentication Error - Invalid username or password.
2024-04-06T14:49:48.759Z [error]: Login Failed: POST /api/auth/login: Authentication Error - Invalid username or password.
2024-04-06T14:49:50.133Z [error]: Login Failed: POST /api/auth/login: Authentication Error - Invalid username or password.
2024-04-06T14:49:51.076Z [error]: Login Failed: POST /api/auth/login: Authentication Error - Invalid username or password.
2024-04-06T14:49:51.995Z [error]: Login Failed: POST /api/auth/login: Authentication Error - Invalid username or password.
2024-04-06T14:50:41.503Z [info]: Connected To MongoDB Locally.
2024-04-06T14:50:41.535Z [info]: Server is running on port: 8181
2024-04-06T14:52:14.016Z [info]: Connected To MongoDB Locally.
2024-04-06T14:52:14.170Z [info]: Server is running on port: 8181
2024-04-06T14:52:29.362Z [error]: Login Failed: POST /api/auth/login: Authentication Error - Invalid username or password.
2024-04-06T14:52:30.803Z [error]: Login Failed: POST /api/auth/login: Authentication Error - Invalid username or password.
2024-04-06T14:52:32.123Z [error]: Login Failed: POST /api/auth/login: Authentication Error - Invalid username or password.
2024-04-06T14:52:33.035Z [error]: Login Failed: POST /api/auth/login: Authentication Error - Invalid username or password.
2024-04-06T14:52:34.008Z [error]: Login Failed: POST /api/auth/login: Authentication Error - Invalid username or password.
2024-04-06T14:52:58.619Z [info]: Connected To MongoDB Locally.
2024-04-06T14:52:58.654Z [info]: Server is running on port: 8181
2024-04-06T14:52:59.960Z [error]: Login Failed: POST /api/auth/login: Authentication Error - Invalid username or password.
2024-04-06T14:53:00.707Z [error]: Login Failed: POST /api/auth/login: Authentication Error - Invalid username or password.
2024-04-06T14:53:01.574Z [error]: Login Failed: POST /api/auth/login: Authentication Error - Invalid username or password.
2024-04-06T14:53:02.390Z [error]: Login Failed: POST /api/auth/login: Authentication Error - Invalid username or password.
2024-04-06T14:53:03.085Z [error]: Login Failed: POST /api/auth/login: Authentication Error - Invalid username or password.
2024-04-06T14:55:12.130Z [info]: Connected To MongoDB Locally.
2024-04-06T14:55:12.164Z [info]: Server is running on port: 8181
2024-04-06T14:55:21.423Z [error]: Login Failed: POST /api/auth/login: Authentication Error - Invalid username or password.
2024-04-06T14:55:22.757Z [error]: Login Failed: POST /api/auth/login: Authentication Error - Invalid username or password.
2024-04-06T14:55:24.243Z [error]: Login Failed: POST /api/auth/login: Authentication Error - Invalid username or password.
2024-04-06T14:55:25.287Z [error]: Login Failed: POST /api/auth/login: Authentication Error - Invalid username or password.
2024-04-06T14:57:21.605Z [info]: Connected To MongoDB Locally.
2024-04-06T14:57:21.708Z [info]: Server is running on port: 8181
2024-04-06T14:57:29.799Z [error]: Login Failed: POST /api/auth/login: Authentication Error - Invalid username or password.
2024-04-06T14:57:30.983Z [error]: Login Failed: POST /api/auth/login: Authentication Error - Invalid username or password.
2024-04-06T14:57:31.771Z [error]: Login Failed: POST /api/auth/login: Authentication Error - Invalid username or password.
2024-04-06T14:57:32.535Z [error]: Login Failed: POST /api/auth/login: Authentication Error - Invalid username or password.
2024-04-06T14:57:33.189Z [error]: Login Failed: POST /api/auth/login: Authentication Error - Invalid username or password.
2024-04-06T15:00:21.969Z [info]: Connected To MongoDB Locally.
2024-04-06T15:00:22.062Z [info]: Server is running on port: 8181
2024-04-06T15:00:28.654Z [error]: Login Failed: POST /api/auth/login: Authentication Error - Invalid username or password.
2024-04-06T15:00:29.920Z [error]: Login Failed: POST /api/auth/login: Authentication Error - Invalid username or password.
2024-04-06T15:00:31.048Z [error]: Login Failed: POST /api/auth/login: Authentication Error - Invalid username or password.
2024-04-06T15:00:31.694Z [error]: Login Failed: POST /api/auth/login: Authentication Error - Invalid username or password.
2024-04-06T15:00:32.623Z [error]: Login Failed: POST /api/auth/login: Authentication Error - Invalid username or password.
2024-04-06T15:01:36.388Z [info]: Connected To MongoDB Locally.
2024-04-06T15:01:36.450Z [info]: Server is running on port: 8181
2024-04-06T15:01:45.232Z [error]: Login Failed: POST /api/auth/login: Authentication Error - Invalid username or password.
2024-04-06T15:01:46.690Z [error]: Login Failed: POST /api/auth/login: Authentication Error - Invalid username or password.
2024-04-06T15:01:47.557Z [error]: Login Failed: POST /api/auth/login: Authentication Error - Invalid username or password.
2024-04-06T15:01:48.503Z [error]: Login Failed: POST /api/auth/login: Authentication Error - Invalid username or password.
2024-04-06T15:01:49.167Z [error]: Login Failed: POST /api/auth/login: Authentication Error - Invalid username or password.
2024-04-06T15:03:52.423Z [info]: Connected To MongoDB Locally.
2024-04-06T15:03:52.469Z [info]: Server is running on port: 8181
2024-04-06T15:03:58.458Z [error]: Login Failed: POST /api/auth/login: Authentication Error - Invalid username or password.
2024-04-06T15:03:59.375Z [error]: Login Failed: POST /api/auth/login: Authentication Error - Invalid username or password.
2024-04-06T15:04:00.078Z [error]: Login Failed: POST /api/auth/login: Authentication Error - Invalid username or password.
2024-04-06T15:04:00.946Z [error]: Login Failed: POST /api/auth/login: Authentication Error - Invalid username or password.
2024-04-06T15:04:01.834Z [error]: Login Failed: POST /api/auth/login: Authentication Error - Invalid username or password.
2024-04-06T15:06:50.862Z [info]: Connected To MongoDB Locally.
2024-04-06T15:06:50.915Z [info]: Server is running on port: 8181
2024-04-06T15:07:16.933Z [info]: Connected To MongoDB Locally.
2024-04-06T15:07:16.969Z [info]: Server is running on port: 8181
2024-04-06T15:07:51.700Z [info]: Connected To MongoDB Locally.
2024-04-06T15:07:51.731Z [info]: Server is running on port: 8181
2024-04-06T15:08:03.728Z [error]: Login Failed: POST /api/auth/login: Authentication Error - Invalid username or password.
2024-04-06T15:08:05.038Z [error]: Login Failed: POST /api/auth/login: Authentication Error - Invalid username or password.
2024-04-06T15:08:05.938Z [error]: Login Failed: POST /api/auth/login: Authentication Error - Invalid username or password.
2024-04-06T15:08:06.920Z [error]: Login Failed: POST /api/auth/login: Authentication Error - Invalid username or password.
2024-04-06T15:08:07.746Z [error]: Login Failed: POST /api/auth/login: Authentication Error - Invalid username or password.
2024-04-06T15:09:30.377Z [info]: Connected To MongoDB Locally.
2024-04-06T15:09:30.425Z [info]: Server is running on port: 8181
2024-04-06T15:09:42.644Z [error]: Login Failed: POST /api/auth/login: Authentication Error - Invalid username or password.
2024-04-06T15:09:43.740Z [error]: Login Failed: POST /api/auth/login: Authentication Error - Invalid username or password.
2024-04-06T15:09:44.539Z [error]: Login Failed: POST /api/auth/login: Authentication Error - Invalid username or password.
2024-04-06T15:09:45.354Z [error]: Login Failed: POST /api/auth/login: Authentication Error - Invalid username or password.
2024-04-06T15:09:46.019Z [error]: Login Failed: POST /api/auth/login: Authentication Error - Invalid username or password.
2024-04-06T15:09:46.998Z [error]: Login Failed: POST /api/auth/login: Authentication Error - Invalid username or password.
2024-04-06T15:09:47.872Z [error]: Login Failed: POST /api/auth/login: Authentication Error - Invalid username or password.
2024-04-06T15:09:48.528Z [error]: Login Failed: POST /api/auth/login: Authentication Error - Invalid username or password.
2024-04-06T15:09:49.556Z [error]: Login Failed: POST /api/auth/login: Authentication Error - Invalid username or password.
2024-04-06T15:09:50.161Z [error]: Login Failed: POST /api/auth/login: Authentication Error - Invalid username or password.
2024-04-06T15:09:51.207Z [error]: Login Failed: POST /api/auth/login: Authentication Error - Invalid username or password.
2024-04-06T15:09:51.944Z [error]: Login Failed: POST /api/auth/login: Authentication Error - Invalid username or password.
2024-04-06T15:09:52.562Z [error]: Login Failed: POST /api/auth/login: Authentication Error - Invalid username or password.
2024-04-06T15:09:53.204Z [error]: Login Failed: POST /api/auth/login: Authentication Error - Invalid username or password.
2024-04-06T15:09:53.968Z [error]: Login Failed: POST /api/auth/login: Authentication Error - Invalid username or password.
2024-04-06T15:09:54.843Z [error]: Login Failed: POST /api/auth/login: Authentication Error - Invalid username or password.
2024-04-06T15:09:55.829Z [error]: Login Failed: POST /api/auth/login: Authentication Error - Invalid username or password.
2024-04-06T15:09:56.700Z [error]: Login Failed: POST /api/auth/login: Authentication Error - Invalid username or password.
2024-04-06T15:10:06.750Z [info]: Connected To MongoDB Locally.
2024-04-06T15:10:06.813Z [info]: Server is running on port: 8181
2024-04-06T15:10:18.158Z [info]: Connected To MongoDB Locally.
2024-04-06T15:10:18.198Z [info]: Server is running on port: 8181
2024-04-06T15:10:19.572Z [error]: Login Failed: POST /api/auth/login: Authentication Error - Invalid username or password.
2024-04-06T15:10:20.768Z [error]: Login Failed: POST /api/auth/login: Authentication Error - Invalid username or password.
2024-04-06T15:10:21.772Z [error]: Login Failed: POST /api/auth/login: Authentication Error - Invalid username or password.
2024-04-06T15:10:22.572Z [error]: Login Failed: POST /api/auth/login: Authentication Error - Invalid username or password.
2024-04-06T15:10:23.475Z [error]: Login Failed: POST /api/auth/login: Authentication Error - Invalid username or password.
2024-04-06T15:12:06.255Z [info]: Connected To MongoDB Locally.
2024-04-06T15:12:06.356Z [info]: Server is running on port: 8181
2024-04-06T15:12:26.051Z [error]: Login Failed: POST /api/auth/login: Authentication Error - Invalid username or password.
2024-04-06T15:12:27.205Z [error]: Login Failed: POST /api/auth/login: Authentication Error - Invalid username or password.
2024-04-06T15:12:28.229Z [error]: Login Failed: POST /api/auth/login: Authentication Error - Invalid username or password.
2024-04-06T15:12:29.102Z [error]: Login Failed: POST /api/auth/login: Authentication Error - Invalid username or password.
2024-04-06T15:12:30.055Z [error]: Login Failed: POST /api/auth/login: Authentication Error - Invalid username or password.
2024-04-06T15:13:53.296Z [info]: Connected To MongoDB Locally.
2024-04-06T15:13:53.333Z [info]: Server is running on port: 8181
2024-04-06T15:13:59.545Z [error]: Login Failed: POST /api/auth/login: Authentication Error - Invalid username or password.
2024-04-06T15:14:00.823Z [error]: Login Failed: POST /api/auth/login: Authentication Error - Invalid username or password.
2024-04-06T15:14:01.678Z [error]: Login Failed: POST /api/auth/login: Authentication Error - Invalid username or password.
2024-04-06T15:14:02.716Z [error]: Login Failed: POST /api/auth/login: Authentication Error - Invalid username or password.
2024-04-06T15:14:03.616Z [error]: Login Failed: POST /api/auth/login: Authentication Error - Invalid username or password.
2024-04-06T15:14:56.036Z [info]: Connected To MongoDB Locally.
2024-04-06T15:14:56.082Z [info]: Server is running on port: 8181
2024-04-06T15:16:00.933Z [info]: Connected To MongoDB Locally.
2024-04-06T15:16:00.963Z [info]: Server is running on port: 8181
2024-04-06T15:16:07.083Z [info]: Connected To MongoDB Locally.
2024-04-06T15:16:07.112Z [info]: Server is running on port: 8181
2024-04-06T15:16:16.305Z [error]: Login Failed: POST /api/auth/login: Authentication Error - Invalid username or password.
2024-04-06T15:16:17.818Z [error]: Login Failed: POST /api/auth/login: Authentication Error - Invalid username or password.
2024-04-06T15:16:19.569Z [error]: Login Failed: POST /api/auth/login: Authentication Error - Invalid username or password.
2024-04-06T15:16:21.153Z [error]: Login Failed: POST /api/auth/login: Authentication Error - Invalid username or password.
2024-04-06T15:16:22.811Z [error]: Login Failed: POST /api/auth/login: Authentication Error - Invalid username or password.
2024-04-06T15:16:39.095Z [info]: Connected To MongoDB Locally.
2024-04-06T15:16:39.141Z [info]: Server is running on port: 8181
2024-04-06T15:16:40.217Z [error]: Login Failed: POST /api/auth/login: Authentication Error - Invalid username or password.
2024-04-06T15:16:41.230Z [error]: Login Failed: POST /api/auth/login: Authentication Error - Invalid username or password.
2024-04-06T15:16:41.999Z [error]: Login Failed: POST /api/auth/login: Authentication Error - Invalid username or password.
2024-04-06T15:16:42.972Z [error]: Login Failed: POST /api/auth/login: Authentication Error - Invalid username or password.
2024-04-06T15:16:43.853Z [error]: Login Failed: POST /api/auth/login: Authentication Error - Invalid username or password.
2024-04-06T15:17:11.138Z [info]: Connected To MongoDB Locally.
2024-04-06T15:17:11.170Z [info]: Server is running on port: 8181
2024-04-06T15:17:12.420Z [error]: Login Failed: POST /api/auth/login: Authentication Error - Invalid username or password.
2024-04-06T15:17:13.979Z [error]: Login Failed: POST /api/auth/login: Authentication Error - Invalid username or password.
2024-04-06T15:17:14.986Z [error]: Login Failed: POST /api/auth/login: Authentication Error - Invalid username or password.
2024-04-06T15:17:16.099Z [error]: Login Failed: POST /api/auth/login: Authentication Error - Invalid username or password.
2024-04-06T15:17:16.872Z [error]: Login Failed: POST /api/auth/login: Authentication Error - Invalid username or password.
2024-04-06T15:17:49.440Z [info]: Connected To MongoDB Locally.
2024-04-06T15:17:49.480Z [info]: Server is running on port: 8181
2024-04-06T15:18:31.376Z [info]: Connected To MongoDB Locally.
2024-04-06T15:18:31.409Z [info]: Server is running on port: 8181
2024-04-06T15:18:32.731Z [error]: Login Failed: POST /api/auth/login: Authentication Error - Invalid username or password.
2024-04-06T15:18:34.355Z [error]: Login Failed: POST /api/auth/login: Authentication Error - Invalid username or password.
2024-04-06T15:18:35.526Z [error]: Login Failed: POST /api/auth/login: Authentication Error - Invalid username or password.
2024-04-06T15:18:36.497Z [error]: Login Failed: POST /api/auth/login: Authentication Error - Invalid username or password.
2024-04-06T15:18:37.555Z [error]: Login Failed: POST /api/auth/login: Authentication Error - Invalid username or password.
2024-04-06T15:20:52.797Z [info]: Connected To MongoDB Locally.
2024-04-06T15:20:52.833Z [info]: Server is running on port: 8181
2024-04-06T15:21:21.601Z [info]: Connected To MongoDB Locally.
2024-04-06T15:21:21.637Z [info]: Server is running on port: 8181
2024-04-06T15:21:24.344Z [error]: Login Failed: POST /api/auth/login: Authentication Error - Invalid username or password.
2024-04-06T15:21:26.268Z [error]: Login Failed: POST /api/auth/login: Authentication Error - Invalid username or password.
2024-04-06T15:21:26.932Z [error]: Login Failed: POST /api/auth/login: Authentication Error - Invalid username or password.
2024-04-06T15:21:27.876Z [error]: Login Failed: POST /api/auth/login: Authentication Error - Invalid username or password.
2024-04-06T15:21:28.753Z [error]: Login Failed: POST /api/auth/login: Authentication Error - Invalid username or password.
2024-04-06T15:22:08.118Z [info]: Connected To MongoDB Locally.
2024-04-06T15:22:08.148Z [info]: Server is running on port: 8181
2024-04-06T16:02:04.213Z [info]: Connected To MongoDB Locally.
2024-04-06T16:02:04.311Z [info]: Server is running on port: 8181
2024-04-06T16:02:38.828Z [error]: Login Failed: POST /api/auth/login: Authentication Error - Invalid username or password.
2024-04-06T16:02:41.934Z [error]: Login Failed: POST /api/auth/login: Authentication Error - Invalid username or password.
2024-04-06T16:02:45.332Z [error]: Login Failed: POST /api/auth/login: Authentication Error - Invalid username or password.
2024-04-06T16:02:46.813Z [error]: Login Failed: POST /api/auth/login: Authentication Error - Invalid username or password.
2024-04-06T16:02:47.599Z [error]: Login Failed: POST /api/auth/login: Authentication Error - Account is locked. Try again after 24 hours
2024-04-06T16:03:21.355Z [info]: Connected To MongoDB Locally.
2024-04-06T16:03:21.497Z [info]: Server is running on port: 8181
2024-04-06T16:03:25.069Z [error]: Login Failed: POST /api/auth/login: Authentication Error - Invalid username or password.
2024-04-06T16:03:27.986Z [error]: Login Failed: POST /api/auth/login: Authentication Error - Invalid username or password.
2024-04-06T16:03:28.920Z [error]: Login Failed: POST /api/auth/login: Authentication Error - Invalid username or password.
2024-04-06T16:03:29.894Z [error]: Login Failed: POST /api/auth/login: Authentication Error - Invalid username or password.
2024-04-06T16:03:30.631Z [error]: Login Failed: POST /api/auth/login: Authentication Error - Invalid username or password.
2024-04-06T16:09:37.905Z [info]: Received SIGINT. Closing server and shutting down...
2024-04-06T16:09:37.917Z [info]: Shutting down gracefully...
