2024-04-13T00:02:31.904Z [info]: Connected To MongoDB Locally.
2024-04-13T00:02:31.948Z [info]: Server is running on port: 8181
2024-04-13T00:45:01.332Z [info]: Received SIGINT. Closing server and shutting down...
2024-04-13T00:45:01.351Z [info]: Shutting down gracefully...
2024-04-13T01:05:11.565Z [info]: Connected To MongoDB Locally.
2024-04-13T01:05:11.676Z [info]: Server is running on port: 8181
2024-04-13T01:06:23.155Z [info]: Connected To MongoDB Locally.
2024-04-13T01:06:23.185Z [info]: Server is running on port: 8181
2024-04-13T01:06:57.908Z [info]: Connected To MongoDB Locally.
2024-04-13T01:06:57.942Z [info]: Server is running on port: 8181
2024-04-13T01:07:04.318Z [info]: Connected To MongoDB Locally.
2024-04-13T01:07:04.348Z [info]: Server is running on port: 8181
2024-04-13T01:07:17.112Z [info]: Connected To MongoDB Locally.
2024-04-13T01:07:17.145Z [info]: Server is running on port: 8181
2024-04-13T01:09:07.871Z [info]: Connected To MongoDB Locally.
2024-04-13T01:09:07.919Z [info]: Server is running on port: 8181
2024-04-13T01:10:28.252Z [info]: Connected To MongoDB Locally.
2024-04-13T01:10:28.298Z [info]: Server is running on port: 8181
2024-04-13T01:11:15.565Z [info]: Connected To MongoDB Locally.
2024-04-13T01:11:15.593Z [info]: Server is running on port: 8181
2024-04-13T01:12:07.558Z [info]: Connected To MongoDB Locally.
2024-04-13T01:12:07.588Z [info]: Server is running on port: 8181
2024-04-13T01:13:43.444Z [info]: Connected To MongoDB Locally.
2024-04-13T01:13:43.481Z [info]: Server is running on port: 8181
2024-04-13T01:13:57.066Z [info]: Connected To MongoDB Locally.
2024-04-13T01:13:57.097Z [info]: Server is running on port: 8181
2024-04-13T01:14:07.184Z [info]: Connected To MongoDB Locally.
2024-04-13T01:14:07.215Z [info]: Server is running on port: 8181
2024-04-13T01:14:22.102Z [info]: Connected To MongoDB Locally.
2024-04-13T01:14:22.130Z [info]: Server is running on port: 8181
2024-04-13T01:15:19.897Z [info]: Connected To MongoDB Locally.
2024-04-13T01:15:19.935Z [info]: Server is running on port: 8181
2024-04-13T01:16:05.765Z [info]: Connected To MongoDB Locally.
2024-04-13T01:16:05.793Z [info]: Server is running on port: 8181
2024-04-13T01:22:33.147Z [info]: Received SIGINT. Closing server and shutting down...
2024-04-13T01:22:33.152Z [info]: Shutting down gracefully...
2024-04-13T01:22:33.189Z [info]: MongoDB connection closed.
2024-04-13T09:57:27.286Z [info]: Connected To MongoDB Locally.
2024-04-13T09:57:27.394Z [info]: Server is running on port: 8181
2024-04-13T10:03:09.972Z [info]: Connected To MongoDB Locally.
2024-04-13T10:03:10.047Z [info]: Server is running on port: 8181
2024-04-13T10:08:41.010Z [info]: Connected To MongoDB Locally.
2024-04-13T10:08:41.064Z [info]: Server is running on port: 8181
2024-04-13T10:10:16.603Z [info]: Connected To MongoDB Locally.
2024-04-13T10:10:16.632Z [info]: Server is running on port: 8181
2024-04-13T10:16:34.965Z [info]: Connected To MongoDB Locally.
2024-04-13T10:16:34.994Z [info]: Server is running on port: 8181
2024-04-13T10:17:00.262Z [info]: Connected To MongoDB Locally.
2024-04-13T10:17:00.292Z [info]: Server is running on port: 8181
2024-04-13T10:20:58.514Z [info]: Connected To MongoDB Locally.
2024-04-13T10:20:58.544Z [info]: Server is running on port: 8181
2024-04-13T10:21:08.473Z [info]: Connected To MongoDB Locally.
2024-04-13T10:21:08.502Z [info]: Server is running on port: 8181
2024-04-13T10:21:20.747Z [info]: Connected To MongoDB Locally.
2024-04-13T10:21:20.775Z [info]: Server is running on port: 8181
2024-04-13T10:29:27.055Z [info]: Connected To MongoDB Locally.
2024-04-13T10:29:27.089Z [info]: Server is running on port: 8181
2024-04-13T10:29:36.796Z [info]: Connected To MongoDB Locally.
2024-04-13T10:29:36.827Z [info]: Server is running on port: 8181
2024-04-13T10:29:51.136Z [info]: Connected To MongoDB Locally.
2024-04-13T10:29:51.167Z [info]: Server is running on port: 8181
2024-04-13T10:29:58.303Z [info]: Connected To MongoDB Locally.
2024-04-13T10:29:58.331Z [info]: Server is running on port: 8181
2024-04-13T10:35:44.035Z [info]: Connected To MongoDB Locally.
2024-04-13T10:35:44.083Z [info]: Server is running on port: 8181
2024-04-13T10:36:12.718Z [info]: Connected To MongoDB Locally.
2024-04-13T10:36:12.746Z [info]: Server is running on port: 8181
2024-04-13T10:36:26.720Z [info]: Connected To MongoDB Locally.
2024-04-13T10:36:26.763Z [info]: Server is running on port: 8181
2024-04-13T10:38:25.955Z [info]: Connected To MongoDB Locally.
2024-04-13T10:38:25.984Z [info]: Server is running on port: 8181
2024-04-13T10:38:51.360Z [info]: Connected To MongoDB Locally.
2024-04-13T10:38:51.390Z [info]: Server is running on port: 8181
2024-04-13T10:39:01.054Z [info]: Connected To MongoDB Locally.
2024-04-13T10:39:01.085Z [info]: Server is running on port: 8181
2024-04-13T10:39:24.238Z [info]: Connected To MongoDB Locally.
2024-04-13T10:39:24.270Z [info]: Server is running on port: 8181
2024-04-13T10:42:29.949Z [info]: Connected To MongoDB Locally.
2024-04-13T10:42:29.980Z [info]: Server is running on port: 8181
2024-04-13T10:47:13.055Z [info]: Connected To MongoDB Locally.
2024-04-13T10:47:13.089Z [info]: Server is running on port: 8181
2024-04-13T10:47:19.003Z [info]: Connected To MongoDB Locally.
2024-04-13T10:47:19.036Z [info]: Server is running on port: 8181
2024-04-13T10:48:15.948Z [info]: Connected To MongoDB Locally.
2024-04-13T10:48:15.977Z [info]: Server is running on port: 8181
2024-04-13T10:48:44.492Z [info]: Connected To MongoDB Locally.
2024-04-13T10:48:44.534Z [info]: Server is running on port: 8181
2024-04-13T11:04:25.383Z [info]: Connected To MongoDB Locally.
2024-04-13T11:04:25.415Z [info]: Server is running on port: 8181
2024-04-13T11:05:20.882Z [info]: Connected To MongoDB Locally.
2024-04-13T11:05:20.915Z [info]: Server is running on port: 8181
2024-04-13T11:05:40.753Z [info]: Connected To MongoDB Locally.
2024-04-13T11:05:40.791Z [info]: Server is running on port: 8181
2024-04-13T11:08:34.799Z [info]: Connected To MongoDB Locally.
2024-04-13T11:08:34.837Z [info]: Server is running on port: 8181
2024-04-13T11:10:11.100Z [info]: Connected To MongoDB Locally.
2024-04-13T11:10:11.133Z [info]: Server is running on port: 8181
2024-04-13T11:10:52.784Z [info]: Connected To MongoDB Locally.
2024-04-13T11:10:52.817Z [info]: Server is running on port: 8181
2024-04-13T11:14:32.239Z [info]: Connected To MongoDB Locally.
2024-04-13T11:14:32.274Z [info]: Server is running on port: 8181
2024-04-13T11:14:47.392Z [info]: Connected To MongoDB Locally.
2024-04-13T11:14:47.422Z [info]: Server is running on port: 8181
2024-04-13T11:15:01.879Z [info]: Connected To MongoDB Locally.
2024-04-13T11:15:01.912Z [info]: Server is running on port: 8181
2024-04-13T11:15:21.076Z [info]: Connected To MongoDB Locally.
2024-04-13T11:15:21.109Z [info]: Server is running on port: 8181
2024-04-13T11:15:28.384Z [info]: Connected To MongoDB Locally.
2024-04-13T11:15:28.423Z [info]: Server is running on port: 8181
2024-04-13T11:15:37.305Z [info]: Connected To MongoDB Locally.
2024-04-13T11:15:37.385Z [info]: Server is running on port: 8181
2024-04-13T11:15:49.923Z [info]: Connected To MongoDB Locally.
2024-04-13T11:15:49.956Z [info]: Server is running on port: 8181
2024-04-13T11:28:30.505Z [info]: Connected To MongoDB Locally.
2024-04-13T11:28:30.540Z [info]: Server is running on port: 8181
2024-04-13T11:28:36.808Z [info]: Connected To MongoDB Locally.
2024-04-13T11:28:36.834Z [info]: Server is running on port: 8181
2024-04-13T11:34:52.331Z [info]: Connected To MongoDB Locally.
2024-04-13T11:34:52.359Z [info]: Server is running on port: 8181
2024-04-13T11:36:05.769Z [info]: Connected To MongoDB Locally.
2024-04-13T11:36:05.801Z [info]: Server is running on port: 8181
2024-04-13T12:28:08.373Z [info]: Connected To MongoDB Locally.
2024-04-13T12:28:08.460Z [info]: Server is running on port: 8181
2024-04-13T12:39:50.360Z [info]: Connected To MongoDB Locally.
2024-04-13T12:39:50.439Z [info]: Server is running on port: 8181
2024-04-13T12:54:11.555Z [info]: Connected To MongoDB Locally.
2024-04-13T12:54:11.583Z [info]: Server is running on port: 8181
2024-04-13T12:54:55.829Z [info]: Connected To MongoDB Locally.
2024-04-13T12:54:55.855Z [info]: Server is running on port: 8181
2024-04-13T12:55:06.012Z [info]: Connected To MongoDB Locally.
2024-04-13T12:55:06.037Z [info]: Server is running on port: 8181
2024-04-13T12:58:43.675Z [info]: Connected To MongoDB Locally.
2024-04-13T12:58:43.704Z [info]: Server is running on port: 8181
2024-04-13T12:58:55.159Z [info]: Connected To MongoDB Locally.
2024-04-13T12:58:55.190Z [info]: Server is running on port: 8181
2024-04-13T12:59:21.319Z [info]: Connected To MongoDB Locally.
2024-04-13T12:59:21.351Z [info]: Server is running on port: 8181
2024-04-13T12:59:51.383Z [info]: Connected To MongoDB Locally.
2024-04-13T12:59:51.412Z [info]: Server is running on port: 8181
2024-04-13T14:37:56.930Z [info]: Connected To MongoDB Locally.
2024-04-13T14:37:57.019Z [info]: Server is running on port: 8181
2024-04-13T14:38:19.884Z [info]: Connected To MongoDB Locally.
2024-04-13T14:38:19.953Z [info]: Server is running on port: 8181
2024-04-13T14:40:10.465Z [info]: Connected To MongoDB Locally.
2024-04-13T14:40:10.492Z [info]: Server is running on port: 8181
2024-04-13T14:40:26.556Z [info]: Connected To MongoDB Locally.
2024-04-13T14:40:26.583Z [info]: Server is running on port: 8181
2024-04-13T14:40:55.097Z [info]: Connected To MongoDB Locally.
2024-04-13T14:40:55.124Z [info]: Server is running on port: 8181
2024-04-13T14:54:50.305Z [info]: Connected To MongoDB Locally.
2024-04-13T14:54:50.336Z [info]: Server is running on port: 8181
2024-04-13T14:57:24.657Z [info]: Connected To MongoDB Locally.
2024-04-13T14:57:24.682Z [info]: Server is running on port: 8181
2024-04-13T14:58:50.744Z [info]: Connected To MongoDB Locally.
2024-04-13T14:58:50.768Z [info]: Server is running on port: 8181
2024-04-13T14:59:34.516Z [info]: Connected To MongoDB Locally.
2024-04-13T14:59:34.544Z [info]: Server is running on port: 8181
2024-04-13T16:40:43.562Z [info]: Connected To MongoDB Locally.
2024-04-13T16:40:43.646Z [info]: Server is running on port: 8181
2024-04-13T16:51:17.544Z [info]: Connected To MongoDB Locally.
2024-04-13T16:51:17.626Z [info]: Server is running on port: 8181
2024-04-13T16:51:36.629Z [info]: Connected To MongoDB Locally.
2024-04-13T16:51:36.663Z [info]: Server is running on port: 8181
2024-04-13T16:54:37.919Z [info]: Connected To MongoDB Locally.
2024-04-13T16:54:37.953Z [info]: Server is running on port: 8181
2024-04-13T16:54:54.874Z [info]: Connected To MongoDB Locally.
2024-04-13T16:54:54.903Z [info]: Server is running on port: 8181
2024-04-13T16:58:31.687Z [info]: Connected To MongoDB Locally.
2024-04-13T16:58:31.713Z [info]: Server is running on port: 8181
2024-04-13T16:58:39.843Z [info]: Connected To MongoDB Locally.
2024-04-13T16:58:39.868Z [info]: Server is running on port: 8181
2024-04-13T16:59:13.663Z [info]: Connected To MongoDB Locally.
2024-04-13T16:59:13.688Z [info]: Server is running on port: 8181
2024-04-13T17:09:03.047Z [info]: Connected To MongoDB Locally.
2024-04-13T17:09:03.137Z [info]: Server is running on port: 8181
2024-04-13T17:09:29.225Z [info]: Connected To MongoDB Locally.
2024-04-13T17:09:29.260Z [info]: Server is running on port: 8181
2024-04-13T17:10:53.191Z [info]: Connected To MongoDB Locally.
2024-04-13T17:10:53.223Z [info]: Server is running on port: 8181
2024-04-13T17:34:43.056Z [info]: Connected To MongoDB Locally.
2024-04-13T17:34:43.143Z [info]: Server is running on port: 8181
2024-04-13T17:35:08.811Z [info]: Connected To MongoDB Locally.
2024-04-13T17:35:08.901Z [info]: Server is running on port: 8181
2024-04-13T19:15:37.685Z [info]: Received SIGINT. Closing server and shutting down...
2024-04-13T19:15:37.694Z [info]: Shutting down gracefully...
