2023-12-24T09:48:13.277Z [info]: Connected To MongoDB Locally.
2023-12-24T09:48:13.378Z [info]: Server is running on port: 8181
2023-12-24T09:48:25.760Z [info]: Connected To MongoDB Locally.
2023-12-24T09:48:25.808Z [info]: Server is running on port: 8181
2023-12-24T09:48:38.098Z [info]: Connected To MongoDB Locally.
2023-12-24T09:48:38.131Z [info]: Server is running on port: 8181
2023-12-24T09:59:53.142Z [info]: Received SIGINT. Closing server and shutting down...
2023-12-24T09:59:53.161Z [info]: Shutting down gracefully...
2023-12-24T09:59:53.243Z [info]: MongoDB connection closed.
2023-12-24T10:00:07.901Z [info]: Connected To MongoDB Locally.
2023-12-24T10:00:07.937Z [info]: Server is running on port: 8181
2023-12-24T10:07:03.559Z [info]: Connected To MongoDB Locally.
2023-12-24T10:07:03.594Z [info]: Server is running on port: 8181
2023-12-24T10:07:42.520Z [info]: Connected To MongoDB Locally.
2023-12-24T10:07:42.556Z [info]: Server is running on port: 8181
2023-12-24T10:09:54.174Z [info]: Connected To MongoDB Locally.
2023-12-24T10:09:54.212Z [info]: Server is running on port: 8181
2023-12-24T10:11:41.810Z [info]: Connected To MongoDB Locally.
2023-12-24T10:11:41.844Z [info]: Server is running on port: 8181
2023-12-24T10:12:18.909Z [info]: Connected To MongoDB Locally.
2023-12-24T10:12:18.948Z [info]: Server is running on port: 8181
2023-12-24T10:18:21.197Z [info]: Connected To MongoDB Locally.
2023-12-24T10:18:21.229Z [info]: Server is running on port: 8181
2023-12-24T10:18:51.521Z [info]: Connected To MongoDB Locally.
2023-12-24T10:18:51.558Z [info]: Server is running on port: 8181
2023-12-24T10:19:03.272Z [info]: Connected To MongoDB Locally.
2023-12-24T10:19:03.303Z [info]: Server is running on port: 8181
2023-12-24T10:20:38.027Z [info]: Connected To MongoDB Locally.
2023-12-24T10:20:38.079Z [info]: Server is running on port: 8181
2023-12-24T10:21:11.182Z [info]: Connected To MongoDB Locally.
2023-12-24T10:21:11.217Z [info]: Server is running on port: 8181
2023-12-24T10:21:34.800Z [info]: Connected To MongoDB Locally.
2023-12-24T10:21:34.829Z [info]: Server is running on port: 8181
2023-12-24T10:22:28.259Z [info]: Connected To MongoDB Locally.
2023-12-24T10:22:28.295Z [info]: Server is running on port: 8181
2023-12-24T10:22:36.408Z [info]: Connected To MongoDB Locally.
2023-12-24T10:22:36.436Z [info]: Server is running on port: 8181
2023-12-24T10:23:10.321Z [info]: Connected To MongoDB Locally.
2023-12-24T10:23:10.351Z [info]: Server is running on port: 8181
2023-12-24T10:23:38.896Z [info]: Connected To MongoDB Locally.
2023-12-24T10:23:38.935Z [info]: Server is running on port: 8181
2023-12-24T10:23:56.009Z [info]: Connected To MongoDB Locally.
2023-12-24T10:23:56.041Z [info]: Server is running on port: 8181
2023-12-24T10:24:27.056Z [info]: Connected To MongoDB Locally.
2023-12-24T10:24:27.089Z [info]: Server is running on port: 8181
2023-12-24T11:23:40.740Z [info]: Connected To MongoDB Locally.
2023-12-24T11:23:40.844Z [info]: Server is running on port: 8181
2023-12-24T11:24:06.253Z [info]: Connected To MongoDB Locally.
2023-12-24T11:24:06.307Z [info]: Server is running on port: 8181
2023-12-24T11:24:32.484Z [info]: Connected To MongoDB Locally.
2023-12-24T11:24:32.530Z [info]: Server is running on port: 8181
2023-12-24T11:25:08.977Z [info]: Connected To MongoDB Locally.
2023-12-24T11:25:09.015Z [info]: Server is running on port: 8181
2023-12-24T11:30:57.243Z [info]: Connected To MongoDB Locally.
2023-12-24T11:30:57.275Z [info]: Server is running on port: 8181
2023-12-24T16:44:17.263Z [info]: Received SIGINT. Closing server and shutting down...
2023-12-24T16:44:17.266Z [info]: Shutting down gracefully...
2023-12-24T16:44:17.294Z [info]: MongoDB connection closed.
2023-12-24T16:45:51.180Z [info]: Connected To MongoDB Locally.
2023-12-24T16:45:51.258Z [info]: Server is running on port: 8181
2023-12-24T16:47:38.540Z [info]: Connected To MongoDB Locally.
2023-12-24T16:47:38.569Z [info]: Server is running on port: 8181
2023-12-24T16:48:56.962Z [info]: Connected To MongoDB Locally.
2023-12-24T16:48:56.989Z [info]: Server is running on port: 8181
2023-12-24T16:50:11.775Z [info]: Connected To MongoDB Locally.
2023-12-24T16:50:11.802Z [info]: Server is running on port: 8181
2023-12-24T16:50:29.106Z [info]: Connected To MongoDB Locally.
2023-12-24T16:50:29.134Z [info]: Server is running on port: 8181
2023-12-24T16:51:51.536Z [info]: Connected To MongoDB Locally.
2023-12-24T16:51:51.573Z [info]: Server is running on port: 8181
2023-12-24T16:51:56.484Z [info]: Connected To MongoDB Locally.
2023-12-24T16:51:56.512Z [info]: Server is running on port: 8181
2023-12-24T16:52:27.031Z [info]: Connected To MongoDB Locally.
2023-12-24T16:52:27.059Z [info]: Server is running on port: 8181
2023-12-24T16:52:48.448Z [info]: Connected To MongoDB Locally.
2023-12-24T16:52:48.475Z [info]: Server is running on port: 8181
2023-12-24T16:53:03.006Z [info]: Connected To MongoDB Locally.
2023-12-24T16:53:03.031Z [info]: Server is running on port: 8181
2023-12-24T16:53:07.943Z [info]: Connected To MongoDB Locally.
2023-12-24T16:53:07.970Z [info]: Server is running on port: 8181
2023-12-24T16:53:22.832Z [info]: Connected To MongoDB Locally.
2023-12-24T16:53:22.858Z [info]: Server is running on port: 8181
2023-12-24T16:54:20.449Z [info]: Connected To MongoDB Locally.
2023-12-24T16:54:20.475Z [info]: Server is running on port: 8181
2023-12-24T16:54:39.889Z [info]: Connected To MongoDB Locally.
2023-12-24T16:54:39.917Z [info]: Server is running on port: 8181
2023-12-24T16:54:45.682Z [info]: Connected To MongoDB Locally.
2023-12-24T16:54:45.708Z [info]: Server is running on port: 8181
2023-12-24T16:54:57.689Z [info]: Connected To MongoDB Locally.
2023-12-24T16:54:57.718Z [info]: Server is running on port: 8181
2023-12-24T16:55:12.734Z [info]: Connected To MongoDB Locally.
2023-12-24T16:55:12.761Z [info]: Server is running on port: 8181
2023-12-24T16:55:21.103Z [info]: Connected To MongoDB Locally.
2023-12-24T16:55:21.129Z [info]: Server is running on port: 8181
2023-12-24T16:57:29.720Z [info]: Connected To MongoDB Locally.
2023-12-24T16:57:29.746Z [info]: Server is running on port: 8181
2023-12-24T16:57:44.522Z [info]: Connected To MongoDB Locally.
2023-12-24T16:57:44.553Z [info]: Server is running on port: 8181
2023-12-24T16:57:52.576Z [info]: Connected To MongoDB Locally.
2023-12-24T16:57:52.602Z [info]: Server is running on port: 8181
2023-12-24T16:58:21.906Z [info]: Connected To MongoDB Locally.
2023-12-24T16:58:21.932Z [info]: Server is running on port: 8181
2023-12-24T16:58:38.481Z [info]: Connected To MongoDB Locally.
2023-12-24T16:58:38.509Z [info]: Server is running on port: 8181
2023-12-24T16:58:43.245Z [info]: Connected To MongoDB Locally.
2023-12-24T16:58:43.272Z [info]: Server is running on port: 8181
2023-12-24T16:58:55.378Z [info]: Connected To MongoDB Locally.
2023-12-24T16:58:55.406Z [info]: Server is running on port: 8181
2023-12-24T17:00:59.158Z [error]: Login Failed: POST /api/agents/create-agent: Authentication Error - Access denied. No token provided.
2023-12-24T17:01:19.444Z [error]: Login Failed: POST /api/agents/create-agent: Authentication Error - Access denied. No token provided.
2023-12-24T17:02:20.458Z [error]: Login Failed: POST /api/auth/login: Authentication Error - Invalid username or password.
2023-12-24T17:04:53.332Z [info]: Connected To MongoDB Locally.
2023-12-24T17:04:53.367Z [info]: Server is running on port: 8181
2023-12-24T17:05:07.886Z [error]: Client request failed: POST /api/agents/create-agent: Conflict Error - The agent 'test agent1' or this room number'100'is already taken.
2023-12-24T17:05:30.456Z [info]: Connected To MongoDB Locally.
2023-12-24T17:05:30.488Z [info]: Server is running on port: 8181
2023-12-24T17:05:31.246Z [error]: Client request failed: POST /api/agents/create-agent: Conflict Error - The agent 'test agent1' or its room number'100'is already taken.
2023-12-24T17:05:42.419Z [error]: Client request failed: POST /api/agents/create-agent: Conflict Error - The agent 'test agent2' or its room number'100'is already taken.
2023-12-24T17:06:06.951Z [info]: Connected To MongoDB Locally.
2023-12-24T17:06:06.982Z [info]: Server is running on port: 8181
2023-12-24T17:06:09.580Z [error]: Client request failed: POST /api/agents/create-agent: Conflict Error - The agent 'test agent2' or its room number'100'is already taken.
2023-12-24T17:07:12.044Z [error]: Client request failed: POST /api/agents/create-agent: Conflict Error - The agent 'ups' or its room number'777'is already taken.
2023-12-24T17:11:23.284Z [info]: Connected To MongoDB Locally.
2023-12-24T17:11:23.315Z [info]: Server is running on port: 8181
2023-12-24T17:11:31.901Z [error]: Client request failed: POST /api/agents/create-agent: Conflict Error - Agent with name "ups" already exists.
2023-12-24T17:11:54.065Z [info]: Connected To MongoDB Locally.
2023-12-24T17:11:54.097Z [info]: Server is running on port: 8181
2023-12-24T17:11:56.115Z [error]: Client request failed: POST /api/agents/create-agent: Conflict Error - Agent with name 'ups' already exists.
2023-12-24T17:12:05.907Z [error]: Client request failed: POST /api/agents/create-agent: Conflict Error - Agent with name 'ups' already exists.
2023-12-24T17:12:15.319Z [error]: Client request failed: POST /api/agents/create-agent: Conflict Error - Agent with name 'upss' already exists.
2023-12-24T17:12:23.177Z [error]: Client request failed: POST /api/agents/create-agent: Conflict Error - Agent with room '777' already exists.
2023-12-24T17:15:04.830Z [error]: Authorization Failed: POST /api/agents/create-agent: Forbidden Error - Invalid Token: TokenExpiredError: jwt expired
2023-12-24T17:15:39.485Z [error]: Client request failed: POST /api/agents/create-agent: Conflict Error - Agent with name 'test agent' already exists.
2023-12-24T17:15:46.335Z [error]: Client request failed: POST /api/agents/create-agent: Conflict Error - Agent with room '777' already exists.
2023-12-24T17:17:12.016Z [info]: Connected To MongoDB Locally.
