2024-04-26T00:43:30.240Z [error]: Login Failed: POST /api/auth/login: Authentication Error - Invalid username or password.
2024-04-26T00:45:07.600Z [error]: Login Failed: POST /api/auth/login: Authentication Error - Invalid username or password.
2024-04-26T00:45:30.230Z [error]: Login Failed: POST /api/auth/login: Authentication Error - Invalid username or password.
2024-04-26T01:05:17.771Z [error]: Login Failed: POST /api/auth/login: Authentication Error - Invalid username or password.
2024-04-26T01:05:27.312Z [error]: Login Failed: POST /api/auth/login: Authentication Error - Invalid username or password.
2024-04-26T01:06:37.226Z [error]: Login Failed: POST /api/auth/login: Authentication Error - Invalid username or password.
2024-04-26T01:06:38.595Z [error]: Login Failed: POST /api/auth/login: Authentication Error - Invalid username or password.
2024-04-26T01:06:39.324Z [error]: Login Failed: POST /api/auth/login: Authentication Error - Invalid username or password.
2024-04-26T01:06:40.790Z [error]: Login Failed: POST /api/auth/login: Authentication Error - Invalid username or password.
2024-04-26T01:06:42.635Z [error]: Login Failed: POST /api/auth/login: Authentication Error - Invalid username or password.
2024-04-26T01:07:44.206Z [error]: Login Failed: POST /api/auth/login: Authentication Error - Invalid username or password.
2024-04-26T01:07:47.049Z [error]: Login Failed: POST /api/auth/login: Authentication Error - Invalid username or password.
2024-04-26T01:07:48.345Z [error]: Login Failed: POST /api/auth/login: Authentication Error - Invalid username or password.
2024-04-26T01:07:49.342Z [error]: Login Failed: POST /api/auth/login: Authentication Error - Invalid username or password.
2024-04-26T01:07:49.898Z [error]: Login Failed: POST /api/auth/login: Authentication Error - Invalid username or password.
2024-04-26T01:07:50.499Z [error]: Login Failed: POST /api/auth/login: Authentication Error - Invalid username or password.
2024-04-26T01:07:51.735Z [error]: Login Failed: POST /api/auth/login: Authentication Error - Invalid username or password.
2024-04-26T01:07:52.433Z [error]: Login Failed: POST /api/auth/login: Authentication Error - Invalid username or password.
2024-04-26T01:07:53.313Z [error]: Login Failed: POST /api/auth/login: Authentication Error - Invalid username or password.
2024-04-26T01:07:53.854Z [error]: Login Failed: POST /api/auth/login: Authentication Error - Invalid username or password.
2024-04-26T01:07:54.436Z [error]: Login Failed: POST /api/auth/login: Authentication Error - Invalid username or password.
2024-04-26T01:08:41.052Z [error]: Login Failed: POST /api/auth/login: Authentication Error - Invalid username or password.
2024-04-26T01:08:42.458Z [error]: Login Failed: POST /api/auth/login: Authentication Error - Invalid username or password.
2024-04-26T01:44:49.070Z [error]: Login Failed: POST /api/auth/login: Authentication Error - Invalid username or password.
2024-04-26T01:44:51.355Z [error]: Login Failed: POST /api/auth/login: Authentication Error - Invalid username or password.
2024-04-26T01:45:03.288Z [error]: Login Failed: POST /api/auth/login: Authentication Error - Invalid username or password.
2024-04-26T01:45:09.974Z [error]: Login Failed: POST /api/auth/login: Authentication Error - Invalid username or password.
2024-04-26T01:45:10.950Z [error]: Login Failed: POST /api/auth/login: Authentication Error - Invalid username or password.
2024-04-26T02:01:33.413Z [error]: Login Failed: POST /api/auth/login: Authentication Error - Invalid username or password.
2024-04-26T02:01:35.492Z [error]: Login Failed: POST /api/auth/login: Authentication Error - Invalid username or password.
2024-04-26T02:01:36.406Z [error]: Login Failed: POST /api/auth/login: Authentication Error - Invalid username or password.
2024-04-26T02:01:37.140Z [error]: Login Failed: POST /api/auth/login: Authentication Error - Invalid username or password.
2024-04-26T02:01:37.934Z [error]: Login Failed: POST /api/auth/login: Authentication Error - Invalid username or password.
2024-04-26T02:01:38.939Z [error]: Login Failed: POST /api/auth/login: Authentication Error - Invalid username or password.
2024-04-26T02:01:39.898Z [error]: Login Failed: POST /api/auth/login: Authentication Error - Invalid username or password.
2024-04-26T02:07:26.286Z [error]: Login Failed: POST /api/auth/login: Authentication Error - Invalid username or password.
2024-04-26T02:07:35.259Z [error]: Login Failed: POST /api/auth/login: Authentication Error - Invalid username or password.
2024-04-26T02:07:42.238Z [error]: Login Failed: POST /api/auth/login: Authentication Error - Invalid username or password.
2024-04-26T02:07:43.015Z [error]: Login Failed: POST /api/auth/login: Authentication Error - Invalid username or password.
2024-04-26T02:07:43.727Z [error]: Login Failed: POST /api/auth/login: Authentication Error - Invalid username or password.
2024-04-26T09:11:44.924Z [error]: Login Failed: POST /api/auth/login: Authentication Error - Invalid username or password.
2024-04-26T09:12:00.787Z [error]: Login Failed: POST /api/auth/login: Authentication Error - Invalid username or password.
2024-04-26T09:12:01.936Z [error]: Login Failed: POST /api/auth/login: Authentication Error - Invalid username or password.
2024-04-26T09:12:02.814Z [error]: Login Failed: POST /api/auth/login: Authentication Error - Invalid username or password.
2024-04-26T09:12:03.782Z [error]: Login Failed: POST /api/auth/login: Authentication Error - Invalid username or password.
2024-04-26T09:20:59.674Z [error]: Login Failed: POST /api/auth/login: Authentication Error - Invalid username or password.
2024-04-26T09:21:01.646Z [error]: Login Failed: POST /api/auth/login: Authentication Error - Invalid username or password.
2024-04-26T09:21:03.980Z [error]: Login Failed: POST /api/auth/login: Authentication Error - Invalid username or password.
2024-04-26T09:21:06.964Z [error]: Login Failed: POST /api/auth/login: Authentication Error - Invalid username or password.
2024-04-26T09:21:08.521Z [error]: Login Failed: POST /api/auth/login: Authentication Error - Invalid username or password.
2024-04-26T09:22:00.514Z [error]: Login Failed: POST /api/auth/login: Authentication Error - Invalid username or password.
2024-04-26T09:22:02.556Z [error]: Login Failed: POST /api/auth/login: Authentication Error - Invalid username or password.
2024-04-26T09:22:07.744Z [error]: Login Failed: POST /api/auth/login: Authentication Error - Invalid username or password.
2024-04-26T09:22:09.025Z [error]: Login Failed: POST /api/auth/login: Authentication Error - Invalid username or password.
2024-04-26T09:22:10.017Z [error]: Login Failed: POST /api/auth/login: Authentication Error - Invalid username or password.
2024-04-26T09:25:41.743Z [error]: Login Failed: POST /api/auth/login: Authentication Error - Invalid username or password.
2024-04-26T09:25:43.306Z [error]: Login Failed: POST /api/auth/login: Authentication Error - Invalid username or password.
2024-04-26T09:25:44.459Z [error]: Login Failed: POST /api/auth/login: Authentication Error - Invalid username or password.
2024-04-26T09:25:45.104Z [error]: Login Failed: POST /api/auth/login: Authentication Error - Invalid username or password.
2024-04-26T09:25:45.676Z [error]: Login Failed: POST /api/auth/login: Authentication Error - Invalid username or password.
2024-04-26T09:59:47.626Z [error]: Login Failed: POST /api/auth/login: Authentication Error - Invalid username or password.
2024-04-26T09:59:48.569Z [error]: Login Failed: POST /api/auth/login: Authentication Error - Invalid username or password.
2024-04-26T09:59:49.330Z [error]: Login Failed: POST /api/auth/login: Authentication Error - Invalid username or password.
2024-04-26T09:59:50.047Z [error]: Login Failed: POST /api/auth/login: Authentication Error - Invalid username or password.
2024-04-26T09:59:50.811Z [error]: Login Failed: POST /api/auth/login: Authentication Error - Invalid username or password.
2024-04-26T10:03:52.162Z [error]: Login Failed: POST /api/auth/login: Authentication Error - Invalid username or password.
2024-04-26T10:03:53.138Z [error]: Login Failed: POST /api/auth/login: Authentication Error - Invalid username or password.
2024-04-26T10:03:54.736Z [error]: Login Failed: POST /api/auth/login: Authentication Error - Invalid username or password.
2024-04-26T10:03:55.413Z [error]: Login Failed: POST /api/auth/login: Authentication Error - Invalid username or password.
2024-04-26T10:03:56.258Z [error]: Login Failed: POST /api/auth/login: Authentication Error - Invalid username or password.
2024-04-26T10:05:26.936Z [error]: Login Failed: POST /api/auth/login: Authentication Error - Invalid username or password.
2024-04-26T10:05:28.377Z [error]: Login Failed: POST /api/auth/login: Authentication Error - Invalid username or password.
2024-04-26T10:05:34.148Z [error]: Login Failed: POST /api/auth/login: Authentication Error - Invalid username or password.
2024-04-26T10:05:34.878Z [error]: Login Failed: POST /api/auth/login: Authentication Error - Invalid username or password.
2024-04-26T10:05:35.964Z [error]: Login Failed: POST /api/auth/login: Authentication Error - Invalid username or password.
2024-04-26T10:12:27.635Z [error]: Login Failed: POST /api/auth/login: Authentication Error - Invalid username or password.
2024-04-26T10:12:30.648Z [error]: Login Failed: POST /api/auth/login: Authentication Error - Invalid username or password.
2024-04-26T10:12:32.417Z [error]: Login Failed: POST /api/auth/login: Authentication Error - Invalid username or password.
2024-04-26T10:12:36.651Z [error]: Login Failed: POST /api/auth/login: Authentication Error - Invalid username or password.
2024-04-26T10:12:37.512Z [error]: Login Failed: POST /api/auth/login: Authentication Error - Invalid username or password.
2024-04-26T10:14:27.881Z [error]: Login Failed: POST /api/auth/login: Authentication Error - Invalid username or password.
2024-04-26T10:16:56.609Z [error]: Login Failed: POST /api/auth/login: Authentication Error - Invalid username or password.
2024-04-26T10:17:00.277Z [error]: Login Failed: POST /api/auth/login: Authentication Error - Invalid username or password.
2024-04-26T10:17:01.200Z [error]: Login Failed: POST /api/auth/login: Authentication Error - Invalid username or password.
2024-04-26T10:17:01.982Z [error]: Login Failed: POST /api/auth/login: Authentication Error - Invalid username or password.
2024-04-26T10:22:29.690Z [error]: Login Failed: POST /api/auth/login: Authentication Error - Invalid username or password.
2024-04-26T10:31:11.664Z [error]: Login Failed: POST /api/auth/login: Authentication Error - Invalid username or password.
2024-04-26T10:31:13.772Z [error]: Login Failed: POST /api/auth/login: Authentication Error - Invalid username or password.
2024-04-26T10:31:18.196Z [error]: Login Failed: POST /api/auth/login: Authentication Error - Invalid username or password.
2024-04-26T10:31:18.794Z [error]: Login Failed: POST /api/auth/login: Authentication Error - Invalid username or password.
2024-04-26T10:31:19.448Z [error]: Login Failed: POST /api/auth/login: Authentication Error - Invalid username or password.
2024-04-26T10:33:31.661Z [error]: Login Failed: POST /api/auth/login: Authentication Error - Invalid username or password.
2024-04-26T10:33:35.306Z [error]: Login Failed: POST /api/auth/login: Authentication Error - Invalid username or password.
2024-04-26T10:33:36.132Z [error]: Login Failed: POST /api/auth/login: Authentication Error - Invalid username or password.
2024-04-26T10:33:36.827Z [error]: Login Failed: POST /api/auth/login: Authentication Error - Invalid username or password.
2024-04-26T10:33:37.499Z [error]: Login Failed: POST /api/auth/login: Authentication Error - Invalid username or password.
2024-04-26T10:33:48.234Z [error]: Internal Server Error: Unexpected Error:POST /api/auth/login: Error - Cannot set headers after they are sent to the client
2024-04-26T10:33:48.244Z [error]: Error in errorHandler: Cannot set headers after they are sent to the client
Error [ERR_HTTP_HEADERS_SENT]: Cannot set headers after they are sent to the client
    at new NodeError (node:internal/errors:406:5)
    at ServerResponse.setHeader (node:_http_outgoing:652:11)
    at ServerResponse.header (C:\projects\on-progress\freight\freight-server\node_modules\express\lib\response.js:794:10)
    at ServerResponse.send (C:\projects\on-progress\freight\freight-server\node_modules\express\lib\response.js:174:12)
    at ServerResponse.json (C:\projects\on-progress\freight\freight-server\node_modules\express\lib\response.js:278:15)
    at errorHandler (C:\projects\on-progress\freight\freight-server\src\errors\handlers\errorHandler.ts:42:51)
    at Layer.handle_error (C:\projects\on-progress\freight\freight-server\node_modules\express\lib\router\layer.js:71:5)
    at trim_prefix (C:\projects\on-progress\freight\freight-server\node_modules\express\lib\router\index.js:326:13)
    at C:\projects\on-progress\freight\freight-server\node_modules\express\lib\router\index.js:286:9
    at Function.process_params (C:\projects\on-progress\freight\freight-server\node_modules\express\lib\router\index.js:346:12)
2024-04-26T10:35:34.494Z [error]: Resource not found: POST /api/auth/login: Not Found Error - Data Not found
2024-04-26T10:38:57.277Z [error]: Login Failed: POST /api/auth/login: Authentication Error - Invalid username or password.
2024-04-26T10:39:35.910Z [error]: Login Failed: POST /api/auth/login: Authentication Error - Invalid username or password.
2024-04-26T10:39:43.481Z [error]: Login Failed: POST /api/auth/login: Authentication Error - Invalid username or password.
2024-04-26T10:39:44.205Z [error]: Login Failed: POST /api/auth/login: Authentication Error - Invalid username or password.
2024-04-26T10:39:45.098Z [error]: Login Failed: POST /api/auth/login: Authentication Error - Invalid username or password.
2024-04-26T10:39:46.059Z [error]: Login Failed: POST /api/auth/login: Authentication Error - Invalid username or password.
2024-04-26T10:41:09.520Z [error]: Login Failed: POST /api/auth/login: Authentication Error - Invalid username or password.
2024-04-26T10:41:10.808Z [error]: Login Failed: POST /api/auth/login: Authentication Error - Invalid username or password.
2024-04-26T10:41:11.780Z [error]: Login Failed: POST /api/auth/login: Authentication Error - Invalid username or password.
2024-04-26T10:41:17.072Z [error]: Login Failed: POST /api/auth/login: Authentication Error - Invalid username or password.
2024-04-26T10:41:17.836Z [error]: Login Failed: POST /api/auth/login: Authentication Error - Invalid username or password.
2024-04-26T10:42:31.543Z [error]: Login Failed: POST /api/auth/login: Authentication Error - Invalid username or password.
2024-04-26T10:42:32.411Z [error]: Login Failed: POST /api/auth/login: Authentication Error - Invalid username or password.
2024-04-26T10:42:33.163Z [error]: Login Failed: POST /api/auth/login: Authentication Error - Invalid username or password.
2024-04-26T10:42:33.740Z [error]: Login Failed: POST /api/auth/login: Authentication Error - Invalid username or password.
2024-04-26T10:42:34.465Z [error]: Login Failed: POST /api/auth/login: Authentication Error - Invalid username or password.
2024-04-26T10:43:35.429Z [error]: Login Failed: POST /api/auth/login: Authentication Error - Invalid username or password.
2024-04-26T10:43:40.644Z [error]: Login Failed: POST /api/auth/login: Authentication Error - Invalid username or password.
2024-04-26T10:43:41.271Z [error]: Login Failed: POST /api/auth/login: Authentication Error - Invalid username or password.
2024-04-26T10:43:41.989Z [error]: Login Failed: POST /api/auth/login: Authentication Error - Invalid username or password.
2024-04-26T10:43:42.672Z [error]: Login Failed: POST /api/auth/login: Authentication Error - Invalid username or password.
2024-04-26T10:44:53.116Z [error]: Login Failed: POST /api/auth/login: Authentication Error - Invalid username or password.
2024-04-26T10:44:54.325Z [error]: Login Failed: POST /api/auth/login: Authentication Error - Invalid username or password.
2024-04-26T10:44:55.174Z [error]: Login Failed: POST /api/auth/login: Authentication Error - Invalid username or password.
2024-04-26T10:46:04.510Z [error]: Login Failed: POST /api/auth/login: Authentication Error - Invalid username or password.
2024-04-26T10:46:08.177Z [error]: Login Failed: POST /api/auth/login: Authentication Error - Invalid username or password.
2024-04-26T10:46:08.975Z [error]: Login Failed: POST /api/auth/login: Authentication Error - Invalid username or password.
2024-04-26T10:46:09.673Z [error]: Login Failed: POST /api/auth/login: Authentication Error - Invalid username or password.
2024-04-26T10:46:10.407Z [error]: Login Failed: POST /api/auth/login: Authentication Error - Invalid username or password.
2024-04-26T10:47:30.220Z [error]: Login Failed: POST /api/auth/login: Authentication Error - Invalid username or password.
2024-04-26T10:47:31.547Z [error]: Login Failed: POST /api/auth/login: Authentication Error - Invalid username or password.
2024-04-26T10:47:32.118Z [error]: Login Failed: POST /api/auth/login: Authentication Error - Invalid username or password.
2024-04-26T10:47:32.628Z [error]: Login Failed: POST /api/auth/login: Authentication Error - Invalid username or password.
2024-04-26T10:47:33.207Z [error]: Login Failed: POST /api/auth/login: Authentication Error - Invalid username or password.
2024-04-26T10:48:39.546Z [error]: Validation Failed: POST /api/auth/login: Bad Request Error - Username must be at least 2 characters long.
2024-04-26T10:48:40.693Z [error]: Validation Failed: POST /api/auth/login: Bad Request Error - Username must be at least 2 characters long.
2024-04-26T10:48:48.747Z [error]: Login Failed: POST /api/auth/login: Authentication Error - Invalid username or password.
2024-04-26T10:48:49.700Z [error]: Login Failed: POST /api/auth/login: Authentication Error - Invalid username or password.
2024-04-26T10:48:50.288Z [error]: Login Failed: POST /api/auth/login: Authentication Error - Invalid username or password.
2024-04-26T10:56:21.725Z [error]: Login Failed: POST /api/auth/login: Authentication Error - Invalid username or password.
2024-04-26T10:56:27.719Z [error]: Login Failed: POST /api/auth/login: Authentication Error - Invalid username or password.
2024-04-26T10:56:33.200Z [error]: Login Failed: POST /api/auth/login: Authentication Error - Invalid username or password.
2024-04-26T10:56:33.678Z [error]: Login Failed: POST /api/auth/login: Authentication Error - Invalid username or password.
2024-04-26T10:56:34.375Z [error]: Login Failed: POST /api/auth/login: Authentication Error - Invalid username or password.
2024-04-26T10:59:19.992Z [error]: Login Failed: POST /api/auth/login: Authentication Error - Invalid username or password.
2024-04-26T10:59:24.909Z [error]: Login Failed: POST /api/auth/login: Authentication Error - Invalid username or password.
2024-04-26T10:59:25.593Z [error]: Login Failed: POST /api/auth/login: Authentication Error - Invalid username or password.
2024-04-26T10:59:26.311Z [error]: Login Failed: POST /api/auth/login: Authentication Error - Invalid username or password.
2024-04-26T10:59:26.895Z [error]: Login Failed: POST /api/auth/login: Authentication Error - Account is locked. Try again after 24 hours --->
2024-04-26T10:59:27.424Z [error]: Login Failed: POST /api/auth/login: Authentication Error - Account is locked. Try again after 0.02 hours
2024-04-26T10:59:30.278Z [error]: Login Failed: POST /api/auth/login: Authentication Error - Account is locked. Try again after 0.02 hours
2024-04-26T14:57:27.465Z [error]: Login Failed: POST /api/auth/login: Authentication Error - Invalid username or password.
2024-04-26T14:57:30.681Z [error]: Login Failed: POST /api/auth/login: Authentication Error - Invalid username or password.
2024-04-26T14:58:27.981Z [error]: Login Failed: POST /api/auth/login: Authentication Error - Invalid username or password.
2024-04-26T15:05:02.506Z [error]: Login Failed: POST /api/auth/login: Authentication Error - Invalid username or password.
2024-04-26T15:07:29.501Z [error]: Login Failed: POST /api/auth/login: Authentication Error - Invalid username or password.
2024-04-26T15:07:33.368Z [error]: Login Failed: POST /api/auth/login: Authentication Error - Invalid username or password.
2024-04-26T15:07:34.137Z [error]: Login Failed: POST /api/auth/login: Authentication Error - Invalid username or password.
2024-04-26T15:07:34.772Z [error]: Login Failed: POST /api/auth/login: Authentication Error - Invalid username or password.
2024-04-26T15:07:35.399Z [error]: Login Failed: POST /api/auth/login: Authentication Error - Invalid username or password.
2024-04-26T15:13:23.163Z [error]: Login Failed: POST /api/auth/login: Authentication Error - Invalid username or password.
2024-04-26T15:13:24.409Z [error]: Login Failed: POST /api/auth/login: Authentication Error - Invalid username or password.
2024-04-26T15:13:25.147Z [error]: Login Failed: POST /api/auth/login: Authentication Error - Invalid username or password.
2024-04-26T15:13:25.859Z [error]: Login Failed: POST /api/auth/login: Authentication Error - Invalid username or password.
2024-04-26T15:13:26.581Z [error]: Login Failed: POST /api/auth/login: Authentication Error - Invalid username or password.
2024-04-26T15:18:34.143Z [error]: Login Failed: POST /api/auth/login: Authentication Error - Invalid username or password.
2024-04-26T15:18:35.123Z [error]: Login Failed: POST /api/auth/login: Authentication Error - Invalid username or password.
2024-04-26T15:18:35.877Z [error]: Login Failed: POST /api/auth/login: Authentication Error - Invalid username or password.
2024-04-26T15:18:37.647Z [error]: Login Failed: POST /api/auth/login: Authentication Error - Invalid username or password.
2024-04-26T15:18:41.661Z [error]: Login Failed: POST /api/auth/login: Authentication Error - Invalid username or password.
2024-04-26T15:21:23.566Z [error]: Login Failed: POST /api/auth/login: Authentication Error - Invalid username or password.
2024-04-26T15:21:32.824Z [error]: Login Failed: POST /api/auth/login: Authentication Error - Invalid username or password.
2024-04-26T15:21:34.131Z [error]: Login Failed: POST /api/auth/login: Authentication Error - Invalid username or password.
2024-04-26T15:21:34.884Z [error]: Login Failed: POST /api/auth/login: Authentication Error - Invalid username or password.
2024-04-26T15:21:35.547Z [error]: Login Failed: POST /api/auth/login: Authentication Error - Invalid username or password.
2024-04-26T15:25:56.229Z [error]: Login Failed: POST /api/auth/login: Authentication Error - Invalid username or password.
2024-04-26T15:25:57.000Z [error]: Login Failed: POST /api/auth/login: Authentication Error - Invalid username or password.
2024-04-26T15:25:57.659Z [error]: Login Failed: POST /api/auth/login: Authentication Error - Invalid username or password.
2024-04-26T15:25:58.291Z [error]: Login Failed: POST /api/auth/login: Authentication Error - Invalid username or password.
2024-04-26T15:25:59.032Z [error]: Login Failed: POST /api/auth/login: Authentication Error - Invalid username or password.
2024-04-26T15:33:52.960Z [error]: Login Failed: POST /api/auth/login: Authentication Error - Invalid username or password.
2024-04-26T15:33:54.102Z [error]: Login Failed: POST /api/auth/login: Authentication Error - Invalid username or password.
2024-04-26T15:33:55.277Z [error]: Login Failed: POST /api/auth/login: Authentication Error - Invalid username or password.
2024-04-26T15:33:57.981Z [error]: Login Failed: POST /api/auth/login: Authentication Error - Invalid username or password.
2024-04-26T15:33:59.088Z [error]: Login Failed: POST /api/auth/login: Authentication Error - Invalid username or password.
2024-04-26T15:39:19.034Z [error]: Login Failed: POST /api/auth/login: Authentication Error - Invalid username or password.
2024-04-26T15:39:19.755Z [error]: Login Failed: POST /api/auth/login: Authentication Error - Invalid username or password.
2024-04-26T15:39:23.926Z [error]: Login Failed: POST /api/auth/login: Authentication Error - Invalid username or password.
2024-04-26T15:39:24.506Z [error]: Login Failed: POST /api/auth/login: Authentication Error - Invalid username or password.
2024-04-26T15:39:25.346Z [error]: Login Failed: POST /api/auth/login: Authentication Error - Invalid username or password.
2024-04-26T15:43:31.390Z [error]: Login Failed: POST /api/auth/login: Authentication Error - Invalid username or password.
2024-04-26T15:43:32.178Z [error]: Login Failed: POST /api/auth/login: Authentication Error - Invalid username or password.
2024-04-26T15:43:33.000Z [error]: Login Failed: POST /api/auth/login: Authentication Error - Invalid username or password.
2024-04-26T15:43:33.623Z [error]: Login Failed: POST /api/auth/login: Authentication Error - Invalid username or password.
2024-04-26T15:43:34.374Z [error]: Login Failed: POST /api/auth/login: Authentication Error - Invalid username or password.
2024-04-26T15:50:59.259Z [error]: Login Failed: POST /api/auth/login: Authentication Error - Invalid username or password.
2024-04-26T15:51:04.225Z [error]: Login Failed: POST /api/auth/login: Authentication Error - Invalid username or password.
2024-04-26T15:51:04.978Z [error]: Login Failed: POST /api/auth/login: Authentication Error - Invalid username or password.
2024-04-26T15:51:05.722Z [error]: Login Failed: POST /api/auth/login: Authentication Error - Invalid username or password.
2024-04-26T15:51:06.358Z [error]: Login Failed: POST /api/auth/login: Authentication Error - Invalid username or password.
2024-04-26T16:15:06.036Z [error]: Login Failed: POST /api/auth/login: Authentication Error - Invalid username or password.
2024-04-26T16:15:06.989Z [error]: Login Failed: POST /api/auth/login: Authentication Error - Invalid username or password.
2024-04-26T16:15:24.962Z [error]: Login Failed: POST /api/auth/login: Authentication Error - Invalid username or password.
2024-04-26T16:15:29.553Z [error]: Login Failed: POST /api/auth/login: Authentication Error - Invalid username or password.
2024-04-26T16:15:30.382Z [error]: Login Failed: POST /api/auth/login: Authentication Error - Invalid username or password.
2024-04-26T16:15:31.160Z [error]: Login Failed: POST /api/auth/login: Authentication Error - Invalid username or password.
2024-04-26T16:15:33.903Z [error]: Login Failed: POST /api/auth/login: Authentication Error - Invalid username or password.
2024-04-26T16:16:05.102Z [error]: Login Failed: POST /api/auth/login: Authentication Error - Invalid username or password.
2024-04-26T16:16:05.887Z [error]: Login Failed: POST /api/auth/login: Authentication Error - Invalid username or password.
2024-04-26T16:16:06.701Z [error]: Login Failed: POST /api/auth/login: Authentication Error - Invalid username or password.
2024-04-26T16:16:07.256Z [error]: Login Failed: POST /api/auth/login: Authentication Error - Invalid username or password.
2024-04-26T16:16:07.919Z [error]: Login Failed: POST /api/auth/login: Authentication Error - Invalid username or password.
2024-04-26T16:18:56.180Z [error]: Login Failed: POST /api/auth/login: Authentication Error - Invalid username or password.
2024-04-26T16:18:57.451Z [error]: Login Failed: POST /api/auth/login: Authentication Error - Invalid username or password.
2024-04-26T16:18:58.653Z [error]: Login Failed: POST /api/auth/login: Authentication Error - Invalid username or password.
2024-04-26T16:19:06.236Z [error]: Login Failed: POST /api/auth/login: Authentication Error - Invalid username or password.
2024-04-26T16:19:09.117Z [error]: Login Failed: POST /api/auth/login: Authentication Error - Invalid username or password.
2024-04-26T16:20:30.673Z [error]: Login Failed: POST /api/auth/login: Authentication Error - Invalid username or password.
2024-04-26T16:20:31.421Z [error]: Login Failed: POST /api/auth/login: Authentication Error - Invalid username or password.
2024-04-26T16:20:32.106Z [error]: Login Failed: POST /api/auth/login: Authentication Error - Invalid username or password.
2024-04-26T16:20:32.655Z [error]: Login Failed: POST /api/auth/login: Authentication Error - Invalid username or password.
2024-04-26T16:20:33.293Z [error]: Login Failed: POST /api/auth/login: Authentication Error - Invalid username or password.
2024-04-26T16:23:48.025Z [error]: Login Failed: POST /api/auth/login: Authentication Error - Invalid username or password.
2024-04-26T16:23:48.901Z [error]: Login Failed: POST /api/auth/login: Authentication Error - Invalid username or password.
2024-04-26T16:23:49.697Z [error]: Login Failed: POST /api/auth/login: Authentication Error - Invalid username or password.
2024-04-26T16:23:50.389Z [error]: Login Failed: POST /api/auth/login: Authentication Error - Invalid username or password.
2024-04-26T16:23:51.117Z [error]: Login Failed: POST /api/auth/login: Authentication Error - Invalid username or password.
2024-04-26T17:48:00.971Z [error]: Login Failed: POST /api/auth/login: Authentication Error - Invalid username or password.
2024-04-26T17:48:03.399Z [error]: Login Failed: POST /api/auth/login: Authentication Error - Invalid username or password.
2024-04-26T17:48:04.329Z [error]: Login Failed: POST /api/auth/login: Authentication Error - Invalid username or password.
2024-04-26T17:48:06.865Z [error]: Login Failed: POST /api/auth/login: Authentication Error - Invalid username or password.
2024-04-26T17:48:07.808Z [error]: Login Failed: POST /api/auth/login: Authentication Error - Invalid username or password.
2024-04-26T18:10:00.341Z [error]: Login Failed: POST /api/auth/login: Authentication Error - Invalid username or password.
2024-04-26T18:10:01.378Z [error]: Login Failed: POST /api/auth/login: Authentication Error - Invalid username or password.
2024-04-26T18:10:02.307Z [error]: Login Failed: POST /api/auth/login: Authentication Error - Invalid username or password.
2024-04-26T18:10:02.977Z [error]: Login Failed: POST /api/auth/login: Authentication Error - Invalid username or password.
2024-04-26T18:10:03.573Z [error]: Login Failed: POST /api/auth/login: Authentication Error - Invalid username or password.
2024-04-26T18:16:09.056Z [error]: Login Failed: POST /api/auth/login: Authentication Error - Invalid username or password.
2024-04-26T18:16:10.214Z [error]: Login Failed: POST /api/auth/login: Authentication Error - Invalid username or password.
2024-04-26T18:16:10.980Z [error]: Login Failed: POST /api/auth/login: Authentication Error - Invalid username or password.
2024-04-26T18:16:11.563Z [error]: Login Failed: POST /api/auth/login: Authentication Error - Invalid username or password.
2024-04-26T18:16:12.263Z [error]: Login Failed: POST /api/auth/login: Authentication Error - Invalid username or password.
2024-04-26T18:23:54.691Z [error]: Login Failed: POST /api/auth/login: Authentication Error - Invalid username or password.
2024-04-26T18:24:33.223Z [error]: Login Failed: POST /api/auth/login: Authentication Error - Invalid username or password.
2024-04-26T18:24:38.044Z [error]: Login Failed: POST /api/auth/login: Authentication Error - Invalid username or password.
2024-04-26T18:24:39.358Z [error]: Login Failed: POST /api/auth/login: Authentication Error - Invalid username or password.
2024-04-26T18:24:41.893Z [error]: Login Failed: POST /api/auth/login: Authentication Error - Invalid username or password.
2024-04-26T18:27:32.585Z [error]: Login Failed: POST /api/auth/login: Authentication Error - Invalid username or password.
2024-04-26T18:35:11.328Z [error]: Login Failed: POST /api/auth/login: Authentication Error - Invalid username or password.
2024-04-26T18:35:12.807Z [error]: Login Failed: POST /api/auth/login: Authentication Error - Invalid username or password.
2024-04-26T18:35:13.773Z [error]: Login Failed: POST /api/auth/login: Authentication Error - Invalid username or password.
2024-04-26T18:35:14.570Z [error]: Login Failed: POST /api/auth/login: Authentication Error - Invalid username or password.
2024-04-26T18:35:15.474Z [error]: Login Failed: POST /api/auth/login: Authentication Error - Invalid username or password.
2024-04-26T18:36:03.782Z [error]: Login Failed: POST /api/auth/login: Authentication Error - Invalid username or password.
2024-04-26T18:36:04.625Z [error]: Login Failed: POST /api/auth/login: Authentication Error - Invalid username or password.
2024-04-26T18:36:05.415Z [error]: Login Failed: POST /api/auth/login: Authentication Error - Invalid username or password.
2024-04-26T18:36:08.774Z [error]: Login Failed: POST /api/auth/login: Authentication Error - Invalid username or password.
2024-04-26T18:36:09.459Z [error]: Login Failed: POST /api/auth/login: Authentication Error - Invalid username or password.
2024-04-26T20:34:06.173Z [error]: Login Failed: POST /api/auth/login: Authentication Error - Invalid username or password.
2024-04-26T20:34:10.449Z [error]: Login Failed: POST /api/auth/login: Authentication Error - Invalid username or password.
2024-04-26T20:34:11.032Z [error]: Login Failed: POST /api/auth/login: Authentication Error - Invalid username or password.
2024-04-26T20:34:11.657Z [error]: Login Failed: POST /api/auth/login: Authentication Error - Invalid username or password.
2024-04-26T20:34:12.305Z [error]: Login Failed: POST /api/auth/login: Authentication Error - Invalid username or password.
2024-04-26T20:40:23.002Z [error]: Login Failed: POST /api/auth/login: Authentication Error - Invalid username or password.
2024-04-26T20:40:23.970Z [error]: Login Failed: POST /api/auth/login: Authentication Error - Invalid username or password.
2024-04-26T20:40:24.707Z [error]: Login Failed: POST /api/auth/login: Authentication Error - Invalid username or password.
2024-04-26T20:40:25.303Z [error]: Login Failed: POST /api/auth/login: Authentication Error - Invalid username or password.
2024-04-26T20:40:26.109Z [error]: Login Failed: POST /api/auth/login: Authentication Error - Account is locked. Try again after 24 hours --->
2024-04-26T20:40:26.727Z [error]: Login Failed: POST /api/auth/login: Authentication Error - Account is locked. Try again after 0.02 hours
2024-04-26T20:40:27.533Z [error]: Login Failed: POST /api/auth/login: Authentication Error - Account is locked. Try again after 0.02 hours
2024-04-26T20:40:28.263Z [error]: Login Failed: POST /api/auth/login: Authentication Error - Account is locked. Try again after 0.02 hours
2024-04-26T20:40:28.910Z [error]: Login Failed: POST /api/auth/login: Authentication Error - Account is locked. Try again after 0.02 hours
2024-04-26T20:40:29.517Z [error]: Login Failed: POST /api/auth/login: Authentication Error - Account is locked. Try again after 0.02 hours
2024-04-26T20:40:30.160Z [error]: Login Failed: POST /api/auth/login: Authentication Error - Account is locked. Try again after 0.02 hours
2024-04-26T20:40:30.764Z [error]: Login Failed: POST /api/auth/login: Authentication Error - Account is locked. Try again after 0.02 hours
2024-04-26T20:40:33.423Z [error]: Login Failed: POST /api/auth/login: Authentication Error - Account is locked. Try again after 0.01 hours
2024-04-26T20:40:34.422Z [error]: Login Failed: POST /api/auth/login: Authentication Error - Account is locked. Try again after 0.01 hours
2024-04-26T20:40:35.179Z [error]: Login Failed: POST /api/auth/login: Authentication Error - Account is locked. Try again after 0.01 hours
2024-04-26T20:40:35.880Z [error]: Login Failed: POST /api/auth/login: Authentication Error - Account is locked. Try again after 0.01 hours
2024-04-26T20:40:36.521Z [error]: Login Failed: POST /api/auth/login: Authentication Error - Account is locked. Try again after 0.01 hours
2024-04-26T20:40:58.529Z [error]: Login Failed: POST /api/auth/login: Authentication Error - Invalid username or password.
2024-04-26T20:40:59.516Z [error]: Login Failed: POST /api/auth/login: Authentication Error - Invalid username or password.
2024-04-26T20:41:00.295Z [error]: Login Failed: POST /api/auth/login: Authentication Error - Invalid username or password.
2024-04-26T20:41:00.903Z [error]: Login Failed: POST /api/auth/login: Authentication Error - Invalid username or password.
2024-04-26T20:41:01.593Z [error]: Login Failed: POST /api/auth/login: Authentication Error - Invalid username or password.
2024-04-26T20:55:20.241Z [error]: Login Failed: POST /api/auth/login: Authentication Error - Invalid username or password.
2024-04-26T20:55:24.975Z [error]: Login Failed: POST /api/auth/login: Authentication Error - Invalid username or password.
2024-04-26T20:55:25.859Z [error]: Login Failed: POST /api/auth/login: Authentication Error - Invalid username or password.
2024-04-26T20:55:26.652Z [error]: Login Failed: POST /api/auth/login: Authentication Error - Invalid username or password.
2024-04-26T20:55:27.386Z [error]: Login Failed: POST /api/auth/login: Authentication Error - Invalid username or password.
2024-04-26T20:59:01.487Z [error]: Login Failed: POST /api/auth/login: Authentication Error - Invalid username or password.
2024-04-26T20:59:04.011Z [error]: Login Failed: POST /api/auth/login: Authentication Error - Invalid username or password.
2024-04-26T20:59:04.975Z [error]: Login Failed: POST /api/auth/login: Authentication Error - Invalid username or password.
2024-04-26T20:59:05.917Z [error]: Login Failed: POST /api/auth/login: Authentication Error - Invalid username or password.
2024-04-26T20:59:06.684Z [error]: Login Failed: POST /api/auth/login: Authentication Error - Invalid username or password.
2024-04-26T20:59:07.449Z [error]: Custom Error - Too many requests, please try again later.
2024-04-26T21:05:15.085Z [error]: Login Failed: POST /api/auth/login: Authentication Error - Invalid username or password.
2024-04-26T21:05:20.533Z [error]: Login Failed: POST /api/auth/login: Authentication Error - Invalid username or password.
2024-04-26T21:05:21.356Z [error]: Login Failed: POST /api/auth/login: Authentication Error - Invalid username or password.
2024-04-26T21:05:22.022Z [error]: Login Failed: POST /api/auth/login: Authentication Error - Invalid username or password.
2024-04-26T21:05:22.738Z [error]: Login Failed: POST /api/auth/login: Authentication Error - Invalid username or password.
2024-04-26T21:05:23.340Z [error]: Custom Error - Too many requests, please try again later.
2024-04-26T21:05:24.139Z [error]: Custom Error - Too many requests, please try again later.
2024-04-26T21:05:25.877Z [error]: Custom Error - Too many requests, please try again later.
2024-04-26T21:05:31.320Z [error]: Custom Error - Too many requests, please try again later.
2024-04-26T21:05:34.206Z [error]: Custom Error - Too many requests, please try again later.
2024-04-26T23:43:59.209Z [error]: Login Failed: POST /api/auth/login: Authentication Error - Invalid username or password.
2024-04-26T23:44:00.616Z [error]: Login Failed: POST /api/auth/login: Authentication Error - Invalid username or password.
2024-04-26T23:44:02.314Z [error]: Login Failed: POST /api/auth/login: Authentication Error - Invalid username or password.
2024-04-26T23:44:03.716Z [error]: Login Failed: POST /api/auth/login: Authentication Error - Invalid username or password.
2024-04-26T23:44:04.533Z [error]: Custom Error - Account is locked. Try again after 24 hours --->
2024-04-26T23:44:05.362Z [error]: Login Failed: POST /api/auth/login: Authentication Error - Account is locked. Try again after 0.02 hours
2024-04-26T23:46:50.028Z [error]: Login Failed: POST /api/auth/login: Authentication Error - Invalid username or password.
2024-04-26T23:46:55.477Z [error]: Login Failed: POST /api/auth/login: Authentication Error - Invalid username or password.
2024-04-26T23:46:56.311Z [error]: Login Failed: POST /api/auth/login: Authentication Error - Invalid username or password.
2024-04-26T23:47:00.847Z [error]: Login Failed: POST /api/auth/login: Authentication Error - Invalid username or password.
2024-04-26T23:47:01.825Z [error]: Login Failed: POST /api/auth/login: Authentication Error - Invalid username or password.
2024-04-26T23:47:08.596Z [error]: Login Failed: POST /api/auth/login: Authentication Error - Account is locked. Try again after 0.01 hours
2024-04-26T23:47:45.090Z [error]: Login Failed: POST /api/auth/login: Authentication Error - Account is locked. Try again after 0.00 hours
2024-04-26T23:47:46.237Z [error]: Login Failed: POST /api/auth/login: Authentication Error - Account is locked. Try again after 0.00 hours
2024-04-26T23:47:51.696Z [error]: Login Failed: POST /api/auth/login: Authentication Error - Account is locked. Try again after 0.00 hours
2024-04-26T23:48:37.057Z [error]: Login Failed: POST /api/auth/login: Authentication Error - Invalid username or password.
2024-04-26T23:48:44.144Z [error]: Login Failed: POST /api/auth/login: Authentication Error - Invalid username or password.
2024-04-26T23:48:45.094Z [error]: Login Failed: POST /api/auth/login: Authentication Error - Invalid username or password.
2024-04-26T23:48:45.998Z [error]: Login Failed: POST /api/auth/login: Authentication Error - Invalid username or password.
2024-04-26T23:48:46.882Z [error]: Custom Error - Account is locked. Try again after 24 hours
2024-04-26T23:48:49.633Z [error]: Custom Error - Account is locked. Try again after 0.02 hours
2024-04-26T23:48:51.494Z [error]: Custom Error - Account is locked. Try again after 0.02 hours
2024-04-26T23:53:28.715Z [error]: Login Failed: POST /api/auth/login: Authentication Error - Invalid username or password.
2024-04-26T23:53:36.093Z [error]: Login Failed: POST /api/auth/login: Authentication Error - Invalid username or password.
2024-04-26T23:53:38.216Z [error]: Login Failed: POST /api/auth/login: Authentication Error - Invalid username or password.
2024-04-26T23:53:39.039Z [error]: Login Failed: POST /api/auth/login: Authentication Error - Invalid username or password.
2024-04-26T23:53:40.014Z [error]: Custom Error - Account is locked. Try again after 24 hours
2024-04-26T23:53:42.798Z [error]: Custom Error - Account is locked. Try again after 0.02 hours
2024-04-27T00:10:54.251Z [error]: Login Failed: POST /api/auth/login: Authentication Error - Invalid username or password.
2024-04-27T00:11:15.647Z [error]: Login Failed: POST /api/auth/login: Authentication Error - Invalid username or password.
2024-04-27T00:11:16.581Z [error]: Login Failed: POST /api/auth/login: Authentication Error - Invalid username or password.
2024-04-27T00:11:17.386Z [error]: Login Failed: POST /api/auth/login: Authentication Error - Invalid username or password.
2024-04-27T00:11:18.321Z [error]: Custom Error - Account is locked. Try again after 24 hours
