{"level":"error","message":"Too many requests from the client - Account is locked. try again later.","timestamp":"2024-06-22T10:06:13.413Z"}
{"level":"error","message":"Too many requests from the client - Account is locked. try again later.","timestamp":"2024-06-22T10:06:36.422Z"}
{"level":"error","message":"Too many requests from the client - Account is locked. try again later.","timestamp":"2024-06-22T10:06:47.688Z"}
{"level":"error","message":"Too many requests from the client - Account is locked. try again later.","timestamp":"2024-06-22T10:07:24.357Z"}
{"level":"error","message":"Validation Failed: POST /api/auth/login: Bad request - ValidationError: username: Path `username` is invalid (Swfredight2023).","timestamp":"2024-06-22T10:07:45.498Z"}
{"level":"error","message":"Validation Failed: POST /api/auth/login: Bad request - ValidationError: username: Path `username` is invalid (Swfredight2023).","timestamp":"2024-06-22T10:12:53.119Z"}
{"level":"error","name":"Bad request","status":400,"timestamp":"2024-06-22T11:41:26.821Z"}
{"level":"error","message":"Authentication failed: POST /api/auth/login: Authentication required or failed - Invalid username or password.","timestamp":"2024-06-22T11:46:01.555Z"}
{"level":"error","message":"Authentication failed: POST /api/agents/create-agent: Authentication required or failed - Access denied. No token provided.","timestamp":"2024-06-22T11:47:20.468Z"}
{"level":"error","message":"Authentication failed: POST /api/agents/create-agent: Authentication required or failed - Access denied. No token provided.","timestamp":"2024-06-22T11:47:47.573Z"}
{"level":"error","message":"Authorization Failed: POST /api/agents/create-agent: Client lacks permission to access the resource - Please reset your password.","timestamp":"2024-06-22T11:47:55.018Z"}
{"level":"error","message":"Authorization Failed: POST /api/auth/reset-password: Client lacks permission to access the resource - Invalid Token: TokenExpiredError: jwt expired","timestamp":"2024-06-22T11:48:20.856Z"}
{"level":"error","message":"Authentication failed: POST /api/auth/reset-password: Authentication required or failed - Passwords do not match.","timestamp":"2024-06-22T11:48:38.099Z"}
{"level":"error","message":"Authentication failed: POST /api/auth/login: Authentication required or failed - Invalid username or password.","timestamp":"2024-06-22T11:48:58.697Z"}
{"level":"error","message":"Authorization Failed: POST /api/agents/create-agent: Client lacks permission to access the resource - Please reset your password.","timestamp":"2024-06-22T11:49:25.918Z"}
{"level":"error","message":"Authorization Failed: POST /api/agents/create-agent: Client lacks permission to access the resource - User in role: employee is not authorized.","timestamp":"2024-06-22T11:49:33.853Z"}
{"level":"error","message":"Validation Failed: POST /api/agents/create-agent: Bad request - Floor must be either 0, 1 or 2","timestamp":"2024-06-22T11:50:25.287Z"}
{"level":"error","message":"Validation Failed: POST /api/agents/create-agent: Bad request - Phone is required","timestamp":"2024-06-22T11:50:37.621Z"}
{"level":"error","message":"Validation Failed: POST /api/agents/create-agent: Bad request - \"phone\" with value \"05099999999999999\" fails to match the required pattern: /^\\d{10}$/","timestamp":"2024-06-22T11:50:53.628Z"}
{"level":"error","message":"Client request failed: POST /api/agents/create-agent: Conflict with the current state of the target resource - Agent with name 'globspeed' already exists.","timestamp":"2024-06-22T11:51:33.097Z"}
{"level":"error","message":"Client request failed: POST /api/agents/create-agent: Conflict with the current state of the target resource - Agent with name 'globspeed' already exists.","timestamp":"2024-06-22T11:51:47.196Z"}
{"level":"error","message":"Validation Failed: PUT /api/agents/update-agent/6588672c346927d16a7da8c6: Bad request - Floor must be either 0, 1 or 2","timestamp":"2024-06-22T11:52:46.032Z"}
{"level":"error","message":"Internal error server: Server encountered an unexpected condition - Update document failed.","timestamp":"2024-06-22T11:52:57.080Z"}
{"level":"error","message":"Internal error server: Server encountered an unexpected condition - Update document failed.","timestamp":"2024-06-22T11:53:23.070Z"}
{"level":"error","message":"Internal Server Error: Unexpected Error:PUT /api/agents/update-agent/6676bae5e4a553e96476ddfc: MongoServerError - Updating the path 'phone' would create a conflict at 'phone'","timestamp":"2024-06-22T11:57:08.639Z"}
{"level":"error","message":"Internal Server Error: Unexpected Error:PUT /api/agents/update-agent/6676bae5e4a553e96476ddfc: MongoServerError - Updating the path 'phone' would create a conflict at 'phone'","timestamp":"2024-06-22T11:57:15.600Z"}
{"level":"error","message":"Internal Server Error: Unexpected Error:PUT /api/agents/update-agent/6676bae5e4a553e96476ddfc: MongoServerError - Updating the path 'phone' would create a conflict at 'phone'","timestamp":"2024-06-22T12:00:10.714Z"}
{"level":"error","message":"Validation Failed: PUT /api/agents/update-agent/6676bae5e4a553e96476ddfc: Bad request - \"phone\" with value \"050999990\" fails to match the required pattern: /^\\d{10}$/","timestamp":"2024-06-22T12:00:17.600Z"}
{"level":"error","message":"Internal Server Error: Unexpected Error:PUT /api/agents/update-agent/6676bae5e4a553e96476ddfc: MongoServerError - Updating the path 'phone' would create a conflict at 'phone'","timestamp":"2024-06-22T12:00:39.386Z"}
{"level":"error","message":"Internal Server Error: Unexpected Error:PUT /api/agents/update-agent/6676bae5e4a553e96476ddfc: MongoServerError - Updating the path 'phone' would create a conflict at 'phone'","timestamp":"2024-06-22T12:01:01.085Z"}
{"level":"error","message":"Internal Server Error: Unexpected Error:PUT /api/agents/update-agent/6676bae5e4a553e96476ddfc: MongoServerError - Updating the path 'phone' would create a conflict at 'phone'","timestamp":"2024-06-22T12:02:19.315Z"}
{"level":"error","message":"Internal Server Error: Unexpected Error:PUT /api/agents/update-agent/6676bae5e4a553e96476ddfc: MongoServerError - Updating the path 'phone' would create a conflict at 'phone'","timestamp":"2024-06-22T12:02:20.686Z"}
{"level":"error","message":"Authorization Failed: PUT /api/agents/update-agent/6676bae5e4a553e96476ddfc: Client lacks permission to access the resource - Invalid Token: TokenExpiredError: jwt expired","timestamp":"2024-06-22T12:02:52.528Z"}
{"level":"error","message":"Internal Server Error: Unexpected Error:PUT /api/agents/update-agent/6676bae5e4a553e96476ddfc: MongoServerError - Updating the path 'phone' would create a conflict at 'phone'","timestamp":"2024-06-22T12:03:33.378Z"}
{"level":"error","message":"Internal Server Error: Unexpected Error:PUT /api/agents/update-agent/6676bae5e4a553e96476ddfc: MongoServerError - Updating the path 'phone' would create a conflict at 'phone'","timestamp":"2024-06-22T12:08:46.318Z"}
{"level":"error","message":"Authorization Failed: PUT /api/agents/update-agent/6676bae5e4a553e96476ddfc: Client lacks permission to access the resource - Invalid Token: TokenExpiredError: jwt expired","timestamp":"2024-06-22T12:13:16.549Z"}
{"level":"error","message":"Authorization Failed: PUT /api/agents/update-agent/6676bae5e4a553e96476ddfc: Client lacks permission to access the resource - Invalid Token: JsonWebTokenError: invalid token","timestamp":"2024-06-22T12:13:48.787Z"}
{"level":"error","message":"Authorization Failed: PUT /api/agents/update-agent/6676bae5e4a553e96476ddfc: Client lacks permission to access the resource - Invalid Token: JsonWebTokenError: jwt malformed","timestamp":"2024-06-22T12:14:13.451Z"}
{"level":"error","message":"Internal Server Error: Unexpected Error:PUT /api/agents/update-agent/6676bae5e4a553e96476ddfc: MongoServerError - Updating the path 'phone' would create a conflict at 'phone'","timestamp":"2024-06-22T12:14:29.743Z"}
{"level":"error","message":"Internal Server Error: Unexpected Error:PUT /api/agents/update-agent/6676bae5e4a553e96476ddfc: MongoServerError - Updating the path 'phone' would create a conflict at 'phone'","timestamp":"2024-06-22T12:14:32.266Z"}
{"level":"error","message":"Internal Server Error: Unexpected Error:PUT /api/agents/update-agent/6676bae5e4a553e96476ddfc: MongoServerError - Updating the path 'phone' would create a conflict at 'phone'","timestamp":"2024-06-22T12:15:05.333Z"}
{"level":"error","message":"Internal Server Error: Unexpected Error:PUT /api/agents/update-agent/6676bae5e4a553e96476ddfc: MongoServerError - Updating the path 'phone' would create a conflict at 'phone'","timestamp":"2024-06-22T12:15:20.051Z"}
{"level":"error","message":"Internal Server Error: Unexpected Error:PUT /api/agents/update-agent/6676bae5e4a553e96476ddfc: MongoServerError - Updating the path 'phone' would create a conflict at 'phone'","timestamp":"2024-06-22T12:15:40.279Z"}
{"level":"error","message":"Internal Server Error: Unexpected Error:PUT /api/agents/update-agent/6676bae5e4a553e96476ddfc: MongoServerError - Updating the path 'phone' would create a conflict at 'phone'","timestamp":"2024-06-22T12:16:14.134Z"}
{"level":"error","message":"Internal Server Error: Unexpected Error:PUT /api/agents/update-agent/6676bae5e4a553e96476ddfc: MongoServerError - Updating the path 'phone' would create a conflict at 'phone'","timestamp":"2024-06-22T12:16:38.932Z"}
{"level":"error","message":"Internal error server: Server encountered an unexpected condition - Update document failed.","timestamp":"2024-06-22T12:33:08.547Z"}
{"level":"error","message":"Validation Failed: PUT /api/agents/update-agent/6676bae5e4a553e96476ddfc: Bad request - Agent is required","timestamp":"2024-06-22T12:33:25.578Z"}
{"level":"error","message":"Internal error server: Server encountered an unexpected condition - Update document failed.","timestamp":"2024-06-22T12:34:02.064Z"}
{"level":"error","message":"Internal error server: Server encountered an unexpected condition - Update document failed.","timestamp":"2024-06-22T12:34:42.094Z"}
{"level":"error","message":"Internal error server: Server encountered an unexpected condition - Update document failed.","timestamp":"2024-06-22T12:34:48.112Z"}
{"level":"error","message":"Internal error server: Server encountered an unexpected condition - Update document failed.","timestamp":"2024-06-22T12:34:49.890Z"}
{"level":"error","message":"Internal error server: Server encountered an unexpected condition - Update document failed.","timestamp":"2024-06-22T12:34:51.890Z"}
{"level":"error","message":"Internal error server: Server encountered an unexpected condition - Update document failed.","timestamp":"2024-06-22T12:34:55.538Z"}
{"level":"error","message":"Internal error server: Server encountered an unexpected condition - Update document failed.","timestamp":"2024-06-22T12:35:06.290Z"}
{"level":"error","message":"Internal Server Error: Unexpected Error:PUT /api/agents/update-agent/6676c1fdd6099104d42d97af: MongoServerError - Updating the path 'phone' would create a conflict at 'phone'","timestamp":"2024-06-22T12:38:40.548Z"}
{"level":"error","message":"Internal Server Error: Unexpected Error:PUT /api/agents/update-agent/6676c1fdd6099104d42d97af: MongoServerError - Updating the path 'phone' would create a conflict at 'phone'","timestamp":"2024-06-22T12:38:56.532Z"}
{"level":"error","message":"Internal Server Error: Unexpected Error:PUT /api/agents/update-agent/6676c1fdd6099104d42d97af: MongoServerError - Updating the path 'phone' would create a conflict at 'phone'","timestamp":"2024-06-22T12:39:01.881Z"}
{"level":"error","message":"Authorization Failed: POST /api/agents/create-agent: Client lacks permission to access the resource - Invalid Token: TokenExpiredError: jwt expired","timestamp":"2024-06-22T12:46:02.211Z"}
{"level":"error","message":"Client request failed: POST /api/agents/create-agent: Conflict with the current state of the target resource - Agent with name 'test agentcdscsd' already exists.","timestamp":"2024-06-22T12:46:20.890Z"}
{"level":"error","message":"Validation Failed: POST /api/agents/create-agent: Bad request - \"phone\" must be a string","timestamp":"2024-06-22T12:47:52.683Z"}
{"level":"error","message":"Validation Failed: POST /api/agents/create-agent: Bad request - \"phone\" does not contain 1 required value(s)","timestamp":"2024-06-22T12:49:47.050Z"}
{"level":"error","message":"Validation Failed: POST /api/agents/create-agent: Bad request - Phone should not be empty","timestamp":"2024-06-22T12:50:01.312Z"}
{"level":"error","message":"Client request failed: POST /api/agents/create-agent: Conflict with the current state of the target resource - Agent with name 'test agentcdscsasad' already exists.","timestamp":"2024-06-22T14:32:38.277Z"}
{"level":"error","message":"Validation Failed: POST /api/agents/create-agent: Bad request - Phone must be an array","timestamp":"2024-06-22T14:33:05.920Z"}
{"level":"error","message":"Authorization Failed: PUT /api/agents/update-agent/6676e0a9d7f16b3daae2e7b3: Client lacks permission to access the resource - Invalid Token: TokenExpiredError: jwt expired","timestamp":"2024-06-22T14:33:48.896Z"}
{"level":"error","message":"Validation Failed: PUT /api/agents/update-agent/6676e0a9d7f16b3daae2e7b3: Bad request - Phone must be 10 digits","timestamp":"2024-06-22T14:34:10.086Z"}
{"level":"error","message":"Validation Failed: PUT /api/agents/update-agent/6676e0a9d7f16b3daae2e7b3: Bad request - Phone must be 10 digits","timestamp":"2024-06-22T14:34:17.912Z"}
{"level":"error","message":"Validation Failed: PUT /api/agents/update-agent/6676e0a9d7f16b3daae2e7b3: Bad request - Phone must be 10 digits","timestamp":"2024-06-22T14:34:36.270Z"}
{"level":"error","message":"Internal Server Error: Unexpected Error:PUT /api/agents/update-agent/6676e0a9d7f16b3daae2e7b3: Error - One or more phone numbers already exist for this agent.","timestamp":"2024-06-22T14:39:02.123Z"}
{"level":"error","message":"Internal error server: Server encountered an unexpected condition - One or more phone numbers already exist for this agent.","timestamp":"2024-06-22T14:39:33.416Z"}
{"level":"error","message":"Internal Server Error: Unexpected Error:PUT /api/agents/update-agent/6676e0a9d7f16b3daae2e7b3: MongoServerError - Updating the path 'phone' would create a conflict at 'phone'","timestamp":"2024-06-22T14:45:41.513Z"}
{"level":"error","message":"Internal Server Error: Unexpected Error:PUT /api/agents/update-agent/6676e0a9d7f16b3daae2e7b3: MongoServerError - Updating the path 'phone' would create a conflict at 'phone'","timestamp":"2024-06-22T14:45:49.907Z"}
{"level":"error","message":"Internal error server: Server encountered an unexpected condition - Update document failed.","timestamp":"2024-06-23T19:08:53.207Z"}
{"level":"error","message":"Internal Server Error: Unexpected Error:PUT /api/agents/update-agent/667872249e2a9e285dc22813: MongoServerError - Updating the path 'phone' would create a conflict at 'phone'","timestamp":"2024-06-23T19:09:25.762Z"}
{"level":"error","message":"Internal Server Error: Unexpected Error:PUT /api/agents/update-agent/667872249e2a9e285dc22813: MongoServerError - Updating the path 'phone' would create a conflict at 'phone'","timestamp":"2024-06-23T19:11:07.789Z"}
{"level":"error","message":"Internal Server Error: Unexpected Error:PUT /api/agents/update-agent/667872249e2a9e285dc22813: MongoServerError - Updating the path 'phone' would create a conflict at 'phone'","timestamp":"2024-06-23T19:12:01.172Z"}
{"level":"error","message":"Internal Server Error: Unexpected Error:PUT /api/agents/update-agent/667872249e2a9e285dc22813: MongoServerError - Updating the path 'phone' would create a conflict at 'phone'","timestamp":"2024-06-23T19:12:02.193Z"}
{"level":"error","message":"Authorization Failed: POST /api/agents/create-agent: Client lacks permission to access the resource - Invalid Token: TokenExpiredError: jwt expired","timestamp":"2024-06-27T19:07:25.463Z"}
{"level":"error","message":"Validation Failed: PUT /api/agents/update-agent/667db878be0fc41c2b2fe8b0: Bad request - \"email\" is not allowed","timestamp":"2024-06-27T19:08:53.327Z"}
{"level":"error","message":"Internal Server Error: Unexpected Error:PUT /api/agents/update-agent/667db878be0fc41c2b2fe8b0: MongoServerError - Updating the path 'phone' would create a conflict at 'phone'","timestamp":"2024-06-27T19:17:48.557Z"}
{"level":"error","message":"Internal Server Error: Unexpected Error:PUT /api/agents/update-agent/667db878be0fc41c2b2fe8b0: MongoServerError - Updating the path 'phone' would create a conflict at 'phone'","timestamp":"2024-06-27T19:18:17.767Z"}
{"level":"error","message":"Internal Server Error: Unexpected Error:PUT /api/agents/update-agent/667db878be0fc41c2b2fe8b0: MongoServerError - Updating the path 'phone' would create a conflict at 'phone'","timestamp":"2024-06-27T19:18:38.357Z"}
{"level":"error","message":"Internal Server Error: Unexpected Error:PUT /api/agents/update-agent/667db878be0fc41c2b2fe8b0: MongoServerError - Updating the path 'phone' would create a conflict at 'phone'","timestamp":"2024-06-27T19:18:53.702Z"}
{"level":"error","message":"Internal Server Error: Unexpected Error:PUT /api/agents/update-agent/667db878be0fc41c2b2fe8b0: MongoServerError - Updating the path 'phone' would create a conflict at 'phone'","timestamp":"2024-06-27T19:19:23.689Z"}
{"level":"error","message":"Internal Server Error: Unexpected Error:PUT /api/agents/update-agent/667db878be0fc41c2b2fe8b0: MongoServerError - Updating the path 'phone' would create a conflict at 'phone'","timestamp":"2024-06-27T19:20:07.751Z"}
{"level":"error","message":"Internal Server Error: Unexpected Error:PUT /api/agents/update-agent/667db878be0fc41c2b2fe8b0: MongoServerError - Updating the path 'phone' would create a conflict at 'phone'","timestamp":"2024-06-27T19:24:54.161Z"}
{"level":"error","message":"Internal Server Error: Unexpected Error:PUT /api/agents/update-agent/667db878be0fc41c2b2fe8b0: MongoServerError - Updating the path 'phone' would create a conflict at 'phone'","timestamp":"2024-06-27T19:27:20.567Z"}
{"level":"error","message":"Internal Server Error: Unexpected Error:PUT /api/agents/update-agent/667db878be0fc41c2b2fe8b0: MongoServerError - Updating the path 'phone' would create a conflict at 'phone'","timestamp":"2024-06-27T19:27:25.922Z"}
{"level":"error","message":"Internal Server Error: Unexpected Error:PUT /api/agents/update-agent/667db878be0fc41c2b2fe8b0: MongoServerError - Updating the path 'phone' would create a conflict at 'phone'","timestamp":"2024-06-27T19:27:33.871Z"}
{"level":"error","message":"Internal Server Error: Unexpected Error:PUT /api/agents/update-agent/667db878be0fc41c2b2fe8b0: MongoServerError - Updating the path 'phone' would create a conflict at 'phone'","timestamp":"2024-06-27T19:28:08.269Z"}
{"level":"error","message":"Internal Server Error: Unexpected Error:PUT /api/agents/update-agent/667db878be0fc41c2b2fe8b0: MongoServerError - Updating the path 'phone' would create a conflict at 'phone'","timestamp":"2024-06-27T19:28:14.473Z"}
{"level":"error","message":"Internal Server Error: Unexpected Error:PUT /api/agents/update-agent/667db878be0fc41c2b2fe8b0: MongoServerError - Updating the path 'phone' would create a conflict at 'phone'","timestamp":"2024-06-27T19:28:23.283Z"}
{"level":"error","message":"Internal Server Error: Unexpected Error:PUT /api/agents/update-agent/667db878be0fc41c2b2fe8b0: MongoServerError - Updating the path 'phone' would create a conflict at 'phone'","timestamp":"2024-06-27T19:29:06.319Z"}
{"level":"error","message":"Internal Server Error: Unexpected Error:PUT /api/agents/update-agent/667db878be0fc41c2b2fe8b0: MongoServerError - Updating the path 'phone' would create a conflict at 'phone'","timestamp":"2024-06-27T19:29:07.783Z"}
{"level":"error","message":"Validation Failed: PUT /api/agents/update-agent/667db878be0fc41c2b2fe8b0: Bad request - \"email\" is not allowed","timestamp":"2024-06-27T19:29:42.565Z"}
{"level":"error","message":"Internal Server Error: Unexpected Error:PUT /api/agents/update-agent/667db878be0fc41c2b2fe8b0: MongoServerError - Updating the path 'phone' would create a conflict at 'phone'","timestamp":"2024-06-27T19:29:50.420Z"}
{"level":"error","message":"Internal Server Error: Unexpected Error:PUT /api/agents/update-agent/667dbddf39b2496438dd3135: MongoServerError - Updating the path 'phone' would create a conflict at 'phone'","timestamp":"2024-06-27T19:31:14.347Z"}
{"level":"error","message":"Internal Server Error: Unexpected Error:PUT /api/agents/update-agent/667dbddf39b2496438dd3135: MongoServerError - Updating the path 'phone' would create a conflict at 'phone'","timestamp":"2024-06-27T19:31:54.436Z"}
{"level":"error","message":"Internal Server Error: Unexpected Error:PUT /api/agents/update-agent/667dbddf39b2496438dd3135: MongoServerError - Updating the path 'phone' would create a conflict at 'phone'","timestamp":"2024-06-27T19:41:44.637Z"}
{"level":"error","message":"Internal Server Error: Unexpected Error:PUT /api/agents/update-agent/667dbddf39b2496438dd3135: MongoServerError - Updating the path 'phone' would create a conflict at 'phone'","timestamp":"2024-06-27T20:04:32.216Z"}
{"level":"error","message":"Internal Server Error: Unexpected Error:PUT /api/agents/update-agent/667dbddf39b2496438dd3135: MongoServerError - Updating the path 'phone' would create a conflict at 'phone'","timestamp":"2024-06-27T22:29:06.828Z"}
{"level":"error","message":"Internal Server Error: Unexpected Error:PUT /api/agents/update-agent/667dbddf39b2496438dd3135: MongoServerError - Updating the path 'phone' would create a conflict at 'phone'","timestamp":"2024-06-27T22:30:56.958Z"}
{"level":"error","message":"Internal Server Error: Unexpected Error:PUT /api/agents/update-agent/667dbddf39b2496438dd3135: MongoServerError - Updating the path 'phone' would create a conflict at 'phone'","timestamp":"2024-06-27T22:34:06.114Z"}
{"level":"error","message":"Internal Server Error: Unexpected Error:PUT /api/agents/update-agent/667dbddf39b2496438dd3135: MongooseError - Invalid update pipeline operator: \"0\"","timestamp":"2024-06-27T22:35:58.179Z"}
{"level":"error","message":"Internal Server Error: Unexpected Error:PUT /api/agents/update-agent/667dbddf39b2496438dd3135: MongooseError - Invalid update pipeline operator: \"0\"","timestamp":"2024-06-27T22:37:18.314Z"}
{"level":"error","message":"Internal Server Error: Unexpected Error:PUT /api/agents/update-agent/667dbddf39b2496438dd3135: MongoServerError - Updating the path 'phone' would create a conflict at 'phone'","timestamp":"2024-06-27T22:37:44.569Z"}
{"level":"error","message":"Internal Server Error: Unexpected Error:PUT /api/agents/update-agent/667dbddf39b2496438dd3135: MongoServerError - Updating the path 'phone' would create a conflict at 'phone'","timestamp":"2024-06-27T22:38:00.090Z"}
{"level":"error","message":"Internal Server Error: Unexpected Error:PUT /api/agents/update-agent/667ebf0cb28ed081e2471077: MongoServerError - Updating the path 'phone' would create a conflict at 'phone'","timestamp":"2024-06-28T13:48:46.166Z"}
{"level":"error","message":"Client request failed: POST /api/agents/create-agent: Conflict with the current state of the target resource - Agent with name 'test agentcdscsasad' already exists.","timestamp":"2024-06-28T16:07:32.491Z"}
{"level":"error","message":"Authorization Failed: PUT /api/agents/update-agent/667edfc252b5fe7f9eda8a09: Client lacks permission to access the resource - Invalid Token: TokenExpiredError: jwt expired","timestamp":"2024-06-29T07:57:42.560Z"}
